#
# There is insufficient memory for the Java Runtime Environment to continue.
# Native memory allocation (mmap) failed to map 99614720 bytes for G1 virtual space
# Possible reasons:
#   The system is out of physical RAM or swap space
#   The process is running with CompressedOops enabled, and the Java Heap may be blocking the growth of the native heap
# Possible solutions:
#   Reduce memory load on the system
#   Increase physical memory or swap space
#   Check if swap backing store is full
#   Decrease Java heap size (-Xmx/-Xms)
#   Decrease number of Java threads
#   Decrease Java thread stack sizes (-Xss)
#   Set larger code cache with -XX:ReservedCodeCacheSize=
#   JVM is running with Unscaled Compressed Oops mode in which the Java heap is
#     placed in the first 4GB address space. The Java Heap base address is the
#     maximum limit for the native heap growth. Please use -XX:HeapBaseMinAddress
#     to set the Java Heap base and to place the Java Heap above 4GB virtual address.
# This output file may be truncated or incomplete.
#
#  Out of Memory Error (os_windows.cpp:3769), pid=11776, tid=14136
#
# JRE version: OpenJDK Runtime Environment (17.0.6) (build 17.0.6+0-b2043.56-10027231)
# Java VM: OpenJDK 64-Bit Server VM (17.0.6+0-b2043.56-10027231, mixed mode, tiered, compressed oops, compressed class ptrs, g1 gc, windows-amd64)
# No core dump will be written. Minidumps are not enabled by default on client versions of Windows
#

---------------  S U M M A R Y ------------

Command Line: --add-opens=java.base/java.util=ALL-UNNAMED --add-opens=java.base/java.lang=ALL-UNNAMED --add-opens=java.base/java.lang.invoke=ALL-UNNAMED --add-opens=java.prefs/java.util.prefs=ALL-UNNAMED --add-opens=java.base/java.nio.charset=ALL-UNNAMED --add-opens=java.base/java.net=ALL-UNNAMED --add-opens=java.base/java.util.concurrent.atomic=ALL-UNNAMED -Xmx2048m -Dfile.encoding=UTF-8 -Duser.country=FR -Duser.language=fr -Duser.variant org.gradle.launcher.daemon.bootstrap.GradleDaemon 8.0

Host: 11th Gen Intel(R) Core(TM) i5-1155G7 @ 2.50GHz, 8 cores, 11G,  Windows 11 , 64 bit Build 22621 (10.0.22621.2506)
Time: Sat Nov  4 06:59:39 2023 Greenwich elapsed time: 23.589955 seconds (0d 0h 0m 23s)

---------------  T H R E A D  ---------------

Current thread (0x0000023cac39f960):  VMThread "VM Thread" [stack: 0x000000a272200000,0x000000a272300000] [id=14136]

Stack: [0x000000a272200000,0x000000a272300000]
Native frames: (J=compiled Java code, j=interpreted, Vv=VM code, C=native code)
V  [jvm.dll+0x683c9a]
V  [jvm.dll+0x8427a4]
V  [jvm.dll+0x843f9e]
V  [jvm.dll+0x844603]
V  [jvm.dll+0x249b75]
V  [jvm.dll+0x680b69]
V  [jvm.dll+0x67505a]
V  [jvm.dll+0x309acb]
V  [jvm.dll+0x310f86]
V  [jvm.dll+0x3608ee]
V  [jvm.dll+0x360b1f]
V  [jvm.dll+0x2dfbf8]
V  [jvm.dll+0x2ddec4]
V  [jvm.dll+0x2dd4cc]
V  [jvm.dll+0x321f3b]
V  [jvm.dll+0x848ccb]
V  [jvm.dll+0x849a04]
V  [jvm.dll+0x849f1d]
V  [jvm.dll+0x84a2f4]
V  [jvm.dll+0x84a3c0]
V  [jvm.dll+0x7f274a]
V  [jvm.dll+0x682ad5]
C  [ucrtbase.dll+0x29363]
C  [KERNEL32.DLL+0x1257d]
C  [ntdll.dll+0x5aa58]

VM_Operation (0x000000a27aef96f0): G1CollectForAllocation, mode: safepoint, requested by thread 0x0000023cb4379ed0


---------------  P R O C E S S  ---------------

Threads class SMR info:
_java_thread_list=0x0000023cb2650ab0, length=140, elements={
0x0000023c9253c960, 0x0000023cacc42250, 0x0000023cacc43210, 0x0000023cac3ae190,
0x0000023cacc54fe0, 0x0000023cacc578b0, 0x0000023cacc5a180, 0x0000023cacc5ae60,
0x0000023cacc5b900, 0x0000023cacc5d030, 0x0000023cacdfa420, 0x0000023cacdfcb80,
0x0000023cafb85570, 0x0000023caf8331f0, 0x0000023cafcbff10, 0x0000023cae6010d0,
0x0000023cae0e3040, 0x0000023cb02c3b90, 0x0000023cb02c06a0, 0x0000023cb02c36c0,
0x0000023cb02c0b70, 0x0000023cb02c1eb0, 0x0000023cb02c31f0, 0x0000023cb18cd080,
0x0000023cb18d3a60, 0x0000023cb18ced60, 0x0000023cb18ce3c0, 0x0000023cb18cf230,
0x0000023cb18d30c0, 0x0000023cb18d18b0, 0x0000023cb1ee0d50, 0x0000023cb1edcec0,
0x0000023cb1edfee0, 0x0000023cb1edb1e0, 0x0000023cb6e1ea40, 0x0000023cb1ee2090,
0x0000023cb1edeba0, 0x0000023cb1eda840, 0x0000023cb1ee1220, 0x0000023cb1edc050,
0x0000023cb1ee16f0, 0x0000023cb1edf540, 0x0000023cb1edf070, 0x0000023cb1edad10,
0x0000023cb1889980, 0x0000023cb1edc520, 0x0000023cb1edd390, 0x0000023cb1eddd30,
0x0000023cb1ede200, 0x0000023cb1ede6d0, 0x0000023cb1edfa10, 0x0000023cb6e1c3c0,
0x0000023cb6e19870, 0x0000023cb6e19d40, 0x0000023cb6e1e0a0, 0x0000023cb6e1b550,
0x0000023cb6e1d700, 0x0000023cb6e1a210, 0x0000023cb6e1abb0, 0x0000023cb6e18ed0,
0x0000023cb6e1ba20, 0x0000023cb6e1c890, 0x0000023cb6e1cd60, 0x0000023cb6e1d230,
0x0000023cb6e1dbd0, 0x0000023cb6e18530, 0x0000023cb6e1e570, 0x0000023cb18d0a40,
0x0000023cb18d3f30, 0x0000023cb18cda20, 0x0000023cb18cdef0, 0x0000023cb18d13e0,
0x0000023cb18d2250, 0x0000023cb02c1510, 0x0000023cb02c19e0, 0x0000023cb02c2850,
0x0000023cb02c2d20, 0x0000023cb02c01d0, 0x0000023cb1ee53a0, 0x0000023cb1ee8d60,
0x0000023cb1ee3b90, 0x0000023cb1ee36c0, 0x0000023cb1ee7550, 0x0000023cb1ee8890,
0x0000023cb1ee4ed0, 0x0000023cb1ee4060, 0x0000023cb1ee5d40, 0x0000023cb1ee66e0,
0x0000023cb1ee2d20, 0x0000023cb1ee9700, 0x0000023cb1ee4530, 0x0000023cb1ee6bb0,
0x0000023cb1ee4a00, 0x0000023cb1ee5870, 0x0000023cb1ee9230, 0x0000023cb1ee6210,
0x0000023cb1ee7080, 0x0000023cb1ee7a20, 0x0000023cb1ee7ef0, 0x0000023cb1ee31f0,
0x0000023cb1ee9bd0, 0x0000023cb1ee83c0, 0x0000023cb1eea0a0, 0x0000023cb1ee2850,
0x0000023cb44eb780, 0x0000023cb44ee7a0, 0x0000023cb44eb2b0, 0x0000023cb44e9f70,
0x0000023cb44e8c30, 0x0000023cb44efae0, 0x0000023cb44ef610, 0x0000023cb44ebc50,
0x0000023cb44e9100, 0x0000023cb44ea440, 0x0000023cb44ec5f0, 0x0000023cb44ea910,
0x0000023cb44ed930, 0x0000023cb44eec70, 0x0000023cb44ec120, 0x0000023cb44eade0,
0x0000023cb44effb0, 0x0000023cb44ecac0, 0x0000023cb44f0480, 0x0000023cb44e95d0,
0x0000023cb44ecf90, 0x0000023cb44e9aa0, 0x0000023cb44ed460, 0x0000023cb44ede00,
0x0000023cb44ee2d0, 0x0000023cb44ef140, 0x0000023cb437ad40, 0x0000023cb4379ed0,
0x0000023cb437b210, 0x0000023cb437c080, 0x0000023cb437c550, 0x0000023cb4379a00,
0x0000023cb437a3a0, 0x0000023cb23b3f30, 0x0000023cb23b2720, 0x0000023cb23b13e0
}

Java Threads: ( => current thread )
  0x0000023c9253c960 JavaThread "main" [_thread_blocked, id=10416, stack(0x000000a271c00000,0x000000a271d00000)]
  0x0000023cacc42250 JavaThread "Reference Handler" daemon [_thread_blocked, id=9568, stack(0x000000a272300000,0x000000a272400000)]
  0x0000023cacc43210 JavaThread "Finalizer" daemon [_thread_blocked, id=9580, stack(0x000000a272400000,0x000000a272500000)]
  0x0000023cac3ae190 JavaThread "Signal Dispatcher" daemon [_thread_blocked, id=6604, stack(0x000000a272500000,0x000000a272600000)]
  0x0000023cacc54fe0 JavaThread "Attach Listener" daemon [_thread_blocked, id=5728, stack(0x000000a272600000,0x000000a272700000)]
  0x0000023cacc578b0 JavaThread "Service Thread" daemon [_thread_blocked, id=11896, stack(0x000000a272700000,0x000000a272800000)]
  0x0000023cacc5a180 JavaThread "Monitor Deflation Thread" daemon [_thread_blocked, id=11592, stack(0x000000a272800000,0x000000a272900000)]
  0x0000023cacc5ae60 JavaThread "C2 CompilerThread0" daemon [_thread_blocked, id=4716, stack(0x000000a272900000,0x000000a272a00000)]
  0x0000023cacc5b900 JavaThread "C1 CompilerThread0" daemon [_thread_blocked, id=2828, stack(0x000000a272a00000,0x000000a272b00000)]
  0x0000023cacc5d030 JavaThread "Sweeper thread" daemon [_thread_blocked, id=12676, stack(0x000000a272b00000,0x000000a272c00000)]
  0x0000023cacdfa420 JavaThread "Common-Cleaner" daemon [_thread_blocked, id=3040, stack(0x000000a272c00000,0x000000a272d00000)]
  0x0000023cacdfcb80 JavaThread "Notification Thread" daemon [_thread_blocked, id=5480, stack(0x000000a272d00000,0x000000a272e00000)]
  0x0000023cafb85570 JavaThread "Daemon health stats" [_thread_blocked, id=4084, stack(0x000000a273500000,0x000000a273600000)]
  0x0000023caf8331f0 JavaThread "Incoming local TCP Connector on port 53374" [_thread_in_native, id=13932, stack(0x000000a273400000,0x000000a273500000)]
  0x0000023cafcbff10 JavaThread "Daemon periodic checks" [_thread_blocked, id=12340, stack(0x000000a273600000,0x000000a273700000)]
  0x0000023cae6010d0 JavaThread "Daemon" [_thread_blocked, id=2884, stack(0x000000a273700000,0x000000a273800000)]
  0x0000023cae0e3040 JavaThread "Daemon worker" [_thread_blocked, id=14032, stack(0x000000a273a00000,0x000000a273b00000)]
  0x0000023cb02c3b90 JavaThread "Cache worker for journal cache (C:\Users\yk5fe\.gradle\caches\journal-1)" [_thread_blocked, id=10480, stack(0x000000a274200000,0x000000a274300000)]
  0x0000023cb02c06a0 JavaThread "File lock request listener" [_thread_in_native, id=14300, stack(0x000000a274300000,0x000000a274400000)]
  0x0000023cb02c36c0 JavaThread "Cache worker for file hash cache (C:\Users\yk5fe\.gradle\caches\8.0\fileHashes)" [_thread_blocked, id=7060, stack(0x000000a274400000,0x000000a274500000)]
  0x0000023cb02c0b70 JavaThread "File watcher server" daemon [_thread_blocked, id=13608, stack(0x000000a274600000,0x000000a274700000)]
  0x0000023cb02c1eb0 JavaThread "File watcher consumer" daemon [_thread_blocked, id=13080, stack(0x000000a274700000,0x000000a274800000)]
  0x0000023cb02c31f0 JavaThread "Cache worker for file content cache (C:\Users\yk5fe\.gradle\caches\8.0\fileContent)" [_thread_blocked, id=4620, stack(0x000000a274a00000,0x000000a274b00000)]
  0x0000023cb18cd080 JavaThread "Cache worker for execution history cache (C:\Users\yk5fe\.gradle\caches\8.0\executionHistory)" [_thread_blocked, id=4648, stack(0x000000a274d00000,0x000000a274e00000)]
  0x0000023cb18d3a60 JavaThread "jar transforms" [_thread_blocked, id=4224, stack(0x000000a274e00000,0x000000a274f00000)]
  0x0000023cb18ced60 JavaThread "jar transforms Thread 2" [_thread_blocked, id=11572, stack(0x000000a274f00000,0x000000a275000000)]
  0x0000023cb18ce3c0 JavaThread "Cache worker for kotlin-dsl (C:\Users\yk5fe\.gradle\caches\8.0\kotlin-dsl)" [_thread_blocked, id=2648, stack(0x000000a275000000,0x000000a275100000)]
  0x0000023cb18cf230 JavaThread "jar transforms Thread 3" [_thread_blocked, id=6692, stack(0x000000a275100000,0x000000a275200000)]
  0x0000023cb18d30c0 JavaThread "jar transforms Thread 4" [_thread_blocked, id=13740, stack(0x000000a275200000,0x000000a275300000)]
  0x0000023cb18d18b0 JavaThread "jar transforms Thread 5" [_thread_blocked, id=13612, stack(0x000000a275500000,0x000000a275600000)]
  0x0000023cb1ee0d50 JavaThread "jar transforms Thread 6" [_thread_blocked, id=8148, stack(0x000000a27a600000,0x000000a27a700000)]
  0x0000023cb1edcec0 JavaThread "jar transforms Thread 7" [_thread_blocked, id=11852, stack(0x000000a27a700000,0x000000a27a800000)]
  0x0000023cb1edfee0 JavaThread "jar transforms Thread 8" [_thread_blocked, id=1624, stack(0x000000a27a800000,0x000000a27a900000)]
  0x0000023cb1edb1e0 JavaThread "Memory manager" [_thread_blocked, id=5368, stack(0x000000a27aa00000,0x000000a27ab00000)]
  0x0000023cb6e1ea40 JavaThread "included builds" [_thread_blocked, id=5484, stack(0x000000a27ad00000,0x000000a27ae00000)]
  0x0000023cb1ee2090 JavaThread "Handler for socket connection from /127.0.0.1:53374 to /127.0.0.1:53383" [_thread_in_native, id=10944, stack(0x000000a272f00000,0x000000a273000000)]
  0x0000023cb1edeba0 JavaThread "Cancel handler" [_thread_blocked, id=11496, stack(0x000000a273800000,0x000000a273900000)]
  0x0000023cb1eda840 JavaThread "Asynchronous log dispatcher for DefaultDaemonConnection: socket connection from /127.0.0.1:53374 to /127.0.0.1:53383" [_thread_blocked, id=10076, stack(0x000000a273900000,0x000000a273a00000)]
  0x0000023cb1ee1220 JavaThread "Stdin handler" [_thread_blocked, id=9140, stack(0x000000a273b00000,0x000000a273c00000)]
  0x0000023cb1edc050 JavaThread "Daemon client event forwarder" [_thread_blocked, id=10708, stack(0x000000a273c00000,0x000000a273d00000)]
  0x0000023cb1ee16f0 JavaThread "Cache worker for checksums cache (C:\Users\yk5fe\AndroidStudioProjects\test\.gradle\8.0\checksums)" [_thread_blocked, id=9072, stack(0x000000a273d00000,0x000000a273e00000)]
  0x0000023cb1edf540 JavaThread "Cache worker for cache directory md-rule (C:\Users\yk5fe\.gradle\caches\8.0\md-rule)" [_thread_blocked, id=8024, stack(0x000000a274500000,0x000000a274600000)]
  0x0000023cb1edf070 JavaThread "Cache worker for file hash cache (C:\Users\yk5fe\AndroidStudioProjects\test\.gradle\8.0\fileHashes)" [_thread_blocked, id=9340, stack(0x000000a274800000,0x000000a274900000)]
  0x0000023cb1edad10 JavaThread "Cache worker for cache directory md-supplier (C:\Users\yk5fe\.gradle\caches\8.0\md-supplier)" [_thread_blocked, id=12816, stack(0x000000a274900000,0x000000a274a00000)]
  0x0000023cb1889980 JavaThread "C2 CompilerThread1" daemon [_thread_blocked, id=900, stack(0x000000a274b00000,0x000000a274c00000)]
  0x0000023cb1edc520 JavaThread "Cache worker for dependencies-accessors (C:\Users\yk5fe\AndroidStudioProjects\test\.gradle\8.0\dependencies-accessors)" [_thread_blocked, id=7932, stack(0x000000a274c00000,0x000000a274d00000)]
  0x0000023cb1edd390 JavaThread "Cache worker for Build Output Cleanup Cache (C:\Users\yk5fe\AndroidStudioProjects\test\.gradle\buildOutputCleanup)" [_thread_blocked, id=11636, stack(0x000000a275300000,0x000000a275400000)]
  0x0000023cb1eddd30 JavaThread "Unconstrained build operations" [_thread_blocked, id=8836, stack(0x000000a275400000,0x000000a275500000)]
  0x0000023cb1ede200 JavaThread "Unconstrained build operations Thread 2" [_thread_blocked, id=1420, stack(0x000000a275600000,0x000000a275700000)]
  0x0000023cb1ede6d0 JavaThread "Unconstrained build operations Thread 3" [_thread_blocked, id=12792, stack(0x000000a275700000,0x000000a275800000)]
  0x0000023cb1edfa10 JavaThread "Unconstrained build operations Thread 4" [_thread_blocked, id=10236, stack(0x000000a275800000,0x000000a275900000)]
  0x0000023cb6e1c3c0 JavaThread "Unconstrained build operations Thread 5" [_thread_blocked, id=13832, stack(0x000000a275900000,0x000000a275a00000)]
  0x0000023cb6e19870 JavaThread "Unconstrained build operations Thread 6" [_thread_blocked, id=8048, stack(0x000000a275a00000,0x000000a275b00000)]
  0x0000023cb6e19d40 JavaThread "Unconstrained build operations Thread 7" [_thread_blocked, id=13992, stack(0x000000a275b00000,0x000000a275c00000)]
  0x0000023cb6e1e0a0 JavaThread "Unconstrained build operations Thread 8" [_thread_blocked, id=8460, stack(0x000000a275c00000,0x000000a275d00000)]
  0x0000023cb6e1b550 JavaThread "Unconstrained build operations Thread 9" [_thread_blocked, id=10736, stack(0x000000a275d00000,0x000000a275e00000)]
  0x0000023cb6e1d700 JavaThread "Unconstrained build operations Thread 10" [_thread_blocked, id=13792, stack(0x000000a275e00000,0x000000a275f00000)]
  0x0000023cb6e1a210 JavaThread "Unconstrained build operations Thread 11" [_thread_blocked, id=12764, stack(0x000000a275f00000,0x000000a276000000)]
  0x0000023cb6e1abb0 JavaThread "Unconstrained build operations Thread 12" [_thread_blocked, id=6448, stack(0x000000a276000000,0x000000a276100000)]
  0x0000023cb6e18ed0 JavaThread "Unconstrained build operations Thread 13" [_thread_blocked, id=4216, stack(0x000000a276100000,0x000000a276200000)]
  0x0000023cb6e1ba20 JavaThread "Unconstrained build operations Thread 14" [_thread_blocked, id=14160, stack(0x000000a276200000,0x000000a276300000)]
  0x0000023cb6e1c890 JavaThread "Unconstrained build operations Thread 15" [_thread_blocked, id=10680, stack(0x000000a276300000,0x000000a276400000)]
  0x0000023cb6e1cd60 JavaThread "Unconstrained build operations Thread 16" [_thread_blocked, id=11972, stack(0x000000a276400000,0x000000a276500000)]
  0x0000023cb6e1d230 JavaThread "Unconstrained build operations Thread 17" [_thread_blocked, id=4772, stack(0x000000a276500000,0x000000a276600000)]
  0x0000023cb6e1dbd0 JavaThread "Unconstrained build operations Thread 18" [_thread_blocked, id=13868, stack(0x000000a276600000,0x000000a276700000)]
  0x0000023cb6e18530 JavaThread "Unconstrained build operations Thread 19" [_thread_blocked, id=1212, stack(0x000000a276700000,0x000000a276800000)]
  0x0000023cb6e1e570 JavaThread "Unconstrained build operations Thread 20" [_thread_blocked, id=13908, stack(0x000000a276800000,0x000000a276900000)]
  0x0000023cb18d0a40 JavaThread "Unconstrained build operations Thread 21" [_thread_blocked, id=7952, stack(0x000000a276900000,0x000000a276a00000)]
  0x0000023cb18d3f30 JavaThread "Unconstrained build operations Thread 22" [_thread_blocked, id=9152, stack(0x000000a276a00000,0x000000a276b00000)]
  0x0000023cb18cda20 JavaThread "Unconstrained build operations Thread 23" [_thread_blocked, id=11780, stack(0x000000a276b00000,0x000000a276c00000)]
  0x0000023cb18cdef0 JavaThread "Unconstrained build operations Thread 24" [_thread_blocked, id=5148, stack(0x000000a276c00000,0x000000a276d00000)]
  0x0000023cb18d13e0 JavaThread "Unconstrained build operations Thread 25" [_thread_blocked, id=10740, stack(0x000000a276d00000,0x000000a276e00000)]
  0x0000023cb18d2250 JavaThread "Unconstrained build operations Thread 26" [_thread_blocked, id=12268, stack(0x000000a276e00000,0x000000a276f00000)]
  0x0000023cb02c1510 JavaThread "Unconstrained build operations Thread 27" [_thread_blocked, id=9628, stack(0x000000a276f00000,0x000000a277000000)]
  0x0000023cb02c19e0 JavaThread "Unconstrained build operations Thread 28" [_thread_blocked, id=12496, stack(0x000000a277000000,0x000000a277100000)]
  0x0000023cb02c2850 JavaThread "Unconstrained build operations Thread 29" [_thread_blocked, id=13904, stack(0x000000a277100000,0x000000a277200000)]
  0x0000023cb02c2d20 JavaThread "Unconstrained build operations Thread 30" [_thread_blocked, id=13800, stack(0x000000a277200000,0x000000a277300000)]
  0x0000023cb02c01d0 JavaThread "Unconstrained build operations Thread 31" [_thread_blocked, id=12280, stack(0x000000a277300000,0x000000a277400000)]
  0x0000023cb1ee53a0 JavaThread "Unconstrained build operations Thread 32" [_thread_blocked, id=13820, stack(0x000000a277400000,0x000000a277500000)]
  0x0000023cb1ee8d60 JavaThread "Unconstrained build operations Thread 33" [_thread_blocked, id=3784, stack(0x000000a277500000,0x000000a277600000)]
  0x0000023cb1ee3b90 JavaThread "Unconstrained build operations Thread 34" [_thread_blocked, id=12632, stack(0x000000a277600000,0x000000a277700000)]
  0x0000023cb1ee36c0 JavaThread "Unconstrained build operations Thread 35" [_thread_blocked, id=4008, stack(0x000000a277700000,0x000000a277800000)]
  0x0000023cb1ee7550 JavaThread "Unconstrained build operations Thread 36" [_thread_blocked, id=12064, stack(0x000000a277800000,0x000000a277900000)]
  0x0000023cb1ee8890 JavaThread "Unconstrained build operations Thread 37" [_thread_blocked, id=10000, stack(0x000000a277900000,0x000000a277a00000)]
  0x0000023cb1ee4ed0 JavaThread "Unconstrained build operations Thread 38" [_thread_blocked, id=9616, stack(0x000000a277a00000,0x000000a277b00000)]
  0x0000023cb1ee4060 JavaThread "Unconstrained build operations Thread 39" [_thread_blocked, id=9240, stack(0x000000a277b00000,0x000000a277c00000)]
  0x0000023cb1ee5d40 JavaThread "Unconstrained build operations Thread 40" [_thread_blocked, id=11628, stack(0x000000a277c00000,0x000000a277d00000)]
  0x0000023cb1ee66e0 JavaThread "Unconstrained build operations Thread 41" [_thread_blocked, id=12948, stack(0x000000a277d00000,0x000000a277e00000)]
  0x0000023cb1ee2d20 JavaThread "Unconstrained build operations Thread 42" [_thread_blocked, id=1820, stack(0x000000a277e00000,0x000000a277f00000)]
  0x0000023cb1ee9700 JavaThread "Unconstrained build operations Thread 43" [_thread_blocked, id=2660, stack(0x000000a277f00000,0x000000a278000000)]
  0x0000023cb1ee4530 JavaThread "Unconstrained build operations Thread 44" [_thread_blocked, id=13972, stack(0x000000a278000000,0x000000a278100000)]
  0x0000023cb1ee6bb0 JavaThread "Unconstrained build operations Thread 45" [_thread_blocked, id=11800, stack(0x000000a278100000,0x000000a278200000)]
  0x0000023cb1ee4a00 JavaThread "Unconstrained build operations Thread 46" [_thread_blocked, id=13456, stack(0x000000a278200000,0x000000a278300000)]
  0x0000023cb1ee5870 JavaThread "Unconstrained build operations Thread 47" [_thread_blocked, id=1560, stack(0x000000a278300000,0x000000a278400000)]
  0x0000023cb1ee9230 JavaThread "Unconstrained build operations Thread 48" [_thread_blocked, id=14228, stack(0x000000a278400000,0x000000a278500000)]
  0x0000023cb1ee6210 JavaThread "Unconstrained build operations Thread 49" [_thread_blocked, id=13836, stack(0x000000a278500000,0x000000a278600000)]
  0x0000023cb1ee7080 JavaThread "Unconstrained build operations Thread 50" [_thread_blocked, id=13428, stack(0x000000a278600000,0x000000a278700000)]
  0x0000023cb1ee7a20 JavaThread "Unconstrained build operations Thread 51" [_thread_blocked, id=5036, stack(0x000000a278700000,0x000000a278800000)]
  0x0000023cb1ee7ef0 JavaThread "Unconstrained build operations Thread 52" [_thread_blocked, id=9448, stack(0x000000a278800000,0x000000a278900000)]
  0x0000023cb1ee31f0 JavaThread "Unconstrained build operations Thread 53" [_thread_blocked, id=12768, stack(0x000000a278900000,0x000000a278a00000)]
  0x0000023cb1ee9bd0 JavaThread "Unconstrained build operations Thread 54" [_thread_blocked, id=3704, stack(0x000000a278a00000,0x000000a278b00000)]
  0x0000023cb1ee83c0 JavaThread "Unconstrained build operations Thread 55" [_thread_blocked, id=12344, stack(0x000000a278b00000,0x000000a278c00000)]
  0x0000023cb1eea0a0 JavaThread "Unconstrained build operations Thread 56" [_thread_blocked, id=4700, stack(0x000000a278c00000,0x000000a278d00000)]
  0x0000023cb1ee2850 JavaThread "Unconstrained build operations Thread 57" [_thread_blocked, id=13636, stack(0x000000a278d00000,0x000000a278e00000)]
  0x0000023cb44eb780 JavaThread "Unconstrained build operations Thread 58" [_thread_blocked, id=6400, stack(0x000000a278e00000,0x000000a278f00000)]
  0x0000023cb44ee7a0 JavaThread "Unconstrained build operations Thread 59" [_thread_blocked, id=8664, stack(0x000000a278f00000,0x000000a279000000)]
  0x0000023cb44eb2b0 JavaThread "Unconstrained build operations Thread 60" [_thread_blocked, id=9644, stack(0x000000a279000000,0x000000a279100000)]
  0x0000023cb44e9f70 JavaThread "Unconstrained build operations Thread 61" [_thread_blocked, id=13596, stack(0x000000a279100000,0x000000a279200000)]
  0x0000023cb44e8c30 JavaThread "Unconstrained build operations Thread 62" [_thread_blocked, id=1956, stack(0x000000a279200000,0x000000a279300000)]
  0x0000023cb44efae0 JavaThread "Unconstrained build operations Thread 63" [_thread_blocked, id=7992, stack(0x000000a279300000,0x000000a279400000)]
  0x0000023cb44ef610 JavaThread "Unconstrained build operations Thread 64" [_thread_blocked, id=3048, stack(0x000000a279400000,0x000000a279500000)]
  0x0000023cb44ebc50 JavaThread "Unconstrained build operations Thread 65" [_thread_blocked, id=8176, stack(0x000000a279500000,0x000000a279600000)]
  0x0000023cb44e9100 JavaThread "Unconstrained build operations Thread 66" [_thread_blocked, id=1516, stack(0x000000a279600000,0x000000a279700000)]
  0x0000023cb44ea440 JavaThread "Unconstrained build operations Thread 67" [_thread_blocked, id=13892, stack(0x000000a279700000,0x000000a279800000)]
  0x0000023cb44ec5f0 JavaThread "Unconstrained build operations Thread 68" [_thread_blocked, id=5432, stack(0x000000a279800000,0x000000a279900000)]
  0x0000023cb44ea910 JavaThread "Unconstrained build operations Thread 69" [_thread_blocked, id=3132, stack(0x000000a279900000,0x000000a279a00000)]
  0x0000023cb44ed930 JavaThread "Unconstrained build operations Thread 70" [_thread_blocked, id=6996, stack(0x000000a279a00000,0x000000a279b00000)]
  0x0000023cb44eec70 JavaThread "Unconstrained build operations Thread 71" [_thread_blocked, id=11976, stack(0x000000a279b00000,0x000000a279c00000)]
  0x0000023cb44ec120 JavaThread "Unconstrained build operations Thread 72" [_thread_blocked, id=13944, stack(0x000000a279c00000,0x000000a279d00000)]
  0x0000023cb44eade0 JavaThread "Unconstrained build operations Thread 73" [_thread_blocked, id=1692, stack(0x000000a279d00000,0x000000a279e00000)]
  0x0000023cb44effb0 JavaThread "Unconstrained build operations Thread 74" [_thread_blocked, id=12492, stack(0x000000a279e00000,0x000000a279f00000)]
  0x0000023cb44ecac0 JavaThread "Unconstrained build operations Thread 75" [_thread_blocked, id=14156, stack(0x000000a279f00000,0x000000a27a000000)]
  0x0000023cb44f0480 JavaThread "Unconstrained build operations Thread 76" [_thread_blocked, id=8228, stack(0x000000a27a000000,0x000000a27a100000)]
  0x0000023cb44e95d0 JavaThread "Unconstrained build operations Thread 77" [_thread_blocked, id=13784, stack(0x000000a27a100000,0x000000a27a200000)]
  0x0000023cb44ecf90 JavaThread "Unconstrained build operations Thread 78" [_thread_blocked, id=4820, stack(0x000000a27a200000,0x000000a27a300000)]
  0x0000023cb44e9aa0 JavaThread "Unconstrained build operations Thread 79" [_thread_blocked, id=9228, stack(0x000000a27a300000,0x000000a27a400000)]
  0x0000023cb44ed460 JavaThread "Unconstrained build operations Thread 80" [_thread_blocked, id=12744, stack(0x000000a27a400000,0x000000a27a500000)]
  0x0000023cb44ede00 JavaThread "build event listener" [_thread_blocked, id=10804, stack(0x000000a27a500000,0x000000a27a600000)]
  0x0000023cb44ee2d0 JavaThread "build event listener" [_thread_blocked, id=6632, stack(0x000000a27a900000,0x000000a27aa00000)]
  0x0000023cb44ef140 JavaThread "build event listener" [_thread_blocked, id=1096, stack(0x000000a27ab00000,0x000000a27ac00000)]
  0x0000023cb437ad40 JavaThread "included builds" [_thread_blocked, id=13884, stack(0x000000a27ac00000,0x000000a27ad00000)]
  0x0000023cb4379ed0 JavaThread "Execution worker" [_thread_blocked, id=8564, stack(0x000000a27ae00000,0x000000a27af00000)]
  0x0000023cb437b210 JavaThread "Execution worker Thread 2" [_thread_blocked, id=9108, stack(0x000000a27af00000,0x000000a27b000000)]
  0x0000023cb437c080 JavaThread "Execution worker Thread 3" [_thread_blocked, id=1708, stack(0x000000a27b000000,0x000000a27b100000)]
  0x0000023cb437c550 JavaThread "Execution worker Thread 4" [_thread_blocked, id=7908, stack(0x000000a27b100000,0x000000a27b200000)]
  0x0000023cb4379a00 JavaThread "Execution worker Thread 5" [_thread_blocked, id=12696, stack(0x000000a27b200000,0x000000a27b300000)]
  0x0000023cb437a3a0 JavaThread "Execution worker Thread 6" [_thread_blocked, id=4396, stack(0x000000a27b300000,0x000000a27b400000)]
  0x0000023cb23b3f30 JavaThread "Execution worker Thread 7" [_thread_blocked, id=4884, stack(0x000000a27b400000,0x000000a27b500000)]
  0x0000023cb23b2720 JavaThread "Cache worker for execution history cache (C:\Users\yk5fe\AndroidStudioProjects\test\.gradle\8.0\executionHistory)" [_thread_blocked, id=6932, stack(0x000000a27b500000,0x000000a27b600000)]
  0x0000023cb23b13e0 JavaThread "WorkerExecutor Queue" [_thread_blocked, id=8712, stack(0x000000a27b600000,0x000000a27b700000)]

Other Threads:
=>0x0000023cac39f960 VMThread "VM Thread" [stack: 0x000000a272200000,0x000000a272300000] [id=14136]
  0x0000023c925b7b20 WatcherThread [stack: 0x000000a272e00000,0x000000a272f00000] [id=5224]
  0x0000023c925964b0 GCTaskThread "GC Thread#0" [stack: 0x000000a271d00000,0x000000a271e00000] [id=13808]
  0x0000023cadc89b00 GCTaskThread "GC Thread#1" [stack: 0x000000a273100000,0x000000a273200000] [id=7176]
  0x0000023cadc89db0 GCTaskThread "GC Thread#2" [stack: 0x000000a273200000,0x000000a273300000] [id=13584]
  0x0000023cadc8ae80 GCTaskThread "GC Thread#3" [stack: 0x000000a273300000,0x000000a273400000] [id=13384]
  0x0000023cae3c5b10 GCTaskThread "GC Thread#4" [stack: 0x000000a273000000,0x000000a273100000] [id=12812]
  0x0000023caf74bcc0 GCTaskThread "GC Thread#5" [stack: 0x000000a273e00000,0x000000a273f00000] [id=14240]
  0x0000023cafced940 GCTaskThread "GC Thread#6" [stack: 0x000000a273f00000,0x000000a274000000] [id=8612]
  0x0000023cae6015a0 GCTaskThread "GC Thread#7" [stack: 0x000000a274000000,0x000000a274100000] [id=1948]
  0x0000023c925a73f0 ConcurrentGCThread "G1 Main Marker" [stack: 0x000000a271e00000,0x000000a271f00000] [id=10440]
  0x0000023c925a7e00 ConcurrentGCThread "G1 Conc#0" [stack: 0x000000a271f00000,0x000000a272000000] [id=2908]
  0x0000023cae766030 ConcurrentGCThread "G1 Conc#1" [stack: 0x000000a274100000,0x000000a274200000] [id=4332]
  0x0000023c925fe580 ConcurrentGCThread "G1 Refine#0" [stack: 0x000000a272000000,0x000000a272100000] [id=8440]
  0x0000023cac210550 ConcurrentGCThread "G1 Service" [stack: 0x000000a272100000,0x000000a272200000] [id=12808]

Threads with active compile tasks:
C2 CompilerThread0    23611 12092       4       java.lang.String::split (327 bytes)
C2 CompilerThread1    23611 12188 %     4       java.lang.StringUTF16::getChars @ 16 (42 bytes)

VM state: at safepoint (normal execution)

VM Mutex/Monitor currently owned by a thread:  ([mutex/lock_event])
[0x0000023c9253bd20] Threads_lock - owner thread: 0x0000023cac39f960
[0x0000023c9253b1e0] Heap_lock - owner thread: 0x0000023cb4379ed0

Heap address: 0x0000000080000000, size: 2048 MB, Compressed Oops mode: 32-bit

CDS archive(s) not mapped
Compressed class space mapped at: 0x0000000100000000-0x0000000140000000, reserved size: 1073741824
Narrow klass base: 0x0000000000000000, Narrow klass shift: 3, Narrow klass range: 0x140000000

GC Precious Log:
 CPUs: 8 total, 8 available
 Memory: 12037M
 Large Page Support: Disabled
 NUMA Support: Disabled
 Compressed Oops: Enabled (32-bit)
 Heap Region Size: 1M
 Heap Min Capacity: 8M
 Heap Initial Capacity: 190M
 Heap Max Capacity: 2G
 Pre-touch: Disabled
 Parallel Workers: 8
 Concurrent Workers: 2
 Concurrent Refinement Workers: 8
 Periodic GC: Disabled

Heap:
 garbage-first heap   total 196608K, used 104164K [0x0000000080000000, 0x0000000100000000)
  region size 1024K, 6 young (6144K), 6 survivors (6144K)
 Metaspace       used 102232K, committed 103040K, reserved 1138688K
  class space    used 13911K, committed 14336K, reserved 1048576K

Heap Regions: E=young(eden), S=young(survivor), O=old, HS=humongous(starts), HC=humongous(continues), CS=collection set, F=free, OA=open archive, CA=closed archive, TAMS=top-at-mark-start (previous, next)
|   0|0x0000000080000000, 0x0000000080100000, 0x0000000080100000|100%|HS|  |TAMS 0x0000000080100000, 0x0000000080000000| Complete 
|   1|0x0000000080100000, 0x0000000080200000, 0x0000000080200000|100%|HC|  |TAMS 0x0000000080200000, 0x0000000080100000| Complete 
|   2|0x0000000080200000, 0x0000000080300000, 0x0000000080300000|100%|HC|  |TAMS 0x0000000080300000, 0x0000000080200000| Complete 
|   3|0x0000000080300000, 0x0000000080400000, 0x0000000080400000|100%|HC|  |TAMS 0x0000000080400000, 0x0000000080300000| Complete 
|   4|0x0000000080400000, 0x0000000080500000, 0x0000000080500000|100%| O|  |TAMS 0x0000000080500000, 0x0000000080400000| Untracked 
|   5|0x0000000080500000, 0x0000000080600000, 0x0000000080600000|100%| O|  |TAMS 0x0000000080600000, 0x0000000080500000| Untracked 
|   6|0x0000000080600000, 0x0000000080700000, 0x0000000080700000|100%| O|  |TAMS 0x0000000080700000, 0x0000000080600000| Untracked 
|   7|0x0000000080700000, 0x0000000080800000, 0x0000000080800000|100%| O|  |TAMS 0x0000000080800000, 0x0000000080700000| Untracked 
|   8|0x0000000080800000, 0x0000000080900000, 0x0000000080900000|100%| O|  |TAMS 0x0000000080900000, 0x0000000080800000| Untracked 
|   9|0x0000000080900000, 0x0000000080a00000, 0x0000000080a00000|100%| O|  |TAMS 0x0000000080a00000, 0x0000000080900000| Untracked 
|  10|0x0000000080a00000, 0x0000000080b00000, 0x0000000080b00000|100%| O|  |TAMS 0x0000000080b00000, 0x0000000080a00000| Untracked 
|  11|0x0000000080b00000, 0x0000000080c00000, 0x0000000080c00000|100%| O|  |TAMS 0x0000000080c00000, 0x0000000080b00000| Untracked 
|  12|0x0000000080c00000, 0x0000000080d00000, 0x0000000080d00000|100%| O|  |TAMS 0x0000000080d00000, 0x0000000080c00000| Untracked 
|  13|0x0000000080d00000, 0x0000000080e00000, 0x0000000080e00000|100%| O|  |TAMS 0x0000000080e00000, 0x0000000080d00000| Untracked 
|  14|0x0000000080e00000, 0x0000000080f00000, 0x0000000080f00000|100%| O|  |TAMS 0x0000000080f00000, 0x0000000080e00000| Untracked 
|  15|0x0000000080f00000, 0x0000000081000000, 0x0000000081000000|100%| O|  |TAMS 0x0000000081000000, 0x0000000080f00000| Untracked 
|  16|0x0000000081000000, 0x0000000081100000, 0x0000000081100000|100%| O|  |TAMS 0x0000000081100000, 0x0000000081000000| Untracked 
|  17|0x0000000081100000, 0x0000000081200000, 0x0000000081200000|100%| O|  |TAMS 0x0000000081200000, 0x0000000081100000| Untracked 
|  18|0x0000000081200000, 0x0000000081300000, 0x0000000081300000|100%| O|  |TAMS 0x0000000081300000, 0x0000000081200000| Untracked 
|  19|0x0000000081300000, 0x0000000081400000, 0x0000000081400000|100%| O|  |TAMS 0x0000000081400000, 0x0000000081300000| Untracked 
|  20|0x0000000081400000, 0x0000000081500000, 0x0000000081500000|100%| O|  |TAMS 0x0000000081500000, 0x0000000081400000| Untracked 
|  21|0x0000000081500000, 0x0000000081600000, 0x0000000081600000|100%| O|  |TAMS 0x0000000081600000, 0x0000000081500000| Untracked 
|  22|0x0000000081600000, 0x0000000081700000, 0x0000000081700000|100%| O|  |TAMS 0x0000000081600000, 0x0000000081600000| Untracked 
|  23|0x0000000081700000, 0x0000000081800000, 0x0000000081800000|100%| O|  |TAMS 0x0000000081800000, 0x0000000081700000| Untracked 
|  24|0x0000000081800000, 0x0000000081900000, 0x0000000081900000|100%| O|  |TAMS 0x0000000081900000, 0x0000000081800000| Untracked 
|  25|0x0000000081900000, 0x0000000081a00000, 0x0000000081a00000|100%| O|  |TAMS 0x0000000081a00000, 0x0000000081900000| Untracked 
|  26|0x0000000081a00000, 0x0000000081b00000, 0x0000000081b00000|100%| O|  |TAMS 0x0000000081b00000, 0x0000000081a00000| Untracked 
|  27|0x0000000081b00000, 0x0000000081c00000, 0x0000000081c00000|100%| O|  |TAMS 0x0000000081c00000, 0x0000000081b00000| Untracked 
|  28|0x0000000081c00000, 0x0000000081d00000, 0x0000000081d00000|100%| O|  |TAMS 0x0000000081d00000, 0x0000000081c00000| Untracked 
|  29|0x0000000081d00000, 0x0000000081e00000, 0x0000000081e00000|100%| O|  |TAMS 0x0000000081e00000, 0x0000000081d00000| Untracked 
|  30|0x0000000081e00000, 0x0000000081f00000, 0x0000000081f00000|100%| O|  |TAMS 0x0000000081f00000, 0x0000000081e00000| Untracked 
|  31|0x0000000081f00000, 0x0000000082000000, 0x0000000082000000|100%|HS|  |TAMS 0x0000000082000000, 0x0000000081f00000| Complete 
|  32|0x0000000082000000, 0x0000000082100000, 0x0000000082100000|100%|HS|  |TAMS 0x0000000082100000, 0x0000000082000000| Complete 
|  33|0x0000000082100000, 0x0000000082200000, 0x0000000082200000|100%|HS|  |TAMS 0x0000000082200000, 0x0000000082100000| Complete 
|  34|0x0000000082200000, 0x0000000082300000, 0x0000000082300000|100%|HC|  |TAMS 0x0000000082300000, 0x0000000082200000| Complete 
|  35|0x0000000082300000, 0x0000000082400000, 0x0000000082400000|100%|HS|  |TAMS 0x0000000082400000, 0x0000000082300000| Complete 
|  36|0x0000000082400000, 0x0000000082500000, 0x0000000082500000|100%|HS|  |TAMS 0x0000000082500000, 0x0000000082400000| Complete 
|  37|0x0000000082500000, 0x0000000082600000, 0x0000000082600000|100%|HC|  |TAMS 0x0000000082600000, 0x0000000082500000| Complete 
|  38|0x0000000082600000, 0x0000000082700000, 0x0000000082700000|100%|HC|  |TAMS 0x0000000082700000, 0x0000000082600000| Complete 
|  39|0x0000000082700000, 0x0000000082800000, 0x0000000082800000|100%|HC|  |TAMS 0x0000000082800000, 0x0000000082700000| Complete 
|  40|0x0000000082800000, 0x0000000082900000, 0x0000000082900000|100%| O|  |TAMS 0x0000000082900000, 0x0000000082800000| Untracked 
|  41|0x0000000082900000, 0x0000000082a00000, 0x0000000082a00000|100%| O|  |TAMS 0x0000000082a00000, 0x0000000082900000| Untracked 
|  42|0x0000000082a00000, 0x0000000082b00000, 0x0000000082b00000|100%| O|  |TAMS 0x0000000082b00000, 0x0000000082a00000| Untracked 
|  43|0x0000000082b00000, 0x0000000082c00000, 0x0000000082c00000|100%| O|  |TAMS 0x0000000082c00000, 0x0000000082b00000| Untracked 
|  44|0x0000000082c00000, 0x0000000082d00000, 0x0000000082d00000|100%| O|  |TAMS 0x0000000082d00000, 0x0000000082c00000| Untracked 
|  45|0x0000000082d00000, 0x0000000082e00000, 0x0000000082e00000|100%| O|  |TAMS 0x0000000082e00000, 0x0000000082d00000| Untracked 
|  46|0x0000000082e00000, 0x0000000082f00000, 0x0000000082f00000|100%| O|  |TAMS 0x0000000082f00000, 0x0000000082e00000| Untracked 
|  47|0x0000000082f00000, 0x0000000083000000, 0x0000000083000000|100%| O|  |TAMS 0x0000000083000000, 0x0000000082f00000| Untracked 
|  48|0x0000000083000000, 0x0000000083100000, 0x0000000083100000|100%| O|  |TAMS 0x0000000083100000, 0x0000000083000000| Untracked 
|  49|0x0000000083100000, 0x0000000083200000, 0x0000000083200000|100%| O|  |TAMS 0x0000000083100000, 0x0000000083100000| Untracked 
|  50|0x0000000083200000, 0x0000000083300000, 0x0000000083300000|100%| O|  |TAMS 0x0000000083300000, 0x0000000083200000| Untracked 
|  51|0x0000000083300000, 0x0000000083400000, 0x0000000083400000|100%| O|  |TAMS 0x0000000083400000, 0x0000000083300000| Untracked 
|  52|0x0000000083400000, 0x0000000083500000, 0x0000000083500000|100%| O|  |TAMS 0x0000000083500000, 0x0000000083400000| Untracked 
|  53|0x0000000083500000, 0x0000000083600000, 0x0000000083600000|100%| O|  |TAMS 0x0000000083582e00, 0x0000000083500000| Untracked 
|  54|0x0000000083600000, 0x0000000083700000, 0x0000000083700000|100%| O|  |TAMS 0x0000000083600000, 0x0000000083600000| Untracked 
|  55|0x0000000083700000, 0x0000000083800000, 0x0000000083800000|100%| O|  |TAMS 0x0000000083700000, 0x0000000083700000| Untracked 
|  56|0x0000000083800000, 0x0000000083900000, 0x0000000083900000|100%| O|  |TAMS 0x0000000083800000, 0x0000000083800000| Untracked 
|  57|0x0000000083900000, 0x0000000083a00000, 0x0000000083a00000|100%| O|  |TAMS 0x0000000083a00000, 0x0000000083900000| Untracked 
|  58|0x0000000083a00000, 0x0000000083b00000, 0x0000000083b00000|100%| O|  |TAMS 0x0000000083b00000, 0x0000000083a00000| Untracked 
|  59|0x0000000083b00000, 0x0000000083c00000, 0x0000000083c00000|100%| O|  |TAMS 0x0000000083c00000, 0x0000000083b00000| Untracked 
|  60|0x0000000083c00000, 0x0000000083d00000, 0x0000000083d00000|100%| O|  |TAMS 0x0000000083c00000, 0x0000000083c00000| Untracked 
|  61|0x0000000083d00000, 0x0000000083e00000, 0x0000000083e00000|100%| O|  |TAMS 0x0000000083d00000, 0x0000000083d00000| Untracked 
|  62|0x0000000083e00000, 0x0000000083f00000, 0x0000000083f00000|100%| O|  |TAMS 0x0000000083e00000, 0x0000000083e00000| Untracked 
|  63|0x0000000083f00000, 0x0000000084000000, 0x0000000084000000|100%| O|  |TAMS 0x0000000083f00000, 0x0000000083f00000| Untracked 
|  64|0x0000000084000000, 0x0000000084100000, 0x0000000084100000|100%| O|  |TAMS 0x0000000084000000, 0x0000000084000000| Untracked 
|  65|0x0000000084100000, 0x0000000084200000, 0x0000000084200000|100%| O|  |TAMS 0x0000000084100000, 0x0000000084100000| Untracked 
|  66|0x0000000084200000, 0x0000000084300000, 0x0000000084300000|100%| O|  |TAMS 0x0000000084200000, 0x0000000084200000| Untracked 
|  67|0x0000000084300000, 0x0000000084400000, 0x0000000084400000|100%| O|  |TAMS 0x0000000084300000, 0x0000000084300000| Untracked 
|  68|0x0000000084400000, 0x0000000084500000, 0x0000000084500000|100%| O|  |TAMS 0x0000000084400000, 0x0000000084400000| Untracked 
|  69|0x0000000084500000, 0x0000000084600000, 0x0000000084600000|100%| O|  |TAMS 0x0000000084500000, 0x0000000084500000| Untracked 
|  70|0x0000000084600000, 0x0000000084700000, 0x0000000084700000|100%| O|  |TAMS 0x0000000084600000, 0x0000000084600000| Untracked 
|  71|0x0000000084700000, 0x0000000084800000, 0x0000000084800000|100%| O|  |TAMS 0x0000000084700000, 0x0000000084700000| Untracked 
|  72|0x0000000084800000, 0x0000000084900000, 0x0000000084900000|100%| O|  |TAMS 0x0000000084800000, 0x0000000084800000| Untracked 
|  73|0x0000000084900000, 0x0000000084a00000, 0x0000000084a00000|100%| O|  |TAMS 0x0000000084900000, 0x0000000084900000| Untracked 
|  74|0x0000000084a00000, 0x0000000084b00000, 0x0000000084b00000|100%| O|  |TAMS 0x0000000084a00000, 0x0000000084a00000| Untracked 
|  75|0x0000000084b00000, 0x0000000084c00000, 0x0000000084c00000|100%| O|  |TAMS 0x0000000084b00000, 0x0000000084b00000| Untracked 
|  76|0x0000000084c00000, 0x0000000084d00000, 0x0000000084d00000|100%| O|  |TAMS 0x0000000084c00000, 0x0000000084c00000| Untracked 
|  77|0x0000000084d00000, 0x0000000084e00000, 0x0000000084e00000|100%| O|  |TAMS 0x0000000084d00000, 0x0000000084d00000| Untracked 
|  78|0x0000000084e00000, 0x0000000084f00000, 0x0000000084f00000|100%| O|  |TAMS 0x0000000084e00000, 0x0000000084e00000| Untracked 
|  79|0x0000000084f00000, 0x0000000085000000, 0x0000000085000000|100%| O|  |TAMS 0x0000000084f00000, 0x0000000084f00000| Untracked 
|  80|0x0000000085000000, 0x0000000085100000, 0x0000000085100000|100%| O|  |TAMS 0x0000000085000000, 0x0000000085000000| Untracked 
|  81|0x0000000085100000, 0x0000000085200000, 0x0000000085200000|100%| O|  |TAMS 0x0000000085100000, 0x0000000085100000| Untracked 
|  82|0x0000000085200000, 0x0000000085300000, 0x0000000085300000|100%| O|  |TAMS 0x0000000085200000, 0x0000000085200000| Untracked 
|  83|0x0000000085300000, 0x0000000085400000, 0x0000000085400000|100%| O|  |TAMS 0x0000000085300000, 0x0000000085300000| Untracked 
|  84|0x0000000085400000, 0x0000000085500000, 0x0000000085500000|100%| O|  |TAMS 0x0000000085400000, 0x0000000085400000| Untracked 
|  85|0x0000000085500000, 0x0000000085600000, 0x0000000085600000|100%| O|  |TAMS 0x0000000085500000, 0x0000000085500000| Untracked 
|  86|0x0000000085600000, 0x0000000085700000, 0x0000000085700000|100%| O|  |TAMS 0x0000000085600000, 0x0000000085600000| Untracked 
|  87|0x0000000085700000, 0x0000000085800000, 0x0000000085800000|100%| O|  |TAMS 0x0000000085700000, 0x0000000085700000| Untracked 
|  88|0x0000000085800000, 0x0000000085900000, 0x0000000085900000|100%| O|  |TAMS 0x0000000085800000, 0x0000000085800000| Untracked 
|  89|0x0000000085900000, 0x0000000085a00000, 0x0000000085a00000|100%| O|  |TAMS 0x0000000085900000, 0x0000000085900000| Untracked 
|  90|0x0000000085a00000, 0x0000000085b00000, 0x0000000085b00000|100%| O|  |TAMS 0x0000000085a00000, 0x0000000085a00000| Untracked 
|  91|0x0000000085b00000, 0x0000000085c00000, 0x0000000085c00000|100%| O|  |TAMS 0x0000000085b00000, 0x0000000085b00000| Untracked 
|  92|0x0000000085c00000, 0x0000000085d00000, 0x0000000085d00000|100%| O|  |TAMS 0x0000000085c00000, 0x0000000085c00000| Untracked 
|  93|0x0000000085d00000, 0x0000000085db9200, 0x0000000085e00000| 72%| O|  |TAMS 0x0000000085d00000, 0x0000000085d00000| Untracked 
|  94|0x0000000085e00000, 0x0000000085e00000, 0x0000000085f00000|  0%| F|  |TAMS 0x0000000085e00000, 0x0000000085e00000| Untracked 
|  95|0x0000000085f00000, 0x0000000085f00000, 0x0000000086000000|  0%| F|  |TAMS 0x0000000085f00000, 0x0000000085f00000| Untracked 
|  96|0x0000000086000000, 0x0000000086000000, 0x0000000086100000|  0%| F|  |TAMS 0x0000000086000000, 0x0000000086000000| Untracked 
|  97|0x0000000086100000, 0x0000000086100000, 0x0000000086200000|  0%| F|  |TAMS 0x0000000086100000, 0x0000000086100000| Untracked 
|  98|0x0000000086200000, 0x0000000086200000, 0x0000000086300000|  0%| F|  |TAMS 0x0000000086200000, 0x0000000086200000| Untracked 
|  99|0x0000000086300000, 0x0000000086300000, 0x0000000086400000|  0%| F|  |TAMS 0x0000000086300000, 0x0000000086300000| Untracked 
| 100|0x0000000086400000, 0x0000000086400000, 0x0000000086500000|  0%| F|  |TAMS 0x0000000086400000, 0x0000000086400000| Untracked 
| 101|0x0000000086500000, 0x0000000086500000, 0x0000000086600000|  0%| F|  |TAMS 0x0000000086500000, 0x0000000086500000| Untracked 
| 102|0x0000000086600000, 0x0000000086600000, 0x0000000086700000|  0%| F|  |TAMS 0x0000000086600000, 0x0000000086600000| Untracked 
| 103|0x0000000086700000, 0x0000000086700000, 0x0000000086800000|  0%| F|  |TAMS 0x0000000086700000, 0x0000000086700000| Untracked 
| 104|0x0000000086800000, 0x0000000086800000, 0x0000000086900000|  0%| F|  |TAMS 0x0000000086800000, 0x0000000086800000| Untracked 
| 105|0x0000000086900000, 0x0000000086900000, 0x0000000086a00000|  0%| F|  |TAMS 0x0000000086900000, 0x0000000086900000| Untracked 
| 106|0x0000000086a00000, 0x0000000086a00000, 0x0000000086b00000|  0%| F|  |TAMS 0x0000000086a00000, 0x0000000086a00000| Untracked 
| 107|0x0000000086b00000, 0x0000000086b00000, 0x0000000086c00000|  0%| F|  |TAMS 0x0000000086b00000, 0x0000000086b00000| Untracked 
| 108|0x0000000086c00000, 0x0000000086c00000, 0x0000000086d00000|  0%| F|  |TAMS 0x0000000086c00000, 0x0000000086c00000| Untracked 
| 109|0x0000000086d00000, 0x0000000086d00000, 0x0000000086e00000|  0%| F|  |TAMS 0x0000000086d00000, 0x0000000086d00000| Untracked 
| 110|0x0000000086e00000, 0x0000000086e00000, 0x0000000086f00000|  0%| F|  |TAMS 0x0000000086e00000, 0x0000000086e00000| Untracked 
| 111|0x0000000086f00000, 0x0000000086f00000, 0x0000000087000000|  0%| F|  |TAMS 0x0000000086f00000, 0x0000000086f00000| Untracked 
| 112|0x0000000087000000, 0x0000000087000000, 0x0000000087100000|  0%| F|  |TAMS 0x0000000087000000, 0x0000000087000000| Untracked 
| 113|0x0000000087100000, 0x0000000087100000, 0x0000000087200000|  0%| F|  |TAMS 0x0000000087100000, 0x0000000087100000| Untracked 
| 114|0x0000000087200000, 0x0000000087300000, 0x0000000087300000|100%| S|CS|TAMS 0x0000000087200000, 0x0000000087200000| Complete 
| 115|0x0000000087300000, 0x0000000087400000, 0x0000000087400000|100%| S|CS|TAMS 0x0000000087300000, 0x0000000087300000| Complete 
| 116|0x0000000087400000, 0x0000000087500000, 0x0000000087500000|100%| S|CS|TAMS 0x0000000087400000, 0x0000000087400000| Complete 
| 117|0x0000000087500000, 0x0000000087600000, 0x0000000087600000|100%| S|CS|TAMS 0x0000000087500000, 0x0000000087500000| Complete 
| 118|0x0000000087600000, 0x0000000087600000, 0x0000000087700000|  0%| F|  |TAMS 0x0000000087600000, 0x0000000087600000| Untracked 
| 119|0x0000000087700000, 0x0000000087700000, 0x0000000087800000|  0%| F|  |TAMS 0x0000000087700000, 0x0000000087700000| Untracked 
| 120|0x0000000087800000, 0x0000000087800000, 0x0000000087900000|  0%| F|  |TAMS 0x0000000087800000, 0x0000000087800000| Untracked 
| 121|0x0000000087900000, 0x0000000087900000, 0x0000000087a00000|  0%| F|  |TAMS 0x0000000087900000, 0x0000000087900000| Untracked 
| 122|0x0000000087a00000, 0x0000000087b00000, 0x0000000087b00000|100%| S|CS|TAMS 0x0000000087a00000, 0x0000000087a00000| Complete 
| 123|0x0000000087b00000, 0x0000000087c00000, 0x0000000087c00000|100%| S|CS|TAMS 0x0000000087b00000, 0x0000000087b00000| Complete 
| 124|0x0000000087c00000, 0x0000000087c00000, 0x0000000087d00000|  0%| F|  |TAMS 0x0000000087c00000, 0x0000000087c00000| Untracked 
| 125|0x0000000087d00000, 0x0000000087d00000, 0x0000000087e00000|  0%| F|  |TAMS 0x0000000087d00000, 0x0000000087d00000| Untracked 
| 126|0x0000000087e00000, 0x0000000087e00000, 0x0000000087f00000|  0%| F|  |TAMS 0x0000000087e00000, 0x0000000087e00000| Untracked 
| 127|0x0000000087f00000, 0x0000000087f00000, 0x0000000088000000|  0%| F|  |TAMS 0x0000000087f00000, 0x0000000087f00000| Untracked 
| 128|0x0000000088000000, 0x0000000088000000, 0x0000000088100000|  0%| F|  |TAMS 0x0000000088000000, 0x0000000088000000| Untracked 
| 129|0x0000000088100000, 0x0000000088100000, 0x0000000088200000|  0%| F|  |TAMS 0x0000000088100000, 0x0000000088100000| Untracked 
| 130|0x0000000088200000, 0x0000000088200000, 0x0000000088300000|  0%| F|  |TAMS 0x0000000088200000, 0x0000000088200000| Untracked 
| 131|0x0000000088300000, 0x0000000088300000, 0x0000000088400000|  0%| F|  |TAMS 0x0000000088300000, 0x0000000088300000| Untracked 
| 132|0x0000000088400000, 0x0000000088400000, 0x0000000088500000|  0%| F|  |TAMS 0x0000000088400000, 0x0000000088400000| Untracked 
| 133|0x0000000088500000, 0x0000000088500000, 0x0000000088600000|  0%| F|  |TAMS 0x0000000088500000, 0x0000000088500000| Untracked 
| 134|0x0000000088600000, 0x0000000088600000, 0x0000000088700000|  0%| F|  |TAMS 0x0000000088600000, 0x0000000088600000| Untracked 
| 135|0x0000000088700000, 0x0000000088700000, 0x0000000088800000|  0%| F|  |TAMS 0x0000000088700000, 0x0000000088700000| Untracked 
| 136|0x0000000088800000, 0x0000000088800000, 0x0000000088900000|  0%| F|  |TAMS 0x0000000088800000, 0x0000000088800000| Untracked 
| 137|0x0000000088900000, 0x0000000088900000, 0x0000000088a00000|  0%| F|  |TAMS 0x0000000088900000, 0x0000000088900000| Untracked 
| 138|0x0000000088a00000, 0x0000000088a00000, 0x0000000088b00000|  0%| F|  |TAMS 0x0000000088a00000, 0x0000000088a00000| Untracked 
| 139|0x0000000088b00000, 0x0000000088b00000, 0x0000000088c00000|  0%| F|  |TAMS 0x0000000088b00000, 0x0000000088b00000| Untracked 
| 140|0x0000000088c00000, 0x0000000088c00000, 0x0000000088d00000|  0%| F|  |TAMS 0x0000000088c00000, 0x0000000088c00000| Untracked 
| 141|0x0000000088d00000, 0x0000000088d00000, 0x0000000088e00000|  0%| F|  |TAMS 0x0000000088d00000, 0x0000000088d00000| Untracked 
| 142|0x0000000088e00000, 0x0000000088e00000, 0x0000000088f00000|  0%| F|  |TAMS 0x0000000088e00000, 0x0000000088e00000| Untracked 
| 143|0x0000000088f00000, 0x0000000088f00000, 0x0000000089000000|  0%| F|  |TAMS 0x0000000088f00000, 0x0000000088f00000| Untracked 
| 144|0x0000000089000000, 0x0000000089000000, 0x0000000089100000|  0%| F|  |TAMS 0x0000000089000000, 0x0000000089000000| Untracked 
| 145|0x0000000089100000, 0x0000000089100000, 0x0000000089200000|  0%| F|  |TAMS 0x0000000089100000, 0x0000000089100000| Untracked 
| 146|0x0000000089200000, 0x0000000089200000, 0x0000000089300000|  0%| F|  |TAMS 0x0000000089200000, 0x0000000089200000| Untracked 
| 147|0x0000000089300000, 0x0000000089300000, 0x0000000089400000|  0%| F|  |TAMS 0x0000000089300000, 0x0000000089300000| Untracked 
| 148|0x0000000089400000, 0x0000000089400000, 0x0000000089500000|  0%| F|  |TAMS 0x0000000089400000, 0x0000000089400000| Untracked 
| 149|0x0000000089500000, 0x0000000089500000, 0x0000000089600000|  0%| F|  |TAMS 0x0000000089500000, 0x0000000089500000| Untracked 
| 150|0x0000000089600000, 0x0000000089600000, 0x0000000089700000|  0%| F|  |TAMS 0x0000000089600000, 0x0000000089600000| Untracked 
| 151|0x0000000089700000, 0x0000000089700000, 0x0000000089800000|  0%| F|  |TAMS 0x0000000089700000, 0x0000000089700000| Untracked 
| 152|0x0000000089800000, 0x0000000089800000, 0x0000000089900000|  0%| F|  |TAMS 0x0000000089800000, 0x0000000089800000| Untracked 
| 153|0x0000000089900000, 0x0000000089900000, 0x0000000089a00000|  0%| F|  |TAMS 0x0000000089900000, 0x0000000089900000| Untracked 
| 154|0x0000000089a00000, 0x0000000089a00000, 0x0000000089b00000|  0%| F|  |TAMS 0x0000000089a00000, 0x0000000089a00000| Untracked 
| 155|0x0000000089b00000, 0x0000000089b00000, 0x0000000089c00000|  0%| F|  |TAMS 0x0000000089b00000, 0x0000000089b00000| Untracked 
| 156|0x0000000089c00000, 0x0000000089c00000, 0x0000000089d00000|  0%| F|  |TAMS 0x0000000089c00000, 0x0000000089c00000| Untracked 
| 157|0x0000000089d00000, 0x0000000089d00000, 0x0000000089e00000|  0%| F|  |TAMS 0x0000000089d00000, 0x0000000089d00000| Untracked 
| 158|0x0000000089e00000, 0x0000000089e00000, 0x0000000089f00000|  0%| F|  |TAMS 0x0000000089e00000, 0x0000000089e00000| Untracked 
| 159|0x0000000089f00000, 0x0000000089f00000, 0x000000008a000000|  0%| F|  |TAMS 0x0000000089f00000, 0x0000000089f00000| Untracked 
| 160|0x000000008a000000, 0x000000008a000000, 0x000000008a100000|  0%| F|  |TAMS 0x000000008a000000, 0x000000008a000000| Untracked 
| 161|0x000000008a100000, 0x000000008a100000, 0x000000008a200000|  0%| F|  |TAMS 0x000000008a100000, 0x000000008a100000| Untracked 
| 162|0x000000008a200000, 0x000000008a200000, 0x000000008a300000|  0%| F|  |TAMS 0x000000008a200000, 0x000000008a200000| Untracked 
| 163|0x000000008a300000, 0x000000008a300000, 0x000000008a400000|  0%| F|  |TAMS 0x000000008a300000, 0x000000008a300000| Untracked 
| 164|0x000000008a400000, 0x000000008a400000, 0x000000008a500000|  0%| F|  |TAMS 0x000000008a400000, 0x000000008a400000| Untracked 
| 165|0x000000008a500000, 0x000000008a500000, 0x000000008a600000|  0%| F|  |TAMS 0x000000008a500000, 0x000000008a500000| Untracked 
| 166|0x000000008a600000, 0x000000008a600000, 0x000000008a700000|  0%| F|  |TAMS 0x000000008a600000, 0x000000008a600000| Untracked 
| 167|0x000000008a700000, 0x000000008a700000, 0x000000008a800000|  0%| F|  |TAMS 0x000000008a700000, 0x000000008a700000| Untracked 
| 168|0x000000008a800000, 0x000000008a800000, 0x000000008a900000|  0%| F|  |TAMS 0x000000008a800000, 0x000000008a800000| Untracked 
| 169|0x000000008a900000, 0x000000008a900000, 0x000000008aa00000|  0%| F|  |TAMS 0x000000008a900000, 0x000000008a900000| Untracked 
| 170|0x000000008aa00000, 0x000000008aa00000, 0x000000008ab00000|  0%| F|  |TAMS 0x000000008aa00000, 0x000000008aa00000| Untracked 
| 171|0x000000008ab00000, 0x000000008ab00000, 0x000000008ac00000|  0%| F|  |TAMS 0x000000008ab00000, 0x000000008ab00000| Untracked 
| 172|0x000000008ac00000, 0x000000008ac00000, 0x000000008ad00000|  0%| F|  |TAMS 0x000000008ac00000, 0x000000008ac00000| Untracked 
| 173|0x000000008ad00000, 0x000000008ad00000, 0x000000008ae00000|  0%| F|  |TAMS 0x000000008ad00000, 0x000000008ad00000| Untracked 
| 174|0x000000008ae00000, 0x000000008ae00000, 0x000000008af00000|  0%| F|  |TAMS 0x000000008ae00000, 0x000000008ae00000| Untracked 
| 175|0x000000008af00000, 0x000000008af00000, 0x000000008b000000|  0%| F|  |TAMS 0x000000008af00000, 0x000000008af00000| Untracked 
| 176|0x000000008b000000, 0x000000008b000000, 0x000000008b100000|  0%| F|  |TAMS 0x000000008b000000, 0x000000008b000000| Untracked 
| 177|0x000000008b100000, 0x000000008b100000, 0x000000008b200000|  0%| F|  |TAMS 0x000000008b100000, 0x000000008b100000| Untracked 
| 178|0x000000008b200000, 0x000000008b200000, 0x000000008b300000|  0%| F|  |TAMS 0x000000008b200000, 0x000000008b200000| Untracked 
| 179|0x000000008b300000, 0x000000008b300000, 0x000000008b400000|  0%| F|  |TAMS 0x000000008b300000, 0x000000008b300000| Untracked 
| 180|0x000000008b400000, 0x000000008b400000, 0x000000008b500000|  0%| F|  |TAMS 0x000000008b400000, 0x000000008b400000| Untracked 
| 181|0x000000008b500000, 0x000000008b500000, 0x000000008b600000|  0%| F|  |TAMS 0x000000008b500000, 0x000000008b500000| Untracked 
| 182|0x000000008b600000, 0x000000008b600000, 0x000000008b700000|  0%| F|  |TAMS 0x000000008b600000, 0x000000008b600000| Untracked 
| 183|0x000000008b700000, 0x000000008b700000, 0x000000008b800000|  0%| F|  |TAMS 0x000000008b700000, 0x000000008b700000| Untracked 
| 184|0x000000008b800000, 0x000000008b800000, 0x000000008b900000|  0%| F|  |TAMS 0x000000008b800000, 0x000000008b800000| Untracked 
| 185|0x000000008b900000, 0x000000008b900000, 0x000000008ba00000|  0%| F|  |TAMS 0x000000008b900000, 0x000000008b900000| Untracked 
| 186|0x000000008ba00000, 0x000000008ba00000, 0x000000008bb00000|  0%| F|  |TAMS 0x000000008ba00000, 0x000000008ba00000| Untracked 
| 187|0x000000008bb00000, 0x000000008bb00000, 0x000000008bc00000|  0%| F|  |TAMS 0x000000008bb00000, 0x000000008bb00000| Untracked 
| 188|0x000000008bc00000, 0x000000008bc00000, 0x000000008bd00000|  0%| F|  |TAMS 0x000000008bc00000, 0x000000008bc00000| Untracked 
| 189|0x000000008bd00000, 0x000000008bd00000, 0x000000008be00000|  0%| F|  |TAMS 0x000000008bd00000, 0x000000008bd00000| Untracked 
|2046|0x00000000ffe00000, 0x00000000fff00000, 0x00000000fff00000|100%| O|  |TAMS 0x00000000fff00000, 0x00000000ffe00000| Untracked 
|2047|0x00000000fff00000, 0x0000000100000000, 0x0000000100000000|100%| O|  |TAMS 0x0000000100000000, 0x00000000fff00000| Untracked 

Card table byte_map: [0x0000023ca5130000,0x0000023ca5530000] _byte_map_base: 0x0000023ca4d30000

Marking Bits (Prev, Next): (CMBitMap*) 0x0000023c92596b00, (CMBitMap*) 0x0000023c92596ac0
 Prev Bits: [0x0000023ca7930000, 0x0000023ca9930000)
 Next Bits: [0x0000023ca5930000, 0x0000023ca7930000)

Polling page: 0x0000023c904a0000

Metaspace:

Usage:
  Non-class:     86.25 MB used.
      Class:     13.59 MB used.
       Both:     99.84 MB used.

Virtual space:
  Non-class space:       88.00 MB reserved,      86.62 MB ( 98%) committed,  11 nodes.
      Class space:        1.00 GB reserved,      14.00 MB (  1%) committed,  1 nodes.
             Both:        1.09 GB reserved,     100.62 MB (  9%) committed. 

Chunk freelists:
   Non-Class:  1.35 MB
       Class:  2.06 MB
        Both:  3.41 MB

MaxMetaspaceSize: unlimited
CompressedClassSpaceSize: 1.00 GB
Initial GC threshold: 21.00 MB
Current GC threshold: 113.12 MB
CDS: off
MetaspaceReclaimPolicy: balanced
 - commit_granule_bytes: 65536.
 - commit_granule_words: 8192.
 - virtual_space_node_default_size: 1048576.
 - enlarge_chunks_in_place: 1.
 - new_chunks_are_fully_committed: 0.
 - uncommit_free_chunks: 1.
 - use_allocation_guard: 0.
 - handle_deallocations: 1.


Internal statistics:

num_allocs_failed_limit: 9.
num_arena_births: 1118.
num_arena_deaths: 0.
num_vsnodes_births: 12.
num_vsnodes_deaths: 0.
num_space_committed: 1609.
num_space_uncommitted: 0.
num_chunks_returned_to_freelist: 9.
num_chunks_taken_from_freelist: 4949.
num_chunk_merges: 9.
num_chunk_splits: 3283.
num_chunks_enlarged: 2203.
num_purges: 0.
num_inconsistent_stats: 0.

CodeHeap 'non-profiled nmethods': size=120000Kb used=6045Kb max_used=6045Kb free=113954Kb
 bounds [0x0000023c9d4d0000, 0x0000023c9dac0000, 0x0000023ca4a00000]
CodeHeap 'profiled nmethods': size=120000Kb used=21266Kb max_used=21266Kb free=98733Kb
 bounds [0x0000023c95a00000, 0x0000023c96ed0000, 0x0000023c9cf30000]
CodeHeap 'non-nmethods': size=5760Kb used=2407Kb max_used=2472Kb free=3352Kb
 bounds [0x0000023c9cf30000, 0x0000023c9d1b0000, 0x0000023c9d4d0000]
 total_blobs=11741 nmethods=10810 adapters=843
 compilation: enabled
              stopped_count=0, restarted_count=0
 full_count=0

Compilation events (20 events):
Event: 23.558 Thread 0x0000023cacc5b900 12318       2       java.util.WeakHashMap::transfer (104 bytes)
Event: 23.559 Thread 0x0000023cacc5b900 nmethod 12318 0x0000023c96ec0e10 code [0x0000023c96ec0fe0, 0x0000023c96ec1448]
Event: 23.567 Thread 0x0000023cacc5b900 12319       2       com.android.ide.common.resources.configuration.FolderConfiguration::<init> (14 bytes)
Event: 23.567 Thread 0x0000023cacc5b900 nmethod 12319 0x0000023c96ec1690 code [0x0000023c96ec1840, 0x0000023c96ec19e8]
Event: 23.567 Thread 0x0000023cacc5b900 12320       2       com.android.ide.common.resources.configuration.FolderConfiguration::<init> (26 bytes)
Event: 23.567 Thread 0x0000023cacc5b900 nmethod 12320 0x0000023c96ec1a90 code [0x0000023c96ec1c40, 0x0000023c96ec1ec8]
Event: 23.571 Thread 0x0000023cacc5b900 12321  s    2       java.util.Hashtable::clear (38 bytes)
Event: 23.571 Thread 0x0000023cacc5b900 nmethod 12321 0x0000023c96ec1f90 code [0x0000023c96ec2140, 0x0000023c96ec23b8]
Event: 23.573 Thread 0x0000023cacc5b900 12322       2       java.util.EnumMap::put (51 bytes)
Event: 23.573 Thread 0x0000023cacc5b900 nmethod 12322 0x0000023c96ec2510 code [0x0000023c96ec26c0, 0x0000023c96ec2948]
Event: 23.573 Thread 0x0000023cacc5b900 12323       2       java.util.EnumMap::typeCheck (59 bytes)
Event: 23.574 Thread 0x0000023cacc5b900 nmethod 12323 0x0000023c96ec2a90 code [0x0000023c96ec2cc0, 0x0000023c96ec30d8]
Event: 23.575 Thread 0x0000023cb1889980 nmethod 12237 0x0000023c9dab5110 code [0x0000023c9dab5320, 0x0000023c9dab6660]
Event: 23.575 Thread 0x0000023cb1889980 12313       4       java.lang.StringUTF16::compress (50 bytes)
Event: 23.577 Thread 0x0000023cacc5b900 12326       2       javax.management.ObjectName::<init> (15 bytes)
Event: 23.577 Thread 0x0000023cacc5b900 nmethod 12326 0x0000023c96ec3390 code [0x0000023c96ec3520, 0x0000023c96ec3648]
Event: 23.577 Thread 0x0000023cacc5b900 12327       2       javax.management.ObjectName::setCanonicalName (251 bytes)
Event: 23.578 Thread 0x0000023cacc5b900 nmethod 12327 0x0000023c96ec3710 code [0x0000023c96ec3960, 0x0000023c96ec4488]
Event: 23.581 Thread 0x0000023cb1889980 nmethod 12313 0x0000023c9dab6f10 code [0x0000023c9dab7080, 0x0000023c9dab73f8]
Event: 23.581 Thread 0x0000023cb1889980 12188 %     4       java.lang.StringUTF16::getChars @ 16 (42 bytes)

GC Heap History (20 events):
Event: 8.634 GC heap after
{Heap after GC invocations=23 (full 0):
 garbage-first heap   total 166912K, used 61483K [0x0000000080000000, 0x0000000100000000)
  region size 1024K, 3 young (3072K), 3 survivors (3072K)
 Metaspace       used 68719K, committed 69376K, reserved 1114112K
  class space    used 9158K, committed 9472K, reserved 1048576K
}
Event: 9.411 GC heap before
{Heap before GC invocations=24 (full 0):
 garbage-first heap   total 166912K, used 118827K [0x0000000080000000, 0x0000000100000000)
  region size 1024K, 59 young (60416K), 3 survivors (3072K)
 Metaspace       used 75121K, committed 75776K, reserved 1122304K
  class space    used 10054K, committed 10368K, reserved 1048576K
}
Event: 9.416 GC heap after
{Heap after GC invocations=25 (full 0):
 garbage-first heap   total 166912K, used 65516K [0x0000000080000000, 0x0000000100000000)
  region size 1024K, 7 young (7168K), 7 survivors (7168K)
 Metaspace       used 75121K, committed 75776K, reserved 1122304K
  class space    used 10054K, committed 10368K, reserved 1048576K
}
Event: 9.431 GC heap before
{Heap before GC invocations=25 (full 0):
 garbage-first heap   total 166912K, used 66540K [0x0000000080000000, 0x0000000100000000)
  region size 1024K, 8 young (8192K), 7 survivors (7168K)
 Metaspace       used 75241K, committed 75840K, reserved 1122304K
  class space    used 10068K, committed 10368K, reserved 1048576K
}
Event: 9.436 GC heap after
{Heap after GC invocations=26 (full 0):
 garbage-first heap   total 166912K, used 65884K [0x0000000080000000, 0x0000000100000000)
  region size 1024K, 1 young (1024K), 1 survivors (1024K)
 Metaspace       used 75241K, committed 75840K, reserved 1122304K
  class space    used 10068K, committed 10368K, reserved 1048576K
}
Event: 10.300 GC heap before
{Heap before GC invocations=26 (full 0):
 garbage-first heap   total 166912K, used 125276K [0x0000000080000000, 0x0000000100000000)
  region size 1024K, 59 young (60416K), 1 survivors (1024K)
 Metaspace       used 80474K, committed 81024K, reserved 1122304K
  class space    used 10942K, committed 11200K, reserved 1048576K
}
Event: 10.304 GC heap after
{Heap after GC invocations=27 (full 0):
 garbage-first heap   total 166912K, used 68585K [0x0000000080000000, 0x0000000100000000)
  region size 1024K, 4 young (4096K), 4 survivors (4096K)
 Metaspace       used 80474K, committed 81024K, reserved 1122304K
  class space    used 10942K, committed 11200K, reserved 1048576K
}
Event: 11.526 GC heap before
{Heap before GC invocations=27 (full 0):
 garbage-first heap   total 166912K, used 129001K [0x0000000080000000, 0x0000000100000000)
  region size 1024K, 63 young (64512K), 4 survivors (4096K)
 Metaspace       used 86540K, committed 87168K, reserved 1130496K
  class space    used 11882K, committed 12160K, reserved 1048576K
}
Event: 11.533 GC heap after
{Heap after GC invocations=28 (full 0):
 garbage-first heap   total 166912K, used 73474K [0x0000000080000000, 0x0000000100000000)
  region size 1024K, 8 young (8192K), 8 survivors (8192K)
 Metaspace       used 86540K, committed 87168K, reserved 1130496K
  class space    used 11882K, committed 12160K, reserved 1048576K
}
Event: 20.573 GC heap before
{Heap before GC invocations=28 (full 0):
 garbage-first heap   total 166912K, used 130818K [0x0000000080000000, 0x0000000100000000)
  region size 1024K, 64 young (65536K), 8 survivors (8192K)
 Metaspace       used 88053K, committed 88640K, reserved 1130496K
  class space    used 12079K, committed 12352K, reserved 1048576K
}
Event: 20.581 GC heap after
{Heap after GC invocations=29 (full 0):
 garbage-first heap   total 166912K, used 77255K [0x0000000080000000, 0x0000000100000000)
  region size 1024K, 4 young (4096K), 4 survivors (4096K)
 Metaspace       used 88053K, committed 88640K, reserved 1130496K
  class space    used 12079K, committed 12352K, reserved 1048576K
}
Event: 21.407 GC heap before
{Heap before GC invocations=29 (full 0):
 garbage-first heap   total 166912K, used 133575K [0x0000000080000000, 0x0000000100000000)
  region size 1024K, 59 young (60416K), 4 survivors (4096K)
 Metaspace       used 93674K, committed 94336K, reserved 1130496K
  class space    used 12866K, committed 13184K, reserved 1048576K
}
Event: 21.414 GC heap after
{Heap after GC invocations=30 (full 0):
 garbage-first heap   total 166912K, used 82673K [0x0000000080000000, 0x0000000100000000)
  region size 1024K, 8 young (8192K), 8 survivors (8192K)
 Metaspace       used 93674K, committed 94336K, reserved 1130496K
  class space    used 12866K, committed 13184K, reserved 1048576K
}
Event: 21.997 GC heap before
{Heap before GC invocations=30 (full 0):
 garbage-first heap   total 166912K, used 134897K [0x0000000080000000, 0x0000000100000000)
  region size 1024K, 59 young (60416K), 8 survivors (8192K)
 Metaspace       used 96091K, committed 96768K, reserved 1138688K
  class space    used 13180K, committed 13504K, reserved 1048576K
}
Event: 22.008 GC heap after
{Heap after GC invocations=31 (full 0):
 garbage-first heap   total 166912K, used 88984K [0x0000000080000000, 0x0000000100000000)
  region size 1024K, 7 young (7168K), 7 survivors (7168K)
 Metaspace       used 96091K, committed 96768K, reserved 1138688K
  class space    used 13180K, committed 13504K, reserved 1048576K
}
Event: 22.492 GC heap before
{Heap before GC invocations=31 (full 0):
 garbage-first heap   total 166912K, used 134040K [0x0000000080000000, 0x0000000100000000)
  region size 1024K, 51 young (52224K), 7 survivors (7168K)
 Metaspace       used 98541K, committed 99200K, reserved 1138688K
  class space    used 13410K, committed 13696K, reserved 1048576K
}
Event: 22.502 GC heap after
{Heap after GC invocations=32 (full 0):
 garbage-first heap   total 166912K, used 95609K [0x0000000080000000, 0x0000000100000000)
  region size 1024K, 7 young (7168K), 7 survivors (7168K)
 Metaspace       used 98541K, committed 99200K, reserved 1138688K
  class space    used 13410K, committed 13696K, reserved 1048576K
}
Event: 22.838 GC heap before
{Heap before GC invocations=32 (full 0):
 garbage-first heap   total 166912K, used 134521K [0x0000000080000000, 0x0000000100000000)
  region size 1024K, 46 young (47104K), 7 survivors (7168K)
 Metaspace       used 99239K, committed 99904K, reserved 1138688K
  class space    used 13561K, committed 13888K, reserved 1048576K
}
Event: 22.846 GC heap after
{Heap after GC invocations=33 (full 0):
 garbage-first heap   total 166912K, used 99054K [0x0000000080000000, 0x0000000100000000)
  region size 1024K, 4 young (4096K), 4 survivors (4096K)
 Metaspace       used 99239K, committed 99904K, reserved 1138688K
  class space    used 13561K, committed 13888K, reserved 1048576K
}
Event: 23.581 GC heap before
{Heap before GC invocations=33 (full 0):
 garbage-first heap   total 166912K, used 135918K [0x0000000080000000, 0x0000000100000000)
  region size 1024K, 41 young (41984K), 4 survivors (4096K)
 Metaspace       used 102232K, committed 103040K, reserved 1138688K
  class space    used 13911K, committed 14336K, reserved 1048576K
}

Dll operation events (2 events):
Event: 0.008 Loaded shared library C:\Program Files\Android\Android Studio\jbr\bin\java.dll
Event: 0.440 Loaded shared library C:\Program Files\Android\Android Studio\jbr\bin\verify.dll

Deoptimization events (20 events):
Event: 23.483 Thread 0x0000023cb4379ed0 DEOPT PACKING pc=0x0000023c96dcbd16 sp=0x000000a27aef9e90
Event: 23.483 Thread 0x0000023cb4379ed0 DEOPT UNPACKING pc=0x0000023c9cf8ace3 sp=0x000000a27aef93c0 mode 0
Event: 23.485 Thread 0x0000023cb4379ed0 DEOPT PACKING pc=0x0000023c96dcbd16 sp=0x000000a27aef9e90
Event: 23.485 Thread 0x0000023cb4379ed0 DEOPT UNPACKING pc=0x0000023c9cf8ace3 sp=0x000000a27aef93c0 mode 0
Event: 23.487 Thread 0x0000023cb4379ed0 DEOPT PACKING pc=0x0000023c96dcbd16 sp=0x000000a27aef9f80
Event: 23.487 Thread 0x0000023cb4379ed0 DEOPT UNPACKING pc=0x0000023c9cf8ace3 sp=0x000000a27aef94c0 mode 0
Event: 23.488 Thread 0x0000023cb4379ed0 DEOPT PACKING pc=0x0000023c96e9187e sp=0x000000a27aef9e90
Event: 23.488 Thread 0x0000023cb4379ed0 DEOPT UNPACKING pc=0x0000023c9cf8ace3 sp=0x000000a27aef9300 mode 0
Event: 23.500 Thread 0x0000023cb4379ed0 DEOPT PACKING pc=0x0000023c96e083cb sp=0x000000a27aef9f30
Event: 23.500 Thread 0x0000023cb4379ed0 DEOPT UNPACKING pc=0x0000023c9cf8ace3 sp=0x000000a27aef93e0 mode 0
Event: 23.509 Thread 0x0000023cb4379ed0 DEOPT PACKING pc=0x0000023c96e9187e sp=0x000000a27aef9e00
Event: 23.509 Thread 0x0000023cb4379ed0 DEOPT UNPACKING pc=0x0000023c9cf8ace3 sp=0x000000a27aef9270 mode 0
Event: 23.523 Thread 0x0000023cb4379ed0 DEOPT PACKING pc=0x0000023c96e9187e sp=0x000000a27aef9da0
Event: 23.523 Thread 0x0000023cb4379ed0 DEOPT UNPACKING pc=0x0000023c9cf8ace3 sp=0x000000a27aef9210 mode 0
Event: 23.539 Thread 0x0000023cb4379ed0 DEOPT PACKING pc=0x0000023c96e9187e sp=0x000000a27aef9d30
Event: 23.539 Thread 0x0000023cb4379ed0 DEOPT UNPACKING pc=0x0000023c9cf8ace3 sp=0x000000a27aef91a0 mode 0
Event: 23.551 Thread 0x0000023cb4379ed0 DEOPT PACKING pc=0x0000023c96e9187e sp=0x000000a27aef9da0
Event: 23.551 Thread 0x0000023cb4379ed0 DEOPT UNPACKING pc=0x0000023c9cf8ace3 sp=0x000000a27aef9210 mode 0
Event: 23.568 Thread 0x0000023cb4379ed0 DEOPT PACKING pc=0x0000023c96e9187e sp=0x000000a27aef9da0
Event: 23.568 Thread 0x0000023cb4379ed0 DEOPT UNPACKING pc=0x0000023c9cf8ace3 sp=0x000000a27aef9210 mode 0

Classes unloaded (0 events):
No events

Classes redefined (0 events):
No events

Internal exceptions (20 events):
Event: 22.172 Thread 0x0000023cae0e3040 Exception <a 'java/lang/ClassNotFoundException'{0x00000000888f26b0}: com/android/build/gradle/tasks/PackageApplication_DecoratedCustomizer> (0x00000000888f26b0) 
thrown [s\src\hotspot\share\classfile\systemDictionary.cpp, line 256]
Event: 22.176 Thread 0x0000023cae0e3040 Exception <a 'java/lang/ClassNotFoundException'{0x00000000887c6ce8}: com/android/build/gradle/internal/tasks/ListingFileRedirectTask_DecoratedBeanInfo> (0x00000000887c6ce8) 
thrown [s\src\hotspot\share\classfile\systemDictionary.cpp, line 256]
Event: 22.176 Thread 0x0000023cae0e3040 Exception <a 'java/lang/ClassNotFoundException'{0x00000000887d2968}: com/android/build/gradle/internal/tasks/ListingFileRedirectTaskBeanInfo> (0x00000000887d2968) 
thrown [s\src\hotspot\share\classfile\systemDictionary.cpp, line 256]
Event: 22.176 Thread 0x0000023cae0e3040 Exception <a 'java/lang/ClassNotFoundException'{0x00000000887de358}: com/android/build/gradle/internal/tasks/ListingFileRedirectTaskCustomizer> (0x00000000887de358) 
thrown [s\src\hotspot\share\classfile\systemDictionary.cpp, line 256]
Event: 22.177 Thread 0x0000023cae0e3040 Exception <a 'java/lang/ClassNotFoundException'{0x00000000887fad18}: com/android/build/gradle/internal/tasks/ListingFileRedirectTask_DecoratedCustomizer> (0x00000000887fad18) 
thrown [s\src\hotspot\share\classfile\systemDictionary.cpp, line 256]
Event: 22.251 Thread 0x0000023cb4379ed0 Exception <a 'sun/nio/fs/WindowsException'{0x000000008821cc68}> (0x000000008821cc68) 
thrown [s\src\hotspot\share\prims\jni.cpp, line 517]
Event: 22.251 Thread 0x0000023cb4379ed0 Exception <a 'sun/nio/fs/WindowsException'{0x000000008821db10}> (0x000000008821db10) 
thrown [s\src\hotspot\share\prims\jni.cpp, line 517]
Event: 22.251 Thread 0x0000023cb4379ed0 Exception <a 'sun/nio/fs/WindowsException'{0x000000008821db80}> (0x000000008821db80) 
thrown [s\src\hotspot\share\prims\jni.cpp, line 517]
Event: 22.251 Thread 0x0000023cb4379ed0 Exception <a 'sun/nio/fs/WindowsException'{0x000000008821df28}> (0x000000008821df28) 
thrown [s\src\hotspot\share\prims\jni.cpp, line 517]
Event: 22.351 Thread 0x0000023cb437a3a0 Exception <a 'sun/nio/fs/WindowsException'{0x000000008854d1f0}> (0x000000008854d1f0) 
thrown [s\src\hotspot\share\prims\jni.cpp, line 517]
Event: 22.361 Thread 0x0000023cb1edc050 Exception <a 'java/lang/NoSuchMethodError'{0x0000000087c425a0}: static Lorg/gradle/internal/build/event/types/DefaultTaskSkippedResult;.<clinit>()V> (0x0000000087c425a0) 
thrown [s\src\hotspot\share\prims\jni.cpp, line 1108]
Event: 22.525 Thread 0x0000023cb437a3a0 Exception <a 'java/lang/NoSuchMethodError'{0x000000008bdf47b0}: 'void java.lang.invoke.DirectMethodHandle$Holder.invokeStatic(java.lang.Object, java.lang.Object, java.lang.Object, java.lang.Object, int, java.lang.Object, java.lang.Object)'> (0x000000008bdf47b0) 
thrown [s\src\hotspot\share\interpreter\linkResolver.cpp, line 771]
Event: 22.557 Thread 0x0000023cb18cdef0 Exception <a 'java/lang/NoSuchMethodError'{0x0000000089b15b48}: 'java.lang.Object java.lang.invoke.DirectMethodHandle$Holder.invokeSpecialIFC(java.lang.Object, java.lang.Object, java.lang.Object)'> (0x0000000089b15b48) 
thrown [s\src\hotspot\share\interpreter\linkResolver.cpp, line 771]
Event: 22.557 Thread 0x0000023cb18d2250 Exception <a 'java/lang/NoSuchMethodError'{0x0000000089b3e1a8}: 'java.lang.Object java.lang.invoke.DirectMethodHandle$Holder.invokeSpecialIFC(java.lang.Object, java.lang.Object, java.lang.Object)'> (0x0000000089b3e1a8) 
thrown [s\src\hotspot\share\interpreter\linkResolver.cpp, line 771]
Event: 22.557 Thread 0x0000023cb44ec120 Exception <a 'java/lang/NoSuchMethodError'{0x0000000089b0ab38}: 'java.lang.Object java.lang.invoke.DirectMethodHandle$Holder.invokeSpecialIFC(java.lang.Object, java.lang.Object, java.lang.Object)'> (0x0000000089b0ab38) 
thrown [s\src\hotspot\share\interpreter\linkResolver.cpp, line 771]
Event: 22.557 Thread 0x0000023cb6e1dbd0 Exception <a 'java/lang/NoSuchMethodError'{0x0000000089b5b7c8}: 'java.lang.Object java.lang.invoke.DirectMethodHandle$Holder.invokeSpecialIFC(java.lang.Object, java.lang.Object, java.lang.Object)'> (0x0000000089b5b7c8) 
thrown [s\src\hotspot\share\interpreter\linkResolver.cpp, line 771]
Event: 22.557 Thread 0x0000023cb6e1e0a0 Exception <a 'java/lang/NoSuchMethodError'{0x0000000089b20ee8}: 'java.lang.Object java.lang.invoke.DirectMethodHandle$Holder.invokeSpecialIFC(java.lang.Object, java.lang.Object, java.lang.Object)'> (0x0000000089b20ee8) 
thrown [s\src\hotspot\share\interpreter\linkResolver.cpp, line 771]
Event: 22.557 Thread 0x0000023cb6e1b550 Exception <a 'java/lang/NoSuchMethodError'{0x0000000089b48238}: 'java.lang.Object java.lang.invoke.DirectMethodHandle$Holder.invokeSpecialIFC(java.lang.Object, java.lang.Object, java.lang.Object)'> (0x0000000089b48238) 
thrown [s\src\hotspot\share\interpreter\linkResolver.cpp, line 771]
Event: 22.557 Thread 0x0000023cb1ee9bd0 Exception <a 'java/lang/NoSuchMethodError'{0x0000000089b52e88}: 'java.lang.Object java.lang.invoke.DirectMethodHandle$Holder.invokeSpecialIFC(java.lang.Object, java.lang.Object, java.lang.Object)'> (0x0000000089b52e88) 
thrown [s\src\hotspot\share\interpreter\linkResolver.cpp, line 771]
Event: 22.557 Thread 0x0000023cb437a3a0 Exception <a 'java/lang/NoSuchMethodError'{0x0000000089b2a708}: 'java.lang.Object java.lang.invoke.DirectMethodHandle$Holder.invokeSpecialIFC(java.lang.Object, java.lang.Object, java.lang.Object)'> (0x0000000089b2a708) 
thrown [s\src\hotspot\share\interpreter\linkResolver.cpp, line 771]

VM Operations (20 events):
Event: 22.368 Executing VM operation: ICBufferFull done
Event: 22.479 Executing VM operation: HandshakeAllThreads
Event: 22.479 Executing VM operation: HandshakeAllThreads done
Event: 22.481 Executing VM operation: ICBufferFull
Event: 22.482 Executing VM operation: ICBufferFull done
Event: 22.492 Executing VM operation: G1CollectForAllocation
Event: 22.503 Executing VM operation: G1CollectForAllocation done
Event: 22.821 Executing VM operation: ICBufferFull
Event: 22.821 Executing VM operation: ICBufferFull done
Event: 22.838 Executing VM operation: G1CollectForAllocation
Event: 22.847 Executing VM operation: G1CollectForAllocation done
Event: 22.891 Executing VM operation: HandshakeAllThreads
Event: 22.891 Executing VM operation: HandshakeAllThreads done
Event: 22.892 Executing VM operation: HandshakeAllThreads
Event: 22.893 Executing VM operation: HandshakeAllThreads done
Event: 22.956 Executing VM operation: ICBufferFull
Event: 22.957 Executing VM operation: ICBufferFull done
Event: 22.957 Executing VM operation: ICBufferFull
Event: 22.957 Executing VM operation: ICBufferFull done
Event: 23.581 Executing VM operation: G1CollectForAllocation

Events (20 events):
Event: 23.142 loading class org/w3c/dom/CharacterData
Event: 23.142 loading class org/w3c/dom/CharacterData done
Event: 23.142 loading class org/w3c/dom/Text done
Event: 23.142 loading class org/w3c/dom/CDATASection done
Event: 23.142 loading class org/w3c/dom/Comment
Event: 23.142 loading class org/w3c/dom/Comment done
Event: 23.142 loading class org/w3c/dom/DocumentFragment
Event: 23.143 loading class org/w3c/dom/DocumentFragment done
Event: 23.143 loading class org/w3c/dom/traversal/TreeWalker
Event: 23.143 loading class org/w3c/dom/traversal/TreeWalker done
Event: 23.143 loading class org/w3c/dom/traversal/NodeIterator
Event: 23.143 loading class org/w3c/dom/traversal/NodeIterator done
Event: 23.144 loading class org/w3c/dom/events/Event
Event: 23.144 loading class org/w3c/dom/events/Event done
Event: 23.144 loading class org/w3c/dom/events/MutationEvent
Event: 23.144 loading class org/w3c/dom/events/MutationEvent done
Event: 23.144 loading class org/w3c/dom/ranges/Range
Event: 23.144 loading class org/w3c/dom/ranges/Range done
Event: 23.144 loading class org/w3c/dom/events/EventException
Event: 23.144 loading class org/w3c/dom/events/EventException done


Dynamic libraries:
0x00007ff74df80000 - 0x00007ff74df8a000 	C:\Program Files\Android\Android Studio\jbr\bin\java.exe
0x00007ffc3fcd0000 - 0x00007ffc3fee7000 	C:\WINDOWS\SYSTEM32\ntdll.dll
0x00007ffc3deb0000 - 0x00007ffc3df74000 	C:\WINDOWS\System32\KERNEL32.DLL
0x00007ffc3d0f0000 - 0x00007ffc3d497000 	C:\WINDOWS\System32\KERNELBASE.dll
0x00007ffc3d5c0000 - 0x00007ffc3d6d1000 	C:\WINDOWS\System32\ucrtbase.dll
0x00007ffbfacc0000 - 0x00007ffbfacd7000 	C:\Program Files\Android\Android Studio\jbr\bin\jli.dll
0x00007ffc36040000 - 0x00007ffc3605b000 	C:\Program Files\Android\Android Studio\jbr\bin\VCRUNTIME140.dll
0x00007ffc3fab0000 - 0x00007ffc3fc5e000 	C:\WINDOWS\System32\USER32.dll
0x00007ffc1ea00000 - 0x00007ffc1ec93000 	C:\WINDOWS\WinSxS\amd64_microsoft.windows.common-controls_6595b64144ccf1df_6.0.22621.2506_none_270c5ae97388e100\COMCTL32.dll
0x00007ffc3d0c0000 - 0x00007ffc3d0e6000 	C:\WINDOWS\System32\win32u.dll
0x00007ffc3f860000 - 0x00007ffc3f907000 	C:\WINDOWS\System32\msvcrt.dll
0x00007ffc3dfe0000 - 0x00007ffc3e009000 	C:\WINDOWS\System32\GDI32.dll
0x00007ffc3d4a0000 - 0x00007ffc3d5b9000 	C:\WINDOWS\System32\gdi32full.dll
0x00007ffc3d020000 - 0x00007ffc3d0ba000 	C:\WINDOWS\System32\msvcp_win.dll
0x00007ffc3f2f0000 - 0x00007ffc3f321000 	C:\WINDOWS\System32\IMM32.DLL
0x00007ffc39720000 - 0x00007ffc3972c000 	C:\Program Files\Android\Android Studio\jbr\bin\vcruntime140_1.dll
0x00007ffc1d9e0000 - 0x00007ffc1da6d000 	C:\Program Files\Android\Android Studio\jbr\bin\msvcp140.dll
0x00007ffbcc830000 - 0x00007ffbcd49e000 	C:\Program Files\Android\Android Studio\jbr\bin\server\jvm.dll
0x00007ffc3eac0000 - 0x00007ffc3eb70000 	C:\WINDOWS\System32\ADVAPI32.dll
0x00007ffc3f9f0000 - 0x00007ffc3fa96000 	C:\WINDOWS\System32\sechost.dll
0x00007ffc3dc00000 - 0x00007ffc3dd17000 	C:\WINDOWS\System32\RPCRT4.dll
0x00007ffc17fc0000 - 0x00007ffc17fc9000 	C:\WINDOWS\SYSTEM32\WSOCK32.dll
0x00007ffc3dd20000 - 0x00007ffc3dd91000 	C:\WINDOWS\System32\WS2_32.dll
0x00007ffc349c0000 - 0x00007ffc349f4000 	C:\WINDOWS\SYSTEM32\WINMM.dll
0x00007ffc33e80000 - 0x00007ffc33e8a000 	C:\WINDOWS\SYSTEM32\VERSION.dll
0x00007ffc3bf80000 - 0x00007ffc3bf98000 	C:\WINDOWS\SYSTEM32\kernel.appcore.dll
0x00007ffc1e790000 - 0x00007ffc1e79a000 	C:\Program Files\Android\Android Studio\jbr\bin\jimage.dll
0x00007ffc3a7b0000 - 0x00007ffc3a9e3000 	C:\WINDOWS\SYSTEM32\DBGHELP.DLL
0x00007ffc3f330000 - 0x00007ffc3f6b9000 	C:\WINDOWS\System32\combase.dll
0x00007ffc3f910000 - 0x00007ffc3f9e7000 	C:\WINDOWS\System32\OLEAUT32.dll
0x00007ffc0f120000 - 0x00007ffc0f152000 	C:\WINDOWS\SYSTEM32\dbgcore.DLL
0x00007ffc3d980000 - 0x00007ffc3d9fa000 	C:\WINDOWS\System32\bcryptPrimitives.dll
0x00007ffbf2d70000 - 0x00007ffbf2d95000 	C:\Program Files\Android\Android Studio\jbr\bin\java.dll
0x00007ffc11f00000 - 0x00007ffc11f18000 	C:\Program Files\Android\Android Studio\jbr\bin\zip.dll
0x00007ffc3e010000 - 0x00007ffc3e869000 	C:\WINDOWS\System32\SHELL32.dll
0x00007ffc3aef0000 - 0x00007ffc3b7e4000 	C:\WINDOWS\SYSTEM32\windows.storage.dll
0x00007ffc3adb0000 - 0x00007ffc3aeee000 	C:\WINDOWS\SYSTEM32\wintypes.dll
0x00007ffc3ddb0000 - 0x00007ffc3dea3000 	C:\WINDOWS\System32\SHCORE.dll
0x00007ffc3df80000 - 0x00007ffc3dfde000 	C:\WINDOWS\System32\shlwapi.dll
0x00007ffc3cf50000 - 0x00007ffc3cf76000 	C:\WINDOWS\SYSTEM32\profapi.dll
0x00007ffc054e0000 - 0x00007ffc054f9000 	C:\Program Files\Android\Android Studio\jbr\bin\net.dll
0x00007ffc36e60000 - 0x00007ffc36f97000 	C:\WINDOWS\SYSTEM32\WINHTTP.dll
0x00007ffc3c450000 - 0x00007ffc3c4b9000 	C:\WINDOWS\system32\mswsock.dll
0x00007ffbfcb80000 - 0x00007ffbfcb96000 	C:\Program Files\Android\Android Studio\jbr\bin\nio.dll
0x00007ffc17ef0000 - 0x00007ffc17f00000 	C:\Program Files\Android\Android Studio\jbr\bin\verify.dll
0x00007ffc19950000 - 0x00007ffc19977000 	C:\Users\yk5fe\.gradle\native\68d5fa5c4cc2d200863cafc0d521ce42e7d3e7ee720ec0a83991735586a16f82\windows-amd64\native-platform.dll
0x00007ffbef9b0000 - 0x00007ffbefaf4000 	C:\Users\yk5fe\.gradle\native\e376f236ea51e6404a007f0833ffe2c6e607c4080706a723a18a27aeea778392\windows-amd64\native-platform-file-events.dll
0x00007ffc16930000 - 0x00007ffc16939000 	C:\Program Files\Android\Android Studio\jbr\bin\management.dll
0x00007ffc0f580000 - 0x00007ffc0f58b000 	C:\Program Files\Android\Android Studio\jbr\bin\management_ext.dll
0x00007ffc3f2e0000 - 0x00007ffc3f2e8000 	C:\WINDOWS\System32\PSAPI.DLL
0x00007ffc3c7a0000 - 0x00007ffc3c7bb000 	C:\WINDOWS\SYSTEM32\CRYPTSP.dll
0x00007ffc3bf40000 - 0x00007ffc3bf75000 	C:\WINDOWS\system32\rsaenh.dll
0x00007ffc3c4f0000 - 0x00007ffc3c51c000 	C:\WINDOWS\SYSTEM32\USERENV.dll
0x00007ffc3c9d0000 - 0x00007ffc3c9f8000 	C:\WINDOWS\SYSTEM32\bcrypt.dll
0x00007ffc3c780000 - 0x00007ffc3c78c000 	C:\WINDOWS\SYSTEM32\CRYPTBASE.dll
0x00007ffc3ba40000 - 0x00007ffc3ba6d000 	C:\WINDOWS\SYSTEM32\IPHLPAPI.DLL
0x00007ffc3dda0000 - 0x00007ffc3dda9000 	C:\WINDOWS\System32\NSI.dll
0x00007ffc34480000 - 0x00007ffc34499000 	C:\WINDOWS\SYSTEM32\dhcpcsvc6.DLL
0x00007ffc34460000 - 0x00007ffc3447f000 	C:\WINDOWS\SYSTEM32\dhcpcsvc.DLL
0x00007ffc3ba70000 - 0x00007ffc3bb69000 	C:\WINDOWS\SYSTEM32\DNSAPI.dll
0x00007ffbeef10000 - 0x00007ffbeef18000 	C:\WINDOWS\system32\wshunix.dll
0x00007ffc16b60000 - 0x00007ffc16b77000 	C:\WINDOWS\system32\napinsp.dll
0x00007ffc16b40000 - 0x00007ffc16b5b000 	C:\WINDOWS\system32\pnrpnsp.dll
0x00007ffc16b20000 - 0x00007ffc16b31000 	C:\WINDOWS\System32\winrnr.dll
0x00007ffbffcc0000 - 0x00007ffbffcd5000 	C:\WINDOWS\system32\wshbth.dll
0x00007ffc06790000 - 0x00007ffc067b1000 	C:\WINDOWS\system32\nlansp_c.dll
0x00000000669a0000 - 0x00000000669c6000 	C:\Program Files\Bonjour\mdnsNSP.dll
0x00007ffc2cbf0000 - 0x00007ffc2cbfa000 	C:\Windows\System32\rasadhlp.dll
0x00007ffc31800000 - 0x00007ffc31883000 	C:\WINDOWS\System32\fwpuclnt.dll

dbghelp: loaded successfully - version: 4.0.5 - missing functions: none
symbol engine: initialized successfully - sym options: 0x614 - pdb path: .;C:\Program Files\Android\Android Studio\jbr\bin;C:\WINDOWS\SYSTEM32;C:\WINDOWS\WinSxS\amd64_microsoft.windows.common-controls_6595b64144ccf1df_6.0.22621.2506_none_270c5ae97388e100;C:\Program Files\Android\Android Studio\jbr\bin\server;C:\Users\yk5fe\.gradle\native\68d5fa5c4cc2d200863cafc0d521ce42e7d3e7ee720ec0a83991735586a16f82\windows-amd64;C:\Users\yk5fe\.gradle\native\e376f236ea51e6404a007f0833ffe2c6e607c4080706a723a18a27aeea778392\windows-amd64;C:\Program Files\Bonjour

VM Arguments:
jvm_args: --add-opens=java.base/java.util=ALL-UNNAMED --add-opens=java.base/java.lang=ALL-UNNAMED --add-opens=java.base/java.lang.invoke=ALL-UNNAMED --add-opens=java.prefs/java.util.prefs=ALL-UNNAMED --add-opens=java.base/java.nio.charset=ALL-UNNAMED --add-opens=java.base/java.net=ALL-UNNAMED --add-opens=java.base/java.util.concurrent.atomic=ALL-UNNAMED -Xmx2048m -Dfile.encoding=UTF-8 -Duser.country=FR -Duser.language=fr -Duser.variant 
java_command: org.gradle.launcher.daemon.bootstrap.GradleDaemon 8.0
java_class_path (initial): C:\Users\yk5fe\.gradle\wrapper\dists\gradle-8.0-bin\ca5e32bp14vu59qr306oxotwh\gradle-8.0\lib\gradle-launcher-8.0.jar
Launcher Type: SUN_STANDARD

[Global flags]
     intx CICompilerCount                          = 4                                         {product} {ergonomic}
     uint ConcGCThreads                            = 2                                         {product} {ergonomic}
     uint G1ConcRefinementThreads                  = 8                                         {product} {ergonomic}
   size_t G1HeapRegionSize                         = 1048576                                   {product} {ergonomic}
    uintx GCDrainStackTargetSize                   = 64                                        {product} {ergonomic}
   size_t InitialHeapSize                          = 199229440                                 {product} {ergonomic}
   size_t MarkStackSize                            = 4194304                                   {product} {ergonomic}
   size_t MaxHeapSize                              = 2147483648                                {product} {command line}
   size_t MaxNewSize                               = 1287651328                                {product} {ergonomic}
   size_t MinHeapDeltaBytes                        = 1048576                                   {product} {ergonomic}
   size_t MinHeapSize                              = 8388608                                   {product} {ergonomic}
    uintx NonNMethodCodeHeapSize                   = 5839372                                {pd product} {ergonomic}
    uintx NonProfiledCodeHeapSize                  = 122909434                              {pd product} {ergonomic}
    uintx ProfiledCodeHeapSize                     = 122909434                              {pd product} {ergonomic}
    uintx ReservedCodeCacheSize                    = 251658240                              {pd product} {ergonomic}
     bool SegmentedCodeCache                       = true                                      {product} {ergonomic}
   size_t SoftMaxHeapSize                          = 2147483648                             {manageable} {ergonomic}
     bool UseCompressedClassPointers               = true                           {product lp64_product} {ergonomic}
     bool UseCompressedOops                        = true                           {product lp64_product} {ergonomic}
     bool UseG1GC                                  = true                                      {product} {ergonomic}
     bool UseLargePagesIndividualAllocation        = false                                  {pd product} {ergonomic}

Logging:
Log output configuration:
 #0: stdout all=warning uptime,level,tags
 #1: stderr all=off uptime,level,tags

Environment Variables:
JAVA_HOME=C:\Program Files\Java\jdk-20
PATH=C:\Program Files\Java\jdk-20\bin;C:\ADMINISTRATION\WINDOWS\bin;C:\Program Files\Common Files\Oracle\Java\javapath;C:\Program Files\Python310\Scripts\;C:\Program Files\Python310\;C:\WINDOWS\system32;C:\WINDOWS;C:\WINDOWS\System32\Wbem;C:\WINDOWS\System32\WindowsPowerShell\v1.0\;C:\WINDOWS\System32\OpenSSH\;C:\Program Files\Git\cmd;C:\Program Files\MySQL\MySQL Server 5.1\bin;C:\Users\yk5fe\AppData\Roaming\nvm;C:\Program Files\nodejs;C:\Program Files\nodejs\;C:\Users\yk5fe\AppData\Local\Microsoft\WindowsApps;C:\Users\yk5fe\AppData\Local\Programs\Microsoft VS Code\bin;C:\Program Files\Java\jdk-20\bin;C:\Users\yk5fe\AppData\Local\atom\bin;C:\Users\yk5fe\AppData\Local\GitHubDesktop\bin;C:\javafx-sdk-18\jdk-19_windows-x64_bin\jdk-19.0.2\bin;C:\Users\yk5fe\AppData\Local\Microsoft\WindowsApps;C:\Program Files\JetBrains\WebStorm 2023.1.1\bin;;C:\Users\yk5fe\AppData\Roaming\nvm;C:\Program Files\nodejs;C:\apache-tomcat-9.0.75\bin;C:\Users\yk5fe\OneDrive\Bureau\apache-zookeeper-3.7.1-bin\apache-zookeeper-3.7.1-bin\bin;C:\apache-maven-3.9.2-bin\apache-maven-3.9.2\bin;C:\Users\yk5fe\AppData\Roaming\TinyTeX\bin\windows;C:\Users\yk5fe\AppData\Roaming\npm;C:\Users\yk5fe\AppData\Local\Programs\Julia-1.9.3\bin;C:\Users\yk5fe\AppData\Roaming\Python\Python310\site-packages;F:\document_flutter\flutter\dart-sdk\bin;F:\document_flutter\flutter\bin;
USERNAME=yk5fe
OS=Windows_NT
PROCESSOR_IDENTIFIER=Intel64 Family 6 Model 140 Stepping 2, GenuineIntel
TMP=C:\Users\yk5fe\AppData\Local\Temp
TEMP=C:\Users\yk5fe\AppData\Local\Temp


JNI global refs:
JNI global refs: 25, weak refs: 10

JNI global refs memory usage: 843, weak refs: 841


---------------  S Y S T E M  ---------------

OS:
 Windows 11 , 64 bit Build 22621 (10.0.22621.2506)
OS uptime: 0 days 9:22 hours
Hyper-V role detected

CPU: total 8 (initial active 8) (4 cores per cpu, 2 threads per core) family 6 model 140 stepping 2 microcode 0x2c, cx8, cmov, fxsr, ht, mmx, 3dnowpref, sse, sse2, sse3, ssse3, sse4.1, sse4.2, popcnt, lzcnt, tsc, tscinvbit, avx, avx2, aes, erms, clmul, bmi1, bmi2, adx, avx512f, avx512dq, avx512cd, avx512bw, avx512vl, sha, fma, vzeroupper, avx512_vpopcntdq, avx512_vpclmulqdq, avx512_vaes, avx512_vnni, clflush, clflushopt, clwb, avx512_vbmi2, avx512_vbmi, hv

Memory: 4k page, system-wide physical 12037M (486M free)
TotalPageFile size 14437M (AvailPageFile size 97M)
current process WorkingSet (physical memory assigned to process): 445M, peak: 445M
current process commit charge ("private bytes"): 509M, peak: 604M

vm_info: OpenJDK 64-Bit Server VM (17.0.6+0-b2043.56-10027231) for windows-amd64 JRE (17.0.6+0-b2043.56-10027231), built on Apr 28 2023 00:43:19 by "androidbuild" with MS VC++ 16.10 / 16.11 (VS2019)

END.
