#
# There is insufficient memory for the Java Runtime Environment to continue.
# Native memory allocation (malloc) failed to allocate 1136176 bytes for Chunk::new
# Possible reasons:
#   The system is out of physical RAM or swap space
#   The process is running with CompressedOops enabled, and the Java Heap may be blocking the growth of the native heap
# Possible solutions:
#   Reduce memory load on the system
#   Increase physical memory or swap space
#   Check if swap backing store is full
#   Decrease Java heap size (-Xmx/-Xms)
#   Decrease number of Java threads
#   Decrease Java thread stack sizes (-Xss)
#   Set larger code cache with -XX:ReservedCodeCacheSize=
#   JVM is running with Unscaled Compressed Oops mode in which the Java heap is
#     placed in the first 4GB address space. The Java Heap base address is the
#     maximum limit for the native heap growth. Please use -XX:HeapBaseMinAddress
#     to set the Java Heap base and to place the Java Heap above 4GB virtual address.
# This output file may be truncated or incomplete.
#
#  Out of Memory Error (arena.cpp:189), pid=9972, tid=4152
#
# JRE version: OpenJDK Runtime Environment (17.0.6) (build 17.0.6+0-b2043.56-10027231)
# Java VM: OpenJDK 64-Bit Server VM (17.0.6+0-b2043.56-10027231, mixed mode, tiered, compressed oops, compressed class ptrs, g1 gc, windows-amd64)
# No core dump will be written. Minidumps are not enabled by default on client versions of Windows
#

---------------  S U M M A R Y ------------

Command Line: --add-opens=java.base/java.util=ALL-UNNAMED --add-opens=java.base/java.lang=ALL-UNNAMED --add-opens=java.base/java.lang.invoke=ALL-UNNAMED --add-opens=java.prefs/java.util.prefs=ALL-UNNAMED --add-opens=java.base/java.nio.charset=ALL-UNNAMED --add-opens=java.base/java.net=ALL-UNNAMED --add-opens=java.base/java.util.concurrent.atomic=ALL-UNNAMED -Xmx2048m -Dfile.encoding=UTF-8 -Duser.country=FR -Duser.language=fr -Duser.variant org.gradle.launcher.daemon.bootstrap.GradleDaemon 8.0

Host: 11th Gen Intel(R) Core(TM) i5-1155G7 @ 2.50GHz, 8 cores, 11G,  Windows 11 , 64 bit Build 22621 (10.0.22621.2506)
Time: Sat Nov  4 06:56:14 2023 Greenwich elapsed time: 365.600663 seconds (0d 0h 6m 5s)

---------------  T H R E A D  ---------------

Current thread (0x000001cc2b85e170):  JavaThread "C2 CompilerThread0" daemon [_thread_in_native, id=4152, stack(0x0000008ee7400000,0x0000008ee7500000)]


Current CompileTask:
C2: 365600 21713  s    4       org.gradle.internal.component.external.model.AbstractLazyModuleComponentResolveMetadata::getVariantsForGraphTraversal (20 bytes)

Stack: [0x0000008ee7400000,0x0000008ee7500000]
Native frames: (J=compiled Java code, j=interpreted, Vv=VM code, C=native code)
V  [jvm.dll+0x683c9a]
V  [jvm.dll+0x8427a4]
V  [jvm.dll+0x843f9e]
V  [jvm.dll+0x844603]
V  [jvm.dll+0x249b75]
V  [jvm.dll+0xabcac]
V  [jvm.dll+0xac27c]
V  [jvm.dll+0x2b0eef]
V  [jvm.dll+0x58a267]
V  [jvm.dll+0x2243b2]
V  [jvm.dll+0x22478f]
V  [jvm.dll+0x21e055]
V  [jvm.dll+0x21b51b]
V  [jvm.dll+0x1a4fdd]
V  [jvm.dll+0x22b098]
V  [jvm.dll+0x229159]
V  [jvm.dll+0x7f81ec]
V  [jvm.dll+0x7f274a]
V  [jvm.dll+0x682ad5]
C  [ucrtbase.dll+0x29363]
C  [KERNEL32.DLL+0x1257d]
C  [ntdll.dll+0x5aa58]


---------------  P R O C E S S  ---------------

Threads class SMR info:
_java_thread_list=0x000001cc38575e80, length=92, elements={
0x000001cc10fa9ad0, 0x000001cc2ae20270, 0x000001cc2ae20e20, 0x000001cc2b8573b0,
0x000001cc2b857f60, 0x000001cc2b85aa20, 0x000001cc2b85d3e0, 0x000001cc2b85e170,
0x000001cc2b862110, 0x000001cc2b86ab10, 0x000001cc2b9df420, 0x000001cc2b9dfcf0,
0x000001cc2d3ce840, 0x000001cc2d1e1600, 0x000001cc2eb6a2f0, 0x000001cc2cc21580,
0x000001cc2cc23730, 0x000001cc2cc228c0, 0x000001cc2cc21f20, 0x000001cc2cc23260,
0x000001cc2cc22d90, 0x000001cc2f491710, 0x000001cc2f494260, 0x000001cc2f494c00,
0x000001cc2f48f090, 0x000001cc2f48ff00, 0x000001cc2f4955a0, 0x000001cc2f492580,
0x000001cc2e05aa60, 0x000001cc2e05a590, 0x000001cc2e05af30, 0x000001cc2ea8b030,
0x000001cc37eb6030, 0x000001cc37eb21a0, 0x000001cc37eb6500, 0x000001cc37eb51c0,
0x000001cc37eb34e0, 0x000001cc3570b7e0, 0x000001cc32f92510, 0x000001cc314576f0,
0x000001cc328f62d0, 0x000001cc328f7140, 0x000001cc35665260, 0x000001cc2bcdc4a0,
0x000001cc31332a00, 0x000001cc328f7610, 0x000001cc2bd5ade0, 0x000001cc2bd5c5f0,
0x000001cc37eb1cd0, 0x000001cc37eb6ea0, 0x000001cc37eb2670, 0x000001cc329ace10,
0x000001cc2bd5e2d0, 0x000001cc2bd5b780, 0x000001cc2bd5cac0, 0x000001cc2bd5e7a0,
0x000001cc2bd5b2b0, 0x000001cc2bd5bc50, 0x000001cc2bd5c120, 0x000001cc2bd5cf90,
0x000001cc2bd5d460, 0x000001cc358c96f0, 0x000001cc358cb3d0, 0x000001cc358caa30,
0x000001cc358cc710, 0x000001cc358ca560, 0x000001cc358c9bc0, 0x000001cc358ccbe0,
0x000001cc358caf00, 0x000001cc358cb8a0, 0x000001cc358cbd70, 0x000001cc358cc240,
0x000001cc358c9220, 0x000001cc358ca090, 0x000001cc385ce610, 0x000001cc385ce140,
0x000001cc385cfe20, 0x000001cc385ceae0, 0x000001cc385d02f0, 0x000001cc385cd2d0,
0x000001cc385cefb0, 0x000001cc328f5460, 0x000001cc385cf480, 0x000001cc385d07c0,
0x000001cc385cf950, 0x000001cc385cce00, 0x000001cc385cd7a0, 0x000001cc385cdc70,
0x000001cc2bb122f0, 0x000001cc2bb127c0, 0x000001cc2bb13160, 0x000001cc2bb12c90
}

Java Threads: ( => current thread )
  0x000001cc10fa9ad0 JavaThread "main" [_thread_blocked, id=2356, stack(0x0000008ee6700000,0x0000008ee6800000)]
  0x000001cc2ae20270 JavaThread "Reference Handler" daemon [_thread_blocked, id=12748, stack(0x0000008ee6e00000,0x0000008ee6f00000)]
  0x000001cc2ae20e20 JavaThread "Finalizer" daemon [_thread_blocked, id=3360, stack(0x0000008ee6f00000,0x0000008ee7000000)]
  0x000001cc2b8573b0 JavaThread "Signal Dispatcher" daemon [_thread_blocked, id=14244, stack(0x0000008ee7000000,0x0000008ee7100000)]
  0x000001cc2b857f60 JavaThread "Attach Listener" daemon [_thread_blocked, id=13856, stack(0x0000008ee7100000,0x0000008ee7200000)]
  0x000001cc2b85aa20 JavaThread "Service Thread" daemon [_thread_blocked, id=5228, stack(0x0000008ee7200000,0x0000008ee7300000)]
  0x000001cc2b85d3e0 JavaThread "Monitor Deflation Thread" daemon [_thread_blocked, id=5616, stack(0x0000008ee7300000,0x0000008ee7400000)]
=>0x000001cc2b85e170 JavaThread "C2 CompilerThread0" daemon [_thread_in_native, id=4152, stack(0x0000008ee7400000,0x0000008ee7500000)]
  0x000001cc2b862110 JavaThread "C1 CompilerThread0" daemon [_thread_blocked, id=14284, stack(0x0000008ee7500000,0x0000008ee7600000)]
  0x000001cc2b86ab10 JavaThread "Sweeper thread" daemon [_thread_blocked, id=6164, stack(0x0000008ee7600000,0x0000008ee7700000)]
  0x000001cc2b9df420 JavaThread "Common-Cleaner" daemon [_thread_blocked, id=13680, stack(0x0000008ee7700000,0x0000008ee7800000)]
  0x000001cc2b9dfcf0 JavaThread "Notification Thread" daemon [_thread_blocked, id=5072, stack(0x0000008ee7800000,0x0000008ee7900000)]
  0x000001cc2d3ce840 JavaThread "Daemon health stats" [_thread_blocked, id=3124, stack(0x0000008ee7f00000,0x0000008ee8000000)]
  0x000001cc2d1e1600 JavaThread "Incoming local TCP Connector on port 53034" [_thread_in_native, id=8044, stack(0x0000008ee8000000,0x0000008ee8100000)]
  0x000001cc2eb6a2f0 JavaThread "Daemon periodic checks" [_thread_blocked, id=8848, stack(0x0000008ee8100000,0x0000008ee8200000)]
  0x000001cc2cc21580 JavaThread "Cache worker for journal cache (C:\Users\yk5fe\.gradle\caches\journal-1)" [_thread_blocked, id=12568, stack(0x0000008ee8d00000,0x0000008ee8e00000)]
  0x000001cc2cc23730 JavaThread "File lock request listener" [_thread_in_native, id=10996, stack(0x0000008ee8e00000,0x0000008ee8f00000)]
  0x000001cc2cc228c0 JavaThread "Cache worker for file hash cache (C:\Users\yk5fe\.gradle\caches\8.0\fileHashes)" [_thread_blocked, id=9040, stack(0x0000008ee8f00000,0x0000008ee9000000)]
  0x000001cc2cc21f20 JavaThread "File watcher server" daemon [_thread_in_native, id=12680, stack(0x0000008ee9100000,0x0000008ee9200000)]
  0x000001cc2cc23260 JavaThread "File watcher consumer" daemon [_thread_blocked, id=112, stack(0x0000008ee9200000,0x0000008ee9300000)]
  0x000001cc2cc22d90 JavaThread "Cache worker for file content cache (C:\Users\yk5fe\.gradle\caches\8.0\fileContent)" [_thread_blocked, id=2252, stack(0x0000008ee9500000,0x0000008ee9600000)]
  0x000001cc2f491710 JavaThread "Cache worker for execution history cache (C:\Users\yk5fe\.gradle\caches\8.0\executionHistory)" [_thread_blocked, id=9700, stack(0x0000008ee9800000,0x0000008ee9900000)]
  0x000001cc2f494260 JavaThread "jar transforms" [_thread_blocked, id=472, stack(0x0000008ee9900000,0x0000008ee9a00000)]
  0x000001cc2f494c00 JavaThread "jar transforms Thread 2" [_thread_blocked, id=2836, stack(0x0000008ee9a00000,0x0000008ee9b00000)]
  0x000001cc2f48f090 JavaThread "Cache worker for kotlin-dsl (C:\Users\yk5fe\.gradle\caches\8.0\kotlin-dsl)" [_thread_blocked, id=2576, stack(0x0000008ee9b00000,0x0000008ee9c00000)]
  0x000001cc2f48ff00 JavaThread "jar transforms Thread 3" [_thread_blocked, id=13504, stack(0x0000008ee9c00000,0x0000008ee9d00000)]
  0x000001cc2f4955a0 JavaThread "jar transforms Thread 4" [_thread_blocked, id=5460, stack(0x0000008ee9000000,0x0000008ee9100000)]
  0x000001cc2f492580 JavaThread "jar transforms Thread 5" [_thread_blocked, id=3292, stack(0x0000008ee9f00000,0x0000008eea000000)]
  0x000001cc2e05aa60 JavaThread "jar transforms Thread 6" [_thread_blocked, id=9224, stack(0x0000008eef000000,0x0000008eef100000)]
  0x000001cc2e05a590 JavaThread "jar transforms Thread 7" [_thread_blocked, id=4720, stack(0x0000008eef100000,0x0000008eef200000)]
  0x000001cc2e05af30 JavaThread "jar transforms Thread 8" [_thread_blocked, id=12448, stack(0x0000008eef200000,0x0000008eef300000)]
  0x000001cc2ea8b030 JavaThread "Memory manager" [_thread_blocked, id=1368, stack(0x0000008eef600000,0x0000008eef700000)]
  0x000001cc37eb6030 JavaThread "RMI Scheduler(0)" daemon [_thread_blocked, id=7296, stack(0x0000008ef0600000,0x0000008ef0700000)]
  0x000001cc37eb21a0 JavaThread "RMI GC Daemon" daemon [_thread_blocked, id=12556, stack(0x0000008ef0800000,0x0000008ef0900000)]
  0x000001cc37eb6500 JavaThread "RMI TCP Accept-0" daemon [_thread_in_native, id=7692, stack(0x0000008ef0900000,0x0000008ef0a00000)]
  0x000001cc37eb51c0 JavaThread "RMI Reaper" [_thread_blocked, id=4464, stack(0x0000008ef0a00000,0x0000008ef0b00000)]
  0x000001cc37eb34e0 JavaThread "Cache worker for Java compile cache (C:\Users\yk5fe\.gradle\caches\8.0\javaCompile)" [_thread_blocked, id=14008, stack(0x0000008eef500000,0x0000008eef600000)]
  0x000001cc3570b7e0 JavaThread "ForkJoinPool.commonPool-worker-1" daemon [_thread_blocked, id=13320, stack(0x0000008ef1b00000,0x0000008ef1c00000)]
  0x000001cc32f92510 JavaThread "ForkJoinPool.commonPool-worker-4" daemon [_thread_blocked, id=10908, stack(0x0000008ef1e00000,0x0000008ef1f00000)]
  0x000001cc314576f0 JavaThread "ForkJoinPool.commonPool-worker-7" daemon [_thread_blocked, id=3272, stack(0x0000008ef2100000,0x0000008ef2200000)]
  0x000001cc328f62d0 JavaThread "RMI RenewClean-[127.0.0.1:17829,org.jetbrains.kotlin.daemon.common.LoopbackNetworkInterface$ClientLoopbackSocketFactory@4c9fd733]" daemon [_thread_blocked, id=7620, stack(0x0000008ef0c00000,0x0000008ef0d00000)]
  0x000001cc328f7140 JavaThread "RMI TCP Connection(idle)" daemon [_thread_blocked, id=11940, stack(0x0000008ee6500000,0x0000008ee6600000)]
  0x000001cc35665260 JavaThread "Daemon Thread 2" [_thread_blocked, id=8336, stack(0x0000008ee6600000,0x0000008ee6700000)]
  0x000001cc2bcdc4a0 JavaThread "Daemon worker Thread 2" [_thread_blocked, id=11988, stack(0x0000008ee8300000,0x0000008ee8400000)]
  0x000001cc31332a00 JavaThread "included builds" [_thread_blocked, id=3364, stack(0x0000008eef800000,0x0000008eef900000)]
  0x000001cc328f7610 JavaThread "included builds" [_thread_blocked, id=4676, stack(0x0000008eefc00000,0x0000008eefd00000)]
  0x000001cc2bd5ade0 JavaThread "Handler for socket connection from /127.0.0.1:53034 to /127.0.0.1:53267" [_thread_in_native, id=5516, stack(0x0000008ee7a00000,0x0000008ee7b00000)]
  0x000001cc2bd5c5f0 JavaThread "Cancel handler" [_thread_blocked, id=9940, stack(0x0000008ee8200000,0x0000008ee8300000)]
  0x000001cc37eb1cd0 JavaThread "Asynchronous log dispatcher for DefaultDaemonConnection: socket connection from /127.0.0.1:53034 to /127.0.0.1:53267" [_thread_blocked, id=14260, stack(0x0000008ee8400000,0x0000008ee8500000)]
  0x000001cc37eb6ea0 JavaThread "Stdin handler" [_thread_blocked, id=4144, stack(0x0000008ee8500000,0x0000008ee8600000)]
  0x000001cc37eb2670 JavaThread "Daemon client event forwarder" [_thread_blocked, id=6792, stack(0x0000008ee8600000,0x0000008ee8700000)]
  0x000001cc329ace10 JavaThread "C2 CompilerThread1" daemon [_thread_blocked, id=5172, stack(0x0000008ee9700000,0x0000008ee9800000)]
  0x000001cc2bd5e2d0 JavaThread "Unconstrained build operations" [_thread_blocked, id=13652, stack(0x0000008ee9e00000,0x0000008ee9f00000)]
  0x000001cc2bd5b780 JavaThread "Unconstrained build operations Thread 2" [_thread_blocked, id=4664, stack(0x0000008eea000000,0x0000008eea100000)]
  0x000001cc2bd5cac0 JavaThread "Unconstrained build operations Thread 3" [_thread_blocked, id=13560, stack(0x0000008eea100000,0x0000008eea200000)]
  0x000001cc2bd5e7a0 JavaThread "Unconstrained build operations Thread 4" [_thread_blocked, id=9124, stack(0x0000008eea200000,0x0000008eea300000)]
  0x000001cc2bd5b2b0 JavaThread "Unconstrained build operations Thread 5" [_thread_blocked, id=12584, stack(0x0000008eea300000,0x0000008eea400000)]
  0x000001cc2bd5bc50 JavaThread "Unconstrained build operations Thread 6" [_thread_blocked, id=1772, stack(0x0000008eea400000,0x0000008eea500000)]
  0x000001cc2bd5c120 JavaThread "Unconstrained build operations Thread 7" [_thread_blocked, id=2056, stack(0x0000008eea500000,0x0000008eea600000)]
  0x000001cc2bd5cf90 JavaThread "Unconstrained build operations Thread 8" [_thread_blocked, id=2604, stack(0x0000008eea600000,0x0000008eea700000)]
  0x000001cc2bd5d460 JavaThread "Unconstrained build operations Thread 9" [_thread_blocked, id=12716, stack(0x0000008eea700000,0x0000008eea800000)]
  0x000001cc358c96f0 JavaThread "Unconstrained build operations Thread 10" [_thread_blocked, id=14208, stack(0x0000008eea800000,0x0000008eea900000)]
  0x000001cc358cb3d0 JavaThread "Unconstrained build operations Thread 11" [_thread_blocked, id=13568, stack(0x0000008eea900000,0x0000008eeaa00000)]
  0x000001cc358caa30 JavaThread "Unconstrained build operations Thread 12" [_thread_blocked, id=6036, stack(0x0000008eeaa00000,0x0000008eeab00000)]
  0x000001cc358cc710 JavaThread "Unconstrained build operations Thread 13" [_thread_blocked, id=8680, stack(0x0000008eeab00000,0x0000008eeac00000)]
  0x000001cc358ca560 JavaThread "Unconstrained build operations Thread 14" [_thread_blocked, id=11216, stack(0x0000008eeac00000,0x0000008eead00000)]
  0x000001cc358c9bc0 JavaThread "Unconstrained build operations Thread 15" [_thread_blocked, id=6840, stack(0x0000008eead00000,0x0000008eeae00000)]
  0x000001cc358ccbe0 JavaThread "Unconstrained build operations Thread 16" [_thread_blocked, id=14332, stack(0x0000008eeae00000,0x0000008eeaf00000)]
  0x000001cc358caf00 JavaThread "Unconstrained build operations Thread 17" [_thread_blocked, id=13520, stack(0x0000008eeaf00000,0x0000008eeb000000)]
  0x000001cc358cb8a0 JavaThread "Unconstrained build operations Thread 18" [_thread_blocked, id=12992, stack(0x0000008eeb000000,0x0000008eeb100000)]
  0x000001cc358cbd70 JavaThread "Unconstrained build operations Thread 19" [_thread_blocked, id=11724, stack(0x0000008eeb100000,0x0000008eeb200000)]
  0x000001cc358cc240 JavaThread "Unconstrained build operations Thread 20" [_thread_blocked, id=3960, stack(0x0000008eeb200000,0x0000008eeb300000)]
  0x000001cc358c9220 JavaThread "Unconstrained build operations Thread 21" [_thread_blocked, id=13352, stack(0x0000008eeb300000,0x0000008eeb400000)]
  0x000001cc358ca090 JavaThread "Unconstrained build operations Thread 22" [_thread_blocked, id=8924, stack(0x0000008eeb400000,0x0000008eeb500000)]
  0x000001cc385ce610 JavaThread "Unconstrained build operations Thread 23" [_thread_blocked, id=10572, stack(0x0000008eeb500000,0x0000008eeb600000)]
  0x000001cc385ce140 JavaThread "Unconstrained build operations Thread 24" [_thread_blocked, id=1824, stack(0x0000008eeb600000,0x0000008eeb700000)]
  0x000001cc385cfe20 JavaThread "Unconstrained build operations Thread 25" [_thread_blocked, id=3500, stack(0x0000008eeb700000,0x0000008eeb800000)]
  0x000001cc385ceae0 JavaThread "Unconstrained build operations Thread 26" [_thread_blocked, id=5684, stack(0x0000008eeb800000,0x0000008eeb900000)]
  0x000001cc385d02f0 JavaThread "Unconstrained build operations Thread 27" [_thread_blocked, id=2960, stack(0x0000008eeb900000,0x0000008eeba00000)]
  0x000001cc385cd2d0 JavaThread "Unconstrained build operations Thread 28" [_thread_blocked, id=4624, stack(0x0000008eeba00000,0x0000008eebb00000)]
  0x000001cc385cefb0 JavaThread "Unconstrained build operations Thread 29" [_thread_blocked, id=13392, stack(0x0000008eebb00000,0x0000008eebc00000)]
  0x000001cc328f5460 JavaThread "Unconstrained build operations Thread 30" [_thread_blocked, id=6512, stack(0x0000008eebc00000,0x0000008eebd00000)]
  0x000001cc385cf480 JavaThread "Unconstrained build operations Thread 31" [_thread_blocked, id=12984, stack(0x0000008eebd00000,0x0000008eebe00000)]
  0x000001cc385d07c0 JavaThread "Unconstrained build operations Thread 32" [_thread_blocked, id=3848, stack(0x0000008eebe00000,0x0000008eebf00000)]
  0x000001cc385cf950 JavaThread "Unconstrained build operations Thread 33" [_thread_blocked, id=6248, stack(0x0000008eebf00000,0x0000008eec000000)]
  0x000001cc385cce00 JavaThread "Unconstrained build operations Thread 34" [_thread_blocked, id=2688, stack(0x0000008eec000000,0x0000008eec100000)]
  0x000001cc385cd7a0 JavaThread "Unconstrained build operations Thread 35" [_thread_blocked, id=7656, stack(0x0000008eec100000,0x0000008eec200000)]
  0x000001cc385cdc70 JavaThread "Unconstrained build operations Thread 36" [_thread_blocked, id=13300, stack(0x0000008eec200000,0x0000008eec300000)]
  0x000001cc2bb122f0 JavaThread "Unconstrained build operations Thread 37" [_thread_blocked, id=9992, stack(0x0000008eec300000,0x0000008eec400000)]
  0x000001cc2bb127c0 JavaThread "Unconstrained build operations Thread 38" [_thread_blocked, id=2132, stack(0x0000008eec400000,0x0000008eec500000)]
  0x000001cc2bb13160 JavaThread "Unconstrained build operations Thread 39" [_thread_blocked, id=3956, stack(0x0000008eec500000,0x0000008eec600000)]
  0x000001cc2bb12c90 JavaThread "Unconstrained build operations Thread 40" [_thread_blocked, id=12196, stack(0x0000008eec600000,0x0000008eec700000)]

Other Threads:
  0x000001cc2ae1e8c0 VMThread "VM Thread" [stack: 0x0000008ee6d00000,0x0000008ee6e00000] [id=7472]
  0x000001cc2adc7a80 WatcherThread [stack: 0x0000008ee7900000,0x0000008ee7a00000] [id=13860]
  0x000001cc11005b40 GCTaskThread "GC Thread#0" [stack: 0x0000008ee6800000,0x0000008ee6900000] [id=12980]
  0x000001cc2c6ebb00 GCTaskThread "GC Thread#1" [stack: 0x0000008ee7b00000,0x0000008ee7c00000] [id=10288]
  0x000001cc2c6ebdb0 GCTaskThread "GC Thread#2" [stack: 0x0000008ee7c00000,0x0000008ee7d00000] [id=13408]
  0x000001cc2c6ec060 GCTaskThread "GC Thread#3" [stack: 0x0000008ee7d00000,0x0000008ee7e00000] [id=8492]
  0x000001cc2be56890 GCTaskThread "GC Thread#4" [stack: 0x0000008ee7e00000,0x0000008ee7f00000] [id=12240]
  0x000001cc2d195c40 GCTaskThread "GC Thread#5" [stack: 0x0000008ee8900000,0x0000008ee8a00000] [id=8180]
  0x000001cc2d195ef0 GCTaskThread "GC Thread#6" [stack: 0x0000008ee8a00000,0x0000008ee8b00000] [id=4472]
  0x000001cc2cdf5230 GCTaskThread "GC Thread#7" [stack: 0x0000008ee8b00000,0x0000008ee8c00000] [id=820]
  0x000001cc11016a80 ConcurrentGCThread "G1 Main Marker" [stack: 0x0000008ee6900000,0x0000008ee6a00000] [id=10132]
  0x000001cc11017c30 ConcurrentGCThread "G1 Conc#0" [stack: 0x0000008ee6a00000,0x0000008ee6b00000] [id=9852]
  0x000001cc2d207a00 ConcurrentGCThread "G1 Conc#1" [stack: 0x0000008ee8c00000,0x0000008ee8d00000] [id=10864]
  0x000001cc2ac8a520 ConcurrentGCThread "G1 Refine#0" [stack: 0x0000008ee6b00000,0x0000008ee6c00000] [id=12900]
  0x000001cc2bd56dd0 ConcurrentGCThread "G1 Refine#1" [stack: 0x0000008eef300000,0x0000008eef400000] [id=13228]
  0x000001cc2bd57950 ConcurrentGCThread "G1 Refine#2" [stack: 0x0000008eef900000,0x0000008eefa00000] [id=3504]
  0x000001cc2bd59eb0 ConcurrentGCThread "G1 Refine#3" [stack: 0x0000008eefa00000,0x0000008eefb00000] [id=2872]
  0x000001cc2bd5a190 ConcurrentGCThread "G1 Refine#4" [stack: 0x0000008eefb00000,0x0000008eefc00000] [id=6704]
  0x000001cc2ac8af40 ConcurrentGCThread "G1 Service" [stack: 0x0000008ee6c00000,0x0000008ee6d00000] [id=6816]

Threads with active compile tasks:
C2 CompilerThread0   365636 21713  s    4       org.gradle.internal.component.external.model.AbstractLazyModuleComponentResolveMetadata::getVariantsForGraphTraversal (20 bytes)

VM state: not at safepoint (normal execution)

VM Mutex/Monitor currently owned by a thread: None

OutOfMemory and StackOverflow Exception counts:
OutOfMemoryError java_heap_errors=1
LinkageErrors=271

Heap address: 0x0000000080000000, size: 2048 MB, Compressed Oops mode: 32-bit

CDS archive(s) not mapped
Compressed class space mapped at: 0x0000000100000000-0x0000000140000000, reserved size: 1073741824
Narrow klass base: 0x0000000000000000, Narrow klass shift: 3, Narrow klass range: 0x140000000

GC Precious Log:
 CPUs: 8 total, 8 available
 Memory: 12037M
 Large Page Support: Disabled
 NUMA Support: Disabled
 Compressed Oops: Enabled (32-bit)
 Heap Region Size: 1M
 Heap Min Capacity: 8M
 Heap Initial Capacity: 190M
 Heap Max Capacity: 2G
 Pre-touch: Disabled
 Parallel Workers: 8
 Concurrent Workers: 2
 Concurrent Refinement Workers: 8
 Periodic GC: Disabled

Heap:
 garbage-first heap   total 253952K, used 189849K [0x0000000080000000, 0x0000000100000000)
  region size 1024K, 21 young (21504K), 4 survivors (4096K)
 Metaspace       used 144508K, committed 145664K, reserved 1179648K
  class space    used 19858K, committed 20416K, reserved 1048576K

Heap Regions: E=young(eden), S=young(survivor), O=old, HS=humongous(starts), HC=humongous(continues), CS=collection set, F=free, OA=open archive, CA=closed archive, TAMS=top-at-mark-start (previous, next)
|   0|0x0000000080000000, 0x0000000080100000, 0x0000000080100000|100%|HS|  |TAMS 0x0000000080100000, 0x0000000080000000| Complete 
|   1|0x0000000080100000, 0x0000000080200000, 0x0000000080200000|100%|HC|  |TAMS 0x0000000080200000, 0x0000000080100000| Complete 
|   2|0x0000000080200000, 0x0000000080300000, 0x0000000080300000|100%|HC|  |TAMS 0x0000000080300000, 0x0000000080200000| Complete 
|   3|0x0000000080300000, 0x0000000080400000, 0x0000000080400000|100%|HC|  |TAMS 0x0000000080400000, 0x0000000080300000| Complete 
|   4|0x0000000080400000, 0x0000000080500000, 0x0000000080500000|100%| O|  |TAMS 0x0000000080500000, 0x0000000080400000| Untracked 
|   5|0x0000000080500000, 0x0000000080600000, 0x0000000080600000|100%| O|  |TAMS 0x0000000080600000, 0x0000000080500000| Untracked 
|   6|0x0000000080600000, 0x0000000080700000, 0x0000000080700000|100%| O|  |TAMS 0x0000000080700000, 0x0000000080600000| Untracked 
|   7|0x0000000080700000, 0x0000000080800000, 0x0000000080800000|100%| O|  |TAMS 0x0000000080800000, 0x0000000080700000| Untracked 
|   8|0x0000000080800000, 0x0000000080900000, 0x0000000080900000|100%| O|  |TAMS 0x0000000080900000, 0x0000000080800000| Untracked 
|   9|0x0000000080900000, 0x0000000080a00000, 0x0000000080a00000|100%| O|  |TAMS 0x0000000080a00000, 0x0000000080900000| Untracked 
|  10|0x0000000080a00000, 0x0000000080b00000, 0x0000000080b00000|100%| O|  |TAMS 0x0000000080b00000, 0x0000000080a00000| Untracked 
|  11|0x0000000080b00000, 0x0000000080c00000, 0x0000000080c00000|100%| O|  |TAMS 0x0000000080c00000, 0x0000000080b00000| Untracked 
|  12|0x0000000080c00000, 0x0000000080d00000, 0x0000000080d00000|100%| O|  |TAMS 0x0000000080d00000, 0x0000000080c00000| Untracked 
|  13|0x0000000080d00000, 0x0000000080e00000, 0x0000000080e00000|100%| O|  |TAMS 0x0000000080e00000, 0x0000000080d00000| Untracked 
|  14|0x0000000080e00000, 0x0000000080f00000, 0x0000000080f00000|100%| O|  |TAMS 0x0000000080f00000, 0x0000000080e00000| Untracked 
|  15|0x0000000080f00000, 0x0000000081000000, 0x0000000081000000|100%| O|  |TAMS 0x0000000081000000, 0x0000000080f00000| Untracked 
|  16|0x0000000081000000, 0x0000000081100000, 0x0000000081100000|100%| O|  |TAMS 0x0000000081100000, 0x0000000081000000| Untracked 
|  17|0x0000000081100000, 0x0000000081200000, 0x0000000081200000|100%| O|  |TAMS 0x0000000081200000, 0x0000000081100000| Untracked 
|  18|0x0000000081200000, 0x0000000081300000, 0x0000000081300000|100%| O|  |TAMS 0x0000000081300000, 0x0000000081200000| Untracked 
|  19|0x0000000081300000, 0x0000000081400000, 0x0000000081400000|100%| O|  |TAMS 0x0000000081400000, 0x0000000081300000| Untracked 
|  20|0x0000000081400000, 0x0000000081500000, 0x0000000081500000|100%|HS|  |TAMS 0x0000000081500000, 0x0000000081400000| Complete 
|  21|0x0000000081500000, 0x0000000081600000, 0x0000000081600000|100%| O|  |TAMS 0x0000000081600000, 0x0000000081500000| Untracked 
|  22|0x0000000081600000, 0x0000000081700000, 0x0000000081700000|100%| O|  |TAMS 0x0000000081700000, 0x0000000081600000| Untracked 
|  23|0x0000000081700000, 0x0000000081800000, 0x0000000081800000|100%| O|  |TAMS 0x0000000081800000, 0x0000000081700000| Untracked 
|  24|0x0000000081800000, 0x0000000081900000, 0x0000000081900000|100%| O|  |TAMS 0x0000000081900000, 0x0000000081800000| Untracked 
|  25|0x0000000081900000, 0x0000000081a00000, 0x0000000081a00000|100%| O|  |TAMS 0x0000000081a00000, 0x0000000081900000| Untracked 
|  26|0x0000000081a00000, 0x0000000081b00000, 0x0000000081b00000|100%| O|  |TAMS 0x0000000081b00000, 0x0000000081a00000| Untracked 
|  27|0x0000000081b00000, 0x0000000081c00000, 0x0000000081c00000|100%| O|  |TAMS 0x0000000081c00000, 0x0000000081b00000| Untracked 
|  28|0x0000000081c00000, 0x0000000081d00000, 0x0000000081d00000|100%| O|  |TAMS 0x0000000081d00000, 0x0000000081c00000| Untracked 
|  29|0x0000000081d00000, 0x0000000081e00000, 0x0000000081e00000|100%| O|  |TAMS 0x0000000081e00000, 0x0000000081d00000| Untracked 
|  30|0x0000000081e00000, 0x0000000081f00000, 0x0000000081f00000|100%| O|  |TAMS 0x0000000081f00000, 0x0000000081e00000| Untracked 
|  31|0x0000000081f00000, 0x0000000082000000, 0x0000000082000000|100%|HS|  |TAMS 0x0000000082000000, 0x0000000081f00000| Complete 
|  32|0x0000000082000000, 0x0000000082100000, 0x0000000082100000|100%|HS|  |TAMS 0x0000000082100000, 0x0000000082000000| Complete 
|  33|0x0000000082100000, 0x0000000082200000, 0x0000000082200000|100%|HC|  |TAMS 0x0000000082200000, 0x0000000082100000| Complete 
|  34|0x0000000082200000, 0x0000000082300000, 0x0000000082300000|100%|HS|  |TAMS 0x0000000082300000, 0x0000000082200000| Complete 
|  35|0x0000000082300000, 0x0000000082400000, 0x0000000082400000|100%|HS|  |TAMS 0x0000000082400000, 0x0000000082300000| Complete 
|  36|0x0000000082400000, 0x0000000082500000, 0x0000000082500000|100%|HC|  |TAMS 0x0000000082500000, 0x0000000082400000| Complete 
|  37|0x0000000082500000, 0x0000000082600000, 0x0000000082600000|100%|HC|  |TAMS 0x0000000082600000, 0x0000000082500000| Complete 
|  38|0x0000000082600000, 0x0000000082700000, 0x0000000082700000|100%|HC|  |TAMS 0x0000000082700000, 0x0000000082600000| Complete 
|  39|0x0000000082700000, 0x0000000082800000, 0x0000000082800000|100%| O|  |TAMS 0x0000000082800000, 0x0000000082700000| Untracked 
|  40|0x0000000082800000, 0x0000000082900000, 0x0000000082900000|100%| O|  |TAMS 0x0000000082900000, 0x0000000082800000| Untracked 
|  41|0x0000000082900000, 0x0000000082a00000, 0x0000000082a00000|100%| O|  |TAMS 0x0000000082a00000, 0x0000000082900000| Untracked 
|  42|0x0000000082a00000, 0x0000000082b00000, 0x0000000082b00000|100%| O|  |TAMS 0x0000000082b00000, 0x0000000082a00000| Untracked 
|  43|0x0000000082b00000, 0x0000000082c00000, 0x0000000082c00000|100%| O|  |TAMS 0x0000000082c00000, 0x0000000082b00000| Untracked 
|  44|0x0000000082c00000, 0x0000000082d00000, 0x0000000082d00000|100%| O|  |TAMS 0x0000000082d00000, 0x0000000082c00000| Untracked 
|  45|0x0000000082d00000, 0x0000000082e00000, 0x0000000082e00000|100%| O|  |TAMS 0x0000000082e00000, 0x0000000082d00000| Untracked 
|  46|0x0000000082e00000, 0x0000000082f00000, 0x0000000082f00000|100%| O|  |TAMS 0x0000000082f00000, 0x0000000082e00000| Untracked 
|  47|0x0000000082f00000, 0x0000000083000000, 0x0000000083000000|100%| O|  |TAMS 0x0000000083000000, 0x0000000082f00000| Untracked 
|  48|0x0000000083000000, 0x0000000083100000, 0x0000000083100000|100%| O|  |TAMS 0x0000000083000000, 0x0000000083000000| Untracked 
|  49|0x0000000083100000, 0x0000000083200000, 0x0000000083200000|100%| O|  |TAMS 0x0000000083200000, 0x0000000083100000| Untracked 
|  50|0x0000000083200000, 0x0000000083300000, 0x0000000083300000|100%| O|  |TAMS 0x0000000083300000, 0x0000000083200000| Untracked 
|  51|0x0000000083300000, 0x0000000083400000, 0x0000000083400000|100%| O|  |TAMS 0x0000000083400000, 0x0000000083300000| Untracked 
|  52|0x0000000083400000, 0x0000000083500000, 0x0000000083500000|100%| O|  |TAMS 0x0000000083500000, 0x0000000083400000| Untracked 
|  53|0x0000000083500000, 0x0000000083600000, 0x0000000083600000|100%| O|  |TAMS 0x0000000083600000, 0x0000000083500000| Untracked 
|  54|0x0000000083600000, 0x0000000083700000, 0x0000000083700000|100%| O|  |TAMS 0x0000000083700000, 0x0000000083600000| Untracked 
|  55|0x0000000083700000, 0x0000000083800000, 0x0000000083800000|100%| O|  |TAMS 0x0000000083800000, 0x0000000083700000| Untracked 
|  56|0x0000000083800000, 0x0000000083900000, 0x0000000083900000|100%| O|  |TAMS 0x0000000083900000, 0x0000000083800000| Untracked 
|  57|0x0000000083900000, 0x0000000083a00000, 0x0000000083a00000|100%| O|  |TAMS 0x0000000083a00000, 0x0000000083900000| Untracked 
|  58|0x0000000083a00000, 0x0000000083b00000, 0x0000000083b00000|100%| O|  |TAMS 0x0000000083b00000, 0x0000000083a00000| Untracked 
|  59|0x0000000083b00000, 0x0000000083c00000, 0x0000000083c00000|100%| O|  |TAMS 0x0000000083c00000, 0x0000000083b00000| Untracked 
|  60|0x0000000083c00000, 0x0000000083d00000, 0x0000000083d00000|100%| O|  |TAMS 0x0000000083d00000, 0x0000000083c00000| Untracked 
|  61|0x0000000083d00000, 0x0000000083e00000, 0x0000000083e00000|100%| O|  |TAMS 0x0000000083e00000, 0x0000000083d00000| Untracked 
|  62|0x0000000083e00000, 0x0000000083f00000, 0x0000000083f00000|100%| O|  |TAMS 0x0000000083f00000, 0x0000000083e00000| Untracked 
|  63|0x0000000083f00000, 0x0000000084000000, 0x0000000084000000|100%| O|  |TAMS 0x0000000084000000, 0x0000000083f00000| Untracked 
|  64|0x0000000084000000, 0x0000000084100000, 0x0000000084100000|100%| O|  |TAMS 0x0000000084100000, 0x0000000084000000| Untracked 
|  65|0x0000000084100000, 0x0000000084200000, 0x0000000084200000|100%| O|  |TAMS 0x0000000084200000, 0x0000000084100000| Untracked 
|  66|0x0000000084200000, 0x0000000084300000, 0x0000000084300000|100%| O|  |TAMS 0x0000000084300000, 0x0000000084200000| Untracked 
|  67|0x0000000084300000, 0x0000000084400000, 0x0000000084400000|100%| O|  |TAMS 0x0000000084300000, 0x0000000084300000| Untracked 
|  68|0x0000000084400000, 0x0000000084500000, 0x0000000084500000|100%| O|  |TAMS 0x0000000084500000, 0x0000000084400000| Untracked 
|  69|0x0000000084500000, 0x0000000084600000, 0x0000000084600000|100%| O|  |TAMS 0x0000000084600000, 0x0000000084500000| Untracked 
|  70|0x0000000084600000, 0x0000000084700000, 0x0000000084700000|100%| O|  |TAMS 0x0000000084700000, 0x0000000084600000| Untracked 
|  71|0x0000000084700000, 0x0000000084800000, 0x0000000084800000|100%| O|  |TAMS 0x0000000084800000, 0x0000000084700000| Untracked 
|  72|0x0000000084800000, 0x0000000084900000, 0x0000000084900000|100%| O|  |TAMS 0x0000000084900000, 0x0000000084800000| Untracked 
|  73|0x0000000084900000, 0x0000000084a00000, 0x0000000084a00000|100%| O|  |TAMS 0x0000000084a00000, 0x0000000084900000| Untracked 
|  74|0x0000000084a00000, 0x0000000084b00000, 0x0000000084b00000|100%| O|  |TAMS 0x0000000084b00000, 0x0000000084a00000| Untracked 
|  75|0x0000000084b00000, 0x0000000084c00000, 0x0000000084c00000|100%| O|  |TAMS 0x0000000084c00000, 0x0000000084b00000| Untracked 
|  76|0x0000000084c00000, 0x0000000084d00000, 0x0000000084d00000|100%| O|  |TAMS 0x0000000084d00000, 0x0000000084c00000| Untracked 
|  77|0x0000000084d00000, 0x0000000084e00000, 0x0000000084e00000|100%| O|  |TAMS 0x0000000084e00000, 0x0000000084d00000| Untracked 
|  78|0x0000000084e00000, 0x0000000084f00000, 0x0000000084f00000|100%| O|  |TAMS 0x0000000084f00000, 0x0000000084e00000| Untracked 
|  79|0x0000000084f00000, 0x0000000085000000, 0x0000000085000000|100%| O|  |TAMS 0x0000000085000000, 0x0000000084f00000| Untracked 
|  80|0x0000000085000000, 0x0000000085100000, 0x0000000085100000|100%| O|  |TAMS 0x0000000085100000, 0x0000000085000000| Untracked 
|  81|0x0000000085100000, 0x0000000085200000, 0x0000000085200000|100%| O|  |TAMS 0x0000000085200000, 0x0000000085100000| Untracked 
|  82|0x0000000085200000, 0x0000000085300000, 0x0000000085300000|100%| O|  |TAMS 0x0000000085300000, 0x0000000085200000| Untracked 
|  83|0x0000000085300000, 0x0000000085400000, 0x0000000085400000|100%| O|  |TAMS 0x0000000085400000, 0x0000000085300000| Untracked 
|  84|0x0000000085400000, 0x0000000085500000, 0x0000000085500000|100%| O|  |TAMS 0x0000000085500000, 0x0000000085400000| Untracked 
|  85|0x0000000085500000, 0x0000000085600000, 0x0000000085600000|100%| O|  |TAMS 0x0000000085600000, 0x0000000085500000| Untracked 
|  86|0x0000000085600000, 0x0000000085700000, 0x0000000085700000|100%| O|  |TAMS 0x0000000085700000, 0x0000000085600000| Untracked 
|  87|0x0000000085700000, 0x0000000085800000, 0x0000000085800000|100%| O|  |TAMS 0x0000000085800000, 0x0000000085700000| Untracked 
|  88|0x0000000085800000, 0x0000000085900000, 0x0000000085900000|100%| O|  |TAMS 0x0000000085800000, 0x0000000085800000| Untracked 
|  89|0x0000000085900000, 0x0000000085a00000, 0x0000000085a00000|100%| O|  |TAMS 0x0000000085a00000, 0x0000000085900000| Untracked 
|  90|0x0000000085a00000, 0x0000000085b00000, 0x0000000085b00000|100%| O|  |TAMS 0x0000000085b00000, 0x0000000085a00000| Untracked 
|  91|0x0000000085b00000, 0x0000000085c00000, 0x0000000085c00000|100%| O|  |TAMS 0x0000000085c00000, 0x0000000085b00000| Untracked 
|  92|0x0000000085c00000, 0x0000000085d00000, 0x0000000085d00000|100%| O|  |TAMS 0x0000000085d00000, 0x0000000085c00000| Untracked 
|  93|0x0000000085d00000, 0x0000000085e00000, 0x0000000085e00000|100%| O|  |TAMS 0x0000000085e00000, 0x0000000085d00000| Untracked 
|  94|0x0000000085e00000, 0x0000000085f00000, 0x0000000085f00000|100%| O|  |TAMS 0x0000000085f00000, 0x0000000085e00000| Untracked 
|  95|0x0000000085f00000, 0x0000000086000000, 0x0000000086000000|100%| O|  |TAMS 0x0000000086000000, 0x0000000085f00000| Untracked 
|  96|0x0000000086000000, 0x0000000086100000, 0x0000000086100000|100%| O|  |TAMS 0x0000000086100000, 0x0000000086000000| Untracked 
|  97|0x0000000086100000, 0x0000000086200000, 0x0000000086200000|100%| O|  |TAMS 0x0000000086200000, 0x0000000086100000| Untracked 
|  98|0x0000000086200000, 0x0000000086300000, 0x0000000086300000|100%| O|  |TAMS 0x0000000086300000, 0x0000000086200000| Untracked 
|  99|0x0000000086300000, 0x0000000086400000, 0x0000000086400000|100%| O|  |TAMS 0x0000000086400000, 0x0000000086300000| Untracked 
| 100|0x0000000086400000, 0x0000000086500000, 0x0000000086500000|100%| O|  |TAMS 0x0000000086500000, 0x0000000086400000| Untracked 
| 101|0x0000000086500000, 0x0000000086600000, 0x0000000086600000|100%| O|  |TAMS 0x0000000086600000, 0x0000000086500000| Untracked 
| 102|0x0000000086600000, 0x0000000086700000, 0x0000000086700000|100%| O|  |TAMS 0x0000000086700000, 0x0000000086600000| Untracked 
| 103|0x0000000086700000, 0x0000000086800000, 0x0000000086800000|100%| O|  |TAMS 0x0000000086800000, 0x0000000086700000| Untracked 
| 104|0x0000000086800000, 0x0000000086900000, 0x0000000086900000|100%| O|  |TAMS 0x0000000086900000, 0x0000000086800000| Untracked 
| 105|0x0000000086900000, 0x0000000086a00000, 0x0000000086a00000|100%| O|  |TAMS 0x0000000086900000, 0x0000000086900000| Untracked 
| 106|0x0000000086a00000, 0x0000000086b00000, 0x0000000086b00000|100%| O|  |TAMS 0x0000000086a00000, 0x0000000086a00000| Untracked 
| 107|0x0000000086b00000, 0x0000000086c00000, 0x0000000086c00000|100%| O|  |TAMS 0x0000000086c00000, 0x0000000086b00000| Untracked 
| 108|0x0000000086c00000, 0x0000000086d00000, 0x0000000086d00000|100%| O|  |TAMS 0x0000000086d00000, 0x0000000086c00000| Untracked 
| 109|0x0000000086d00000, 0x0000000086e00000, 0x0000000086e00000|100%| O|  |TAMS 0x0000000086e00000, 0x0000000086d00000| Untracked 
| 110|0x0000000086e00000, 0x0000000086f00000, 0x0000000086f00000|100%| O|  |TAMS 0x0000000086f00000, 0x0000000086e00000| Untracked 
| 111|0x0000000086f00000, 0x0000000087000000, 0x0000000087000000|100%| O|  |TAMS 0x0000000086f83200, 0x0000000086f00000| Untracked 
| 112|0x0000000087000000, 0x0000000087100000, 0x0000000087100000|100%| O|  |TAMS 0x0000000087000000, 0x0000000087000000| Untracked 
| 113|0x0000000087100000, 0x0000000087200000, 0x0000000087200000|100%| O|  |TAMS 0x0000000087100000, 0x0000000087100000| Untracked 
| 114|0x0000000087200000, 0x0000000087300000, 0x0000000087300000|100%| O|  |TAMS 0x0000000087200000, 0x0000000087200000| Untracked 
| 115|0x0000000087300000, 0x0000000087400000, 0x0000000087400000|100%| O|  |TAMS 0x0000000087300000, 0x0000000087300000| Untracked 
| 116|0x0000000087400000, 0x0000000087500000, 0x0000000087500000|100%| O|  |TAMS 0x0000000087400000, 0x0000000087400000| Untracked 
| 117|0x0000000087500000, 0x0000000087600000, 0x0000000087600000|100%| O|  |TAMS 0x0000000087500000, 0x0000000087500000| Untracked 
| 118|0x0000000087600000, 0x0000000087700000, 0x0000000087700000|100%| O|  |TAMS 0x0000000087600000, 0x0000000087600000| Untracked 
| 119|0x0000000087700000, 0x0000000087800000, 0x0000000087800000|100%| O|  |TAMS 0x0000000087700000, 0x0000000087700000| Untracked 
| 120|0x0000000087800000, 0x0000000087900000, 0x0000000087900000|100%| O|  |TAMS 0x0000000087800000, 0x0000000087800000| Untracked 
| 121|0x0000000087900000, 0x0000000087a00000, 0x0000000087a00000|100%| O|  |TAMS 0x0000000087900000, 0x0000000087900000| Untracked 
| 122|0x0000000087a00000, 0x0000000087b00000, 0x0000000087b00000|100%| O|  |TAMS 0x0000000087a00000, 0x0000000087a00000| Untracked 
| 123|0x0000000087b00000, 0x0000000087c00000, 0x0000000087c00000|100%| O|  |TAMS 0x0000000087b00000, 0x0000000087b00000| Untracked 
| 124|0x0000000087c00000, 0x0000000087d00000, 0x0000000087d00000|100%| O|  |TAMS 0x0000000087c00000, 0x0000000087c00000| Untracked 
| 125|0x0000000087d00000, 0x0000000087e00000, 0x0000000087e00000|100%| O|  |TAMS 0x0000000087d00000, 0x0000000087d00000| Untracked 
| 126|0x0000000087e00000, 0x0000000087f00000, 0x0000000087f00000|100%| O|  |TAMS 0x0000000087e00000, 0x0000000087e00000| Untracked 
| 127|0x0000000087f00000, 0x0000000088000000, 0x0000000088000000|100%| O|  |TAMS 0x0000000087f00000, 0x0000000087f00000| Untracked 
| 128|0x0000000088000000, 0x0000000088100000, 0x0000000088100000|100%| O|  |TAMS 0x0000000088000000, 0x0000000088000000| Untracked 
| 129|0x0000000088100000, 0x0000000088200000, 0x0000000088200000|100%| O|  |TAMS 0x0000000088100000, 0x0000000088100000| Untracked 
| 130|0x0000000088200000, 0x0000000088300000, 0x0000000088300000|100%| O|  |TAMS 0x0000000088200000, 0x0000000088200000| Untracked 
| 131|0x0000000088300000, 0x0000000088400000, 0x0000000088400000|100%| O|  |TAMS 0x0000000088300000, 0x0000000088300000| Untracked 
| 132|0x0000000088400000, 0x0000000088500000, 0x0000000088500000|100%| O|  |TAMS 0x0000000088400000, 0x0000000088400000| Untracked 
| 133|0x0000000088500000, 0x0000000088600000, 0x0000000088600000|100%| O|  |TAMS 0x0000000088500000, 0x0000000088500000| Untracked 
| 134|0x0000000088600000, 0x0000000088700000, 0x0000000088700000|100%| O|  |TAMS 0x0000000088600000, 0x0000000088600000| Untracked 
| 135|0x0000000088700000, 0x0000000088800000, 0x0000000088800000|100%| O|  |TAMS 0x0000000088700000, 0x0000000088700000| Untracked 
| 136|0x0000000088800000, 0x0000000088900000, 0x0000000088900000|100%| O|  |TAMS 0x0000000088800000, 0x0000000088800000| Untracked 
| 137|0x0000000088900000, 0x0000000088a00000, 0x0000000088a00000|100%| O|  |TAMS 0x0000000088900000, 0x0000000088900000| Untracked 
| 138|0x0000000088a00000, 0x0000000088b00000, 0x0000000088b00000|100%| O|  |TAMS 0x0000000088a00000, 0x0000000088a00000| Untracked 
| 139|0x0000000088b00000, 0x0000000088c00000, 0x0000000088c00000|100%| O|  |TAMS 0x0000000088b00000, 0x0000000088b00000| Untracked 
| 140|0x0000000088c00000, 0x0000000088d00000, 0x0000000088d00000|100%| O|  |TAMS 0x0000000088c00000, 0x0000000088c00000| Untracked 
| 141|0x0000000088d00000, 0x0000000088e00000, 0x0000000088e00000|100%| O|  |TAMS 0x0000000088d00000, 0x0000000088d00000| Untracked 
| 142|0x0000000088e00000, 0x0000000088f00000, 0x0000000088f00000|100%| O|  |TAMS 0x0000000088e00000, 0x0000000088e00000| Untracked 
| 143|0x0000000088f00000, 0x0000000089000000, 0x0000000089000000|100%| O|  |TAMS 0x0000000088f00000, 0x0000000088f00000| Untracked 
| 144|0x0000000089000000, 0x0000000089100000, 0x0000000089100000|100%| O|  |TAMS 0x0000000089000000, 0x0000000089000000| Untracked 
| 145|0x0000000089100000, 0x0000000089200000, 0x0000000089200000|100%| O|  |TAMS 0x0000000089100000, 0x0000000089100000| Untracked 
| 146|0x0000000089200000, 0x0000000089300000, 0x0000000089300000|100%| O|  |TAMS 0x0000000089200000, 0x0000000089200000| Untracked 
| 147|0x0000000089300000, 0x0000000089400000, 0x0000000089400000|100%| O|  |TAMS 0x0000000089300000, 0x0000000089300000| Untracked 
| 148|0x0000000089400000, 0x0000000089500000, 0x0000000089500000|100%| O|  |TAMS 0x0000000089400000, 0x0000000089400000| Untracked 
| 149|0x0000000089500000, 0x0000000089600000, 0x0000000089600000|100%| O|  |TAMS 0x0000000089500000, 0x0000000089500000| Untracked 
| 150|0x0000000089600000, 0x0000000089700000, 0x0000000089700000|100%| O|  |TAMS 0x0000000089600000, 0x0000000089600000| Untracked 
| 151|0x0000000089700000, 0x0000000089800000, 0x0000000089800000|100%| O|  |TAMS 0x0000000089700000, 0x0000000089700000| Untracked 
| 152|0x0000000089800000, 0x0000000089900000, 0x0000000089900000|100%| O|  |TAMS 0x0000000089800000, 0x0000000089800000| Untracked 
| 153|0x0000000089900000, 0x0000000089a00000, 0x0000000089a00000|100%| O|  |TAMS 0x0000000089900000, 0x0000000089900000| Untracked 
| 154|0x0000000089a00000, 0x0000000089b00000, 0x0000000089b00000|100%| O|  |TAMS 0x0000000089a00000, 0x0000000089a00000| Untracked 
| 155|0x0000000089b00000, 0x0000000089c00000, 0x0000000089c00000|100%| O|  |TAMS 0x0000000089b00000, 0x0000000089b00000| Untracked 
| 156|0x0000000089c00000, 0x0000000089d00000, 0x0000000089d00000|100%| O|  |TAMS 0x0000000089c00000, 0x0000000089c00000| Untracked 
| 157|0x0000000089d00000, 0x0000000089e00000, 0x0000000089e00000|100%| O|  |TAMS 0x0000000089d00000, 0x0000000089d00000| Untracked 
| 158|0x0000000089e00000, 0x0000000089f00000, 0x0000000089f00000|100%| O|  |TAMS 0x0000000089e00000, 0x0000000089e00000| Untracked 
| 159|0x0000000089f00000, 0x000000008a000000, 0x000000008a000000|100%| O|  |TAMS 0x0000000089f00000, 0x0000000089f00000| Untracked 
| 160|0x000000008a000000, 0x000000008a100000, 0x000000008a100000|100%| O|  |TAMS 0x000000008a000000, 0x000000008a000000| Untracked 
| 161|0x000000008a100000, 0x000000008a200000, 0x000000008a200000|100%| O|  |TAMS 0x000000008a100000, 0x000000008a100000| Untracked 
| 162|0x000000008a200000, 0x000000008a300000, 0x000000008a300000|100%| O|  |TAMS 0x000000008a200000, 0x000000008a200000| Untracked 
| 163|0x000000008a300000, 0x000000008a400000, 0x000000008a400000|100%| O|  |TAMS 0x000000008a300000, 0x000000008a300000| Untracked 
| 164|0x000000008a400000, 0x000000008a4c4400, 0x000000008a500000| 76%| O|  |TAMS 0x000000008a400000, 0x000000008a400000| Untracked 
| 165|0x000000008a500000, 0x000000008a500000, 0x000000008a600000|  0%| F|  |TAMS 0x000000008a500000, 0x000000008a500000| Untracked 
| 166|0x000000008a600000, 0x000000008a600000, 0x000000008a700000|  0%| F|  |TAMS 0x000000008a600000, 0x000000008a600000| Untracked 
| 167|0x000000008a700000, 0x000000008a700000, 0x000000008a800000|  0%| F|  |TAMS 0x000000008a700000, 0x000000008a700000| Untracked 
| 168|0x000000008a800000, 0x000000008a800000, 0x000000008a900000|  0%| F|  |TAMS 0x000000008a800000, 0x000000008a800000| Untracked 
| 169|0x000000008a900000, 0x000000008a900000, 0x000000008aa00000|  0%| F|  |TAMS 0x000000008a900000, 0x000000008a900000| Untracked 
| 170|0x000000008aa00000, 0x000000008aa00000, 0x000000008ab00000|  0%| F|  |TAMS 0x000000008aa00000, 0x000000008aa00000| Untracked 
| 171|0x000000008ab00000, 0x000000008ab00000, 0x000000008ac00000|  0%| F|  |TAMS 0x000000008ab00000, 0x000000008ab00000| Untracked 
| 172|0x000000008ac00000, 0x000000008ac00000, 0x000000008ad00000|  0%| F|  |TAMS 0x000000008ac00000, 0x000000008ac00000| Untracked 
| 173|0x000000008ad00000, 0x000000008ad00000, 0x000000008ae00000|  0%| F|  |TAMS 0x000000008ad00000, 0x000000008ad00000| Untracked 
| 174|0x000000008ae00000, 0x000000008ae00000, 0x000000008af00000|  0%| F|  |TAMS 0x000000008ae00000, 0x000000008ae00000| Untracked 
| 175|0x000000008af00000, 0x000000008af00000, 0x000000008b000000|  0%| F|  |TAMS 0x000000008af00000, 0x000000008af00000| Untracked 
| 176|0x000000008b000000, 0x000000008b000000, 0x000000008b100000|  0%| F|  |TAMS 0x000000008b000000, 0x000000008b000000| Untracked 
| 177|0x000000008b100000, 0x000000008b100000, 0x000000008b200000|  0%| F|  |TAMS 0x000000008b100000, 0x000000008b100000| Untracked 
| 178|0x000000008b200000, 0x000000008b200000, 0x000000008b300000|  0%| F|  |TAMS 0x000000008b200000, 0x000000008b200000| Untracked 
| 179|0x000000008b300000, 0x000000008b300000, 0x000000008b400000|  0%| F|  |TAMS 0x000000008b300000, 0x000000008b300000| Untracked 
| 180|0x000000008b400000, 0x000000008b400000, 0x000000008b500000|  0%| F|  |TAMS 0x000000008b400000, 0x000000008b400000| Untracked 
| 181|0x000000008b500000, 0x000000008b500000, 0x000000008b600000|  0%| F|  |TAMS 0x000000008b500000, 0x000000008b500000| Untracked 
| 182|0x000000008b600000, 0x000000008b600000, 0x000000008b700000|  0%| F|  |TAMS 0x000000008b600000, 0x000000008b600000| Untracked 
| 183|0x000000008b700000, 0x000000008b700000, 0x000000008b800000|  0%| F|  |TAMS 0x000000008b700000, 0x000000008b700000| Untracked 
| 184|0x000000008b800000, 0x000000008b800000, 0x000000008b900000|  0%| F|  |TAMS 0x000000008b800000, 0x000000008b800000| Untracked 
| 185|0x000000008b900000, 0x000000008b900000, 0x000000008ba00000|  0%| F|  |TAMS 0x000000008b900000, 0x000000008b900000| Untracked 
| 186|0x000000008ba00000, 0x000000008ba00000, 0x000000008bb00000|  0%| F|  |TAMS 0x000000008ba00000, 0x000000008ba00000| Untracked 
| 187|0x000000008bb00000, 0x000000008bb00000, 0x000000008bc00000|  0%| F|  |TAMS 0x000000008bb00000, 0x000000008bb00000| Untracked 
| 188|0x000000008bc00000, 0x000000008bc00000, 0x000000008bd00000|  0%| F|  |TAMS 0x000000008bc00000, 0x000000008bc00000| Untracked 
| 189|0x000000008bd00000, 0x000000008bd00000, 0x000000008be00000|  0%| F|  |TAMS 0x000000008bd00000, 0x000000008bd00000| Untracked 
| 190|0x000000008be00000, 0x000000008be00000, 0x000000008bf00000|  0%| F|  |TAMS 0x000000008be00000, 0x000000008be00000| Untracked 
| 191|0x000000008bf00000, 0x000000008bf00000, 0x000000008c000000|  0%| F|  |TAMS 0x000000008bf00000, 0x000000008bf00000| Untracked 
| 192|0x000000008c000000, 0x000000008c000000, 0x000000008c100000|  0%| F|  |TAMS 0x000000008c000000, 0x000000008c000000| Untracked 
| 193|0x000000008c100000, 0x000000008c100000, 0x000000008c200000|  0%| F|  |TAMS 0x000000008c100000, 0x000000008c100000| Untracked 
| 194|0x000000008c200000, 0x000000008c200000, 0x000000008c300000|  0%| F|  |TAMS 0x000000008c200000, 0x000000008c200000| Untracked 
| 195|0x000000008c300000, 0x000000008c300000, 0x000000008c400000|  0%| F|  |TAMS 0x000000008c300000, 0x000000008c300000| Untracked 
| 196|0x000000008c400000, 0x000000008c400000, 0x000000008c500000|  0%| F|  |TAMS 0x000000008c400000, 0x000000008c400000| Untracked 
| 197|0x000000008c500000, 0x000000008c500000, 0x000000008c600000|  0%| F|  |TAMS 0x000000008c500000, 0x000000008c500000| Untracked 
| 198|0x000000008c600000, 0x000000008c600000, 0x000000008c700000|  0%| F|  |TAMS 0x000000008c600000, 0x000000008c600000| Untracked 
| 199|0x000000008c700000, 0x000000008c700000, 0x000000008c800000|  0%| F|  |TAMS 0x000000008c700000, 0x000000008c700000| Untracked 
| 200|0x000000008c800000, 0x000000008c800000, 0x000000008c900000|  0%| F|  |TAMS 0x000000008c800000, 0x000000008c800000| Untracked 
| 201|0x000000008c900000, 0x000000008c900000, 0x000000008ca00000|  0%| F|  |TAMS 0x000000008c900000, 0x000000008c900000| Untracked 
| 202|0x000000008ca00000, 0x000000008ca00000, 0x000000008cb00000|  0%| F|  |TAMS 0x000000008ca00000, 0x000000008ca00000| Untracked 
| 203|0x000000008cb00000, 0x000000008cb00000, 0x000000008cc00000|  0%| F|  |TAMS 0x000000008cb00000, 0x000000008cb00000| Untracked 
| 204|0x000000008cc00000, 0x000000008cca2080, 0x000000008cd00000| 63%| S|CS|TAMS 0x000000008cc00000, 0x000000008cc00000| Complete 
| 205|0x000000008cd00000, 0x000000008ce00000, 0x000000008ce00000|100%| S|CS|TAMS 0x000000008cd00000, 0x000000008cd00000| Complete 
| 206|0x000000008ce00000, 0x000000008cf00000, 0x000000008cf00000|100%| S|CS|TAMS 0x000000008ce00000, 0x000000008ce00000| Complete 
| 207|0x000000008cf00000, 0x000000008d000000, 0x000000008d000000|100%| S|CS|TAMS 0x000000008cf00000, 0x000000008cf00000| Complete 
| 208|0x000000008d000000, 0x000000008d000000, 0x000000008d100000|  0%| F|  |TAMS 0x000000008d000000, 0x000000008d000000| Untracked 
| 209|0x000000008d100000, 0x000000008d100000, 0x000000008d200000|  0%| F|  |TAMS 0x000000008d100000, 0x000000008d100000| Untracked 
| 210|0x000000008d200000, 0x000000008d200000, 0x000000008d300000|  0%| F|  |TAMS 0x000000008d200000, 0x000000008d200000| Untracked 
| 211|0x000000008d300000, 0x000000008d300000, 0x000000008d400000|  0%| F|  |TAMS 0x000000008d300000, 0x000000008d300000| Untracked 
| 212|0x000000008d400000, 0x000000008d400000, 0x000000008d500000|  0%| F|  |TAMS 0x000000008d400000, 0x000000008d400000| Untracked 
| 213|0x000000008d500000, 0x000000008d500000, 0x000000008d600000|  0%| F|  |TAMS 0x000000008d500000, 0x000000008d500000| Untracked 
| 214|0x000000008d600000, 0x000000008d600000, 0x000000008d700000|  0%| F|  |TAMS 0x000000008d600000, 0x000000008d600000| Untracked 
| 215|0x000000008d700000, 0x000000008d700000, 0x000000008d800000|  0%| F|  |TAMS 0x000000008d700000, 0x000000008d700000| Untracked 
| 216|0x000000008d800000, 0x000000008d800000, 0x000000008d900000|  0%| F|  |TAMS 0x000000008d800000, 0x000000008d800000| Untracked 
| 217|0x000000008d900000, 0x000000008d900000, 0x000000008da00000|  0%| F|  |TAMS 0x000000008d900000, 0x000000008d900000| Untracked 
| 218|0x000000008da00000, 0x000000008da00000, 0x000000008db00000|  0%| F|  |TAMS 0x000000008da00000, 0x000000008da00000| Untracked 
| 219|0x000000008db00000, 0x000000008db00000, 0x000000008dc00000|  0%| F|  |TAMS 0x000000008db00000, 0x000000008db00000| Untracked 
| 220|0x000000008dc00000, 0x000000008dc00000, 0x000000008dd00000|  0%| F|  |TAMS 0x000000008dc00000, 0x000000008dc00000| Untracked 
| 221|0x000000008dd00000, 0x000000008dd00000, 0x000000008de00000|  0%| F|  |TAMS 0x000000008dd00000, 0x000000008dd00000| Untracked 
| 222|0x000000008de00000, 0x000000008de00000, 0x000000008df00000|  0%| F|  |TAMS 0x000000008de00000, 0x000000008de00000| Untracked 
| 223|0x000000008df00000, 0x000000008df00000, 0x000000008e000000|  0%| F|  |TAMS 0x000000008df00000, 0x000000008df00000| Untracked 
| 224|0x000000008e000000, 0x000000008e000000, 0x000000008e100000|  0%| F|  |TAMS 0x000000008e000000, 0x000000008e000000| Untracked 
| 225|0x000000008e100000, 0x000000008e100000, 0x000000008e200000|  0%| F|  |TAMS 0x000000008e100000, 0x000000008e100000| Untracked 
| 226|0x000000008e200000, 0x000000008e200000, 0x000000008e300000|  0%| F|  |TAMS 0x000000008e200000, 0x000000008e200000| Untracked 
| 227|0x000000008e300000, 0x000000008e300000, 0x000000008e400000|  0%| F|  |TAMS 0x000000008e300000, 0x000000008e300000| Untracked 
| 228|0x000000008e400000, 0x000000008e400000, 0x000000008e500000|  0%| F|  |TAMS 0x000000008e400000, 0x000000008e400000| Untracked 
| 229|0x000000008e500000, 0x000000008e500000, 0x000000008e600000|  0%| F|  |TAMS 0x000000008e500000, 0x000000008e500000| Untracked 
| 230|0x000000008e600000, 0x000000008e6b0440, 0x000000008e700000| 68%| E|  |TAMS 0x000000008e600000, 0x000000008e600000| Complete 
| 231|0x000000008e700000, 0x000000008e800000, 0x000000008e800000|100%| E|CS|TAMS 0x000000008e700000, 0x000000008e700000| Complete 
| 232|0x000000008e800000, 0x000000008e900000, 0x000000008e900000|100%| E|CS|TAMS 0x000000008e800000, 0x000000008e800000| Complete 
| 233|0x000000008e900000, 0x000000008ea00000, 0x000000008ea00000|100%| E|CS|TAMS 0x000000008e900000, 0x000000008e900000| Complete 
| 234|0x000000008ea00000, 0x000000008eb00000, 0x000000008eb00000|100%| E|CS|TAMS 0x000000008ea00000, 0x000000008ea00000| Complete 
| 235|0x000000008eb00000, 0x000000008ec00000, 0x000000008ec00000|100%| E|CS|TAMS 0x000000008eb00000, 0x000000008eb00000| Complete 
| 236|0x000000008ec00000, 0x000000008ed00000, 0x000000008ed00000|100%| E|CS|TAMS 0x000000008ec00000, 0x000000008ec00000| Complete 
| 237|0x000000008ed00000, 0x000000008ee00000, 0x000000008ee00000|100%| E|CS|TAMS 0x000000008ed00000, 0x000000008ed00000| Complete 
| 238|0x000000008ee00000, 0x000000008ef00000, 0x000000008ef00000|100%| E|CS|TAMS 0x000000008ee00000, 0x000000008ee00000| Complete 
| 239|0x000000008ef00000, 0x000000008f000000, 0x000000008f000000|100%| E|CS|TAMS 0x000000008ef00000, 0x000000008ef00000| Complete 
| 240|0x000000008f000000, 0x000000008f100000, 0x000000008f100000|100%| E|CS|TAMS 0x000000008f000000, 0x000000008f000000| Complete 
| 241|0x000000008f100000, 0x000000008f200000, 0x000000008f200000|100%| E|CS|TAMS 0x000000008f100000, 0x000000008f100000| Complete 
| 242|0x000000008f200000, 0x000000008f300000, 0x000000008f300000|100%| E|CS|TAMS 0x000000008f200000, 0x000000008f200000| Complete 
| 243|0x000000008f300000, 0x000000008f400000, 0x000000008f400000|100%| E|CS|TAMS 0x000000008f300000, 0x000000008f300000| Complete 
| 244|0x000000008f400000, 0x000000008f500000, 0x000000008f500000|100%| E|CS|TAMS 0x000000008f400000, 0x000000008f400000| Complete 
| 245|0x000000008f500000, 0x000000008f600000, 0x000000008f600000|100%| E|CS|TAMS 0x000000008f500000, 0x000000008f500000| Complete 
| 246|0x000000008f600000, 0x000000008f700000, 0x000000008f700000|100%| E|CS|TAMS 0x000000008f600000, 0x000000008f600000| Complete 
|2047|0x00000000fff00000, 0x0000000100000000, 0x0000000100000000|100%| O|  |TAMS 0x0000000100000000, 0x00000000fff00000| Untracked 

Card table byte_map: [0x000001cc23ba0000,0x000001cc23fa0000] _byte_map_base: 0x000001cc237a0000

Marking Bits (Prev, Next): (CMBitMap*) 0x000001cc11006190, (CMBitMap*) 0x000001cc11006150
 Prev Bits: [0x000001cc263a0000, 0x000001cc283a0000)
 Next Bits: [0x000001cc243a0000, 0x000001cc263a0000)

Polling page: 0x000001cc0ef60000

Metaspace:

Usage:
  Non-class:    121.73 MB used.
      Class:     19.39 MB used.
       Both:    141.12 MB used.

Virtual space:
  Non-class space:      128.00 MB reserved,     122.31 MB ( 96%) committed,  16 nodes.
      Class space:        1.00 GB reserved,      19.94 MB (  2%) committed,  1 nodes.
             Both:        1.12 GB reserved,     142.25 MB ( 12%) committed. 

Chunk freelists:
   Non-Class:  1.59 MB
       Class:  58.00 KB
        Both:  1.65 MB

MaxMetaspaceSize: unlimited
CompressedClassSpaceSize: 1.00 GB
Initial GC threshold: 21.00 MB
Current GC threshold: 204.31 MB
CDS: off
MetaspaceReclaimPolicy: balanced
 - commit_granule_bytes: 65536.
 - commit_granule_words: 8192.
 - virtual_space_node_default_size: 1048576.
 - enlarge_chunks_in_place: 1.
 - new_chunks_are_fully_committed: 0.
 - uncommit_free_chunks: 1.
 - use_allocation_guard: 0.
 - handle_deallocations: 1.


Internal statistics:

num_allocs_failed_limit: 6.
num_arena_births: 2046.
num_arena_deaths: 14.
num_vsnodes_births: 17.
num_vsnodes_deaths: 0.
num_space_committed: 2275.
num_space_uncommitted: 0.
num_chunks_returned_to_freelist: 24.
num_chunks_taken_from_freelist: 7702.
num_chunk_merges: 14.
num_chunk_splits: 5064.
num_chunks_enlarged: 3314.
num_purges: 2.
num_inconsistent_stats: 0.

CodeHeap 'non-profiled nmethods': size=120000Kb used=11247Kb max_used=11247Kb free=108752Kb
 bounds [0x000001cc1bf40000, 0x000001cc1ca40000, 0x000001cc23470000]
CodeHeap 'profiled nmethods': size=120000Kb used=34301Kb max_used=34900Kb free=85698Kb
 bounds [0x000001cc14470000, 0x000001cc166b0000, 0x000001cc1b9a0000]
CodeHeap 'non-nmethods': size=5760Kb used=2500Kb max_used=2555Kb free=3259Kb
 bounds [0x000001cc1b9a0000, 0x000001cc1bc30000, 0x000001cc1bf40000]
 total_blobs=18827 nmethods=17786 adapters=952
 compilation: enabled
              stopped_count=0, restarted_count=0
 full_count=0

Compilation events (20 events):
Event: 365.572 Thread 0x000001cc329ace10 nmethod 21725 0x000001cc1c656690 code [0x000001cc1c656820, 0x000001cc1c656e58]
Event: 365.572 Thread 0x000001cc2b862110 21730       3       org.gradle.internal.component.external.model.LazyVariantBackedConfigurationMetadata$RuleAwareVariant::asDescribable (10 bytes)
Event: 365.572 Thread 0x000001cc329ace10 21733       4       org.gradle.api.internal.artifacts.ivyservice.resolveengine.graph.builder.ComponentState::resolve (118 bytes)
Event: 365.572 Thread 0x000001cc2b862110 nmethod 21730 0x000001cc15a36110 code [0x000001cc15a362c0, 0x000001cc15a36488]
Event: 365.572 Thread 0x000001cc2b862110 21731       3       org.gradle.internal.component.external.model.AbstractMutableModuleComponentResolveMetadata$ImmutableVariantImpl::asDescribable (14 bytes)
Event: 365.572 Thread 0x000001cc2b862110 nmethod 21731 0x000001cc15f17290 code [0x000001cc15f17440, 0x000001cc15f17588]
Event: 365.572 Thread 0x000001cc2b862110 21732       3       org.gradle.internal.component.external.model.LazyVariantBackedConfigurationMetadata$RuleAwareVariant::getArtifacts (40 bytes)
Event: 365.572 Thread 0x000001cc2b862110 nmethod 21732 0x000001cc15a35a10 code [0x000001cc15a35be0, 0x000001cc15a35fd8]
Event: 365.574 Thread 0x000001cc2b862110 21735       1       org.gradle.api.internal.artifacts.ivyservice.resolveengine.artifact.ParallelResolveArtifactSet$VisitingSet::access$100 (5 bytes)
Event: 365.575 Thread 0x000001cc2b862110 nmethod 21735 0x000001cc1c4bd210 code [0x000001cc1c4bd3a0, 0x000001cc1c4bd458]
Event: 365.584 Thread 0x000001cc2b862110 21736       3       java.lang.StringBuilder::append (8 bytes)
Event: 365.584 Thread 0x000001cc2b862110 nmethod 21736 0x000001cc15a35590 code [0x000001cc15a35740, 0x000001cc15a358e8]
Event: 365.584 Thread 0x000001cc2b862110 21737       3       java.util.Formatter$FormatSpecifier::print (62 bytes)
Event: 365.585 Thread 0x000001cc2b862110 nmethod 21737 0x000001cc15a34390 code [0x000001cc15a34600, 0x000001cc15a35018]
Event: 365.586 Thread 0x000001cc2b862110 21738       3       java.lang.String::format (16 bytes)
Event: 365.586 Thread 0x000001cc2b862110 nmethod 21738 0x000001cc14d42590 code [0x000001cc14d427c0, 0x000001cc14d42f28]
Event: 365.586 Thread 0x000001cc2b862110 21739       3       java.util.Formatter::<init> (18 bytes)
Event: 365.586 Thread 0x000001cc2b862110 nmethod 21739 0x000001cc14d41e90 code [0x000001cc14d42060, 0x000001cc14d42438]
Event: 365.596 Thread 0x000001cc2b862110 21742       3       org.gradle.internal.snapshot.MissingFileSnapshot::getType (4 bytes)
Event: 365.596 Thread 0x000001cc2b862110 nmethod 21742 0x000001cc164c0590 code [0x000001cc164c0720, 0x000001cc164c0838]

GC Heap History (20 events):
Event: 69.355 GC heap before
{Heap before GC invocations=40 (full 0):
 garbage-first heap   total 209920K, used 183587K [0x0000000080000000, 0x0000000100000000)
  region size 1024K, 54 young (55296K), 4 survivors (4096K)
 Metaspace       used 133561K, committed 134464K, reserved 1171456K
  class space    used 18642K, committed 19072K, reserved 1048576K
}
Event: 69.363 GC heap after
{Heap after GC invocations=41 (full 0):
 garbage-first heap   total 209920K, used 125642K [0x0000000080000000, 0x0000000100000000)
  region size 1024K, 4 young (4096K), 4 survivors (4096K)
 Metaspace       used 133561K, committed 134464K, reserved 1171456K
  class space    used 18642K, committed 19072K, reserved 1048576K
}
Event: 70.354 GC heap before
{Heap before GC invocations=41 (full 0):
 garbage-first heap   total 209920K, used 173770K [0x0000000080000000, 0x0000000100000000)
  region size 1024K, 52 young (53248K), 4 survivors (4096K)
 Metaspace       used 134073K, committed 134976K, reserved 1171456K
  class space    used 18658K, committed 19072K, reserved 1048576K
}
Event: 70.365 GC heap after
{Heap after GC invocations=42 (full 0):
 garbage-first heap   total 209920K, used 131978K [0x0000000080000000, 0x0000000100000000)
  region size 1024K, 7 young (7168K), 7 survivors (7168K)
 Metaspace       used 134073K, committed 134976K, reserved 1171456K
  class space    used 18658K, committed 19072K, reserved 1048576K
}
Event: 335.993 GC heap before
{Heap before GC invocations=42 (full 0):
 garbage-first heap   total 209920K, used 184202K [0x0000000080000000, 0x0000000100000000)
  region size 1024K, 49 young (50176K), 7 survivors (7168K)
 Metaspace       used 134487K, committed 135424K, reserved 1171456K
  class space    used 18690K, committed 19136K, reserved 1048576K
}
Event: 336.002 GC heap after
{Heap after GC invocations=43 (full 0):
 garbage-first heap   total 209920K, used 133934K [0x0000000080000000, 0x0000000100000000)
  region size 1024K, 3 young (3072K), 3 survivors (3072K)
 Metaspace       used 134487K, committed 135424K, reserved 1171456K
  class space    used 18690K, committed 19136K, reserved 1048576K
}
Event: 336.593 GC heap before
{Heap before GC invocations=43 (full 0):
 garbage-first heap   total 209920K, used 175918K [0x0000000080000000, 0x0000000100000000)
  region size 1024K, 44 young (45056K), 3 survivors (3072K)
 Metaspace       used 134768K, committed 135744K, reserved 1171456K
  class space    used 18698K, committed 19136K, reserved 1048576K
}
Event: 336.601 GC heap after
{Heap after GC invocations=44 (full 0):
 garbage-first heap   total 209920K, used 139180K [0x0000000080000000, 0x0000000100000000)
  region size 1024K, 6 young (6144K), 6 survivors (6144K)
 Metaspace       used 134768K, committed 135744K, reserved 1171456K
  class space    used 18698K, committed 19136K, reserved 1048576K
}
Event: 337.206 GC heap before
{Heap before GC invocations=44 (full 0):
 garbage-first heap   total 209920K, used 177068K [0x0000000080000000, 0x0000000100000000)
  region size 1024K, 42 young (43008K), 6 survivors (6144K)
 Metaspace       used 137100K, committed 138048K, reserved 1171456K
  class space    used 18992K, committed 19456K, reserved 1048576K
}
Event: 337.221 GC heap after
{Heap after GC invocations=45 (full 0):
 garbage-first heap   total 209920K, used 156162K [0x0000000080000000, 0x0000000100000000)
  region size 1024K, 6 young (6144K), 6 survivors (6144K)
 Metaspace       used 137100K, committed 138048K, reserved 1171456K
  class space    used 18992K, committed 19456K, reserved 1048576K
}
Event: 337.470 GC heap before
{Heap before GC invocations=45 (full 0):
 garbage-first heap   total 209920K, used 170498K [0x0000000080000000, 0x0000000100000000)
  region size 1024K, 21 young (21504K), 6 survivors (6144K)
 Metaspace       used 138251K, committed 139264K, reserved 1171456K
  class space    used 19145K, committed 19648K, reserved 1048576K
}
Event: 337.476 GC heap after
{Heap after GC invocations=46 (full 0):
 garbage-first heap   total 253952K, used 158490K [0x0000000080000000, 0x0000000100000000)
  region size 1024K, 2 young (2048K), 2 survivors (2048K)
 Metaspace       used 138251K, committed 139264K, reserved 1171456K
  class space    used 19145K, committed 19648K, reserved 1048576K
}
Event: 338.338 GC heap before
{Heap before GC invocations=46 (full 0):
 garbage-first heap   total 253952K, used 219930K [0x0000000080000000, 0x0000000100000000)
  region size 1024K, 46 young (47104K), 2 survivors (2048K)
 Metaspace       used 142263K, committed 143296K, reserved 1179648K
  class space    used 19584K, committed 20096K, reserved 1048576K
}
Event: 338.346 GC heap after
{Heap after GC invocations=47 (full 0):
 garbage-first heap   total 253952K, used 162763K [0x0000000080000000, 0x0000000100000000)
  region size 1024K, 6 young (6144K), 6 survivors (6144K)
 Metaspace       used 142263K, committed 143296K, reserved 1179648K
  class space    used 19584K, committed 20096K, reserved 1048576K
}
Event: 350.045 GC heap before
{Heap before GC invocations=47 (full 0):
 garbage-first heap   total 253952K, used 204747K [0x0000000080000000, 0x0000000100000000)
  region size 1024K, 48 young (49152K), 6 survivors (6144K)
 Metaspace       used 144088K, committed 145088K, reserved 1179648K
  class space    used 19817K, committed 20288K, reserved 1048576K
}
Event: 350.051 GC heap after
{Heap after GC invocations=48 (full 0):
 garbage-first heap   total 253952K, used 164377K [0x0000000080000000, 0x0000000100000000)
  region size 1024K, 3 young (3072K), 3 survivors (3072K)
 Metaspace       used 144088K, committed 145088K, reserved 1179648K
  class space    used 19817K, committed 20288K, reserved 1048576K
}
Event: 350.449 GC heap before
{Heap before GC invocations=48 (full 0):
 garbage-first heap   total 253952K, used 208409K [0x0000000080000000, 0x0000000100000000)
  region size 1024K, 46 young (47104K), 3 survivors (3072K)
 Metaspace       used 144323K, committed 145472K, reserved 1179648K
  class space    used 19838K, committed 20352K, reserved 1048576K
}
Event: 350.458 GC heap after
{Heap after GC invocations=49 (full 0):
 garbage-first heap   total 253952K, used 170085K [0x0000000080000000, 0x0000000100000000)
  region size 1024K, 6 young (6144K), 6 survivors (6144K)
 Metaspace       used 144323K, committed 145472K, reserved 1179648K
  class space    used 19838K, committed 20352K, reserved 1048576K
}
Event: 365.440 GC heap before
{Heap before GC invocations=49 (full 0):
 garbage-first heap   total 253952K, used 208997K [0x0000000080000000, 0x0000000100000000)
  region size 1024K, 45 young (46080K), 6 survivors (6144K)
 Metaspace       used 144467K, committed 145664K, reserved 1179648K
  class space    used 19856K, committed 20416K, reserved 1048576K
}
Event: 365.449 GC heap after
{Heap after GC invocations=50 (full 0):
 garbage-first heap   total 253952K, used 173465K [0x0000000080000000, 0x0000000100000000)
  region size 1024K, 4 young (4096K), 4 survivors (4096K)
 Metaspace       used 144467K, committed 145664K, reserved 1179648K
  class space    used 19856K, committed 20416K, reserved 1048576K
}

Dll operation events (2 events):
Event: 0.008 Loaded shared library C:\Program Files\Android\Android Studio\jbr\bin\java.dll
Event: 0.677 Loaded shared library C:\Program Files\Android\Android Studio\jbr\bin\verify.dll

Deoptimization events (20 events):
Event: 365.583 Thread 0x000001cc2bd5bc50 Uncommon trap: reason=unstable_if action=reinterpret pc=0x000001cc1c4ccb18 method=org.gradle.internal.operations.DefaultBuildOperationRunner.assertParentRunning(Ljava/lang/String;Lorg/gradle/internal/operations/BuildOperationDescriptor;Lorg/gradle/interna
Event: 365.583 Thread 0x000001cc2bd5b2b0 Uncommon trap: reason=unstable_if action=reinterpret pc=0x000001cc1c4ccb18 method=org.gradle.internal.operations.DefaultBuildOperationRunner.assertParentRunning(Ljava/lang/String;Lorg/gradle/internal/operations/BuildOperationDescriptor;Lorg/gradle/interna
Event: 365.583 Thread 0x000001cc2bd5b780 Uncommon trap: trap_request=0xffffff45 fr.pc=0x000001cc1c667f58 relative=0x0000000000000058
Event: 365.583 Thread 0x000001cc2bd5c120 Uncommon trap: reason=unstable_if action=reinterpret pc=0x000001cc1c4ccb18 method=org.gradle.internal.operations.DefaultBuildOperationRunner.assertParentRunning(Ljava/lang/String;Lorg/gradle/internal/operations/BuildOperationDescriptor;Lorg/gradle/interna
Event: 365.583 Thread 0x000001cc2bd5e7a0 Uncommon trap: reason=unstable_if action=reinterpret pc=0x000001cc1c4ccb18 method=org.gradle.internal.operations.DefaultBuildOperationRunner.assertParentRunning(Ljava/lang/String;Lorg/gradle/internal/operations/BuildOperationDescriptor;Lorg/gradle/interna
Event: 365.583 Thread 0x000001cc358c9bc0 Uncommon trap: trap_request=0xffffff45 fr.pc=0x000001cc1c667f58 relative=0x0000000000000058
Event: 365.583 Thread 0x000001cc2bd5b780 Uncommon trap: reason=unstable_if action=reinterpret pc=0x000001cc1c667f58 method=org.gradle.internal.operations.DefaultBuildOperationRunner.assertParentRunning(Ljava/lang/String;Lorg/gradle/internal/operations/BuildOperationDescriptor;Lorg/gradle/interna
Event: 365.583 Thread 0x000001cc2bd5bc50 DEOPT PACKING pc=0x000001cc1c4ccb18 sp=0x0000008eea4ff020
Event: 365.583 Thread 0x000001cc2bd5b2b0 DEOPT PACKING pc=0x000001cc1c4ccb18 sp=0x0000008eea3feba0
Event: 365.583 Thread 0x000001cc358c9bc0 Uncommon trap: reason=unstable_if action=reinterpret pc=0x000001cc1c667f58 method=org.gradle.internal.operations.DefaultBuildOperationRunner.assertParentRunning(Ljava/lang/String;Lorg/gradle/internal/operations/BuildOperationDescriptor;Lorg/gradle/interna
Event: 365.583 Thread 0x000001cc2bd5bc50 DEOPT UNPACKING pc=0x000001cc1b9fa1a3 sp=0x0000008eea4fef90 mode 2
Event: 365.583 Thread 0x000001cc2bd5c120 DEOPT PACKING pc=0x000001cc1c4ccb18 sp=0x0000008eea5fef10
Event: 365.583 Thread 0x000001cc2bd5b2b0 DEOPT UNPACKING pc=0x000001cc1b9fa1a3 sp=0x0000008eea3feb10 mode 2
Event: 365.583 Thread 0x000001cc2bd5e7a0 DEOPT PACKING pc=0x000001cc1c4ccb18 sp=0x0000008eea2fe890
Event: 365.583 Thread 0x000001cc2bd5e7a0 DEOPT UNPACKING pc=0x000001cc1b9fa1a3 sp=0x0000008eea2fe800 mode 2
Event: 365.583 Thread 0x000001cc2bd5c120 DEOPT UNPACKING pc=0x000001cc1b9fa1a3 sp=0x0000008eea5fee80 mode 2
Event: 365.583 Thread 0x000001cc2bd5b780 DEOPT PACKING pc=0x000001cc1c667f58 sp=0x0000008eea0feb70
Event: 365.583 Thread 0x000001cc2bd5b780 DEOPT UNPACKING pc=0x000001cc1b9fa1a3 sp=0x0000008eea0feb18 mode 2
Event: 365.584 Thread 0x000001cc358c9bc0 DEOPT PACKING pc=0x000001cc1c667f58 sp=0x0000008eeadfeba0
Event: 365.584 Thread 0x000001cc358c9bc0 DEOPT UNPACKING pc=0x000001cc1b9fa1a3 sp=0x0000008eeadfeb48 mode 2

Classes unloaded (7 events):
Event: 22.339 Thread 0x000001cc2ae1e8c0 Unloading class 0x0000000100d25c00 'java/lang/invoke/LambdaForm$DMH+0x0000000100d25c00'
Event: 22.339 Thread 0x000001cc2ae1e8c0 Unloading class 0x0000000100d25800 'java/lang/invoke/LambdaForm$DMH+0x0000000100d25800'
Event: 22.339 Thread 0x000001cc2ae1e8c0 Unloading class 0x0000000100d25400 'java/lang/invoke/LambdaForm$DMH+0x0000000100d25400'
Event: 22.339 Thread 0x000001cc2ae1e8c0 Unloading class 0x0000000100d25000 'java/lang/invoke/LambdaForm$DMH+0x0000000100d25000'
Event: 22.339 Thread 0x000001cc2ae1e8c0 Unloading class 0x0000000100d24400 'java/lang/invoke/LambdaForm$DMH+0x0000000100d24400'
Event: 22.339 Thread 0x000001cc2ae1e8c0 Unloading class 0x0000000100d24800 'java/lang/invoke/LambdaForm$DMH+0x0000000100d24800'
Event: 22.339 Thread 0x000001cc2ae1e8c0 Unloading class 0x0000000100d24c00 'java/lang/invoke/LambdaForm$DMH+0x0000000100d24c00'

Classes redefined (0 events):
No events

Internal exceptions (20 events):
Event: 350.638 Thread 0x000001cc2e05d5b0 Exception <a 'sun/nio/fs/WindowsException'{0x000000008e6470a8}> (0x000000008e6470a8) 
thrown [s\src\hotspot\share\prims\jni.cpp, line 517]
Event: 350.638 Thread 0x000001cc2e05d5b0 Exception <a 'sun/nio/fs/WindowsException'{0x000000008e648ed8}> (0x000000008e648ed8) 
thrown [s\src\hotspot\share\prims\jni.cpp, line 517]
Event: 350.638 Thread 0x000001cc2e05d5b0 Exception <a 'sun/nio/fs/WindowsException'{0x000000008e649fe8}> (0x000000008e649fe8) 
thrown [s\src\hotspot\share\prims\jni.cpp, line 517]
Event: 350.638 Thread 0x000001cc2e05d5b0 Exception <a 'sun/nio/fs/WindowsException'{0x000000008e64a058}> (0x000000008e64a058) 
thrown [s\src\hotspot\share\prims\jni.cpp, line 517]
Event: 350.638 Thread 0x000001cc2e05d5b0 Exception <a 'sun/nio/fs/WindowsException'{0x000000008e64a468}> (0x000000008e64a468) 
thrown [s\src\hotspot\share\prims\jni.cpp, line 517]
Event: 350.638 Thread 0x000001cc2e05d5b0 Exception <a 'sun/nio/fs/WindowsException'{0x000000008e64c4b8}> (0x000000008e64c4b8) 
thrown [s\src\hotspot\share\prims\jni.cpp, line 517]
Event: 350.638 Thread 0x000001cc2e05d5b0 Exception <a 'sun/nio/fs/WindowsException'{0x000000008e64d338}> (0x000000008e64d338) 
thrown [s\src\hotspot\share\prims\jni.cpp, line 517]
Event: 350.638 Thread 0x000001cc2e05d5b0 Exception <a 'sun/nio/fs/WindowsException'{0x000000008e64d3a8}> (0x000000008e64d3a8) 
thrown [s\src\hotspot\share\prims\jni.cpp, line 517]
Event: 350.638 Thread 0x000001cc2e05d5b0 Exception <a 'sun/nio/fs/WindowsException'{0x000000008e64d728}> (0x000000008e64d728) 
thrown [s\src\hotspot\share\prims\jni.cpp, line 517]
Event: 350.638 Thread 0x000001cc2e05d5b0 Exception <a 'sun/nio/fs/WindowsException'{0x000000008e64f7c0}> (0x000000008e64f7c0) 
thrown [s\src\hotspot\share\prims\jni.cpp, line 517]
Event: 350.653 Thread 0x000001cc2e05e8f0 Exception <a 'sun/nio/fs/WindowsException'{0x000000008e6d7e70}> (0x000000008e6d7e70) 
thrown [s\src\hotspot\share\prims\jni.cpp, line 517]
Event: 350.757 Thread 0x000001cc328f7610 Exception <a 'sun/nio/fs/WindowsException'{0x000000008e1bb7c0}> (0x000000008e1bb7c0) 
thrown [s\src\hotspot\share\prims\jni.cpp, line 517]
Event: 350.770 Thread 0x000001cc328f7610 Exception <a 'sun/nio/fs/WindowsException'{0x000000008e084860}> (0x000000008e084860) 
thrown [s\src\hotspot\share\prims\jni.cpp, line 517]
Event: 351.462 Thread 0x000001cc358cbd70 Exception <a 'java/io/IOException'{0x000000008df62130}> (0x000000008df62130) 
thrown [s\src\hotspot\share\prims\jni.cpp, line 517]
Event: 351.472 Thread 0x000001cc2bcdc4a0 Exception <a 'sun/nio/fs/WindowsException'{0x000000008dc81e70}> (0x000000008dc81e70) 
thrown [s\src\hotspot\share\prims\jni.cpp, line 517]
Event: 351.472 Thread 0x000001cc2bcdc4a0 Exception <a 'sun/nio/fs/WindowsException'{0x000000008dc82228}> (0x000000008dc82228) 
thrown [s\src\hotspot\share\prims\jni.cpp, line 517]
Event: 351.472 Thread 0x000001cc2bcdc4a0 Exception <a 'sun/nio/fs/WindowsException'{0x000000008dc840d8}> (0x000000008dc840d8) 
thrown [s\src\hotspot\share\prims\jni.cpp, line 517]
Event: 365.452 Thread 0x000001cc2bcdc4a0 Implicit null exception at 0x000001cc1c28c94c to 0x000001cc1c28cd68
Event: 365.583 Thread 0x000001cc2bcdc4a0 Exception <a 'java/lang/OutOfMemoryError'{0x000000008ea44808}: unable to create native thread: possibly out of memory or process/resource limits reached> (0x000000008ea44808) 
thrown [s\src\hotspot\share\prims\jvm.cpp, line 2926]
Event: 365.585 Thread 0x000001cc37eb2670 Exception <a 'java/lang/NoSuchMethodError'{0x000000008e9b5f68}: static Lorg/gradle/internal/build/event/types/DefaultProjectConfigurationFailureResult;.<clinit>()V> (0x000000008e9b5f68) 
thrown [s\src\hotspot\share\prims\jni.cpp, line 1108]

VM Operations (20 events):
Event: 341.133 Executing VM operation: HandshakeAllThreads
Event: 341.134 Executing VM operation: HandshakeAllThreads done
Event: 341.134 Executing VM operation: HandshakeAllThreads
Event: 341.135 Executing VM operation: HandshakeAllThreads done
Event: 341.152 Executing VM operation: HandshakeAllThreads
Event: 341.152 Executing VM operation: HandshakeAllThreads done
Event: 342.153 Executing VM operation: Cleanup
Event: 342.155 Executing VM operation: Cleanup done
Event: 350.045 Executing VM operation: G1CollectForAllocation
Event: 350.052 Executing VM operation: G1CollectForAllocation done
Event: 350.411 Executing VM operation: ICBufferFull
Event: 350.411 Executing VM operation: ICBufferFull done
Event: 350.449 Executing VM operation: G1CollectForAllocation
Event: 350.458 Executing VM operation: G1CollectForAllocation done
Event: 352.458 Executing VM operation: Cleanup
Event: 352.458 Executing VM operation: Cleanup done
Event: 362.464 Executing VM operation: Cleanup
Event: 362.464 Executing VM operation: Cleanup done
Event: 365.439 Executing VM operation: G1CollectForAllocation
Event: 365.449 Executing VM operation: G1CollectForAllocation done

Events (20 events):
Event: 365.579 Thread 0x000001cc358ca090 Thread added: 0x000001cc358ca090
Event: 365.579 Thread 0x000001cc385ce610 Thread added: 0x000001cc385ce610
Event: 365.579 Thread 0x000001cc385ce140 Thread added: 0x000001cc385ce140
Event: 365.579 Thread 0x000001cc385cfe20 Thread added: 0x000001cc385cfe20
Event: 365.580 Thread 0x000001cc385ceae0 Thread added: 0x000001cc385ceae0
Event: 365.580 Thread 0x000001cc385d02f0 Thread added: 0x000001cc385d02f0
Event: 365.580 Thread 0x000001cc385cd2d0 Thread added: 0x000001cc385cd2d0
Event: 365.580 Thread 0x000001cc385cefb0 Thread added: 0x000001cc385cefb0
Event: 365.580 Thread 0x000001cc328f5460 Thread added: 0x000001cc328f5460
Event: 365.581 Thread 0x000001cc385cf480 Thread added: 0x000001cc385cf480
Event: 365.581 Thread 0x000001cc385d07c0 Thread added: 0x000001cc385d07c0
Event: 365.581 Thread 0x000001cc385cf950 Thread added: 0x000001cc385cf950
Event: 365.581 Thread 0x000001cc385cce00 Thread added: 0x000001cc385cce00
Event: 365.581 Thread 0x000001cc385cd7a0 Thread added: 0x000001cc385cd7a0
Event: 365.581 Thread 0x000001cc385cdc70 Thread added: 0x000001cc385cdc70
Event: 365.581 Thread 0x000001cc2bb122f0 Thread added: 0x000001cc2bb122f0
Event: 365.581 Thread 0x000001cc2bb127c0 Thread added: 0x000001cc2bb127c0
Event: 365.582 Thread 0x000001cc2bb13160 Thread added: 0x000001cc2bb13160
Event: 365.582 Thread 0x000001cc2bb12c90 Thread added: 0x000001cc2bb12c90
Event: 365.598 Thread 0x000001cc328f7fb0 Thread exited: 0x000001cc328f7fb0


Dynamic libraries:
0x00007ff74df80000 - 0x00007ff74df8a000 	C:\Program Files\Android\Android Studio\jbr\bin\java.exe
0x00007ffc3fcd0000 - 0x00007ffc3fee7000 	C:\WINDOWS\SYSTEM32\ntdll.dll
0x00007ffc3deb0000 - 0x00007ffc3df74000 	C:\WINDOWS\System32\KERNEL32.DLL
0x00007ffc3d0f0000 - 0x00007ffc3d497000 	C:\WINDOWS\System32\KERNELBASE.dll
0x00007ffc3d5c0000 - 0x00007ffc3d6d1000 	C:\WINDOWS\System32\ucrtbase.dll
0x00007ffc36040000 - 0x00007ffc3605b000 	C:\Program Files\Android\Android Studio\jbr\bin\VCRUNTIME140.dll
0x00007ffbfacc0000 - 0x00007ffbfacd7000 	C:\Program Files\Android\Android Studio\jbr\bin\jli.dll
0x00007ffc3fab0000 - 0x00007ffc3fc5e000 	C:\WINDOWS\System32\USER32.dll
0x00007ffc1ea00000 - 0x00007ffc1ec93000 	C:\WINDOWS\WinSxS\amd64_microsoft.windows.common-controls_6595b64144ccf1df_6.0.22621.2506_none_270c5ae97388e100\COMCTL32.dll
0x00007ffc3d0c0000 - 0x00007ffc3d0e6000 	C:\WINDOWS\System32\win32u.dll
0x00007ffc3dfe0000 - 0x00007ffc3e009000 	C:\WINDOWS\System32\GDI32.dll
0x00007ffc3f860000 - 0x00007ffc3f907000 	C:\WINDOWS\System32\msvcrt.dll
0x00007ffc3d4a0000 - 0x00007ffc3d5b9000 	C:\WINDOWS\System32\gdi32full.dll
0x00007ffc3d020000 - 0x00007ffc3d0ba000 	C:\WINDOWS\System32\msvcp_win.dll
0x00007ffc3f2f0000 - 0x00007ffc3f321000 	C:\WINDOWS\System32\IMM32.DLL
0x00007ffc39720000 - 0x00007ffc3972c000 	C:\Program Files\Android\Android Studio\jbr\bin\vcruntime140_1.dll
0x00007ffc1d9e0000 - 0x00007ffc1da6d000 	C:\Program Files\Android\Android Studio\jbr\bin\msvcp140.dll
0x00007ffbcc830000 - 0x00007ffbcd49e000 	C:\Program Files\Android\Android Studio\jbr\bin\server\jvm.dll
0x00007ffc3eac0000 - 0x00007ffc3eb70000 	C:\WINDOWS\System32\ADVAPI32.dll
0x00007ffc3f9f0000 - 0x00007ffc3fa96000 	C:\WINDOWS\System32\sechost.dll
0x00007ffc3dc00000 - 0x00007ffc3dd17000 	C:\WINDOWS\System32\RPCRT4.dll
0x00007ffc17fc0000 - 0x00007ffc17fc9000 	C:\WINDOWS\SYSTEM32\WSOCK32.dll
0x00007ffc349c0000 - 0x00007ffc349f4000 	C:\WINDOWS\SYSTEM32\WINMM.dll
0x00007ffc33e80000 - 0x00007ffc33e8a000 	C:\WINDOWS\SYSTEM32\VERSION.dll
0x00007ffc3dd20000 - 0x00007ffc3dd91000 	C:\WINDOWS\System32\WS2_32.dll
0x00007ffc3bf80000 - 0x00007ffc3bf98000 	C:\WINDOWS\SYSTEM32\kernel.appcore.dll
0x00007ffc1e790000 - 0x00007ffc1e79a000 	C:\Program Files\Android\Android Studio\jbr\bin\jimage.dll
0x00007ffc3a7b0000 - 0x00007ffc3a9e3000 	C:\WINDOWS\SYSTEM32\DBGHELP.DLL
0x00007ffc3f330000 - 0x00007ffc3f6b9000 	C:\WINDOWS\System32\combase.dll
0x00007ffc3f910000 - 0x00007ffc3f9e7000 	C:\WINDOWS\System32\OLEAUT32.dll
0x00007ffc0f120000 - 0x00007ffc0f152000 	C:\WINDOWS\SYSTEM32\dbgcore.DLL
0x00007ffc3d980000 - 0x00007ffc3d9fa000 	C:\WINDOWS\System32\bcryptPrimitives.dll
0x00007ffbf2d70000 - 0x00007ffbf2d95000 	C:\Program Files\Android\Android Studio\jbr\bin\java.dll
0x00007ffc11f00000 - 0x00007ffc11f18000 	C:\Program Files\Android\Android Studio\jbr\bin\zip.dll
0x00007ffc3e010000 - 0x00007ffc3e869000 	C:\WINDOWS\System32\SHELL32.dll
0x00007ffc3aef0000 - 0x00007ffc3b7e4000 	C:\WINDOWS\SYSTEM32\windows.storage.dll
0x00007ffc3adb0000 - 0x00007ffc3aeee000 	C:\WINDOWS\SYSTEM32\wintypes.dll
0x00007ffc3ddb0000 - 0x00007ffc3dea3000 	C:\WINDOWS\System32\SHCORE.dll
0x00007ffc3df80000 - 0x00007ffc3dfde000 	C:\WINDOWS\System32\shlwapi.dll
0x00007ffc3cf50000 - 0x00007ffc3cf76000 	C:\WINDOWS\SYSTEM32\profapi.dll
0x00007ffc054e0000 - 0x00007ffc054f9000 	C:\Program Files\Android\Android Studio\jbr\bin\net.dll
0x00007ffc36e60000 - 0x00007ffc36f97000 	C:\WINDOWS\SYSTEM32\WINHTTP.dll
0x00007ffc3c450000 - 0x00007ffc3c4b9000 	C:\WINDOWS\system32\mswsock.dll
0x00007ffbfcb80000 - 0x00007ffbfcb96000 	C:\Program Files\Android\Android Studio\jbr\bin\nio.dll
0x00007ffc17ef0000 - 0x00007ffc17f00000 	C:\Program Files\Android\Android Studio\jbr\bin\verify.dll
0x00007ffc19950000 - 0x00007ffc19977000 	C:\Users\yk5fe\.gradle\native\68d5fa5c4cc2d200863cafc0d521ce42e7d3e7ee720ec0a83991735586a16f82\windows-amd64\native-platform.dll
0x00007ffc0fc90000 - 0x00007ffc0fdd4000 	C:\Users\yk5fe\.gradle\native\e376f236ea51e6404a007f0833ffe2c6e607c4080706a723a18a27aeea778392\windows-amd64\native-platform-file-events.dll
0x00007ffc16930000 - 0x00007ffc16939000 	C:\Program Files\Android\Android Studio\jbr\bin\management.dll
0x00007ffc0f580000 - 0x00007ffc0f58b000 	C:\Program Files\Android\Android Studio\jbr\bin\management_ext.dll
0x00007ffc3f2e0000 - 0x00007ffc3f2e8000 	C:\WINDOWS\System32\PSAPI.DLL
0x00007ffc3c7a0000 - 0x00007ffc3c7bb000 	C:\WINDOWS\SYSTEM32\CRYPTSP.dll
0x00007ffc3bf40000 - 0x00007ffc3bf75000 	C:\WINDOWS\system32\rsaenh.dll
0x00007ffc3c4f0000 - 0x00007ffc3c51c000 	C:\WINDOWS\SYSTEM32\USERENV.dll
0x00007ffc3c9d0000 - 0x00007ffc3c9f8000 	C:\WINDOWS\SYSTEM32\bcrypt.dll
0x00007ffc3c780000 - 0x00007ffc3c78c000 	C:\WINDOWS\SYSTEM32\CRYPTBASE.dll
0x00007ffc3ba40000 - 0x00007ffc3ba6d000 	C:\WINDOWS\SYSTEM32\IPHLPAPI.DLL
0x00007ffc3dda0000 - 0x00007ffc3dda9000 	C:\WINDOWS\System32\NSI.dll
0x00007ffc34480000 - 0x00007ffc34499000 	C:\WINDOWS\SYSTEM32\dhcpcsvc6.DLL
0x00007ffc34460000 - 0x00007ffc3447f000 	C:\WINDOWS\SYSTEM32\dhcpcsvc.DLL
0x00007ffc3ba70000 - 0x00007ffc3bb69000 	C:\WINDOWS\SYSTEM32\DNSAPI.dll
0x00007ffbeef10000 - 0x00007ffbeef18000 	C:\WINDOWS\system32\wshunix.dll
0x00007ffc16b60000 - 0x00007ffc16b77000 	C:\WINDOWS\system32\napinsp.dll
0x00007ffc16b40000 - 0x00007ffc16b5b000 	C:\WINDOWS\system32\pnrpnsp.dll
0x00007ffc16b20000 - 0x00007ffc16b31000 	C:\WINDOWS\System32\winrnr.dll
0x00007ffbffcc0000 - 0x00007ffbffcd5000 	C:\WINDOWS\system32\wshbth.dll
0x00007ffc06790000 - 0x00007ffc067b1000 	C:\WINDOWS\system32\nlansp_c.dll
0x00000000669a0000 - 0x00000000669c6000 	C:\Program Files\Bonjour\mdnsNSP.dll
0x00007ffc2cbf0000 - 0x00007ffc2cbfa000 	C:\Windows\System32\rasadhlp.dll
0x00007ffc31800000 - 0x00007ffc31883000 	C:\WINDOWS\System32\fwpuclnt.dll
0x00007ffc37d40000 - 0x00007ffc37d47000 	C:\Program Files\Android\Android Studio\jbr\bin\rmi.dll
0x00007ffc3c000000 - 0x00007ffc3c034000 	C:\WINDOWS\SYSTEM32\ntmarta.dll

dbghelp: loaded successfully - version: 4.0.5 - missing functions: none
symbol engine: initialized successfully - sym options: 0x614 - pdb path: .;C:\Program Files\Android\Android Studio\jbr\bin;C:\WINDOWS\SYSTEM32;C:\WINDOWS\WinSxS\amd64_microsoft.windows.common-controls_6595b64144ccf1df_6.0.22621.2506_none_270c5ae97388e100;C:\Program Files\Android\Android Studio\jbr\bin\server;C:\Users\yk5fe\.gradle\native\68d5fa5c4cc2d200863cafc0d521ce42e7d3e7ee720ec0a83991735586a16f82\windows-amd64;C:\Users\yk5fe\.gradle\native\e376f236ea51e6404a007f0833ffe2c6e607c4080706a723a18a27aeea778392\windows-amd64;C:\Program Files\Bonjour

VM Arguments:
jvm_args: --add-opens=java.base/java.util=ALL-UNNAMED --add-opens=java.base/java.lang=ALL-UNNAMED --add-opens=java.base/java.lang.invoke=ALL-UNNAMED --add-opens=java.prefs/java.util.prefs=ALL-UNNAMED --add-opens=java.base/java.nio.charset=ALL-UNNAMED --add-opens=java.base/java.net=ALL-UNNAMED --add-opens=java.base/java.util.concurrent.atomic=ALL-UNNAMED -Xmx2048m -Dfile.encoding=UTF-8 -Duser.country=FR -Duser.language=fr -Duser.variant 
java_command: org.gradle.launcher.daemon.bootstrap.GradleDaemon 8.0
java_class_path (initial): C:\Users\yk5fe\.gradle\wrapper\dists\gradle-8.0-bin\ca5e32bp14vu59qr306oxotwh\gradle-8.0\lib\gradle-launcher-8.0.jar
Launcher Type: SUN_STANDARD

[Global flags]
     intx CICompilerCount                          = 4                                         {product} {ergonomic}
     uint ConcGCThreads                            = 2                                         {product} {ergonomic}
     uint G1ConcRefinementThreads                  = 8                                         {product} {ergonomic}
   size_t G1HeapRegionSize                         = 1048576                                   {product} {ergonomic}
    uintx GCDrainStackTargetSize                   = 64                                        {product} {ergonomic}
   size_t InitialHeapSize                          = 199229440                                 {product} {ergonomic}
   size_t MarkStackSize                            = 4194304                                   {product} {ergonomic}
   size_t MaxHeapSize                              = 2147483648                                {product} {command line}
   size_t MaxNewSize                               = 1287651328                                {product} {ergonomic}
   size_t MinHeapDeltaBytes                        = 1048576                                   {product} {ergonomic}
   size_t MinHeapSize                              = 8388608                                   {product} {ergonomic}
    uintx NonNMethodCodeHeapSize                   = 5839372                                {pd product} {ergonomic}
    uintx NonProfiledCodeHeapSize                  = 122909434                              {pd product} {ergonomic}
    uintx ProfiledCodeHeapSize                     = 122909434                              {pd product} {ergonomic}
    uintx ReservedCodeCacheSize                    = 251658240                              {pd product} {ergonomic}
     bool SegmentedCodeCache                       = true                                      {product} {ergonomic}
   size_t SoftMaxHeapSize                          = 2147483648                             {manageable} {ergonomic}
     bool UseCompressedClassPointers               = true                           {product lp64_product} {ergonomic}
     bool UseCompressedOops                        = true                           {product lp64_product} {ergonomic}
     bool UseG1GC                                  = true                                      {product} {ergonomic}
     bool UseLargePagesIndividualAllocation        = false                                  {pd product} {ergonomic}

Logging:
Log output configuration:
 #0: stdout all=warning uptime,level,tags
 #1: stderr all=off uptime,level,tags

Environment Variables:
JAVA_HOME=C:\Program Files\Java\jdk-20
PATH=C:\Program Files\Java\jdk-20\bin;C:\ADMINISTRATION\WINDOWS\bin;C:\Program Files\Common Files\Oracle\Java\javapath;C:\Program Files\Python310\Scripts\;C:\Program Files\Python310\;C:\WINDOWS\system32;C:\WINDOWS;C:\WINDOWS\System32\Wbem;C:\WINDOWS\System32\WindowsPowerShell\v1.0\;C:\WINDOWS\System32\OpenSSH\;C:\Program Files\Git\cmd;C:\Program Files\MySQL\MySQL Server 5.1\bin;C:\Users\yk5fe\AppData\Roaming\nvm;C:\Program Files\nodejs;C:\Program Files\nodejs\;C:\Users\yk5fe\AppData\Local\Microsoft\WindowsApps;C:\Users\yk5fe\AppData\Local\Programs\Microsoft VS Code\bin;C:\Program Files\Java\jdk-20\bin;C:\Users\yk5fe\AppData\Local\atom\bin;C:\Users\yk5fe\AppData\Local\GitHubDesktop\bin;C:\javafx-sdk-18\jdk-19_windows-x64_bin\jdk-19.0.2\bin;C:\Users\yk5fe\AppData\Local\Microsoft\WindowsApps;C:\Program Files\JetBrains\WebStorm 2023.1.1\bin;;C:\Users\yk5fe\AppData\Roaming\nvm;C:\Program Files\nodejs;C:\apache-tomcat-9.0.75\bin;C:\Users\yk5fe\OneDrive\Bureau\apache-zookeeper-3.7.1-bin\apache-zookeeper-3.7.1-bin\bin;C:\apache-maven-3.9.2-bin\apache-maven-3.9.2\bin;C:\Users\yk5fe\AppData\Roaming\TinyTeX\bin\windows;C:\Users\yk5fe\AppData\Roaming\npm;C:\Users\yk5fe\AppData\Local\Programs\Julia-1.9.3\bin;C:\Users\yk5fe\AppData\Roaming\Python\Python310\site-packages;F:\document_flutter\flutter\dart-sdk\bin;F:\document_flutter\flutter\bin;
USERNAME=yk5fe
OS=Windows_NT
PROCESSOR_IDENTIFIER=Intel64 Family 6 Model 140 Stepping 2, GenuineIntel
TMP=C:\Users\yk5fe\AppData\Local\Temp
TEMP=C:\Users\yk5fe\AppData\Local\Temp


JNI global refs:
JNI global refs: 27, weak refs: 0

JNI global refs memory usage: 843, weak refs: 841


---------------  S Y S T E M  ---------------

OS:
 Windows 11 , 64 bit Build 22621 (10.0.22621.2506)
OS uptime: 0 days 9:18 hours
Hyper-V role detected

CPU: total 8 (initial active 8) (4 cores per cpu, 2 threads per core) family 6 model 140 stepping 2 microcode 0x2c, cx8, cmov, fxsr, ht, mmx, 3dnowpref, sse, sse2, sse3, ssse3, sse4.1, sse4.2, popcnt, lzcnt, tsc, tscinvbit, avx, avx2, aes, erms, clmul, bmi1, bmi2, adx, avx512f, avx512dq, avx512cd, avx512bw, avx512vl, sha, fma, vzeroupper, avx512_vpopcntdq, avx512_vpclmulqdq, avx512_vaes, avx512_vnni, clflush, clflushopt, clwb, avx512_vbmi2, avx512_vbmi, hv

Memory: 4k page, system-wide physical 12037M (403M free)
TotalPageFile size 14437M (AvailPageFile size 3M)
current process WorkingSet (physical memory assigned to process): 592M, peak: 619M
current process commit charge ("private bytes"): 624M, peak: 652M

vm_info: OpenJDK 64-Bit Server VM (17.0.6+0-b2043.56-10027231) for windows-amd64 JRE (17.0.6+0-b2043.56-10027231), built on Apr 28 2023 00:43:19 by "androidbuild" with MS VC++ 16.10 / 16.11 (VS2019)

END.
