#
# There is insufficient memory for the Java Runtime Environment to continue.
# Native memory allocation (mmap) failed to map 115343360 bytes for G1 virtual space
# Possible reasons:
#   The system is out of physical RAM or swap space
#   The process is running with CompressedOops enabled, and the Java Heap may be blocking the growth of the native heap
# Possible solutions:
#   Reduce memory load on the system
#   Increase physical memory or swap space
#   Check if swap backing store is full
#   Decrease Java heap size (-Xmx/-Xms)
#   Decrease number of Java threads
#   Decrease Java thread stack sizes (-Xss)
#   Set larger code cache with -XX:ReservedCodeCacheSize=
#   JVM is running with Unscaled Compressed Oops mode in which the Java heap is
#     placed in the first 4GB address space. The Java Heap base address is the
#     maximum limit for the native heap growth. Please use -XX:HeapBaseMinAddress
#     to set the Java Heap base and to place the Java Heap above 4GB virtual address.
# This output file may be truncated or incomplete.
#
#  Out of Memory Error (os_windows.cpp:3769), pid=7060, tid=7632
#
# JRE version: OpenJDK Runtime Environment (17.0.6) (build 17.0.6+0-b2043.56-10027231)
# Java VM: OpenJDK 64-Bit Server VM (17.0.6+0-b2043.56-10027231, mixed mode, tiered, compressed oops, compressed class ptrs, g1 gc, windows-amd64)
# No core dump will be written. Minidumps are not enabled by default on client versions of Windows
#

---------------  S U M M A R Y ------------

Command Line: --add-opens=java.base/java.util=ALL-UNNAMED --add-opens=java.base/java.lang=ALL-UNNAMED --add-opens=java.base/java.lang.invoke=ALL-UNNAMED --add-opens=java.prefs/java.util.prefs=ALL-UNNAMED --add-opens=java.base/java.nio.charset=ALL-UNNAMED --add-opens=java.base/java.net=ALL-UNNAMED --add-opens=java.base/java.util.concurrent.atomic=ALL-UNNAMED -Xmx2048m -Dfile.encoding=UTF-8 -Duser.country=FR -Duser.language=fr -Duser.variant org.gradle.launcher.daemon.bootstrap.GradleDaemon 8.0

Host: 11th Gen Intel(R) Core(TM) i5-1155G7 @ 2.50GHz, 8 cores, 11G,  Windows 11 , 64 bit Build 22621 (10.0.22621.2506)
Time: Sat Nov  4 07:02:10 2023 Greenwich elapsed time: 14.396473 seconds (0d 0h 0m 14s)

---------------  T H R E A D  ---------------

Current thread (0x000002c92f0be4f0):  VMThread "VM Thread" [stack: 0x000000d016c00000,0x000000d016d00000] [id=7632]

Stack: [0x000000d016c00000,0x000000d016d00000]
Native frames: (J=compiled Java code, j=interpreted, Vv=VM code, C=native code)
V  [jvm.dll+0x683c9a]
V  [jvm.dll+0x8427a4]
V  [jvm.dll+0x843f9e]
V  [jvm.dll+0x844603]
V  [jvm.dll+0x249b75]
V  [jvm.dll+0x680b69]
V  [jvm.dll+0x67505a]
V  [jvm.dll+0x309acb]
V  [jvm.dll+0x310f86]
V  [jvm.dll+0x3608ee]
V  [jvm.dll+0x360b1f]
V  [jvm.dll+0x2dfbf8]
V  [jvm.dll+0x2ddec4]
V  [jvm.dll+0x2dd4cc]
V  [jvm.dll+0x321f3b]
V  [jvm.dll+0x848ccb]
V  [jvm.dll+0x849a04]
V  [jvm.dll+0x849f1d]
V  [jvm.dll+0x84a2f4]
V  [jvm.dll+0x84a3c0]
V  [jvm.dll+0x7f274a]
V  [jvm.dll+0x682ad5]
C  [ucrtbase.dll+0x29363]
C  [KERNEL32.DLL+0x1257d]
C  [ntdll.dll+0x5aa58]

VM_Operation (0x000000d018bfdce0): G1CollectForAllocation, mode: safepoint, requested by thread 0x000002c932135360


---------------  P R O C E S S  ---------------

Threads class SMR info:
_java_thread_list=0x000002c9327e5e60, length=138, elements={
0x000002c91521cdd0, 0x000002c92fc409c0, 0x000002c92fc41370, 0x000002c92fc843b0,
0x000002c92fc84d60, 0x000002c92fc85d20, 0x000002c92fc88cf0, 0x000002c92fc8d570,
0x000002c92fc95e80, 0x000002c92fc97f70, 0x000002c92fe02d60, 0x000002c92fe19bc0,
0x000002c93276db80, 0x000002c92fede8d0, 0x000002c931351020, 0x000002c9320d9040,
0x000002c932320270, 0x000002c930ca0a80, 0x000002c93046eac0, 0x000002c9321331b0,
0x000002c9321361d0, 0x000002c9321344f0, 0x000002c932135360, 0x000002c932132810,
0x000002c932135830, 0x000002c932e38ea0, 0x000002c932132ce0, 0x000002c932133680,
0x000002c932135d00, 0x000002c9321349c0, 0x000002c932134e90, 0x000002c932133b50,
0x000002c932134020, 0x000002c932df9b50, 0x000002c932dfe850, 0x000002c932dffb90,
0x000002c932dfa9c0, 0x000002c932dfd510, 0x000002c932dff6c0, 0x000002c932e00530,
0x000002c932dfc6a0, 0x000002c932e00ed0, 0x000002c932dfa4f0, 0x000002c932dfcb70,
0x000002c932dfb830, 0x000002c932dfae90, 0x000002c932dfb360, 0x000002c932dfd040,
0x000002c932dfc1d0, 0x000002c932dfd9e0, 0x000002c932dfdeb0, 0x000002c932dfe380,
0x000002c93534efc0, 0x000002c9353507d0, 0x000002c935351b10, 0x000002c935353cc0,
0x000002c935351fe0, 0x000002c93534c940, 0x000002c93534eaf0, 0x000002c93534d7b0,
0x000002c935354190, 0x000002c93534d2e0, 0x000002c935350300, 0x000002c935351640,
0x000002c93534dc80, 0x000002c93534f490, 0x000002c93534e150, 0x000002c935352e50,
0x000002c93534e620, 0x000002c93534f960, 0x000002c93534fe30, 0x000002c935353320,
0x000002c9353537f0, 0x000002c935350ca0, 0x000002c93534ce10, 0x000002c935351170,
0x000002c9353524b0, 0x000002c935352980, 0x000002c935713800, 0x000002c935712e60,
0x000002c9357124c0, 0x000002c935718500, 0x000002c9357159b0, 0x000002c935712990,
0x000002c9357141a0, 0x000002c935713330, 0x000002c9357189d0, 0x000002c935714b40,
0x000002c935713cd0, 0x000002c935714670, 0x000002c935711ff0, 0x000002c935718ea0,
0x000002c935715010, 0x000002c935719370, 0x000002c935715e80, 0x000002c9357154e0,
0x000002c935716350, 0x000002c935716820, 0x000002c935719840, 0x000002c935716cf0,
0x000002c9357171c0, 0x000002c935717690, 0x000002c935718030, 0x000002c935717b60,
0x000002c934f7fb00, 0x000002c934f81cb0, 0x000002c934f84cd0, 0x000002c934f80970,
0x000002c934f84800, 0x000002c934f804a0, 0x000002c934f80e40, 0x000002c934f81310,
0x000002c934f817e0, 0x000002c934f851a0, 0x000002c934f864e0, 0x000002c934f82b20,
0x000002c934f82ff0, 0x000002c934f834c0, 0x000002c934f869b0, 0x000002c934f82180,
0x000002c934f83990, 0x000002c934f85670, 0x000002c934f7ffd0, 0x000002c934f82650,
0x000002c934f83e60, 0x000002c934f86e80, 0x000002c934f84330, 0x000002c934f85b40,
0x000002c934f86010, 0x000002c935ac1550, 0x000002c935ac1a20, 0x000002c935ac4f10,
0x000002c935ac53e0, 0x000002c935ac2d60, 0x000002c935ac3700, 0x000002c935ac70c0,
0x000002c935ac0bb0, 0x000002c935ac58b0
}

Java Threads: ( => current thread )
  0x000002c91521cdd0 JavaThread "main" [_thread_blocked, id=6692, stack(0x000000d016600000,0x000000d016700000)]
  0x000002c92fc409c0 JavaThread "Reference Handler" daemon [_thread_blocked, id=14160, stack(0x000000d016d00000,0x000000d016e00000)]
  0x000002c92fc41370 JavaThread "Finalizer" daemon [_thread_blocked, id=1096, stack(0x000000d016e00000,0x000000d016f00000)]
  0x000002c92fc843b0 JavaThread "Signal Dispatcher" daemon [_thread_blocked, id=8836, stack(0x000000d016f00000,0x000000d017000000)]
  0x000002c92fc84d60 JavaThread "Attach Listener" daemon [_thread_blocked, id=9240, stack(0x000000d017000000,0x000000d017100000)]
  0x000002c92fc85d20 JavaThread "Service Thread" daemon [_thread_blocked, id=1560, stack(0x000000d017100000,0x000000d017200000)]
  0x000002c92fc88cf0 JavaThread "Monitor Deflation Thread" daemon [_thread_blocked, id=12792, stack(0x000000d017200000,0x000000d017300000)]
  0x000002c92fc8d570 JavaThread "C2 CompilerThread0" daemon [_thread_blocked, id=12816, stack(0x000000d017300000,0x000000d017400000)]
  0x000002c92fc95e80 JavaThread "C1 CompilerThread0" daemon [_thread_blocked, id=1212, stack(0x000000d017400000,0x000000d017500000)]
  0x000002c92fc97f70 JavaThread "Sweeper thread" daemon [_thread_blocked, id=4008, stack(0x000000d017500000,0x000000d017600000)]
  0x000002c92fe02d60 JavaThread "Common-Cleaner" daemon [_thread_blocked, id=10076, stack(0x000000d017600000,0x000000d017700000)]
  0x000002c92fe19bc0 JavaThread "Notification Thread" daemon [_thread_blocked, id=10740, stack(0x000000d017700000,0x000000d017800000)]
  0x000002c93276db80 JavaThread "Daemon health stats" [_thread_blocked, id=9152, stack(0x000000d017f00000,0x000000d018000000)]
  0x000002c92fede8d0 JavaThread "Incoming local TCP Connector on port 53474" [_thread_in_native, id=2964, stack(0x000000d017900000,0x000000d017a00000)]
  0x000002c931351020 JavaThread "Daemon periodic checks" [_thread_blocked, id=1516, stack(0x000000d017e00000,0x000000d017f00000)]
  0x000002c9320d9040 JavaThread "Daemon" [_thread_blocked, id=9644, stack(0x000000d018000000,0x000000d018100000)]
  0x000002c932320270 JavaThread "Handler for socket connection from /127.0.0.1:53474 to /127.0.0.1:53475" [_thread_in_native, id=3504, stack(0x000000d018100000,0x000000d018200000)]
  0x000002c930ca0a80 JavaThread "Cancel handler" [_thread_blocked, id=4700, stack(0x000000d018200000,0x000000d018300000)]
  0x000002c93046eac0 JavaThread "Daemon worker" [_thread_blocked, id=8460, stack(0x000000d018300000,0x000000d018400000)]
  0x000002c9321331b0 JavaThread "Asynchronous log dispatcher for DefaultDaemonConnection: socket connection from /127.0.0.1:53474 to /127.0.0.1:53475" [_thread_blocked, id=9664, stack(0x000000d018400000,0x000000d018500000)]
  0x000002c9321361d0 JavaThread "Stdin handler" [_thread_blocked, id=10452, stack(0x000000d018500000,0x000000d018600000)]
  0x000002c9321344f0 JavaThread "Daemon client event forwarder" [_thread_blocked, id=14120, stack(0x000000d018600000,0x000000d018700000)]
  0x000002c932135360 JavaThread "Cache worker for journal cache (C:\Users\yk5fe\.gradle\caches\journal-1)" [_thread_blocked, id=1444, stack(0x000000d018b00000,0x000000d018c00000)]
  0x000002c932132810 JavaThread "File lock request listener" [_thread_in_native, id=11964, stack(0x000000d018c00000,0x000000d018d00000)]
  0x000002c932135830 JavaThread "Cache worker for file hash cache (C:\Users\yk5fe\.gradle\caches\8.0\fileHashes)" [_thread_blocked, id=9828, stack(0x000000d018d00000,0x000000d018e00000)]
  0x000002c932e38ea0 JavaThread "C2 CompilerThread1" daemon [_thread_in_native, id=1228, stack(0x000000d018e00000,0x000000d018f00000)]
  0x000002c932132ce0 JavaThread "File watcher server" daemon [_thread_blocked, id=7040, stack(0x000000d019000000,0x000000d019100000)]
  0x000002c932133680 JavaThread "File watcher consumer" daemon [_thread_blocked, id=14188, stack(0x000000d019100000,0x000000d019200000)]
  0x000002c932135d00 JavaThread "Cache worker for checksums cache (C:\Users\yk5fe\AndroidStudioProjects\test\.gradle\8.0\checksums)" [_thread_blocked, id=3700, stack(0x000000d019200000,0x000000d019300000)]
  0x000002c9321349c0 JavaThread "Cache worker for cache directory md-rule (C:\Users\yk5fe\.gradle\caches\8.0\md-rule)" [_thread_blocked, id=14216, stack(0x000000d019300000,0x000000d019400000)]
  0x000002c932134e90 JavaThread "Cache worker for file content cache (C:\Users\yk5fe\.gradle\caches\8.0\fileContent)" [_thread_blocked, id=13328, stack(0x000000d019400000,0x000000d019500000)]
  0x000002c932133b50 JavaThread "Cache worker for file hash cache (C:\Users\yk5fe\AndroidStudioProjects\test\.gradle\8.0\fileHashes)" [_thread_blocked, id=12920, stack(0x000000d019500000,0x000000d019600000)]
  0x000002c932134020 JavaThread "Cache worker for cache directory md-supplier (C:\Users\yk5fe\.gradle\caches\8.0\md-supplier)" [_thread_blocked, id=7684, stack(0x000000d019600000,0x000000d019700000)]
  0x000002c932df9b50 JavaThread "Cache worker for execution history cache (C:\Users\yk5fe\.gradle\caches\8.0\executionHistory)" [_thread_blocked, id=1964, stack(0x000000d018f00000,0x000000d019000000)]
  0x000002c932dfe850 JavaThread "jar transforms" [_thread_blocked, id=12020, stack(0x000000d019700000,0x000000d019800000)]
  0x000002c932dffb90 JavaThread "jar transforms Thread 2" [_thread_blocked, id=12316, stack(0x000000d019900000,0x000000d019a00000)]
  0x000002c932dfa9c0 JavaThread "Cache worker for kotlin-dsl (C:\Users\yk5fe\.gradle\caches\8.0\kotlin-dsl)" [_thread_blocked, id=700, stack(0x000000d019b00000,0x000000d019c00000)]
  0x000002c932dfd510 JavaThread "jar transforms Thread 3" [_thread_blocked, id=6380, stack(0x000000d019c00000,0x000000d019d00000)]
  0x000002c932dff6c0 JavaThread "jar transforms Thread 4" [_thread_blocked, id=6080, stack(0x000000d019d00000,0x000000d019e00000)]
  0x000002c932e00530 JavaThread "Cache worker for dependencies-accessors (C:\Users\yk5fe\AndroidStudioProjects\test\.gradle\8.0\dependencies-accessors)" [_thread_blocked, id=11756, stack(0x000000d019e00000,0x000000d019f00000)]
  0x000002c932dfc6a0 JavaThread "Cache worker for Build Output Cleanup Cache (C:\Users\yk5fe\AndroidStudioProjects\test\.gradle\buildOutputCleanup)" [_thread_blocked, id=10460, stack(0x000000d019f00000,0x000000d01a000000)]
  0x000002c932e00ed0 JavaThread "jar transforms Thread 5" [_thread_blocked, id=3448, stack(0x000000d01a000000,0x000000d01a100000)]
  0x000002c932dfa4f0 JavaThread "Unconstrained build operations" [_thread_blocked, id=11176, stack(0x000000d01a100000,0x000000d01a200000)]
  0x000002c932dfcb70 JavaThread "Unconstrained build operations Thread 2" [_thread_blocked, id=8260, stack(0x000000d01a200000,0x000000d01a300000)]
  0x000002c932dfb830 JavaThread "Unconstrained build operations Thread 3" [_thread_blocked, id=12012, stack(0x000000d01a300000,0x000000d01a400000)]
  0x000002c932dfae90 JavaThread "Unconstrained build operations Thread 4" [_thread_blocked, id=2492, stack(0x000000d01a400000,0x000000d01a500000)]
  0x000002c932dfb360 JavaThread "Unconstrained build operations Thread 5" [_thread_blocked, id=13600, stack(0x000000d01a500000,0x000000d01a600000)]
  0x000002c932dfd040 JavaThread "Unconstrained build operations Thread 6" [_thread_blocked, id=1568, stack(0x000000d01a600000,0x000000d01a700000)]
  0x000002c932dfc1d0 JavaThread "Unconstrained build operations Thread 7" [_thread_blocked, id=12344, stack(0x000000d01a700000,0x000000d01a800000)]
  0x000002c932dfd9e0 JavaThread "Unconstrained build operations Thread 8" [_thread_blocked, id=9616, stack(0x000000d01a800000,0x000000d01a900000)]
  0x000002c932dfdeb0 JavaThread "Unconstrained build operations Thread 9" [_thread_blocked, id=12064, stack(0x000000d01a900000,0x000000d01aa00000)]
  0x000002c932dfe380 JavaThread "Unconstrained build operations Thread 10" [_thread_blocked, id=11800, stack(0x000000d01aa00000,0x000000d01ab00000)]
  0x000002c93534efc0 JavaThread "Unconstrained build operations Thread 11" [_thread_blocked, id=13820, stack(0x000000d01ab00000,0x000000d01ac00000)]
  0x000002c9353507d0 JavaThread "Unconstrained build operations Thread 12" [_thread_blocked, id=7952, stack(0x000000d01ac00000,0x000000d01ad00000)]
  0x000002c935351b10 JavaThread "Unconstrained build operations Thread 13" [_thread_blocked, id=1420, stack(0x000000d01ad00000,0x000000d01ae00000)]
  0x000002c935353cc0 JavaThread "Unconstrained build operations Thread 14" [_thread_blocked, id=13868, stack(0x000000d01ae00000,0x000000d01af00000)]
  0x000002c935351fe0 JavaThread "Unconstrained build operations Thread 15" [_thread_blocked, id=13428, stack(0x000000d01af00000,0x000000d01b000000)]
  0x000002c93534c940 JavaThread "Unconstrained build operations Thread 16" [_thread_blocked, id=6632, stack(0x000000d01b000000,0x000000d01b100000)]
  0x000002c93534eaf0 JavaThread "Unconstrained build operations Thread 17" [_thread_blocked, id=4216, stack(0x000000d01b100000,0x000000d01b200000)]
  0x000002c93534d7b0 JavaThread "Unconstrained build operations Thread 18" [_thread_blocked, id=13784, stack(0x000000d01b200000,0x000000d01b300000)]
  0x000002c935354190 JavaThread "Unconstrained build operations Thread 19" [_thread_blocked, id=6400, stack(0x000000d01b300000,0x000000d01b400000)]
  0x000002c93534d2e0 JavaThread "Unconstrained build operations Thread 20" [_thread_blocked, id=13456, stack(0x000000d01b400000,0x000000d01b500000)]
  0x000002c935350300 JavaThread "Unconstrained build operations Thread 21" [_thread_blocked, id=10236, stack(0x000000d01b500000,0x000000d01b600000)]
  0x000002c935351640 JavaThread "Unconstrained build operations Thread 22" [_thread_blocked, id=10804, stack(0x000000d01b600000,0x000000d01b700000)]
  0x000002c93534dc80 JavaThread "Unconstrained build operations Thread 23" [_thread_blocked, id=10000, stack(0x000000d01b700000,0x000000d01b800000)]
  0x000002c93534f490 JavaThread "Unconstrained build operations Thread 24" [_thread_blocked, id=12280, stack(0x000000d01b800000,0x000000d01b900000)]
  0x000002c93534e150 JavaThread "Unconstrained build operations Thread 25" [_thread_blocked, id=3132, stack(0x000000d01b900000,0x000000d01ba00000)]
  0x000002c935352e50 JavaThread "Unconstrained build operations Thread 26" [_thread_blocked, id=13836, stack(0x000000d01ba00000,0x000000d01bb00000)]
  0x000002c93534e620 JavaThread "Unconstrained build operations Thread 27" [_thread_blocked, id=4820, stack(0x000000d01bb00000,0x000000d01bc00000)]
  0x000002c93534f960 JavaThread "Unconstrained build operations Thread 28" [_thread_blocked, id=2884, stack(0x000000d01bc00000,0x000000d01bd00000)]
  0x000002c93534fe30 JavaThread "Unconstrained build operations Thread 29" [_thread_blocked, id=7932, stack(0x000000d01bd00000,0x000000d01be00000)]
  0x000002c935353320 JavaThread "Unconstrained build operations Thread 30" [_thread_blocked, id=12768, stack(0x000000d01be00000,0x000000d01bf00000)]
  0x000002c9353537f0 JavaThread "Unconstrained build operations Thread 31" [_thread_blocked, id=13972, stack(0x000000d01bf00000,0x000000d01c000000)]
  0x000002c935350ca0 JavaThread "Unconstrained build operations Thread 32" [_thread_blocked, id=14228, stack(0x000000d01c000000,0x000000d01c100000)]
  0x000002c93534ce10 JavaThread "Unconstrained build operations Thread 33" [_thread_blocked, id=8148, stack(0x000000d01c100000,0x000000d01c200000)]
  0x000002c935351170 JavaThread "Unconstrained build operations Thread 34" [_thread_blocked, id=11852, stack(0x000000d01c200000,0x000000d01c300000)]
  0x000002c9353524b0 JavaThread "Unconstrained build operations Thread 35" [_thread_blocked, id=1624, stack(0x000000d01c300000,0x000000d01c400000)]
  0x000002c935352980 JavaThread "Unconstrained build operations Thread 36" [_thread_blocked, id=2660, stack(0x000000d01c400000,0x000000d01c500000)]
  0x000002c935713800 JavaThread "Unconstrained build operations Thread 37" [_thread_blocked, id=5368, stack(0x000000d01c500000,0x000000d01c600000)]
  0x000002c935712e60 JavaThread "Unconstrained build operations Thread 38" [_thread_blocked, id=12492, stack(0x000000d01c600000,0x000000d01c700000)]
  0x000002c9357124c0 JavaThread "Unconstrained build operations Thread 39" [_thread_blocked, id=12632, stack(0x000000d01c700000,0x000000d01c800000)]
  0x000002c935718500 JavaThread "Unconstrained build operations Thread 40" [_thread_blocked, id=5484, stack(0x000000d01c800000,0x000000d01c900000)]
  0x000002c9357159b0 JavaThread "Unconstrained build operations Thread 41" [_thread_blocked, id=13992, stack(0x000000d01c900000,0x000000d01ca00000)]
  0x000002c935712990 JavaThread "Unconstrained build operations Thread 42" [_thread_blocked, id=12948, stack(0x000000d01ca00000,0x000000d01cb00000)]
  0x000002c9357141a0 JavaThread "Unconstrained build operations Thread 43" [_thread_blocked, id=3048, stack(0x000000d01cb00000,0x000000d01cc00000)]
  0x000002c935713330 JavaThread "Unconstrained build operations Thread 44" [_thread_blocked, id=11976, stack(0x000000d01cc00000,0x000000d01cd00000)]
  0x000002c9357189d0 JavaThread "Unconstrained build operations Thread 45" [_thread_blocked, id=11636, stack(0x000000d01cd00000,0x000000d01ce00000)]
  0x000002c935714b40 JavaThread "Unconstrained build operations Thread 46" [_thread_blocked, id=7992, stack(0x000000d01ce00000,0x000000d01cf00000)]
  0x000002c935713cd0 JavaThread "Unconstrained build operations Thread 47" [_thread_blocked, id=11972, stack(0x000000d01cf00000,0x000000d01d000000)]
  0x000002c935714670 JavaThread "Unconstrained build operations Thread 48" [_thread_blocked, id=1692, stack(0x000000d01d000000,0x000000d01d100000)]
  0x000002c935711ff0 JavaThread "Unconstrained build operations Thread 49" [_thread_blocked, id=1820, stack(0x000000d01d100000,0x000000d01d200000)]
  0x000002c935718ea0 JavaThread "Unconstrained build operations Thread 50" [_thread_blocked, id=9228, stack(0x000000d01d200000,0x000000d01d300000)]
  0x000002c935715010 JavaThread "Unconstrained build operations Thread 51" [_thread_blocked, id=14156, stack(0x000000d01d300000,0x000000d01d400000)]
  0x000002c935719370 JavaThread "Unconstrained build operations Thread 52" [_thread_blocked, id=12744, stack(0x000000d01d400000,0x000000d01d500000)]
  0x000002c935715e80 JavaThread "Unconstrained build operations Thread 53" [_thread_blocked, id=13884, stack(0x000000d01d500000,0x000000d01d600000)]
  0x000002c9357154e0 JavaThread "Unconstrained build operations Thread 54" [_thread_blocked, id=8564, stack(0x000000d01d600000,0x000000d01d700000)]
  0x000002c935716350 JavaThread "Unconstrained build operations Thread 55" [_thread_blocked, id=9108, stack(0x000000d01d700000,0x000000d01d800000)]
  0x000002c935716820 JavaThread "Unconstrained build operations Thread 56" [_thread_blocked, id=1708, stack(0x000000d01d800000,0x000000d01d900000)]
  0x000002c935719840 JavaThread "Unconstrained build operations Thread 57" [_thread_blocked, id=7908, stack(0x000000d01d900000,0x000000d01da00000)]
  0x000002c935716cf0 JavaThread "Unconstrained build operations Thread 58" [_thread_blocked, id=4396, stack(0x000000d01da00000,0x000000d01db00000)]
  0x000002c9357171c0 JavaThread "Unconstrained build operations Thread 59" [_thread_blocked, id=11380, stack(0x000000d01db00000,0x000000d01dc00000)]
  0x000002c935717690 JavaThread "Unconstrained build operations Thread 60" [_thread_blocked, id=4524, stack(0x000000d01dc00000,0x000000d01dd00000)]
  0x000002c935718030 JavaThread "Unconstrained build operations Thread 61" [_thread_blocked, id=828, stack(0x000000d01dd00000,0x000000d01de00000)]
  0x000002c935717b60 JavaThread "Unconstrained build operations Thread 62" [_thread_blocked, id=8508, stack(0x000000d01de00000,0x000000d01df00000)]
  0x000002c934f7fb00 JavaThread "Unconstrained build operations Thread 63" [_thread_blocked, id=13540, stack(0x000000d01df00000,0x000000d01e000000)]
  0x000002c934f81cb0 JavaThread "Unconstrained build operations Thread 64" [_thread_blocked, id=3592, stack(0x000000d01e000000,0x000000d01e100000)]
  0x000002c934f84cd0 JavaThread "Unconstrained build operations Thread 65" [_thread_blocked, id=10284, stack(0x000000d01e100000,0x000000d01e200000)]
  0x000002c934f80970 JavaThread "Unconstrained build operations Thread 66" [_thread_blocked, id=4884, stack(0x000000d01e200000,0x000000d01e300000)]
  0x000002c934f84800 JavaThread "Unconstrained build operations Thread 67" [_thread_blocked, id=6932, stack(0x000000d01e300000,0x000000d01e400000)]
  0x000002c934f804a0 JavaThread "Unconstrained build operations Thread 68" [_thread_blocked, id=14136, stack(0x000000d01e400000,0x000000d01e500000)]
  0x000002c934f80e40 JavaThread "Unconstrained build operations Thread 69" [_thread_blocked, id=10168, stack(0x000000d01e500000,0x000000d01e600000)]
  0x000002c934f81310 JavaThread "Unconstrained build operations Thread 70" [_thread_blocked, id=1952, stack(0x000000d01e600000,0x000000d01e700000)]
  0x000002c934f817e0 JavaThread "Unconstrained build operations Thread 71" [_thread_blocked, id=8464, stack(0x000000d01e700000,0x000000d01e800000)]
  0x000002c934f851a0 JavaThread "Unconstrained build operations Thread 72" [_thread_blocked, id=10024, stack(0x000000d01e800000,0x000000d01e900000)]
  0x000002c934f864e0 JavaThread "Unconstrained build operations Thread 73" [_thread_blocked, id=7304, stack(0x000000d01e900000,0x000000d01ea00000)]
  0x000002c934f82b20 JavaThread "Unconstrained build operations Thread 74" [_thread_blocked, id=9996, stack(0x000000d01ea00000,0x000000d01eb00000)]
  0x000002c934f82ff0 JavaThread "Unconstrained build operations Thread 75" [_thread_blocked, id=8084, stack(0x000000d01eb00000,0x000000d01ec00000)]
  0x000002c934f834c0 JavaThread "Unconstrained build operations Thread 76" [_thread_blocked, id=12244, stack(0x000000d01ec00000,0x000000d01ed00000)]
  0x000002c934f869b0 JavaThread "Unconstrained build operations Thread 77" [_thread_blocked, id=7352, stack(0x000000d01ed00000,0x000000d01ee00000)]
  0x000002c934f82180 JavaThread "Unconstrained build operations Thread 78" [_thread_blocked, id=4180, stack(0x000000d01ee00000,0x000000d01ef00000)]
  0x000002c934f83990 JavaThread "Unconstrained build operations Thread 79" [_thread_blocked, id=14000, stack(0x000000d01ef00000,0x000000d01f000000)]
  0x000002c934f85670 JavaThread "Unconstrained build operations Thread 80" [_thread_blocked, id=3696, stack(0x000000d01f000000,0x000000d01f100000)]
  0x000002c934f7ffd0 JavaThread "jar transforms Thread 6" [_thread_blocked, id=10192, stack(0x000000d01f100000,0x000000d01f200000)]
  0x000002c934f82650 JavaThread "jar transforms Thread 7" [_thread_blocked, id=8604, stack(0x000000d01f200000,0x000000d01f300000)]
  0x000002c934f83e60 JavaThread "jar transforms Thread 8" [_thread_blocked, id=12852, stack(0x000000d01f300000,0x000000d01f400000)]
  0x000002c934f86e80 JavaThread "build event listener" [_thread_blocked, id=4204, stack(0x000000d01f400000,0x000000d01f500000)]
  0x000002c934f84330 JavaThread "Memory manager" [_thread_blocked, id=1628, stack(0x000000d01f500000,0x000000d01f600000)]
  0x000002c934f85b40 JavaThread "build event listener" [_thread_blocked, id=9676, stack(0x000000d01f600000,0x000000d01f700000)]
  0x000002c934f86010 JavaThread "build event listener" [_thread_blocked, id=14080, stack(0x000000d01f700000,0x000000d01f800000)]
  0x000002c935ac1550 JavaThread "included builds" [_thread_blocked, id=8752, stack(0x000000d019800000,0x000000d019900000)]
  0x000002c935ac1a20 JavaThread "Execution worker" [_thread_blocked, id=3604, stack(0x000000d01f800000,0x000000d01f900000)]
  0x000002c935ac4f10 JavaThread "Execution worker Thread 2" [_thread_blocked, id=10704, stack(0x000000d01f900000,0x000000d01fa00000)]
  0x000002c935ac53e0 JavaThread "Execution worker Thread 3" [_thread_blocked, id=13772, stack(0x000000d01fa00000,0x000000d01fb00000)]
  0x000002c935ac2d60 JavaThread "Execution worker Thread 4" [_thread_blocked, id=2036, stack(0x000000d01fb00000,0x000000d01fc00000)]
  0x000002c935ac3700 JavaThread "Execution worker Thread 5" [_thread_blocked, id=12368, stack(0x000000d01fc00000,0x000000d01fd00000)]
  0x000002c935ac70c0 JavaThread "Execution worker Thread 6" [_thread_blocked, id=14220, stack(0x000000d01fd00000,0x000000d01fe00000)]
  0x000002c935ac0bb0 JavaThread "Execution worker Thread 7" [_thread_blocked, id=14072, stack(0x000000d01fe00000,0x000000d01ff00000)]
  0x000002c935ac58b0 JavaThread "Cache worker for execution history cache (C:\Users\yk5fe\AndroidStudioProjects\test\.gradle\8.0\executionHistory)" [_thread_blocked, id=10148, stack(0x000000d01ff00000,0x000000d020000000)]

Other Threads:
=>0x000002c92f0be4f0 VMThread "VM Thread" [stack: 0x000000d016c00000,0x000000d016d00000] [id=7632]
  0x000002c92fe03230 WatcherThread [stack: 0x000000d017800000,0x000000d017900000] [id=5432]
  0x000002c915278710 GCTaskThread "GC Thread#0" [stack: 0x000000d016700000,0x000000d016800000] [id=9284]
  0x000002c930930cb0 GCTaskThread "GC Thread#1" [stack: 0x000000d017a00000,0x000000d017b00000] [id=5148]
  0x000002c930c7a0a0 GCTaskThread "GC Thread#2" [stack: 0x000000d017b00000,0x000000d017c00000] [id=10944]
  0x000002c930c7a350 GCTaskThread "GC Thread#3" [stack: 0x000000d017c00000,0x000000d017d00000] [id=3784]
  0x000002c93057f0a0 GCTaskThread "GC Thread#4" [stack: 0x000000d017d00000,0x000000d017e00000] [id=8176]
  0x000002c9310f8030 GCTaskThread "GC Thread#5" [stack: 0x000000d018700000,0x000000d018800000] [id=11760]
  0x000002c93046f310 GCTaskThread "GC Thread#6" [stack: 0x000000d018800000,0x000000d018900000] [id=11120]
  0x000002c932a918c0 GCTaskThread "GC Thread#7" [stack: 0x000000d018900000,0x000000d018a00000] [id=12784]
  0x000002c915289cf0 ConcurrentGCThread "G1 Main Marker" [stack: 0x000000d016800000,0x000000d016900000] [id=13740]
  0x000002c91528a600 ConcurrentGCThread "G1 Conc#0" [stack: 0x000000d016900000,0x000000d016a00000] [id=11628]
  0x000002c9310f43d0 ConcurrentGCThread "G1 Conc#1" [stack: 0x000000d018a00000,0x000000d018b00000] [id=9060]
  0x000002c92ef48250 ConcurrentGCThread "G1 Refine#0" [stack: 0x000000d016a00000,0x000000d016b00000] [id=13596]
  0x000002c9328f6d50 ConcurrentGCThread "G1 Refine#1" [stack: 0x000000d019a00000,0x000000d019b00000] [id=4420]
  0x000002c92ef48920 ConcurrentGCThread "G1 Service" [stack: 0x000000d016b00000,0x000000d016c00000] [id=13612]

Threads with active compile tasks:
C2 CompilerThread0    14419 10298       4       org.gradle.cache.internal.btree.FreeListBlockStore::read (12 bytes)
C1 CompilerThread0    14419 10524       2       java.util.IdentityHashMap::put (137 bytes)
C2 CompilerThread1    14419 10302       4       org.gradle.cache.internal.btree.CachingBlockStore::read (56 bytes)

VM state: at safepoint (normal execution)

VM Mutex/Monitor currently owned by a thread:  ([mutex/lock_event])
[0x000002c915218b40] Threads_lock - owner thread: 0x000002c92f0be4f0
[0x000002c915218900] Heap_lock - owner thread: 0x000002c932135360

Heap address: 0x0000000080000000, size: 2048 MB, Compressed Oops mode: 32-bit

CDS archive(s) not mapped
Compressed class space mapped at: 0x0000000100000000-0x0000000140000000, reserved size: 1073741824
Narrow klass base: 0x0000000000000000, Narrow klass shift: 3, Narrow klass range: 0x140000000

GC Precious Log:
 CPUs: 8 total, 8 available
 Memory: 12037M
 Large Page Support: Disabled
 NUMA Support: Disabled
 Compressed Oops: Enabled (32-bit)
 Heap Region Size: 1M
 Heap Min Capacity: 8M
 Heap Initial Capacity: 190M
 Heap Max Capacity: 2G
 Pre-touch: Disabled
 Parallel Workers: 8
 Concurrent Workers: 2
 Concurrent Refinement Workers: 8
 Periodic GC: Disabled

Heap:
 garbage-first heap   total 194560K, used 90680K [0x0000000080000000, 0x0000000100000000)
  region size 1024K, 3 young (3072K), 3 survivors (3072K)
 Metaspace       used 95898K, committed 96576K, reserved 1138688K
  class space    used 13223K, committed 13568K, reserved 1048576K

Heap Regions: E=young(eden), S=young(survivor), O=old, HS=humongous(starts), HC=humongous(continues), CS=collection set, F=free, OA=open archive, CA=closed archive, TAMS=top-at-mark-start (previous, next)
|   0|0x0000000080000000, 0x0000000080100000, 0x0000000080100000|100%|HS|  |TAMS 0x0000000080100000, 0x0000000080000000| Complete 
|   1|0x0000000080100000, 0x0000000080200000, 0x0000000080200000|100%|HC|  |TAMS 0x0000000080200000, 0x0000000080100000| Complete 
|   2|0x0000000080200000, 0x0000000080300000, 0x0000000080300000|100%|HC|  |TAMS 0x0000000080300000, 0x0000000080200000| Complete 
|   3|0x0000000080300000, 0x0000000080400000, 0x0000000080400000|100%|HC|  |TAMS 0x0000000080400000, 0x0000000080300000| Complete 
|   4|0x0000000080400000, 0x0000000080500000, 0x0000000080500000|100%| O|  |TAMS 0x0000000080500000, 0x0000000080400000| Untracked 
|   5|0x0000000080500000, 0x0000000080600000, 0x0000000080600000|100%| O|  |TAMS 0x0000000080600000, 0x0000000080500000| Untracked 
|   6|0x0000000080600000, 0x0000000080700000, 0x0000000080700000|100%| O|  |TAMS 0x0000000080700000, 0x0000000080600000| Untracked 
|   7|0x0000000080700000, 0x0000000080800000, 0x0000000080800000|100%| O|  |TAMS 0x0000000080800000, 0x0000000080700000| Untracked 
|   8|0x0000000080800000, 0x0000000080900000, 0x0000000080900000|100%| O|  |TAMS 0x0000000080900000, 0x0000000080800000| Untracked 
|   9|0x0000000080900000, 0x0000000080a00000, 0x0000000080a00000|100%| O|  |TAMS 0x0000000080a00000, 0x0000000080900000| Untracked 
|  10|0x0000000080a00000, 0x0000000080b00000, 0x0000000080b00000|100%| O|  |TAMS 0x0000000080b00000, 0x0000000080a00000| Untracked 
|  11|0x0000000080b00000, 0x0000000080c00000, 0x0000000080c00000|100%| O|  |TAMS 0x0000000080c00000, 0x0000000080b00000| Untracked 
|  12|0x0000000080c00000, 0x0000000080d00000, 0x0000000080d00000|100%| O|  |TAMS 0x0000000080d00000, 0x0000000080c00000| Untracked 
|  13|0x0000000080d00000, 0x0000000080e00000, 0x0000000080e00000|100%| O|  |TAMS 0x0000000080e00000, 0x0000000080d00000| Untracked 
|  14|0x0000000080e00000, 0x0000000080f00000, 0x0000000080f00000|100%| O|  |TAMS 0x0000000080f00000, 0x0000000080e00000| Untracked 
|  15|0x0000000080f00000, 0x0000000081000000, 0x0000000081000000|100%| O|  |TAMS 0x0000000081000000, 0x0000000080f00000| Untracked 
|  16|0x0000000081000000, 0x0000000081100000, 0x0000000081100000|100%| O|  |TAMS 0x0000000081100000, 0x0000000081000000| Untracked 
|  17|0x0000000081100000, 0x0000000081200000, 0x0000000081200000|100%| O|  |TAMS 0x0000000081200000, 0x0000000081100000| Untracked 
|  18|0x0000000081200000, 0x0000000081300000, 0x0000000081300000|100%| O|  |TAMS 0x0000000081300000, 0x0000000081200000| Untracked 
|  19|0x0000000081300000, 0x0000000081400000, 0x0000000081400000|100%| O|  |TAMS 0x0000000081400000, 0x0000000081300000| Untracked 
|  20|0x0000000081400000, 0x0000000081500000, 0x0000000081500000|100%| O|  |TAMS 0x0000000081500000, 0x0000000081400000| Untracked 
|  21|0x0000000081500000, 0x0000000081600000, 0x0000000081600000|100%| O|  |TAMS 0x0000000081600000, 0x0000000081500000| Untracked 
|  22|0x0000000081600000, 0x0000000081700000, 0x0000000081700000|100%| O|  |TAMS 0x0000000081700000, 0x0000000081600000| Untracked 
|  23|0x0000000081700000, 0x0000000081800000, 0x0000000081800000|100%| O|  |TAMS 0x0000000081700000, 0x0000000081700000| Untracked 
|  24|0x0000000081800000, 0x0000000081900000, 0x0000000081900000|100%| O|  |TAMS 0x0000000081900000, 0x0000000081800000| Untracked 
|  25|0x0000000081900000, 0x0000000081a00000, 0x0000000081a00000|100%| O|  |TAMS 0x0000000081a00000, 0x0000000081900000| Untracked 
|  26|0x0000000081a00000, 0x0000000081b00000, 0x0000000081b00000|100%| O|  |TAMS 0x0000000081b00000, 0x0000000081a00000| Untracked 
|  27|0x0000000081b00000, 0x0000000081c00000, 0x0000000081c00000|100%| O|  |TAMS 0x0000000081c00000, 0x0000000081b00000| Untracked 
|  28|0x0000000081c00000, 0x0000000081d00000, 0x0000000081d00000|100%| O|  |TAMS 0x0000000081d00000, 0x0000000081c00000| Untracked 
|  29|0x0000000081d00000, 0x0000000081e00000, 0x0000000081e00000|100%| O|  |TAMS 0x0000000081e00000, 0x0000000081d00000| Untracked 
|  30|0x0000000081e00000, 0x0000000081f00000, 0x0000000081f00000|100%| O|  |TAMS 0x0000000081f00000, 0x0000000081e00000| Untracked 
|  31|0x0000000081f00000, 0x0000000082000000, 0x0000000082000000|100%| O|  |TAMS 0x0000000082000000, 0x0000000081f00000| Untracked 
|  32|0x0000000082000000, 0x0000000082100000, 0x0000000082100000|100%|HS|  |TAMS 0x0000000082100000, 0x0000000082000000| Complete 
|  33|0x0000000082100000, 0x0000000082200000, 0x0000000082200000|100%|HS|  |TAMS 0x0000000082200000, 0x0000000082100000| Complete 
|  34|0x0000000082200000, 0x0000000082300000, 0x0000000082300000|100%|HS|  |TAMS 0x0000000082300000, 0x0000000082200000| Complete 
|  35|0x0000000082300000, 0x0000000082400000, 0x0000000082400000|100%|HC|  |TAMS 0x0000000082400000, 0x0000000082300000| Complete 
|  36|0x0000000082400000, 0x0000000082500000, 0x0000000082500000|100%| O|  |TAMS 0x0000000082500000, 0x0000000082400000| Untracked 
|  37|0x0000000082500000, 0x0000000082600000, 0x0000000082600000|100%| O|  |TAMS 0x0000000082600000, 0x0000000082500000| Untracked 
|  38|0x0000000082600000, 0x0000000082700000, 0x0000000082700000|100%| O|  |TAMS 0x0000000082700000, 0x0000000082600000| Untracked 
|  39|0x0000000082700000, 0x0000000082800000, 0x0000000082800000|100%|HS|  |TAMS 0x0000000082800000, 0x0000000082700000| Complete 
|  40|0x0000000082800000, 0x0000000082900000, 0x0000000082900000|100%|HS|  |TAMS 0x0000000082900000, 0x0000000082800000| Complete 
|  41|0x0000000082900000, 0x0000000082a00000, 0x0000000082a00000|100%|HC|  |TAMS 0x0000000082a00000, 0x0000000082900000| Complete 
|  42|0x0000000082a00000, 0x0000000082b00000, 0x0000000082b00000|100%|HC|  |TAMS 0x0000000082b00000, 0x0000000082a00000| Complete 
|  43|0x0000000082b00000, 0x0000000082c00000, 0x0000000082c00000|100%|HC|  |TAMS 0x0000000082c00000, 0x0000000082b00000| Complete 
|  44|0x0000000082c00000, 0x0000000082d00000, 0x0000000082d00000|100%| O|  |TAMS 0x0000000082d00000, 0x0000000082c00000| Untracked 
|  45|0x0000000082d00000, 0x0000000082e00000, 0x0000000082e00000|100%| O|  |TAMS 0x0000000082e00000, 0x0000000082d00000| Untracked 
|  46|0x0000000082e00000, 0x0000000082f00000, 0x0000000082f00000|100%| O|  |TAMS 0x0000000082f00000, 0x0000000082e00000| Untracked 
|  47|0x0000000082f00000, 0x0000000083000000, 0x0000000083000000|100%| O|  |TAMS 0x0000000083000000, 0x0000000082f00000| Untracked 
|  48|0x0000000083000000, 0x0000000083100000, 0x0000000083100000|100%| O|  |TAMS 0x0000000083100000, 0x0000000083000000| Untracked 
|  49|0x0000000083100000, 0x0000000083200000, 0x0000000083200000|100%| O|  |TAMS 0x0000000083200000, 0x0000000083100000| Untracked 
|  50|0x0000000083200000, 0x0000000083300000, 0x0000000083300000|100%| O|  |TAMS 0x0000000083300000, 0x0000000083200000| Untracked 
|  51|0x0000000083300000, 0x0000000083400000, 0x0000000083400000|100%| O|  |TAMS 0x0000000083400000, 0x0000000083300000| Untracked 
|  52|0x0000000083400000, 0x0000000083500000, 0x0000000083500000|100%| O|  |TAMS 0x0000000083500000, 0x0000000083400000| Untracked 
|  53|0x0000000083500000, 0x0000000083600000, 0x0000000083600000|100%| O|  |TAMS 0x0000000083600000, 0x0000000083500000| Untracked 
|  54|0x0000000083600000, 0x0000000083700000, 0x0000000083700000|100%| O|  |TAMS 0x0000000083700000, 0x0000000083600000| Untracked 
|  55|0x0000000083700000, 0x0000000083800000, 0x0000000083800000|100%| O|  |TAMS 0x0000000083800000, 0x0000000083700000| Untracked 
|  56|0x0000000083800000, 0x0000000083900000, 0x0000000083900000|100%| O|  |TAMS 0x0000000083900000, 0x0000000083800000| Untracked 
|  57|0x0000000083900000, 0x0000000083a00000, 0x0000000083a00000|100%| O|  |TAMS 0x0000000083a00000, 0x0000000083900000| Untracked 
|  58|0x0000000083a00000, 0x0000000083b00000, 0x0000000083b00000|100%| O|  |TAMS 0x0000000083b00000, 0x0000000083a00000| Untracked 
|  59|0x0000000083b00000, 0x0000000083c00000, 0x0000000083c00000|100%| O|  |TAMS 0x0000000083c00000, 0x0000000083b00000| Untracked 
|  60|0x0000000083c00000, 0x0000000083d00000, 0x0000000083d00000|100%| O|  |TAMS 0x0000000083d00000, 0x0000000083c00000| Untracked 
|  61|0x0000000083d00000, 0x0000000083e00000, 0x0000000083e00000|100%| O|  |TAMS 0x0000000083e00000, 0x0000000083d00000| Untracked 
|  62|0x0000000083e00000, 0x0000000083f00000, 0x0000000083f00000|100%| O|  |TAMS 0x0000000083f00000, 0x0000000083e00000| Untracked 
|  63|0x0000000083f00000, 0x0000000084000000, 0x0000000084000000|100%| O|  |TAMS 0x0000000084000000, 0x0000000083f00000| Untracked 
|  64|0x0000000084000000, 0x0000000084100000, 0x0000000084100000|100%| O|  |TAMS 0x0000000084100000, 0x0000000084000000| Untracked 
|  65|0x0000000084100000, 0x0000000084200000, 0x0000000084200000|100%| O|  |TAMS 0x0000000084200000, 0x0000000084100000| Untracked 
|  66|0x0000000084200000, 0x0000000084300000, 0x0000000084300000|100%| O|  |TAMS 0x0000000084300000, 0x0000000084200000| Untracked 
|  67|0x0000000084300000, 0x0000000084300000, 0x0000000084400000|  0%| F|  |TAMS 0x0000000084300000, 0x0000000084300000| Untracked 
|  68|0x0000000084400000, 0x0000000084500000, 0x0000000084500000|100%| O|  |TAMS 0x0000000084500000, 0x0000000084400000| Untracked 
|  69|0x0000000084500000, 0x0000000084600000, 0x0000000084600000|100%| O|  |TAMS 0x0000000084600000, 0x0000000084500000| Untracked 
|  70|0x0000000084600000, 0x0000000084700000, 0x0000000084700000|100%| O|  |TAMS 0x0000000084700000, 0x0000000084600000| Untracked 
|  71|0x0000000084700000, 0x0000000084800000, 0x0000000084800000|100%| O|  |TAMS 0x0000000084800000, 0x0000000084700000| Untracked 
|  72|0x0000000084800000, 0x0000000084900000, 0x0000000084900000|100%| O|  |TAMS 0x0000000084900000, 0x0000000084800000| Untracked 
|  73|0x0000000084900000, 0x0000000084a00000, 0x0000000084a00000|100%| O|  |TAMS 0x0000000084a00000, 0x0000000084900000| Untracked 
|  74|0x0000000084a00000, 0x0000000084b00000, 0x0000000084b00000|100%| O|  |TAMS 0x0000000084b00000, 0x0000000084a00000| Untracked 
|  75|0x0000000084b00000, 0x0000000084c00000, 0x0000000084c00000|100%| O|  |TAMS 0x0000000084c00000, 0x0000000084b00000| Untracked 
|  76|0x0000000084c00000, 0x0000000084d00000, 0x0000000084d00000|100%| O|  |TAMS 0x0000000084c6d200, 0x0000000084c00000| Untracked 
|  77|0x0000000084d00000, 0x0000000084e00000, 0x0000000084e00000|100%| O|  |TAMS 0x0000000084d00000, 0x0000000084d00000| Untracked 
|  78|0x0000000084e00000, 0x0000000084f00000, 0x0000000084f00000|100%| O|  |TAMS 0x0000000084e00000, 0x0000000084e00000| Untracked 
|  79|0x0000000084f00000, 0x0000000085000000, 0x0000000085000000|100%| O|  |TAMS 0x0000000084f00000, 0x0000000084f00000| Untracked 
|  80|0x0000000085000000, 0x0000000085100000, 0x0000000085100000|100%| O|  |TAMS 0x0000000085000000, 0x0000000085000000| Untracked 
|  81|0x0000000085100000, 0x0000000085200000, 0x0000000085200000|100%| O|  |TAMS 0x0000000085100000, 0x0000000085100000| Untracked 
|  82|0x0000000085200000, 0x0000000085300000, 0x0000000085300000|100%| O|  |TAMS 0x0000000085200000, 0x0000000085200000| Untracked 
|  83|0x0000000085300000, 0x0000000085400000, 0x0000000085400000|100%| O|  |TAMS 0x0000000085300000, 0x0000000085300000| Untracked 
|  84|0x0000000085400000, 0x0000000085500000, 0x0000000085500000|100%| O|  |TAMS 0x0000000085400000, 0x0000000085400000| Untracked 
|  85|0x0000000085500000, 0x0000000085600000, 0x0000000085600000|100%| O|  |TAMS 0x0000000085500000, 0x0000000085500000| Untracked 
|  86|0x0000000085600000, 0x00000000856ddc00, 0x0000000085700000| 86%| O|  |TAMS 0x0000000085600000, 0x0000000085600000| Untracked 
|  87|0x0000000085700000, 0x0000000085700000, 0x0000000085800000|  0%| F|  |TAMS 0x0000000085700000, 0x0000000085700000| Untracked 
|  88|0x0000000085800000, 0x0000000085800000, 0x0000000085900000|  0%| F|  |TAMS 0x0000000085800000, 0x0000000085800000| Untracked 
|  89|0x0000000085900000, 0x0000000085900000, 0x0000000085a00000|  0%| F|  |TAMS 0x0000000085900000, 0x0000000085900000| Untracked 
|  90|0x0000000085a00000, 0x0000000085a00000, 0x0000000085b00000|  0%| F|  |TAMS 0x0000000085a00000, 0x0000000085a00000| Untracked 
|  91|0x0000000085b00000, 0x0000000085b00000, 0x0000000085c00000|  0%| F|  |TAMS 0x0000000085b00000, 0x0000000085b00000| Untracked 
|  92|0x0000000085c00000, 0x0000000085c00000, 0x0000000085d00000|  0%| F|  |TAMS 0x0000000085c00000, 0x0000000085c00000| Untracked 
|  93|0x0000000085d00000, 0x0000000085d00000, 0x0000000085e00000|  0%| F|  |TAMS 0x0000000085d00000, 0x0000000085d00000| Untracked 
|  94|0x0000000085e00000, 0x0000000085e00000, 0x0000000085f00000|  0%| F|  |TAMS 0x0000000085e00000, 0x0000000085e00000| Untracked 
|  95|0x0000000085f00000, 0x0000000085f00000, 0x0000000086000000|  0%| F|  |TAMS 0x0000000085f00000, 0x0000000085f00000| Untracked 
|  96|0x0000000086000000, 0x0000000086000000, 0x0000000086100000|  0%| F|  |TAMS 0x0000000086000000, 0x0000000086000000| Untracked 
|  97|0x0000000086100000, 0x0000000086100000, 0x0000000086200000|  0%| F|  |TAMS 0x0000000086100000, 0x0000000086100000| Untracked 
|  98|0x0000000086200000, 0x0000000086200000, 0x0000000086300000|  0%| F|  |TAMS 0x0000000086200000, 0x0000000086200000| Untracked 
|  99|0x0000000086300000, 0x0000000086300000, 0x0000000086400000|  0%| F|  |TAMS 0x0000000086300000, 0x0000000086300000| Untracked 
| 100|0x0000000086400000, 0x0000000086400000, 0x0000000086500000|  0%| F|  |TAMS 0x0000000086400000, 0x0000000086400000| Untracked 
| 101|0x0000000086500000, 0x0000000086500000, 0x0000000086600000|  0%| F|  |TAMS 0x0000000086500000, 0x0000000086500000| Untracked 
| 102|0x0000000086600000, 0x0000000086600000, 0x0000000086700000|  0%| F|  |TAMS 0x0000000086600000, 0x0000000086600000| Untracked 
| 103|0x0000000086700000, 0x0000000086700000, 0x0000000086800000|  0%| F|  |TAMS 0x0000000086700000, 0x0000000086700000| Untracked 
| 104|0x0000000086800000, 0x0000000086800000, 0x0000000086900000|  0%| F|  |TAMS 0x0000000086800000, 0x0000000086800000| Untracked 
| 105|0x0000000086900000, 0x0000000086900000, 0x0000000086a00000|  0%| F|  |TAMS 0x0000000086900000, 0x0000000086900000| Untracked 
| 106|0x0000000086a00000, 0x0000000086a00000, 0x0000000086b00000|  0%| F|  |TAMS 0x0000000086a00000, 0x0000000086a00000| Untracked 
| 107|0x0000000086b00000, 0x0000000086b00000, 0x0000000086c00000|  0%| F|  |TAMS 0x0000000086b00000, 0x0000000086b00000| Untracked 
| 108|0x0000000086c00000, 0x0000000086c00000, 0x0000000086d00000|  0%| F|  |TAMS 0x0000000086c00000, 0x0000000086c00000| Untracked 
| 109|0x0000000086d00000, 0x0000000086d00000, 0x0000000086e00000|  0%| F|  |TAMS 0x0000000086d00000, 0x0000000086d00000| Untracked 
| 110|0x0000000086e00000, 0x0000000086e00000, 0x0000000086f00000|  0%| F|  |TAMS 0x0000000086e00000, 0x0000000086e00000| Untracked 
| 111|0x0000000086f00000, 0x0000000086fb0730, 0x0000000087000000| 68%| S|CS|TAMS 0x0000000086f00000, 0x0000000086f00000| Complete 
| 112|0x0000000087000000, 0x0000000087100000, 0x0000000087100000|100%| S|CS|TAMS 0x0000000087000000, 0x0000000087000000| Complete 
| 113|0x0000000087100000, 0x0000000087200000, 0x0000000087200000|100%| S|CS|TAMS 0x0000000087100000, 0x0000000087100000| Complete 
| 114|0x0000000087200000, 0x0000000087200000, 0x0000000087300000|  0%| F|  |TAMS 0x0000000087200000, 0x0000000087200000| Untracked 
| 115|0x0000000087300000, 0x0000000087300000, 0x0000000087400000|  0%| F|  |TAMS 0x0000000087300000, 0x0000000087300000| Untracked 
| 116|0x0000000087400000, 0x0000000087400000, 0x0000000087500000|  0%| F|  |TAMS 0x0000000087400000, 0x0000000087400000| Untracked 
| 117|0x0000000087500000, 0x0000000087500000, 0x0000000087600000|  0%| F|  |TAMS 0x0000000087500000, 0x0000000087500000| Untracked 
| 118|0x0000000087600000, 0x0000000087600000, 0x0000000087700000|  0%| F|  |TAMS 0x0000000087600000, 0x0000000087600000| Untracked 
| 119|0x0000000087700000, 0x0000000087700000, 0x0000000087800000|  0%| F|  |TAMS 0x0000000087700000, 0x0000000087700000| Untracked 
| 120|0x0000000087800000, 0x0000000087800000, 0x0000000087900000|  0%| F|  |TAMS 0x0000000087800000, 0x0000000087800000| Untracked 
| 121|0x0000000087900000, 0x0000000087900000, 0x0000000087a00000|  0%| F|  |TAMS 0x0000000087900000, 0x0000000087900000| Untracked 
| 122|0x0000000087a00000, 0x0000000087a00000, 0x0000000087b00000|  0%| F|  |TAMS 0x0000000087a00000, 0x0000000087a00000| Untracked 
| 123|0x0000000087b00000, 0x0000000087b00000, 0x0000000087c00000|  0%| F|  |TAMS 0x0000000087b00000, 0x0000000087b00000| Untracked 
| 124|0x0000000087c00000, 0x0000000087c00000, 0x0000000087d00000|  0%| F|  |TAMS 0x0000000087c00000, 0x0000000087c00000| Untracked 
| 125|0x0000000087d00000, 0x0000000087d00000, 0x0000000087e00000|  0%| F|  |TAMS 0x0000000087d00000, 0x0000000087d00000| Untracked 
| 126|0x0000000087e00000, 0x0000000087e00000, 0x0000000087f00000|  0%| F|  |TAMS 0x0000000087e00000, 0x0000000087e00000| Untracked 
| 127|0x0000000087f00000, 0x0000000087f00000, 0x0000000088000000|  0%| F|  |TAMS 0x0000000087f00000, 0x0000000087f00000| Untracked 
| 128|0x0000000088000000, 0x0000000088000000, 0x0000000088100000|  0%| F|  |TAMS 0x0000000088000000, 0x0000000088000000| Untracked 
| 129|0x0000000088100000, 0x0000000088100000, 0x0000000088200000|  0%| F|  |TAMS 0x0000000088100000, 0x0000000088100000| Untracked 
| 130|0x0000000088200000, 0x0000000088200000, 0x0000000088300000|  0%| F|  |TAMS 0x0000000088200000, 0x0000000088200000| Untracked 
| 131|0x0000000088300000, 0x0000000088300000, 0x0000000088400000|  0%| F|  |TAMS 0x0000000088300000, 0x0000000088300000| Untracked 
| 132|0x0000000088400000, 0x0000000088400000, 0x0000000088500000|  0%| F|  |TAMS 0x0000000088400000, 0x0000000088400000| Untracked 
| 133|0x0000000088500000, 0x0000000088500000, 0x0000000088600000|  0%| F|  |TAMS 0x0000000088500000, 0x0000000088500000| Untracked 
| 134|0x0000000088600000, 0x0000000088600000, 0x0000000088700000|  0%| F|  |TAMS 0x0000000088600000, 0x0000000088600000| Untracked 
| 135|0x0000000088700000, 0x0000000088700000, 0x0000000088800000|  0%| F|  |TAMS 0x0000000088700000, 0x0000000088700000| Untracked 
| 136|0x0000000088800000, 0x0000000088800000, 0x0000000088900000|  0%| F|  |TAMS 0x0000000088800000, 0x0000000088800000| Untracked 
| 137|0x0000000088900000, 0x0000000088900000, 0x0000000088a00000|  0%| F|  |TAMS 0x0000000088900000, 0x0000000088900000| Untracked 
| 138|0x0000000088a00000, 0x0000000088a00000, 0x0000000088b00000|  0%| F|  |TAMS 0x0000000088a00000, 0x0000000088a00000| Untracked 
| 139|0x0000000088b00000, 0x0000000088b00000, 0x0000000088c00000|  0%| F|  |TAMS 0x0000000088b00000, 0x0000000088b00000| Untracked 
| 140|0x0000000088c00000, 0x0000000088c00000, 0x0000000088d00000|  0%| F|  |TAMS 0x0000000088c00000, 0x0000000088c00000| Untracked 
| 141|0x0000000088d00000, 0x0000000088d00000, 0x0000000088e00000|  0%| F|  |TAMS 0x0000000088d00000, 0x0000000088d00000| Untracked 
| 142|0x0000000088e00000, 0x0000000088e00000, 0x0000000088f00000|  0%| F|  |TAMS 0x0000000088e00000, 0x0000000088e00000| Untracked 
| 143|0x0000000088f00000, 0x0000000088f00000, 0x0000000089000000|  0%| F|  |TAMS 0x0000000088f00000, 0x0000000088f00000| Untracked 
| 144|0x0000000089000000, 0x0000000089000000, 0x0000000089100000|  0%| F|  |TAMS 0x0000000089000000, 0x0000000089000000| Untracked 
| 145|0x0000000089100000, 0x0000000089100000, 0x0000000089200000|  0%| F|  |TAMS 0x0000000089100000, 0x0000000089100000| Untracked 
| 146|0x0000000089200000, 0x0000000089200000, 0x0000000089300000|  0%| F|  |TAMS 0x0000000089200000, 0x0000000089200000| Untracked 
| 147|0x0000000089300000, 0x0000000089300000, 0x0000000089400000|  0%| F|  |TAMS 0x0000000089300000, 0x0000000089300000| Untracked 
| 148|0x0000000089400000, 0x0000000089400000, 0x0000000089500000|  0%| F|  |TAMS 0x0000000089400000, 0x0000000089400000| Untracked 
| 149|0x0000000089500000, 0x0000000089500000, 0x0000000089600000|  0%| F|  |TAMS 0x0000000089500000, 0x0000000089500000| Untracked 
| 150|0x0000000089600000, 0x0000000089600000, 0x0000000089700000|  0%| F|  |TAMS 0x0000000089600000, 0x0000000089600000| Untracked 
| 151|0x0000000089700000, 0x0000000089700000, 0x0000000089800000|  0%| F|  |TAMS 0x0000000089700000, 0x0000000089700000| Untracked 
| 152|0x0000000089800000, 0x0000000089800000, 0x0000000089900000|  0%| F|  |TAMS 0x0000000089800000, 0x0000000089800000| Untracked 
| 153|0x0000000089900000, 0x0000000089900000, 0x0000000089a00000|  0%| F|  |TAMS 0x0000000089900000, 0x0000000089900000| Untracked 
| 154|0x0000000089a00000, 0x0000000089a00000, 0x0000000089b00000|  0%| F|  |TAMS 0x0000000089a00000, 0x0000000089a00000| Untracked 
| 155|0x0000000089b00000, 0x0000000089b00000, 0x0000000089c00000|  0%| F|  |TAMS 0x0000000089b00000, 0x0000000089b00000| Untracked 
| 156|0x0000000089c00000, 0x0000000089c00000, 0x0000000089d00000|  0%| F|  |TAMS 0x0000000089c00000, 0x0000000089c00000| Untracked 
| 157|0x0000000089d00000, 0x0000000089d00000, 0x0000000089e00000|  0%| F|  |TAMS 0x0000000089d00000, 0x0000000089d00000| Untracked 
| 158|0x0000000089e00000, 0x0000000089e00000, 0x0000000089f00000|  0%| F|  |TAMS 0x0000000089e00000, 0x0000000089e00000| Untracked 
| 159|0x0000000089f00000, 0x0000000089f00000, 0x000000008a000000|  0%| F|  |TAMS 0x0000000089f00000, 0x0000000089f00000| Untracked 
| 160|0x000000008a000000, 0x000000008a000000, 0x000000008a100000|  0%| F|  |TAMS 0x000000008a000000, 0x000000008a000000| Untracked 
| 161|0x000000008a100000, 0x000000008a100000, 0x000000008a200000|  0%| F|  |TAMS 0x000000008a100000, 0x000000008a100000| Untracked 
| 162|0x000000008a200000, 0x000000008a200000, 0x000000008a300000|  0%| F|  |TAMS 0x000000008a200000, 0x000000008a200000| Untracked 
| 163|0x000000008a300000, 0x000000008a300000, 0x000000008a400000|  0%| F|  |TAMS 0x000000008a300000, 0x000000008a300000| Untracked 
| 164|0x000000008a400000, 0x000000008a400000, 0x000000008a500000|  0%| F|  |TAMS 0x000000008a400000, 0x000000008a400000| Untracked 
| 165|0x000000008a500000, 0x000000008a500000, 0x000000008a600000|  0%| F|  |TAMS 0x000000008a500000, 0x000000008a500000| Untracked 
| 166|0x000000008a600000, 0x000000008a600000, 0x000000008a700000|  0%| F|  |TAMS 0x000000008a600000, 0x000000008a600000| Untracked 
| 167|0x000000008a700000, 0x000000008a700000, 0x000000008a800000|  0%| F|  |TAMS 0x000000008a700000, 0x000000008a700000| Untracked 
| 168|0x000000008a800000, 0x000000008a800000, 0x000000008a900000|  0%| F|  |TAMS 0x000000008a800000, 0x000000008a800000| Untracked 
| 169|0x000000008a900000, 0x000000008a900000, 0x000000008aa00000|  0%| F|  |TAMS 0x000000008a900000, 0x000000008a900000| Untracked 
| 170|0x000000008aa00000, 0x000000008aa00000, 0x000000008ab00000|  0%| F|  |TAMS 0x000000008aa00000, 0x000000008aa00000| Untracked 
| 171|0x000000008ab00000, 0x000000008ab00000, 0x000000008ac00000|  0%| F|  |TAMS 0x000000008ab00000, 0x000000008ab00000| Untracked 
| 172|0x000000008ac00000, 0x000000008ac00000, 0x000000008ad00000|  0%| F|  |TAMS 0x000000008ac00000, 0x000000008ac00000| Untracked 
| 173|0x000000008ad00000, 0x000000008ad00000, 0x000000008ae00000|  0%| F|  |TAMS 0x000000008ad00000, 0x000000008ad00000| Untracked 
| 174|0x000000008ae00000, 0x000000008ae00000, 0x000000008af00000|  0%| F|  |TAMS 0x000000008ae00000, 0x000000008ae00000| Untracked 
| 175|0x000000008af00000, 0x000000008af00000, 0x000000008b000000|  0%| F|  |TAMS 0x000000008af00000, 0x000000008af00000| Untracked 
| 176|0x000000008b000000, 0x000000008b000000, 0x000000008b100000|  0%| F|  |TAMS 0x000000008b000000, 0x000000008b000000| Untracked 
| 177|0x000000008b100000, 0x000000008b100000, 0x000000008b200000|  0%| F|  |TAMS 0x000000008b100000, 0x000000008b100000| Untracked 
| 178|0x000000008b200000, 0x000000008b200000, 0x000000008b300000|  0%| F|  |TAMS 0x000000008b200000, 0x000000008b200000| Untracked 
| 179|0x000000008b300000, 0x000000008b300000, 0x000000008b400000|  0%| F|  |TAMS 0x000000008b300000, 0x000000008b300000| Untracked 
| 180|0x000000008b400000, 0x000000008b400000, 0x000000008b500000|  0%| F|  |TAMS 0x000000008b400000, 0x000000008b400000| Untracked 
| 181|0x000000008b500000, 0x000000008b500000, 0x000000008b600000|  0%| F|  |TAMS 0x000000008b500000, 0x000000008b500000| Untracked 
| 182|0x000000008b600000, 0x000000008b600000, 0x000000008b700000|  0%| F|  |TAMS 0x000000008b600000, 0x000000008b600000| Untracked 
| 183|0x000000008b700000, 0x000000008b700000, 0x000000008b800000|  0%| F|  |TAMS 0x000000008b700000, 0x000000008b700000| Untracked 
| 184|0x000000008b800000, 0x000000008b800000, 0x000000008b900000|  0%| F|  |TAMS 0x000000008b800000, 0x000000008b800000| Untracked 
| 185|0x000000008b900000, 0x000000008b900000, 0x000000008ba00000|  0%| F|  |TAMS 0x000000008b900000, 0x000000008b900000| Untracked 
| 186|0x000000008ba00000, 0x000000008ba00000, 0x000000008bb00000|  0%| F|  |TAMS 0x000000008ba00000, 0x000000008ba00000| Untracked 
| 187|0x000000008bb00000, 0x000000008bb00000, 0x000000008bc00000|  0%| F|  |TAMS 0x000000008bb00000, 0x000000008bb00000| Untracked 
| 188|0x000000008bc00000, 0x000000008bc00000, 0x000000008bd00000|  0%| F|  |TAMS 0x000000008bc00000, 0x000000008bc00000| Untracked 
| 189|0x000000008bd00000, 0x000000008bd00000, 0x000000008be00000|  0%| F|  |TAMS 0x000000008bd00000, 0x000000008bd00000| Untracked 

Card table byte_map: [0x000002c927e10000,0x000002c928210000] _byte_map_base: 0x000002c927a10000

Marking Bits (Prev, Next): (CMBitMap*) 0x000002c915278c20, (CMBitMap*) 0x000002c915278c60
 Prev Bits: [0x000002c928610000, 0x000002c92a610000)
 Next Bits: [0x000002c92a610000, 0x000002c92c610000)

Polling page: 0x000002c9149e0000

Metaspace:

Usage:
  Non-class:     80.74 MB used.
      Class:     12.91 MB used.
       Both:     93.65 MB used.

Virtual space:
  Non-class space:       88.00 MB reserved,      81.06 MB ( 92%) committed,  11 nodes.
      Class space:        1.00 GB reserved,      13.25 MB (  1%) committed,  1 nodes.
             Both:        1.09 GB reserved,      94.31 MB (  8%) committed. 

Chunk freelists:
   Non-Class:  2.95 MB
       Class:  2.73 MB
        Both:  5.68 MB

MaxMetaspaceSize: unlimited
CompressedClassSpaceSize: 1.00 GB
Initial GC threshold: 21.00 MB
Current GC threshold: 153.56 MB
CDS: off
MetaspaceReclaimPolicy: balanced
 - commit_granule_bytes: 65536.
 - commit_granule_words: 8192.
 - virtual_space_node_default_size: 1048576.
 - enlarge_chunks_in_place: 1.
 - new_chunks_are_fully_committed: 0.
 - uncommit_free_chunks: 1.
 - use_allocation_guard: 0.
 - handle_deallocations: 1.


Internal statistics:

num_allocs_failed_limit: 6.
num_arena_births: 1024.
num_arena_deaths: 0.
num_vsnodes_births: 12.
num_vsnodes_deaths: 0.
num_space_committed: 1509.
num_space_uncommitted: 0.
num_chunks_returned_to_freelist: 6.
num_chunks_taken_from_freelist: 4549.
num_chunk_merges: 6.
num_chunk_splits: 3021.
num_chunks_enlarged: 2034.
num_purges: 0.
num_inconsistent_stats: 0.

CodeHeap 'non-profiled nmethods': size=120000Kb used=4898Kb max_used=5339Kb free=115102Kb
 bounds [0x000002c9201b0000, 0x000002c9206f0000, 0x000002c9276e0000]
CodeHeap 'profiled nmethods': size=120000Kb used=16635Kb max_used=17163Kb free=103364Kb
 bounds [0x000002c9186e0000, 0x000002c9197b0000, 0x000002c91fc10000]
CodeHeap 'non-nmethods': size=5760Kb used=2436Kb max_used=2457Kb free=3323Kb
 bounds [0x000002c91fc10000, 0x000002c91fe90000, 0x000002c9201b0000]
 total_blobs=9911 nmethods=8983 adapters=838
 compilation: enabled
              stopped_count=0, restarted_count=0
 full_count=0

Compilation events (20 events):
Event: 14.385 Thread 0x000002c92fc95e80 nmethod 10514 0x000002c9195ef990 code [0x000002c9195efb40, 0x000002c9195efcc8]
Event: 14.385 Thread 0x000002c92fc95e80 10515       2       org.gradle.internal.logging.slf4j.BuildOperationAwareLogger::isInfoEnabled (8 bytes)
Event: 14.385 Thread 0x000002c92fc95e80 nmethod 10515 0x000002c9195ef610 code [0x000002c9195ef7a0, 0x000002c9195ef8c8]
Event: 14.385 Thread 0x000002c92fc95e80 10516       1       java.nio.DirectByteBuffer::base (2 bytes)
Event: 14.385 Thread 0x000002c92fc95e80 nmethod 10516 0x000002c92052c890 code [0x000002c92052ca20, 0x000002c92052caf8]
Event: 14.385 Thread 0x000002c92fc95e80 10517       1       org.gradle.internal.execution.impl.DefaultExecutionEngine::access$000 (5 bytes)
Event: 14.385 Thread 0x000002c92fc95e80 nmethod 10517 0x000002c92052c590 code [0x000002c92052c720, 0x000002c92052c7d8]
Event: 14.385 Thread 0x000002c92fc95e80 10518       2       org.gradle.internal.resources.DefaultLease::releaseLock (33 bytes)
Event: 14.386 Thread 0x000002c92fc95e80 nmethod 10518 0x000002c9195ef110 code [0x000002c9195ef2c0, 0x000002c9195ef4e8]
Event: 14.386 Thread 0x000002c92fc95e80 10519       2       org.gradle.internal.resources.LeaseHolder::releaseLease (11 bytes)
Event: 14.386 Thread 0x000002c92fc95e80 nmethod 10519 0x000002c9195eed90 code [0x000002c9195eef20, 0x000002c9195ef038]
Event: 14.386 Thread 0x000002c92fc95e80 10520       2       org.gradle.internal.classloader.CachingClassLoader::equals (33 bytes)
Event: 14.386 Thread 0x000002c92fc95e80 nmethod 10520 0x000002c9195ee910 code [0x000002c9195eeac0, 0x000002c9195eecc8]
Event: 14.386 Thread 0x000002c92fc95e80 10521       2       com.google.common.collect.ImmutableMultimap$1::<init> (39 bytes)
Event: 14.387 Thread 0x000002c92fc95e80 nmethod 10521 0x000002c9195ee210 code [0x000002c9195ee3c0, 0x000002c9195ee678]
Event: 14.389 Thread 0x000002c92fc95e80 10522       2       org.gradle.internal.execution.steps.BeforeExecutionContext::<init> (11 bytes)
Event: 14.389 Thread 0x000002c92fc95e80 nmethod 10522 0x000002c9194d6b90 code [0x000002c9194d6d40, 0x000002c9194d7088]
Event: 14.389 Thread 0x000002c92fc95e80 10523       2       org.gradle.internal.execution.steps.PreviousExecutionContext::<init> (17 bytes)
Event: 14.390 Thread 0x000002c92fc95e80 nmethod 10523 0x000002c9194d6590 code [0x000002c9194d6740, 0x000002c9194d6a28]
Event: 14.390 Thread 0x000002c92fc95e80 10524       2       java.util.IdentityHashMap::put (137 bytes)

GC Heap History (20 events):
Event: 10.932 GC heap after
{Heap after GC invocations=34 (full 0):
 garbage-first heap   total 121856K, used 68692K [0x0000000080000000, 0x0000000100000000)
  region size 1024K, 1 young (1024K), 1 survivors (1024K)
 Metaspace       used 77701K, committed 78272K, reserved 1122304K
  class space    used 10377K, committed 10624K, reserved 1048576K
}
Event: 10.934 GC heap before
{Heap before GC invocations=34 (full 0):
 garbage-first heap   total 121856K, used 68692K [0x0000000080000000, 0x0000000100000000)
  region size 1024K, 2 young (2048K), 1 survivors (1024K)
 Metaspace       used 77703K, committed 78272K, reserved 1122304K
  class space    used 10377K, committed 10624K, reserved 1048576K
}
Event: 10.936 GC heap after
{Heap after GC invocations=35 (full 0):
 garbage-first heap   total 149504K, used 68673K [0x0000000080000000, 0x0000000100000000)
  region size 1024K, 1 young (1024K), 1 survivors (1024K)
 Metaspace       used 77703K, committed 78272K, reserved 1122304K
  class space    used 10377K, committed 10624K, reserved 1048576K
}
Event: 11.575 GC heap before
{Heap before GC invocations=36 (full 0):
 garbage-first heap   total 149504K, used 111681K [0x0000000080000000, 0x0000000100000000)
  region size 1024K, 42 young (43008K), 1 survivors (1024K)
 Metaspace       used 82498K, committed 83136K, reserved 1122304K
  class space    used 11239K, committed 11520K, reserved 1048576K
}
Event: 11.578 GC heap after
{Heap after GC invocations=37 (full 0):
 garbage-first heap   total 149504K, used 70651K [0x0000000080000000, 0x0000000100000000)
  region size 1024K, 3 young (3072K), 3 survivors (3072K)
 Metaspace       used 82498K, committed 83136K, reserved 1122304K
  class space    used 11239K, committed 11520K, reserved 1048576K
}
Event: 11.637 GC heap before
{Heap before GC invocations=37 (full 0):
 garbage-first heap   total 149504K, used 74747K [0x0000000080000000, 0x0000000100000000)
  region size 1024K, 7 young (7168K), 3 survivors (3072K)
 Metaspace       used 82964K, committed 83584K, reserved 1122304K
  class space    used 11311K, committed 11584K, reserved 1048576K
}
Event: 11.640 GC heap after
{Heap after GC invocations=38 (full 0):
 garbage-first heap   total 149504K, used 70334K [0x0000000080000000, 0x0000000100000000)
  region size 1024K, 1 young (1024K), 1 survivors (1024K)
 Metaspace       used 82964K, committed 83584K, reserved 1122304K
  class space    used 11311K, committed 11584K, reserved 1048576K
}
Event: 12.341 GC heap before
{Heap before GC invocations=38 (full 0):
 garbage-first heap   total 149504K, used 115390K [0x0000000080000000, 0x0000000100000000)
  region size 1024K, 45 young (46080K), 1 survivors (1024K)
 Metaspace       used 87212K, committed 87808K, reserved 1130496K
  class space    used 11919K, committed 12224K, reserved 1048576K
}
Event: 12.346 GC heap after
{Heap after GC invocations=39 (full 0):
 garbage-first heap   total 149504K, used 73853K [0x0000000080000000, 0x0000000100000000)
  region size 1024K, 4 young (4096K), 4 survivors (4096K)
 Metaspace       used 87212K, committed 87808K, reserved 1130496K
  class space    used 11919K, committed 12224K, reserved 1048576K
}
Event: 13.018 GC heap before
{Heap before GC invocations=40 (full 0):
 garbage-first heap   total 149504K, used 117885K [0x0000000080000000, 0x0000000100000000)
  region size 1024K, 47 young (48128K), 4 survivors (4096K)
 Metaspace       used 92503K, committed 93184K, reserved 1130496K
  class space    used 12662K, committed 12992K, reserved 1048576K
}
Event: 13.024 GC heap after
{Heap after GC invocations=41 (full 0):
 garbage-first heap   total 149504K, used 77825K [0x0000000080000000, 0x0000000100000000)
  region size 1024K, 4 young (4096K), 4 survivors (4096K)
 Metaspace       used 92503K, committed 93184K, reserved 1130496K
  class space    used 12662K, committed 12992K, reserved 1048576K
}
Event: 13.061 GC heap before
{Heap before GC invocations=41 (full 0):
 garbage-first heap   total 149504K, used 80897K [0x0000000080000000, 0x0000000100000000)
  region size 1024K, 7 young (7168K), 4 survivors (4096K)
 Metaspace       used 92649K, committed 93312K, reserved 1130496K
  class space    used 12686K, committed 12992K, reserved 1048576K
}
Event: 13.065 GC heap after
{Heap after GC invocations=42 (full 0):
 garbage-first heap   total 149504K, used 78094K [0x0000000080000000, 0x0000000100000000)
  region size 1024K, 1 young (1024K), 1 survivors (1024K)
 Metaspace       used 92649K, committed 93312K, reserved 1130496K
  class space    used 12686K, committed 12992K, reserved 1048576K
}
Event: 13.455 GC heap before
{Heap before GC invocations=42 (full 0):
 garbage-first heap   total 149504K, used 119054K [0x0000000080000000, 0x0000000100000000)
  region size 1024K, 41 young (41984K), 1 survivors (1024K)
 Metaspace       used 93673K, committed 94336K, reserved 1130496K
  class space    used 12820K, committed 13120K, reserved 1048576K
}
Event: 13.462 GC heap after
{Heap after GC invocations=43 (full 0):
 garbage-first heap   total 149504K, used 83069K [0x0000000080000000, 0x0000000100000000)
  region size 1024K, 6 young (6144K), 6 survivors (6144K)
 Metaspace       used 93673K, committed 94336K, reserved 1130496K
  class space    used 12820K, committed 13120K, reserved 1048576K
}
Event: 13.982 GC heap before
{Heap before GC invocations=44 (full 0):
 garbage-first heap   total 153600K, used 119933K [0x0000000080000000, 0x0000000100000000)
  region size 1024K, 42 young (43008K), 6 survivors (6144K)
 Metaspace       used 95170K, committed 95808K, reserved 1138688K
  class space    used 13070K, committed 13376K, reserved 1048576K
}
Event: 13.992 GC heap after
{Heap after GC invocations=45 (full 0):
 garbage-first heap   total 153600K, used 88178K [0x0000000080000000, 0x0000000100000000)
  region size 1024K, 6 young (6144K), 6 survivors (6144K)
 Metaspace       used 95170K, committed 95808K, reserved 1138688K
  class space    used 13070K, committed 13376K, reserved 1048576K
}
Event: 14.015 GC heap before
{Heap before GC invocations=45 (full 0):
 garbage-first heap   total 153600K, used 89202K [0x0000000080000000, 0x0000000100000000)
  region size 1024K, 7 young (7168K), 6 survivors (6144K)
 Metaspace       used 95253K, committed 95872K, reserved 1138688K
  class space    used 13083K, committed 13376K, reserved 1048576K
}
Event: 14.020 GC heap after
{Heap after GC invocations=46 (full 0):
 garbage-first heap   total 153600K, used 88911K [0x0000000080000000, 0x0000000100000000)
  region size 1024K, 1 young (1024K), 1 survivors (1024K)
 Metaspace       used 95253K, committed 95872K, reserved 1138688K
  class space    used 13083K, committed 13376K, reserved 1048576K
}
Event: 14.390 GC heap before
{Heap before GC invocations=46 (full 0):
 garbage-first heap   total 153600K, used 123727K [0x0000000080000000, 0x0000000100000000)
  region size 1024K, 36 young (36864K), 1 survivors (1024K)
 Metaspace       used 95898K, committed 96576K, reserved 1138688K
  class space    used 13223K, committed 13568K, reserved 1048576K
}

Dll operation events (2 events):
Event: 0.010 Loaded shared library C:\Program Files\Android\Android Studio\jbr\bin\java.dll
Event: 0.567 Loaded shared library C:\Program Files\Android\Android Studio\jbr\bin\verify.dll

Deoptimization events (20 events):
Event: 14.102 Thread 0x000002c934f80970 Uncommon trap: trap_request=0xffffff45 fr.pc=0x000002c92032b0e8 relative=0x0000000000000528
Event: 14.102 Thread 0x000002c934f80970 Uncommon trap: reason=unstable_if action=reinterpret pc=0x000002c92032b0e8 method=java.lang.StringLatin1.compareToCI([B[B)I @ 68 c2
Event: 14.102 Thread 0x000002c934f80970 DEOPT PACKING pc=0x000002c92032b0e8 sp=0x000000d01e2fbb80
Event: 14.102 Thread 0x000002c934f80970 DEOPT UNPACKING pc=0x000002c91fc6a1a3 sp=0x000000d01e2fba70 mode 2
Event: 14.102 Thread 0x000002c934f80970 Uncommon trap: trap_request=0xffffff45 fr.pc=0x000002c920312d1c relative=0x00000000000004dc
Event: 14.102 Thread 0x000002c934f80970 Uncommon trap: reason=unstable_if action=reinterpret pc=0x000002c920312d1c method=java.lang.StringLatin1.compareToCI([B[B)I @ 68 c2
Event: 14.102 Thread 0x000002c934f80970 DEOPT PACKING pc=0x000002c920312d1c sp=0x000000d01e2fbae0
Event: 14.102 Thread 0x000002c934f80970 DEOPT UNPACKING pc=0x000002c91fc6a1a3 sp=0x000000d01e2fba68 mode 2
Event: 14.108 Thread 0x000002c932df9b50 Uncommon trap: trap_request=0xffffffd6 fr.pc=0x000002c9206d2bf8 relative=0x0000000000000e38
Event: 14.108 Thread 0x000002c932df9b50 Uncommon trap: reason=array_check action=maybe_recompile pc=0x000002c9206d2bf8 method=com.google.common.collect.RegularImmutableMap.fromEntryArrayCheckingBucketOverflow(I[Ljava/util/Map$Entry;Z)Lcom/google/common/collect/ImmutableMap; @ 216 c2
Event: 14.108 Thread 0x000002c932df9b50 DEOPT PACKING pc=0x000002c9206d2bf8 sp=0x000000d018ffe0b0
Event: 14.108 Thread 0x000002c932df9b50 DEOPT UNPACKING pc=0x000002c91fc6a1a3 sp=0x000000d018ffdf78 mode 2
Event: 14.116 Thread 0x000002c9357189d0 Uncommon trap: trap_request=0xffffff45 fr.pc=0x000002c9202c0950 relative=0x0000000000000230
Event: 14.116 Thread 0x000002c9357189d0 Uncommon trap: reason=unstable_if action=reinterpret pc=0x000002c9202c0950 method=java.util.concurrent.ConcurrentHashMap.get(Ljava/lang/Object;)Ljava/lang/Object; @ 86 c2
Event: 14.116 Thread 0x000002c9357189d0 DEOPT PACKING pc=0x000002c9202c0950 sp=0x000000d01cdfe240
Event: 14.116 Thread 0x000002c9357189d0 DEOPT UNPACKING pc=0x000002c91fc6a1a3 sp=0x000000d01cdfe1b8 mode 2
Event: 14.198 Thread 0x000002c934f84cd0 Uncommon trap: trap_request=0xffffff45 fr.pc=0x000002c92059f264 relative=0x0000000000000164
Event: 14.198 Thread 0x000002c934f84cd0 Uncommon trap: reason=unstable_if action=reinterpret pc=0x000002c92059f264 method=java.util.concurrent.locks.ReentrantLock$Sync.tryLock()Z @ 34 c2
Event: 14.198 Thread 0x000002c934f84cd0 DEOPT PACKING pc=0x000002c92059f264 sp=0x000000d01e1fe690
Event: 14.198 Thread 0x000002c934f84cd0 DEOPT UNPACKING pc=0x000002c91fc6a1a3 sp=0x000000d01e1fe640 mode 2

Classes unloaded (0 events):
No events

Classes redefined (0 events):
No events

Internal exceptions (20 events):
Event: 13.797 Thread 0x000002c9321344f0 Exception <a 'java/lang/NoSuchMethodError'{0x0000000087cb6a18}: static Lorg/gradle/internal/build/event/types/DefaultTaskSuccessResult;.<clinit>()V> (0x0000000087cb6a18) 
thrown [s\src\hotspot\share\prims\jni.cpp, line 1108]
Event: 13.797 Thread 0x000002c9321344f0 Exception <a 'java/lang/NoSuchMethodError'{0x0000000087cb8120}: static Lorg/gradle/internal/build/event/types/AbstractTaskResult;.<clinit>()V> (0x0000000087cb8120) 
thrown [s\src\hotspot\share\prims\jni.cpp, line 1108]
Event: 13.806 Thread 0x000002c935ac1a20 Exception <a 'sun/nio/fs/WindowsException'{0x0000000087b13598}> (0x0000000087b13598) 
thrown [s\src\hotspot\share\prims\jni.cpp, line 517]
Event: 13.813 Thread 0x000002c934f86e80 Exception <a 'java/lang/NoSuchMethodError'{0x0000000087a08c50}: static Lcom/android/buildanalyzer/common/AndroidGradlePluginAttributionData$BuildInfo;.<clinit>()V> (0x0000000087a08c50) 
thrown [s\src\hotspot\share\prims\jni.cpp, line 1108]
Event: 13.815 Thread 0x000002c9321344f0 Exception <a 'java/lang/NoSuchMethodError'{0x0000000087a490f0}: static Lorg/gradle/internal/build/event/types/DefaultTaskSkippedResult;.<clinit>()V> (0x0000000087a490f0) 
thrown [s\src\hotspot\share\prims\jni.cpp, line 1108]
Event: 13.815 Thread 0x000002c934f86e80 Exception <a 'java/lang/NoSuchMethodError'{0x0000000087a4b2c8}: static Lcom/android/buildanalyzer/common/AndroidGradlePluginAttributionData$JavaInfo;.<clinit>()V> (0x0000000087a4b2c8) 
thrown [s\src\hotspot\share\prims\jni.cpp, line 1108]
Event: 13.819 Thread 0x000002c934f86e80 Exception <a 'java/lang/NoSuchMethodError'{0x0000000087a71bf0}: static [Ljava/lang/String;.<clinit>()V> (0x0000000087a71bf0) 
thrown [s\src\hotspot\share\prims\jni.cpp, line 1108]
Event: 13.820 Thread 0x000002c934f86e80 Exception <a 'java/lang/NoSuchMethodError'{0x0000000087aacc78}: static Lcom/android/buildanalyzer/common/AndroidGradlePluginAttributionData$TaskInfo;.<clinit>()V> (0x0000000087aacc78) 
thrown [s\src\hotspot\share\prims\jni.cpp, line 1108]
Event: 13.821 Thread 0x000002c934f86e80 Exception <a 'java/lang/NoSuchMethodError'{0x0000000087ab9880}: static Lcom/android/buildanalyzer/common/AndroidGradlePluginAttributionData$TaskCategoryInfo;.<clinit>()V> (0x0000000087ab9880) 
thrown [s\src\hotspot\share\prims\jni.cpp, line 1108]
Event: 14.026 Thread 0x000002c935ac1a20 Exception <a 'java/lang/NoSuchMethodError'{0x000000008bd2efb0}: 'void java.lang.invoke.DirectMethodHandle$Holder.invokeStatic(java.lang.Object, java.lang.Object, java.lang.Object, java.lang.Object, int, java.lang.Object, java.lang.Object)'> (0x000000008bd2efb0) 
thrown [s\src\hotspot\share\interpreter\linkResolver.cpp, line 771]
Event: 14.058 Thread 0x000002c935354190 Exception <a 'java/lang/NoSuchMethodError'{0x00000000890229e0}: 'java.lang.Object java.lang.invoke.DirectMethodHandle$Holder.invokeSpecialIFC(java.lang.Object, java.lang.Object, java.lang.Object)'> (0x00000000890229e0) 
thrown [s\src\hotspot\share\interpreter\linkResolver.cpp, line 771]
Event: 14.058 Thread 0x000002c93534efc0 Exception <a 'java/lang/NoSuchMethodError'{0x000000008901b390}: 'java.lang.Object java.lang.invoke.DirectMethodHandle$Holder.invokeSpecialIFC(java.lang.Object, java.lang.Object, java.lang.Object)'> (0x000000008901b390) 
thrown [s\src\hotspot\share\interpreter\linkResolver.cpp, line 771]
Event: 14.058 Thread 0x000002c934f82180 Exception <a 'java/lang/NoSuchMethodError'{0x0000000089028ac0}: 'java.lang.Object java.lang.invoke.DirectMethodHandle$Holder.invokeSpecialIFC(java.lang.Object, java.lang.Object, java.lang.Object)'> (0x0000000089028ac0) 
thrown [s\src\hotspot\share\interpreter\linkResolver.cpp, line 771]
Event: 14.058 Thread 0x000002c935ac1a20 Exception <a 'java/lang/NoSuchMethodError'{0x00000000891d4b20}: 'java.lang.Object java.lang.invoke.DirectMethodHandle$Holder.invokeSpecialIFC(java.lang.Object, java.lang.Object, java.lang.Object)'> (0x00000000891d4b20) 
thrown [s\src\hotspot\share\interpreter\linkResolver.cpp, line 771]
Event: 14.058 Thread 0x000002c934f80970 Exception <a 'java/lang/NoSuchMethodError'{0x00000000890087f0}: 'java.lang.Object java.lang.invoke.DirectMethodHandle$Holder.invokeSpecialIFC(java.lang.Object, java.lang.Object, java.lang.Object)'> (0x00000000890087f0) 
thrown [s\src\hotspot\share\interpreter\linkResolver.cpp, line 771]
Event: 14.058 Thread 0x000002c9353524b0 Exception <a 'java/lang/NoSuchMethodError'{0x000000008902bc98}: 'java.lang.Object java.lang.invoke.DirectMethodHandle$Holder.invokeSpecialIFC(java.lang.Object, java.lang.Object, java.lang.Object)'> (0x000000008902bc98) 
thrown [s\src\hotspot\share\interpreter\linkResolver.cpp, line 771]
Event: 14.058 Thread 0x000002c934f7fb00 Exception <a 'java/lang/NoSuchMethodError'{0x0000000089011950}: 'java.lang.Object java.lang.invoke.DirectMethodHandle$Holder.invokeSpecialIFC(java.lang.Object, java.lang.Object, java.lang.Object)'> (0x0000000089011950) 
thrown [s\src\hotspot\share\interpreter\linkResolver.cpp, line 771]
Event: 14.058 Thread 0x000002c934f83990 Exception <a 'java/lang/NoSuchMethodError'{0x0000000089033478}: 'java.lang.Object java.lang.invoke.DirectMethodHandle$Holder.invokeSpecialIFC(java.lang.Object, java.lang.Object, java.lang.Object)'> (0x0000000089033478) 
thrown [s\src\hotspot\share\interpreter\linkResolver.cpp, line 771]
Event: 14.136 Thread 0x000002c934f86010 Exception <a 'java/lang/NoSuchMethodError'{0x0000000088851250}: static Lorg/jetbrains/kotlin/gradle/plugin/statistics/MetricContainer;.<clinit>()V> (0x0000000088851250) 
thrown [s\src\hotspot\share\prims\jni.cpp, line 1108]
Event: 14.198 Thread 0x000002c934f84cd0 Exception <a 'java/lang/NoSuchMethodError'{0x00000000893ad038}: 'void java.lang.invoke.DirectMethodHandle$Holder.invokeVirtual(java.lang.Object, java.lang.Object)'> (0x00000000893ad038) 
thrown [s\src\hotspot\share\interpreter\linkResolver.cpp, line 771]

VM Operations (20 events):
Event: 13.549 Executing VM operation: G1Concurrent done
Event: 13.581 Executing VM operation: G1Concurrent
Event: 13.581 Executing VM operation: G1Concurrent done
Event: 13.698 Executing VM operation: HandshakeAllThreads
Event: 13.698 Executing VM operation: HandshakeAllThreads done
Event: 13.725 Executing VM operation: HandshakeAllThreads
Event: 13.725 Executing VM operation: HandshakeAllThreads done
Event: 13.793 Executing VM operation: HandshakeAllThreads
Event: 13.794 Executing VM operation: HandshakeAllThreads done
Event: 13.837 Executing VM operation: ICBufferFull
Event: 13.838 Executing VM operation: ICBufferFull done
Event: 13.966 Executing VM operation: HandshakeAllThreads
Event: 13.966 Executing VM operation: HandshakeAllThreads done
Event: 13.982 Executing VM operation: G1CollectForAllocation
Event: 13.992 Executing VM operation: G1CollectForAllocation done
Event: 14.015 Executing VM operation: G1CollectForAllocation
Event: 14.020 Executing VM operation: G1CollectForAllocation done
Event: 14.131 Executing VM operation: HandshakeAllThreads
Event: 14.131 Executing VM operation: HandshakeAllThreads done
Event: 14.390 Executing VM operation: G1CollectForAllocation

Events (20 events):
Event: 13.411 Thread 0x000002c92fc97f70 flushing nmethod 0x000002c919729e10
Event: 13.535 loading class java/io/FilterReader
Event: 13.535 loading class java/io/FilterReader done
Event: 13.690 Thread 0x000002c935ac1550 Thread added: 0x000002c935ac1550
Event: 13.702 Thread 0x000002c935ac1a20 Thread added: 0x000002c935ac1a20
Event: 13.702 Thread 0x000002c935ac4f10 Thread added: 0x000002c935ac4f10
Event: 13.702 Thread 0x000002c935ac53e0 Thread added: 0x000002c935ac53e0
Event: 13.702 Thread 0x000002c935ac2d60 Thread added: 0x000002c935ac2d60
Event: 13.702 Thread 0x000002c935ac3700 Thread added: 0x000002c935ac3700
Event: 13.702 Thread 0x000002c935ac70c0 Thread added: 0x000002c935ac70c0
Event: 13.703 Thread 0x000002c935ac0bb0 Thread added: 0x000002c935ac0bb0
Event: 13.733 Thread 0x000002c935ac58b0 Thread added: 0x000002c935ac58b0
Event: 13.760 loading class java/util/TreeMap$KeySpliterator
Event: 13.760 loading class java/util/TreeMap$TreeMapSpliterator
Event: 13.760 loading class java/util/TreeMap$TreeMapSpliterator done
Event: 13.760 loading class java/util/TreeMap$KeySpliterator done
Event: 13.818 loading class java/io/ObjectStreamClass$ExceptionInfo
Event: 13.818 loading class java/io/ObjectStreamClass$ExceptionInfo done
Event: 14.139 loading class java/util/HashMap$UnsafeHolder
Event: 14.139 loading class java/util/HashMap$UnsafeHolder done


Dynamic libraries:
0x00007ff74df80000 - 0x00007ff74df8a000 	C:\Program Files\Android\Android Studio\jbr\bin\java.exe
0x00007ffc3fcd0000 - 0x00007ffc3fee7000 	C:\WINDOWS\SYSTEM32\ntdll.dll
0x00007ffc3deb0000 - 0x00007ffc3df74000 	C:\WINDOWS\System32\KERNEL32.DLL
0x00007ffc3d0f0000 - 0x00007ffc3d497000 	C:\WINDOWS\System32\KERNELBASE.dll
0x00007ffc3d5c0000 - 0x00007ffc3d6d1000 	C:\WINDOWS\System32\ucrtbase.dll
0x00007ffbfacc0000 - 0x00007ffbfacd7000 	C:\Program Files\Android\Android Studio\jbr\bin\jli.dll
0x00007ffc3fab0000 - 0x00007ffc3fc5e000 	C:\WINDOWS\System32\USER32.dll
0x00007ffc3d0c0000 - 0x00007ffc3d0e6000 	C:\WINDOWS\System32\win32u.dll
0x00007ffc36040000 - 0x00007ffc3605b000 	C:\Program Files\Android\Android Studio\jbr\bin\VCRUNTIME140.dll
0x00007ffc1ea00000 - 0x00007ffc1ec93000 	C:\WINDOWS\WinSxS\amd64_microsoft.windows.common-controls_6595b64144ccf1df_6.0.22621.2506_none_270c5ae97388e100\COMCTL32.dll
0x00007ffc3dfe0000 - 0x00007ffc3e009000 	C:\WINDOWS\System32\GDI32.dll
0x00007ffc3f860000 - 0x00007ffc3f907000 	C:\WINDOWS\System32\msvcrt.dll
0x00007ffc3d4a0000 - 0x00007ffc3d5b9000 	C:\WINDOWS\System32\gdi32full.dll
0x00007ffc3d020000 - 0x00007ffc3d0ba000 	C:\WINDOWS\System32\msvcp_win.dll
0x00007ffc3f2f0000 - 0x00007ffc3f321000 	C:\WINDOWS\System32\IMM32.DLL
0x00007ffc39720000 - 0x00007ffc3972c000 	C:\Program Files\Android\Android Studio\jbr\bin\vcruntime140_1.dll
0x00007ffc1d9e0000 - 0x00007ffc1da6d000 	C:\Program Files\Android\Android Studio\jbr\bin\msvcp140.dll
0x00007ffbcc830000 - 0x00007ffbcd49e000 	C:\Program Files\Android\Android Studio\jbr\bin\server\jvm.dll
0x00007ffc3eac0000 - 0x00007ffc3eb70000 	C:\WINDOWS\System32\ADVAPI32.dll
0x00007ffc3f9f0000 - 0x00007ffc3fa96000 	C:\WINDOWS\System32\sechost.dll
0x00007ffc3dc00000 - 0x00007ffc3dd17000 	C:\WINDOWS\System32\RPCRT4.dll
0x00007ffc17fc0000 - 0x00007ffc17fc9000 	C:\WINDOWS\SYSTEM32\WSOCK32.dll
0x00007ffc33e80000 - 0x00007ffc33e8a000 	C:\WINDOWS\SYSTEM32\VERSION.dll
0x00007ffc3dd20000 - 0x00007ffc3dd91000 	C:\WINDOWS\System32\WS2_32.dll
0x00007ffc349c0000 - 0x00007ffc349f4000 	C:\WINDOWS\SYSTEM32\WINMM.dll
0x00007ffc3bf80000 - 0x00007ffc3bf98000 	C:\WINDOWS\SYSTEM32\kernel.appcore.dll
0x00007ffc1e790000 - 0x00007ffc1e79a000 	C:\Program Files\Android\Android Studio\jbr\bin\jimage.dll
0x00007ffc3a7b0000 - 0x00007ffc3a9e3000 	C:\WINDOWS\SYSTEM32\DBGHELP.DLL
0x00007ffc3f330000 - 0x00007ffc3f6b9000 	C:\WINDOWS\System32\combase.dll
0x00007ffc3f910000 - 0x00007ffc3f9e7000 	C:\WINDOWS\System32\OLEAUT32.dll
0x00007ffc0f120000 - 0x00007ffc0f152000 	C:\WINDOWS\SYSTEM32\dbgcore.DLL
0x00007ffc3d980000 - 0x00007ffc3d9fa000 	C:\WINDOWS\System32\bcryptPrimitives.dll
0x00007ffbf2d70000 - 0x00007ffbf2d95000 	C:\Program Files\Android\Android Studio\jbr\bin\java.dll
0x00007ffc11f00000 - 0x00007ffc11f18000 	C:\Program Files\Android\Android Studio\jbr\bin\zip.dll
0x00007ffc3e010000 - 0x00007ffc3e869000 	C:\WINDOWS\System32\SHELL32.dll
0x00007ffc3aef0000 - 0x00007ffc3b7e4000 	C:\WINDOWS\SYSTEM32\windows.storage.dll
0x00007ffc3adb0000 - 0x00007ffc3aeee000 	C:\WINDOWS\SYSTEM32\wintypes.dll
0x00007ffc3ddb0000 - 0x00007ffc3dea3000 	C:\WINDOWS\System32\SHCORE.dll
0x00007ffc3df80000 - 0x00007ffc3dfde000 	C:\WINDOWS\System32\shlwapi.dll
0x00007ffc3cf50000 - 0x00007ffc3cf76000 	C:\WINDOWS\SYSTEM32\profapi.dll
0x00007ffc054e0000 - 0x00007ffc054f9000 	C:\Program Files\Android\Android Studio\jbr\bin\net.dll
0x00007ffc36e60000 - 0x00007ffc36f97000 	C:\WINDOWS\SYSTEM32\WINHTTP.dll
0x00007ffc3c450000 - 0x00007ffc3c4b9000 	C:\WINDOWS\system32\mswsock.dll
0x00007ffbfcb80000 - 0x00007ffbfcb96000 	C:\Program Files\Android\Android Studio\jbr\bin\nio.dll
0x00007ffc17ef0000 - 0x00007ffc17f00000 	C:\Program Files\Android\Android Studio\jbr\bin\verify.dll
0x00007ffc19950000 - 0x00007ffc19977000 	C:\Users\yk5fe\.gradle\native\68d5fa5c4cc2d200863cafc0d521ce42e7d3e7ee720ec0a83991735586a16f82\windows-amd64\native-platform.dll
0x00007ffc0fc40000 - 0x00007ffc0fd84000 	C:\Users\yk5fe\.gradle\native\e376f236ea51e6404a007f0833ffe2c6e607c4080706a723a18a27aeea778392\windows-amd64\native-platform-file-events.dll
0x00007ffc16930000 - 0x00007ffc16939000 	C:\Program Files\Android\Android Studio\jbr\bin\management.dll
0x00007ffc0f580000 - 0x00007ffc0f58b000 	C:\Program Files\Android\Android Studio\jbr\bin\management_ext.dll
0x00007ffc3f2e0000 - 0x00007ffc3f2e8000 	C:\WINDOWS\System32\PSAPI.DLL
0x00007ffc3c7a0000 - 0x00007ffc3c7bb000 	C:\WINDOWS\SYSTEM32\CRYPTSP.dll
0x00007ffc3bf40000 - 0x00007ffc3bf75000 	C:\WINDOWS\system32\rsaenh.dll
0x00007ffc3c4f0000 - 0x00007ffc3c51c000 	C:\WINDOWS\SYSTEM32\USERENV.dll
0x00007ffc3c9d0000 - 0x00007ffc3c9f8000 	C:\WINDOWS\SYSTEM32\bcrypt.dll
0x00007ffc3c780000 - 0x00007ffc3c78c000 	C:\WINDOWS\SYSTEM32\CRYPTBASE.dll
0x00007ffc3ba40000 - 0x00007ffc3ba6d000 	C:\WINDOWS\SYSTEM32\IPHLPAPI.DLL
0x00007ffc3dda0000 - 0x00007ffc3dda9000 	C:\WINDOWS\System32\NSI.dll
0x00007ffc34480000 - 0x00007ffc34499000 	C:\WINDOWS\SYSTEM32\dhcpcsvc6.DLL
0x00007ffc34460000 - 0x00007ffc3447f000 	C:\WINDOWS\SYSTEM32\dhcpcsvc.DLL
0x00007ffc3ba70000 - 0x00007ffc3bb69000 	C:\WINDOWS\SYSTEM32\DNSAPI.dll
0x00007ffbeef10000 - 0x00007ffbeef18000 	C:\WINDOWS\system32\wshunix.dll
0x00007ffc16b60000 - 0x00007ffc16b77000 	C:\WINDOWS\system32\napinsp.dll
0x00007ffc16b40000 - 0x00007ffc16b5b000 	C:\WINDOWS\system32\pnrpnsp.dll
0x00007ffc16b20000 - 0x00007ffc16b31000 	C:\WINDOWS\System32\winrnr.dll
0x00007ffbffcc0000 - 0x00007ffbffcd5000 	C:\WINDOWS\system32\wshbth.dll
0x00007ffc06790000 - 0x00007ffc067b1000 	C:\WINDOWS\system32\nlansp_c.dll
0x00000000669a0000 - 0x00000000669c6000 	C:\Program Files\Bonjour\mdnsNSP.dll
0x00007ffc2cbf0000 - 0x00007ffc2cbfa000 	C:\Windows\System32\rasadhlp.dll
0x00007ffc31800000 - 0x00007ffc31883000 	C:\WINDOWS\System32\fwpuclnt.dll

dbghelp: loaded successfully - version: 4.0.5 - missing functions: none
symbol engine: initialized successfully - sym options: 0x614 - pdb path: .;C:\Program Files\Android\Android Studio\jbr\bin;C:\WINDOWS\SYSTEM32;C:\WINDOWS\WinSxS\amd64_microsoft.windows.common-controls_6595b64144ccf1df_6.0.22621.2506_none_270c5ae97388e100;C:\Program Files\Android\Android Studio\jbr\bin\server;C:\Users\yk5fe\.gradle\native\68d5fa5c4cc2d200863cafc0d521ce42e7d3e7ee720ec0a83991735586a16f82\windows-amd64;C:\Users\yk5fe\.gradle\native\e376f236ea51e6404a007f0833ffe2c6e607c4080706a723a18a27aeea778392\windows-amd64;C:\Program Files\Bonjour

VM Arguments:
jvm_args: --add-opens=java.base/java.util=ALL-UNNAMED --add-opens=java.base/java.lang=ALL-UNNAMED --add-opens=java.base/java.lang.invoke=ALL-UNNAMED --add-opens=java.prefs/java.util.prefs=ALL-UNNAMED --add-opens=java.base/java.nio.charset=ALL-UNNAMED --add-opens=java.base/java.net=ALL-UNNAMED --add-opens=java.base/java.util.concurrent.atomic=ALL-UNNAMED -Xmx2048m -Dfile.encoding=UTF-8 -Duser.country=FR -Duser.language=fr -Duser.variant 
java_command: org.gradle.launcher.daemon.bootstrap.GradleDaemon 8.0
java_class_path (initial): C:\Users\yk5fe\.gradle\wrapper\dists\gradle-8.0-bin\ca5e32bp14vu59qr306oxotwh\gradle-8.0\lib\gradle-launcher-8.0.jar
Launcher Type: SUN_STANDARD

[Global flags]
     intx CICompilerCount                          = 4                                         {product} {ergonomic}
     uint ConcGCThreads                            = 2                                         {product} {ergonomic}
     uint G1ConcRefinementThreads                  = 8                                         {product} {ergonomic}
   size_t G1HeapRegionSize                         = 1048576                                   {product} {ergonomic}
    uintx GCDrainStackTargetSize                   = 64                                        {product} {ergonomic}
   size_t InitialHeapSize                          = 199229440                                 {product} {ergonomic}
   size_t MarkStackSize                            = 4194304                                   {product} {ergonomic}
   size_t MaxHeapSize                              = 2147483648                                {product} {command line}
   size_t MaxNewSize                               = 1287651328                                {product} {ergonomic}
   size_t MinHeapDeltaBytes                        = 1048576                                   {product} {ergonomic}
   size_t MinHeapSize                              = 8388608                                   {product} {ergonomic}
    uintx NonNMethodCodeHeapSize                   = 5839372                                {pd product} {ergonomic}
    uintx NonProfiledCodeHeapSize                  = 122909434                              {pd product} {ergonomic}
    uintx ProfiledCodeHeapSize                     = 122909434                              {pd product} {ergonomic}
    uintx ReservedCodeCacheSize                    = 251658240                              {pd product} {ergonomic}
     bool SegmentedCodeCache                       = true                                      {product} {ergonomic}
   size_t SoftMaxHeapSize                          = 2147483648                             {manageable} {ergonomic}
     bool UseCompressedClassPointers               = true                           {product lp64_product} {ergonomic}
     bool UseCompressedOops                        = true                           {product lp64_product} {ergonomic}
     bool UseG1GC                                  = true                                      {product} {ergonomic}
     bool UseLargePagesIndividualAllocation        = false                                  {pd product} {ergonomic}

Logging:
Log output configuration:
 #0: stdout all=warning uptime,level,tags
 #1: stderr all=off uptime,level,tags

Environment Variables:
JAVA_HOME=C:\Program Files\Java\jdk-20
PATH=C:\Program Files\Java\jdk-20\bin;C:\ADMINISTRATION\WINDOWS\bin;C:\Program Files\Common Files\Oracle\Java\javapath;C:\Program Files\Python310\Scripts\;C:\Program Files\Python310\;C:\WINDOWS\system32;C:\WINDOWS;C:\WINDOWS\System32\Wbem;C:\WINDOWS\System32\WindowsPowerShell\v1.0\;C:\WINDOWS\System32\OpenSSH\;C:\Program Files\Git\cmd;C:\Program Files\MySQL\MySQL Server 5.1\bin;C:\Users\yk5fe\AppData\Roaming\nvm;C:\Program Files\nodejs;C:\Program Files\nodejs\;C:\Users\yk5fe\AppData\Local\Microsoft\WindowsApps;C:\Users\yk5fe\AppData\Local\Programs\Microsoft VS Code\bin;C:\Program Files\Java\jdk-20\bin;C:\Users\yk5fe\AppData\Local\atom\bin;C:\Users\yk5fe\AppData\Local\GitHubDesktop\bin;C:\javafx-sdk-18\jdk-19_windows-x64_bin\jdk-19.0.2\bin;C:\Users\yk5fe\AppData\Local\Microsoft\WindowsApps;C:\Program Files\JetBrains\WebStorm 2023.1.1\bin;;C:\Users\yk5fe\AppData\Roaming\nvm;C:\Program Files\nodejs;C:\apache-tomcat-9.0.75\bin;C:\Users\yk5fe\OneDrive\Bureau\apache-zookeeper-3.7.1-bin\apache-zookeeper-3.7.1-bin\bin;C:\apache-maven-3.9.2-bin\apache-maven-3.9.2\bin;C:\Users\yk5fe\AppData\Roaming\TinyTeX\bin\windows;C:\Users\yk5fe\AppData\Roaming\npm;C:\Users\yk5fe\AppData\Local\Programs\Julia-1.9.3\bin;C:\Users\yk5fe\AppData\Roaming\Python\Python310\site-packages;F:\document_flutter\flutter\dart-sdk\bin;F:\document_flutter\flutter\bin;
USERNAME=yk5fe
OS=Windows_NT
PROCESSOR_IDENTIFIER=Intel64 Family 6 Model 140 Stepping 2, GenuineIntel
TMP=C:\Users\yk5fe\AppData\Local\Temp
TEMP=C:\Users\yk5fe\AppData\Local\Temp


JNI global refs:
JNI global refs: 27, weak refs: 9

JNI global refs memory usage: 843, weak refs: 841


---------------  S Y S T E M  ---------------

OS:
 Windows 11 , 64 bit Build 22621 (10.0.22621.2506)
OS uptime: 0 days 9:24 hours
Hyper-V role detected

CPU: total 8 (initial active 8) (4 cores per cpu, 2 threads per core) family 6 model 140 stepping 2 microcode 0x2c, cx8, cmov, fxsr, ht, mmx, 3dnowpref, sse, sse2, sse3, ssse3, sse4.1, sse4.2, popcnt, lzcnt, tsc, tscinvbit, avx, avx2, aes, erms, clmul, bmi1, bmi2, adx, avx512f, avx512dq, avx512cd, avx512bw, avx512vl, sha, fma, vzeroupper, avx512_vpopcntdq, avx512_vpclmulqdq, avx512_vaes, avx512_vnni, clflush, clflushopt, clwb, avx512_vbmi2, avx512_vbmi, hv

Memory: 4k page, system-wide physical 12037M (480M free)
TotalPageFile size 14437M (AvailPageFile size 30M)
current process WorkingSet (physical memory assigned to process): 417M, peak: 423M
current process commit charge ("private bytes"): 492M, peak: 602M

vm_info: OpenJDK 64-Bit Server VM (17.0.6+0-b2043.56-10027231) for windows-amd64 JRE (17.0.6+0-b2043.56-10027231), built on Apr 28 2023 00:43:19 by "androidbuild" with MS VC++ 16.10 / 16.11 (VS2019)

END.
