#
# There is insufficient memory for the Java Runtime Environment to continue.
# Native memory allocation (mmap) failed to map 162529280 bytes for G1 virtual space
# Possible reasons:
#   The system is out of physical RAM or swap space
#   The process is running with CompressedOops enabled, and the Java Heap may be blocking the growth of the native heap
# Possible solutions:
#   Reduce memory load on the system
#   Increase physical memory or swap space
#   Check if swap backing store is full
#   Decrease Java heap size (-Xmx/-Xms)
#   Decrease number of Java threads
#   Decrease Java thread stack sizes (-Xss)
#   Set larger code cache with -XX:ReservedCodeCacheSize=
#   JVM is running with Unscaled Compressed Oops mode in which the Java heap is
#     placed in the first 4GB address space. The Java Heap base address is the
#     maximum limit for the native heap growth. Please use -XX:HeapBaseMinAddress
#     to set the Java Heap base and to place the Java Heap above 4GB virtual address.
# This output file may be truncated or incomplete.
#
#  Out of Memory Error (os_windows.cpp:3769), pid=12984, tid=8680
#
# JRE version: OpenJDK Runtime Environment (17.0.6) (build 17.0.6+0-b2043.56-10027231)
# Java VM: OpenJDK 64-Bit Server VM (17.0.6+0-b2043.56-10027231, mixed mode, tiered, compressed oops, compressed class ptrs, g1 gc, windows-amd64)
# No core dump will be written. Minidumps are not enabled by default on client versions of Windows
#

---------------  S U M M A R Y ------------

Command Line: --add-opens=java.base/java.util=ALL-UNNAMED --add-opens=java.base/java.lang=ALL-UNNAMED --add-opens=java.base/java.lang.invoke=ALL-UNNAMED --add-opens=java.prefs/java.util.prefs=ALL-UNNAMED --add-opens=java.base/java.nio.charset=ALL-UNNAMED --add-opens=java.base/java.net=ALL-UNNAMED --add-opens=java.base/java.util.concurrent.atomic=ALL-UNNAMED -Xmx2048m -Dfile.encoding=UTF-8 -Duser.country=FR -Duser.language=fr -Duser.variant org.gradle.launcher.daemon.bootstrap.GradleDaemon 8.0

Host: 11th Gen Intel(R) Core(TM) i5-1155G7 @ 2.50GHz, 8 cores, 11G,  Windows 11 , 64 bit Build 22621 (10.0.22621.2506)
Time: Sat Nov  4 07:00:33 2023 Greenwich elapsed time: 16.966447 seconds (0d 0h 0m 16s)

---------------  T H R E A D  ---------------

Current thread (0x0000026bfe81d940):  VMThread "VM Thread" [stack: 0x000000ee1d800000,0x000000ee1d900000] [id=8680]

Stack: [0x000000ee1d800000,0x000000ee1d900000]
Native frames: (J=compiled Java code, j=interpreted, Vv=VM code, C=native code)
V  [jvm.dll+0x683c9a]
V  [jvm.dll+0x8427a4]
V  [jvm.dll+0x843f9e]
V  [jvm.dll+0x844603]
V  [jvm.dll+0x249b75]
V  [jvm.dll+0x680b69]
V  [jvm.dll+0x67505a]
V  [jvm.dll+0x309acb]
V  [jvm.dll+0x310f86]
V  [jvm.dll+0x3608ee]
V  [jvm.dll+0x360b1f]
V  [jvm.dll+0x2dfbf8]
V  [jvm.dll+0x2ddec4]
V  [jvm.dll+0x2dd4cc]
V  [jvm.dll+0x321f3b]
V  [jvm.dll+0x848ccb]
V  [jvm.dll+0x849a04]
V  [jvm.dll+0x849f1d]
V  [jvm.dll+0x84a2f4]
V  [jvm.dll+0x84a3c0]
V  [jvm.dll+0x7f274a]
V  [jvm.dll+0x682ad5]
C  [ucrtbase.dll+0x29363]
C  [KERNEL32.DLL+0x1257d]
C  [ntdll.dll+0x5aa58]

VM_Operation (0x000000ee269f9f10): G1CollectForAllocation, mode: safepoint, requested by thread 0x0000026b8f1a6ea0


---------------  P R O C E S S  ---------------

Threads class SMR info:
_java_thread_list=0x0000026b91d26400, length=138, elements={
0x0000026bf399a8d0, 0x0000026bff42d250, 0x0000026bff42dd10, 0x0000026bff41b420,
0x0000026bff452100, 0x0000026bff455900, 0x0000026bff4583e0, 0x0000026bff461ec0,
0x0000026bff465d70, 0x0000026bff466e50, 0x0000026bff5e6e70, 0x0000026bff5e7340,
0x0000026b8fedfb30, 0x0000026b90d92050, 0x0000026b9089fda0, 0x0000026b9088d5e0,
0x0000026b916b7850, 0x0000026b91224d20, 0x0000026b8fa12090, 0x0000026b8f1a6500,
0x0000026b8f1a69d0, 0x0000026b8f1a7370, 0x0000026b91429810, 0x0000026b91428e70,
0x0000026b9142cd00, 0x0000026b9142db70, 0x0000026b9142c830, 0x0000026b9142d1d0,
0x0000026b9142b9c0, 0x0000026b91427190, 0x0000026b9142be90, 0x0000026b9142c360,
0x0000026b914289a0, 0x0000026b9142d6a0, 0x0000026b91427660, 0x0000026b9142ab50,
0x0000026b9142b020, 0x0000026b91429ce0, 0x0000026b90c04930, 0x0000026b90c06fb0,
0x0000026b90c03f90, 0x0000026b90c00f70, 0x0000026b90c04460, 0x0000026b90c06ae0,
0x0000026b90c04e00, 0x0000026b90c02c50, 0x0000026b90c01440, 0x0000026b90c07480,
0x0000026b90c052d0, 0x0000026b90c00aa0, 0x0000026b90c07950, 0x0000026b90c022b0,
0x0000026b90c05c70, 0x0000026b90c057a0, 0x0000026b90c03ac0, 0x0000026b90c07e20,
0x0000026b90c02780, 0x0000026b90c03120, 0x0000026b90c035f0, 0x0000026b90bfa290,
0x0000026b90bf8a80, 0x0000026b90bf9dc0, 0x0000026b90bf98f0, 0x0000026b90bfac30,
0x0000026b90bfc910, 0x0000026b90bfb100, 0x0000026b90bffe00, 0x0000026b90bfd2b0,
0x0000026b90bf8f50, 0x0000026b90bff460, 0x0000026b90bfb5d0, 0x0000026b90bfc440,
0x0000026b90c002d0, 0x0000026b90bfcde0, 0x0000026b90bfa760, 0x0000026b90bf9420,
0x0000026b90bfd780, 0x0000026b90bfbaa0, 0x0000026b90bfef90, 0x0000026b90bfbf70,
0x0000026b90bfdc50, 0x0000026b90bff930, 0x0000026b90bfe120, 0x0000026b90bfe5f0,
0x0000026b90bfeac0, 0x0000026b966af870, 0x0000026b966afd40, 0x0000026b966b0210,
0x0000026b966b06e0, 0x0000026b966b2d60, 0x0000026b966b23c0, 0x0000026b966b0bb0,
0x0000026b966b1a20, 0x0000026b966b1080, 0x0000026b966b1550, 0x0000026b966b1ef0,
0x0000026b966b2890, 0x0000026b966b3230, 0x0000026b97be7660, 0x0000026b97be67f0,
0x0000026b97be2960, 0x0000026b97be8e70, 0x0000026b97be9340, 0x0000026b97be3300,
0x0000026b97be8000, 0x0000026b97be5980, 0x0000026b97be9810, 0x0000026b97be4170,
0x0000026b97be9ce0, 0x0000026b97be6320, 0x0000026b97be2e30, 0x0000026b97be37d0,
0x0000026b97be6cc0, 0x0000026b97be3ca0, 0x0000026b97be89a0, 0x0000026b97be5e50,
0x0000026b97be7190, 0x0000026b97be4b10, 0x0000026b97be2490, 0x0000026b97be54b0,
0x0000026b97be4640, 0x0000026b97be4fe0, 0x0000026b97be7b30, 0x0000026b97be84d0,
0x0000026b941ab9d0, 0x0000026b941ad6b0, 0x0000026b941a84e0, 0x0000026b941a71a0,
0x0000026bff6df9f0, 0x0000026b941aab60, 0x0000026b941a7670, 0x0000026b941a6800,
0x0000026b941a9cf0, 0x0000026b941a8010, 0x0000026b941ab030, 0x0000026b8f1a6ea0,
0x0000026b8f1a6030, 0x0000026b91428000
}

Java Threads: ( => current thread )
  0x0000026bf399a8d0 JavaThread "main" [_thread_blocked, id=10572, stack(0x000000ee1d200000,0x000000ee1d300000)]
  0x0000026bff42d250 JavaThread "Reference Handler" daemon [_thread_blocked, id=5516, stack(0x000000ee1d900000,0x000000ee1da00000)]
  0x0000026bff42dd10 JavaThread "Finalizer" daemon [_thread_blocked, id=8336, stack(0x000000ee1da00000,0x000000ee1db00000)]
  0x0000026bff41b420 JavaThread "Signal Dispatcher" daemon [_thread_blocked, id=6792, stack(0x000000ee1db00000,0x000000ee1dc00000)]
  0x0000026bff452100 JavaThread "Attach Listener" daemon [_thread_blocked, id=10908, stack(0x000000ee1dc00000,0x000000ee1dd00000)]
  0x0000026bff455900 JavaThread "Service Thread" daemon [_thread_blocked, id=3272, stack(0x000000ee1dd00000,0x000000ee1de00000)]
  0x0000026bff4583e0 JavaThread "Monitor Deflation Thread" daemon [_thread_blocked, id=12196, stack(0x000000ee1de00000,0x000000ee1df00000)]
  0x0000026bff461ec0 JavaThread "C2 CompilerThread0" daemon [_thread_in_native, id=8924, stack(0x000000ee1df00000,0x000000ee1e000000)]
  0x0000026bff465d70 JavaThread "C1 CompilerThread0" daemon [_thread_blocked, id=13568, stack(0x000000ee1e000000,0x000000ee1e100000)]
  0x0000026bff466e50 JavaThread "Sweeper thread" daemon [_thread_blocked, id=3960, stack(0x000000ee1e100000,0x000000ee1e200000)]
  0x0000026bff5e6e70 JavaThread "Common-Cleaner" daemon [_thread_blocked, id=13352, stack(0x000000ee1e200000,0x000000ee1e300000)]
  0x0000026bff5e7340 JavaThread "Notification Thread" daemon [_thread_blocked, id=12992, stack(0x000000ee1e300000,0x000000ee1e400000)]
  0x0000026b8fedfb30 JavaThread "Daemon health stats" [_thread_blocked, id=6008, stack(0x000000ee1eb00000,0x000000ee1ec00000)]
  0x0000026b90d92050 JavaThread "Incoming local TCP Connector on port 53403" [_thread_in_native, id=11932, stack(0x000000ee1ec00000,0x000000ee1ed00000)]
  0x0000026b9089fda0 JavaThread "Daemon periodic checks" [_thread_blocked, id=4616, stack(0x000000ee1ed00000,0x000000ee1ee00000)]
  0x0000026b9088d5e0 JavaThread "Daemon" [_thread_blocked, id=636, stack(0x000000ee1ee00000,0x000000ee1ef00000)]
  0x0000026b916b7850 JavaThread "Handler for socket connection from /127.0.0.1:53403 to /127.0.0.1:53404" [_thread_in_native, id=4296, stack(0x000000ee1ef00000,0x000000ee1f000000)]
  0x0000026b91224d20 JavaThread "Cancel handler" [_thread_blocked, id=10092, stack(0x000000ee1f000000,0x000000ee1f100000)]
  0x0000026b8fa12090 JavaThread "Daemon worker" [_thread_blocked, id=2632, stack(0x000000ee1f100000,0x000000ee1f200000)]
  0x0000026b8f1a6500 JavaThread "Asynchronous log dispatcher for DefaultDaemonConnection: socket connection from /127.0.0.1:53403 to /127.0.0.1:53404" [_thread_blocked, id=8100, stack(0x000000ee1f200000,0x000000ee1f300000)]
  0x0000026b8f1a69d0 JavaThread "Stdin handler" [_thread_blocked, id=2712, stack(0x000000ee1f300000,0x000000ee1f400000)]
  0x0000026b8f1a7370 JavaThread "Daemon client event forwarder" [_thread_blocked, id=8524, stack(0x000000ee1f400000,0x000000ee1f500000)]
  0x0000026b91429810 JavaThread "Cache worker for journal cache (C:\Users\yk5fe\.gradle\caches\journal-1)" [_thread_blocked, id=12964, stack(0x000000ee1f800000,0x000000ee1f900000)]
  0x0000026b91428e70 JavaThread "File lock request listener" [_thread_in_native, id=10068, stack(0x000000ee1f900000,0x000000ee1fa00000)]
  0x0000026b9142cd00 JavaThread "Cache worker for file hash cache (C:\Users\yk5fe\.gradle\caches\8.0\fileHashes)" [_thread_blocked, id=5072, stack(0x000000ee1fa00000,0x000000ee1fb00000)]
  0x0000026b9142db70 JavaThread "File watcher server" daemon [_thread_blocked, id=8500, stack(0x000000ee1fc00000,0x000000ee1fd00000)]
  0x0000026b9142c830 JavaThread "File watcher consumer" daemon [_thread_blocked, id=1012, stack(0x000000ee1fd00000,0x000000ee1fe00000)]
  0x0000026b9142d1d0 JavaThread "Cache worker for checksums cache (C:\Users\yk5fe\AndroidStudioProjects\test\.gradle\8.0\checksums)" [_thread_blocked, id=13632, stack(0x000000ee1fe00000,0x000000ee1ff00000)]
  0x0000026b9142b9c0 JavaThread "Cache worker for cache directory md-rule (C:\Users\yk5fe\.gradle\caches\8.0\md-rule)" [_thread_blocked, id=9156, stack(0x000000ee1ff00000,0x000000ee20000000)]
  0x0000026b91427190 JavaThread "Cache worker for file content cache (C:\Users\yk5fe\.gradle\caches\8.0\fileContent)" [_thread_blocked, id=11240, stack(0x000000ee20000000,0x000000ee20100000)]
  0x0000026b9142be90 JavaThread "Cache worker for file hash cache (C:\Users\yk5fe\AndroidStudioProjects\test\.gradle\8.0\fileHashes)" [_thread_blocked, id=8256, stack(0x000000ee1fb00000,0x000000ee1fc00000)]
  0x0000026b9142c360 JavaThread "Cache worker for cache directory md-supplier (C:\Users\yk5fe\.gradle\caches\8.0\md-supplier)" [_thread_blocked, id=9944, stack(0x000000ee20100000,0x000000ee20200000)]
  0x0000026b914289a0 JavaThread "Cache worker for execution history cache (C:\Users\yk5fe\.gradle\caches\8.0\executionHistory)" [_thread_blocked, id=8080, stack(0x000000ee20200000,0x000000ee20300000)]
  0x0000026b9142d6a0 JavaThread "jar transforms" [_thread_blocked, id=3024, stack(0x000000ee20400000,0x000000ee20500000)]
  0x0000026b91427660 JavaThread "jar transforms Thread 2" [_thread_blocked, id=12952, stack(0x000000ee20500000,0x000000ee20600000)]
  0x0000026b9142ab50 JavaThread "Cache worker for kotlin-dsl (C:\Users\yk5fe\.gradle\caches\8.0\kotlin-dsl)" [_thread_blocked, id=7676, stack(0x000000ee20700000,0x000000ee20800000)]
  0x0000026b9142b020 JavaThread "jar transforms Thread 3" [_thread_blocked, id=4212, stack(0x000000ee20800000,0x000000ee20900000)]
  0x0000026b91429ce0 JavaThread "jar transforms Thread 4" [_thread_blocked, id=5956, stack(0x000000ee20900000,0x000000ee20a00000)]
  0x0000026b90c04930 JavaThread "Cache worker for dependencies-accessors (C:\Users\yk5fe\AndroidStudioProjects\test\.gradle\8.0\dependencies-accessors)" [_thread_blocked, id=3016, stack(0x000000ee20a00000,0x000000ee20b00000)]
  0x0000026b90c06fb0 JavaThread "Cache worker for Build Output Cleanup Cache (C:\Users\yk5fe\AndroidStudioProjects\test\.gradle\buildOutputCleanup)" [_thread_blocked, id=14180, stack(0x000000ee20b00000,0x000000ee20c00000)]
  0x0000026b90c03f90 JavaThread "jar transforms Thread 5" [_thread_blocked, id=13368, stack(0x000000ee20c00000,0x000000ee20d00000)]
  0x0000026b90c00f70 JavaThread "Unconstrained build operations" [_thread_blocked, id=6264, stack(0x000000ee20d00000,0x000000ee20e00000)]
  0x0000026b90c04460 JavaThread "Unconstrained build operations Thread 2" [_thread_blocked, id=9336, stack(0x000000ee20e00000,0x000000ee20f00000)]
  0x0000026b90c06ae0 JavaThread "Unconstrained build operations Thread 3" [_thread_blocked, id=7624, stack(0x000000ee20f00000,0x000000ee21000000)]
  0x0000026b90c04e00 JavaThread "Unconstrained build operations Thread 4" [_thread_blocked, id=332, stack(0x000000ee21000000,0x000000ee21100000)]
  0x0000026b90c02c50 JavaThread "Unconstrained build operations Thread 5" [_thread_blocked, id=4548, stack(0x000000ee21100000,0x000000ee21200000)]
  0x0000026b90c01440 JavaThread "Unconstrained build operations Thread 6" [_thread_blocked, id=13472, stack(0x000000ee21200000,0x000000ee21300000)]
  0x0000026b90c07480 JavaThread "Unconstrained build operations Thread 7" [_thread_blocked, id=13744, stack(0x000000ee21300000,0x000000ee21400000)]
  0x0000026b90c052d0 JavaThread "Unconstrained build operations Thread 8" [_thread_blocked, id=13564, stack(0x000000ee21400000,0x000000ee21500000)]
  0x0000026b90c00aa0 JavaThread "Unconstrained build operations Thread 9" [_thread_blocked, id=5548, stack(0x000000ee21500000,0x000000ee21600000)]
  0x0000026b90c07950 JavaThread "Unconstrained build operations Thread 10" [_thread_blocked, id=13824, stack(0x000000ee21600000,0x000000ee21700000)]
  0x0000026b90c022b0 JavaThread "Unconstrained build operations Thread 11" [_thread_blocked, id=5512, stack(0x000000ee21700000,0x000000ee21800000)]
  0x0000026b90c05c70 JavaThread "Unconstrained build operations Thread 12" [_thread_blocked, id=11876, stack(0x000000ee21800000,0x000000ee21900000)]
  0x0000026b90c057a0 JavaThread "Unconstrained build operations Thread 13" [_thread_blocked, id=6484, stack(0x000000ee21900000,0x000000ee21a00000)]
  0x0000026b90c03ac0 JavaThread "Unconstrained build operations Thread 14" [_thread_blocked, id=2156, stack(0x000000ee21a00000,0x000000ee21b00000)]
  0x0000026b90c07e20 JavaThread "Unconstrained build operations Thread 15" [_thread_blocked, id=8988, stack(0x000000ee21b00000,0x000000ee21c00000)]
  0x0000026b90c02780 JavaThread "Unconstrained build operations Thread 16" [_thread_blocked, id=14044, stack(0x000000ee21c00000,0x000000ee21d00000)]
  0x0000026b90c03120 JavaThread "Unconstrained build operations Thread 17" [_thread_blocked, id=3840, stack(0x000000ee21d00000,0x000000ee21e00000)]
  0x0000026b90c035f0 JavaThread "Unconstrained build operations Thread 18" [_thread_blocked, id=12688, stack(0x000000ee21e00000,0x000000ee21f00000)]
  0x0000026b90bfa290 JavaThread "Unconstrained build operations Thread 19" [_thread_blocked, id=13576, stack(0x000000ee21f00000,0x000000ee22000000)]
  0x0000026b90bf8a80 JavaThread "Unconstrained build operations Thread 20" [_thread_blocked, id=9556, stack(0x000000ee22000000,0x000000ee22100000)]
  0x0000026b90bf9dc0 JavaThread "Unconstrained build operations Thread 21" [_thread_blocked, id=11116, stack(0x000000ee22100000,0x000000ee22200000)]
  0x0000026b90bf98f0 JavaThread "Unconstrained build operations Thread 22" [_thread_blocked, id=13624, stack(0x000000ee22200000,0x000000ee22300000)]
  0x0000026b90bfac30 JavaThread "Unconstrained build operations Thread 23" [_thread_blocked, id=13020, stack(0x000000ee22300000,0x000000ee22400000)]
  0x0000026b90bfc910 JavaThread "Unconstrained build operations Thread 24" [_thread_blocked, id=13952, stack(0x000000ee22400000,0x000000ee22500000)]
  0x0000026b90bfb100 JavaThread "Unconstrained build operations Thread 25" [_thread_blocked, id=8640, stack(0x000000ee22500000,0x000000ee22600000)]
  0x0000026b90bffe00 JavaThread "Unconstrained build operations Thread 26" [_thread_blocked, id=14024, stack(0x000000ee22600000,0x000000ee22700000)]
  0x0000026b90bfd2b0 JavaThread "Unconstrained build operations Thread 27" [_thread_blocked, id=1272, stack(0x000000ee22700000,0x000000ee22800000)]
  0x0000026b90bf8f50 JavaThread "Unconstrained build operations Thread 28" [_thread_blocked, id=10956, stack(0x000000ee22800000,0x000000ee22900000)]
  0x0000026b90bff460 JavaThread "Unconstrained build operations Thread 29" [_thread_blocked, id=10252, stack(0x000000ee22900000,0x000000ee22a00000)]
  0x0000026b90bfb5d0 JavaThread "Unconstrained build operations Thread 30" [_thread_blocked, id=14276, stack(0x000000ee22a00000,0x000000ee22b00000)]
  0x0000026b90bfc440 JavaThread "Unconstrained build operations Thread 31" [_thread_blocked, id=7816, stack(0x000000ee22b00000,0x000000ee22c00000)]
  0x0000026b90c002d0 JavaThread "Unconstrained build operations Thread 32" [_thread_blocked, id=4132, stack(0x000000ee22c00000,0x000000ee22d00000)]
  0x0000026b90bfcde0 JavaThread "Unconstrained build operations Thread 33" [_thread_blocked, id=13664, stack(0x000000ee22d00000,0x000000ee22e00000)]
  0x0000026b90bfa760 JavaThread "Unconstrained build operations Thread 34" [_thread_blocked, id=13068, stack(0x000000ee22e00000,0x000000ee22f00000)]
  0x0000026b90bf9420 JavaThread "Unconstrained build operations Thread 35" [_thread_blocked, id=1924, stack(0x000000ee22f00000,0x000000ee23000000)]
  0x0000026b90bfd780 JavaThread "Unconstrained build operations Thread 36" [_thread_blocked, id=4248, stack(0x000000ee23000000,0x000000ee23100000)]
  0x0000026b90bfbaa0 JavaThread "Unconstrained build operations Thread 37" [_thread_blocked, id=10564, stack(0x000000ee23100000,0x000000ee23200000)]
  0x0000026b90bfef90 JavaThread "Unconstrained build operations Thread 38" [_thread_blocked, id=12560, stack(0x000000ee23200000,0x000000ee23300000)]
  0x0000026b90bfbf70 JavaThread "Unconstrained build operations Thread 39" [_thread_blocked, id=5152, stack(0x000000ee23300000,0x000000ee23400000)]
  0x0000026b90bfdc50 JavaThread "Unconstrained build operations Thread 40" [_thread_blocked, id=11564, stack(0x000000ee23400000,0x000000ee23500000)]
  0x0000026b90bff930 JavaThread "Unconstrained build operations Thread 41" [_thread_blocked, id=4508, stack(0x000000ee23500000,0x000000ee23600000)]
  0x0000026b90bfe120 JavaThread "Unconstrained build operations Thread 42" [_thread_blocked, id=6180, stack(0x000000ee23600000,0x000000ee23700000)]
  0x0000026b90bfe5f0 JavaThread "Unconstrained build operations Thread 43" [_thread_blocked, id=3640, stack(0x000000ee23700000,0x000000ee23800000)]
  0x0000026b90bfeac0 JavaThread "Unconstrained build operations Thread 44" [_thread_blocked, id=4372, stack(0x000000ee23800000,0x000000ee23900000)]
  0x0000026b966af870 JavaThread "Unconstrained build operations Thread 45" [_thread_blocked, id=3388, stack(0x000000ee23900000,0x000000ee23a00000)]
  0x0000026b966afd40 JavaThread "Unconstrained build operations Thread 46" [_thread_blocked, id=14100, stack(0x000000ee23a00000,0x000000ee23b00000)]
  0x0000026b966b0210 JavaThread "Unconstrained build operations Thread 47" [_thread_blocked, id=13480, stack(0x000000ee23b00000,0x000000ee23c00000)]
  0x0000026b966b06e0 JavaThread "Unconstrained build operations Thread 48" [_thread_blocked, id=4632, stack(0x000000ee23c00000,0x000000ee23d00000)]
  0x0000026b966b2d60 JavaThread "Unconstrained build operations Thread 49" [_thread_blocked, id=2452, stack(0x000000ee23d00000,0x000000ee23e00000)]
  0x0000026b966b23c0 JavaThread "Unconstrained build operations Thread 50" [_thread_blocked, id=11404, stack(0x000000ee23e00000,0x000000ee23f00000)]
  0x0000026b966b0bb0 JavaThread "Unconstrained build operations Thread 51" [_thread_blocked, id=2032, stack(0x000000ee23f00000,0x000000ee24000000)]
  0x0000026b966b1a20 JavaThread "Unconstrained build operations Thread 52" [_thread_blocked, id=7004, stack(0x000000ee24000000,0x000000ee24100000)]
  0x0000026b966b1080 JavaThread "Unconstrained build operations Thread 53" [_thread_blocked, id=10824, stack(0x000000ee24100000,0x000000ee24200000)]
  0x0000026b966b1550 JavaThread "Unconstrained build operations Thread 54" [_thread_blocked, id=6616, stack(0x000000ee24200000,0x000000ee24300000)]
  0x0000026b966b1ef0 JavaThread "Unconstrained build operations Thread 55" [_thread_blocked, id=13512, stack(0x000000ee24300000,0x000000ee24400000)]
  0x0000026b966b2890 JavaThread "Unconstrained build operations Thread 56" [_thread_blocked, id=836, stack(0x000000ee24400000,0x000000ee24500000)]
  0x0000026b966b3230 JavaThread "Unconstrained build operations Thread 57" [_thread_blocked, id=2508, stack(0x000000ee24500000,0x000000ee24600000)]
  0x0000026b97be7660 JavaThread "Unconstrained build operations Thread 58" [_thread_blocked, id=1564, stack(0x000000ee24600000,0x000000ee24700000)]
  0x0000026b97be67f0 JavaThread "Unconstrained build operations Thread 59" [_thread_blocked, id=13888, stack(0x000000ee24700000,0x000000ee24800000)]
  0x0000026b97be2960 JavaThread "Unconstrained build operations Thread 60" [_thread_blocked, id=11900, stack(0x000000ee24800000,0x000000ee24900000)]
  0x0000026b97be8e70 JavaThread "Unconstrained build operations Thread 61" [_thread_blocked, id=4764, stack(0x000000ee24900000,0x000000ee24a00000)]
  0x0000026b97be9340 JavaThread "Unconstrained build operations Thread 62" [_thread_blocked, id=2728, stack(0x000000ee24a00000,0x000000ee24b00000)]
  0x0000026b97be3300 JavaThread "Unconstrained build operations Thread 63" [_thread_blocked, id=4160, stack(0x000000ee24b00000,0x000000ee24c00000)]
  0x0000026b97be8000 JavaThread "Unconstrained build operations Thread 64" [_thread_blocked, id=13532, stack(0x000000ee24c00000,0x000000ee24d00000)]
  0x0000026b97be5980 JavaThread "Unconstrained build operations Thread 65" [_thread_blocked, id=10924, stack(0x000000ee24d00000,0x000000ee24e00000)]
  0x0000026b97be9810 JavaThread "Unconstrained build operations Thread 66" [_thread_blocked, id=2896, stack(0x000000ee24e00000,0x000000ee24f00000)]
  0x0000026b97be4170 JavaThread "Unconstrained build operations Thread 67" [_thread_blocked, id=6404, stack(0x000000ee24f00000,0x000000ee25000000)]
  0x0000026b97be9ce0 JavaThread "Unconstrained build operations Thread 68" [_thread_blocked, id=5772, stack(0x000000ee25000000,0x000000ee25100000)]
  0x0000026b97be6320 JavaThread "Unconstrained build operations Thread 69" [_thread_blocked, id=14328, stack(0x000000ee25100000,0x000000ee25200000)]
  0x0000026b97be2e30 JavaThread "Unconstrained build operations Thread 70" [_thread_blocked, id=4584, stack(0x000000ee25200000,0x000000ee25300000)]
  0x0000026b97be37d0 JavaThread "Unconstrained build operations Thread 71" [_thread_blocked, id=7564, stack(0x000000ee25300000,0x000000ee25400000)]
  0x0000026b97be6cc0 JavaThread "Unconstrained build operations Thread 72" [_thread_blocked, id=496, stack(0x000000ee25400000,0x000000ee25500000)]
  0x0000026b97be3ca0 JavaThread "Unconstrained build operations Thread 73" [_thread_blocked, id=1016, stack(0x000000ee25500000,0x000000ee25600000)]
  0x0000026b97be89a0 JavaThread "Unconstrained build operations Thread 74" [_thread_blocked, id=14076, stack(0x000000ee25600000,0x000000ee25700000)]
  0x0000026b97be5e50 JavaThread "Unconstrained build operations Thread 75" [_thread_blocked, id=10200, stack(0x000000ee25700000,0x000000ee25800000)]
  0x0000026b97be7190 JavaThread "Unconstrained build operations Thread 76" [_thread_blocked, id=11764, stack(0x000000ee25800000,0x000000ee25900000)]
  0x0000026b97be4b10 JavaThread "Unconstrained build operations Thread 77" [_thread_blocked, id=2976, stack(0x000000ee25900000,0x000000ee25a00000)]
  0x0000026b97be2490 JavaThread "Unconstrained build operations Thread 78" [_thread_blocked, id=14184, stack(0x000000ee25a00000,0x000000ee25b00000)]
  0x0000026b97be54b0 JavaThread "Unconstrained build operations Thread 79" [_thread_blocked, id=6520, stack(0x000000ee25b00000,0x000000ee25c00000)]
  0x0000026b97be4640 JavaThread "Unconstrained build operations Thread 80" [_thread_blocked, id=14268, stack(0x000000ee25c00000,0x000000ee25d00000)]
  0x0000026b97be4fe0 JavaThread "jar transforms Thread 6" [_thread_blocked, id=7912, stack(0x000000ee25d00000,0x000000ee25e00000)]
  0x0000026b97be7b30 JavaThread "jar transforms Thread 7" [_thread_blocked, id=14112, stack(0x000000ee25e00000,0x000000ee25f00000)]
  0x0000026b97be84d0 JavaThread "jar transforms Thread 8" [_thread_blocked, id=12844, stack(0x000000ee25f00000,0x000000ee26000000)]
  0x0000026b941ab9d0 JavaThread "build event listener" [_thread_blocked, id=10816, stack(0x000000ee26000000,0x000000ee26100000)]
  0x0000026b941ad6b0 JavaThread "Memory manager" [_thread_blocked, id=13940, stack(0x000000ee26100000,0x000000ee26200000)]
  0x0000026b941a84e0 JavaThread "build event listener" [_thread_blocked, id=5904, stack(0x000000ee26200000,0x000000ee26300000)]
  0x0000026b941a71a0 JavaThread "build event listener" [_thread_blocked, id=9768, stack(0x000000ee26300000,0x000000ee26400000)]
  0x0000026bff6df9f0 JavaThread "C2 CompilerThread1" daemon [_thread_blocked, id=8544, stack(0x000000ee1e500000,0x000000ee1e600000)]
  0x0000026b941aab60 JavaThread "included builds" [_thread_blocked, id=8516, stack(0x000000ee20300000,0x000000ee20400000)]
  0x0000026b941a7670 JavaThread "Execution worker" [_thread_blocked, id=10712, stack(0x000000ee26400000,0x000000ee26500000)]
  0x0000026b941a6800 JavaThread "Execution worker Thread 2" [_thread_blocked, id=13152, stack(0x000000ee26500000,0x000000ee26600000)]
  0x0000026b941a9cf0 JavaThread "Execution worker Thread 3" [_thread_blocked, id=9304, stack(0x000000ee26600000,0x000000ee26700000)]
  0x0000026b941a8010 JavaThread "Execution worker Thread 4" [_thread_blocked, id=11036, stack(0x000000ee26700000,0x000000ee26800000)]
  0x0000026b941ab030 JavaThread "Execution worker Thread 5" [_thread_blocked, id=10568, stack(0x000000ee26800000,0x000000ee26900000)]
  0x0000026b8f1a6ea0 JavaThread "Execution worker Thread 6" [_thread_blocked, id=9960, stack(0x000000ee26900000,0x000000ee26a00000)]
  0x0000026b8f1a6030 JavaThread "Execution worker Thread 7" [_thread_blocked, id=3036, stack(0x000000ee26a00000,0x000000ee26b00000)]
  0x0000026b91428000 JavaThread "Cache worker for execution history cache (C:\Users\yk5fe\AndroidStudioProjects\test\.gradle\8.0\executionHistory)" [_thread_blocked, id=12456, stack(0x000000ee26b00000,0x000000ee26c00000)]

Other Threads:
=>0x0000026bfe81d940 VMThread "VM Thread" [stack: 0x000000ee1d800000,0x000000ee1d900000] [id=8680]
  0x0000026bff5e9820 WatcherThread [stack: 0x000000ee1e400000,0x000000ee1e500000] [id=9724]
  0x0000026bf39f8950 GCTaskThread "GC Thread#0" [stack: 0x000000ee1d300000,0x000000ee1d400000] [id=2688]
  0x0000026b8f2e3900 GCTaskThread "GC Thread#1" [stack: 0x000000ee1e700000,0x000000ee1e800000] [id=10608]
  0x0000026b8f492bb0 GCTaskThread "GC Thread#2" [stack: 0x000000ee1e800000,0x000000ee1e900000] [id=11472]
  0x0000026b8f63b010 GCTaskThread "GC Thread#3" [stack: 0x000000ee1e900000,0x000000ee1ea00000] [id=1860]
  0x0000026b8fd688d0 GCTaskThread "GC Thread#4" [stack: 0x000000ee1e600000,0x000000ee1e700000] [id=11980]
  0x0000026b8f1f0d10 GCTaskThread "GC Thread#5" [stack: 0x000000ee1ea00000,0x000000ee1eb00000] [id=4268]
  0x0000026b90c6f9d0 GCTaskThread "GC Thread#6" [stack: 0x000000ee1f500000,0x000000ee1f600000] [id=13984]
  0x0000026b91222990 GCTaskThread "GC Thread#7" [stack: 0x000000ee1f600000,0x000000ee1f700000] [id=7828]
  0x0000026bf3a097a0 ConcurrentGCThread "G1 Main Marker" [stack: 0x000000ee1d400000,0x000000ee1d500000] [id=14260]
  0x0000026bf3a0a0c0 ConcurrentGCThread "G1 Conc#0" [stack: 0x000000ee1d500000,0x000000ee1d600000] [id=12584]
  0x0000026b90fa0ce0 ConcurrentGCThread "G1 Conc#1" [stack: 0x000000ee1f700000,0x000000ee1f800000] [id=192]
  0x0000026bf3a5d9b0 ConcurrentGCThread "G1 Refine#0" [stack: 0x000000ee1d600000,0x000000ee1d700000] [id=3500]
  0x0000026b8f9365b0 ConcurrentGCThread "G1 Refine#1" [stack: 0x000000ee20600000,0x000000ee20700000] [id=12212]
  0x0000026b92329cc0 ConcurrentGCThread "G1 Refine#2" [stack: 0x000000ee26c00000,0x000000ee26d00000] [id=12192]
  0x0000026b92327a40 ConcurrentGCThread "G1 Refine#3" [stack: 0x000000ee26d00000,0x000000ee26e00000] [id=4012]
  0x0000026b92326060 ConcurrentGCThread "G1 Refine#4" [stack: 0x000000ee26e00000,0x000000ee26f00000] [id=3836]
  0x0000026bf3a5e2e0 ConcurrentGCThread "G1 Service" [stack: 0x000000ee1d700000,0x000000ee1d800000] [id=2604]

Threads with active compile tasks:
C2 CompilerThread0    16991 11955       4       com.google.common.collect.TransformedIterator::next (14 bytes)
C1 CompilerThread0    16991 12123       3       com.android.utils.XmlUtils::toXmlAttributeValue (89 bytes)
C2 CompilerThread1    16991 11950       4       com.google.common.collect.LinkedListMultimap$DistinctKeyIterator::next (89 bytes)

VM state: at safepoint (normal execution)

VM Mutex/Monitor currently owned by a thread:  ([mutex/lock_event])
[0x0000026bf3995830] Threads_lock - owner thread: 0x0000026bfe81d940
[0x0000026bf3995dd0] Heap_lock - owner thread: 0x0000026b8f1a6ea0

Heap address: 0x0000000080000000, size: 2048 MB, Compressed Oops mode: 32-bit

CDS archive(s) not mapped
Compressed class space mapped at: 0x0000000100000000-0x0000000140000000, reserved size: 1073741824
Narrow klass base: 0x0000000000000000, Narrow klass shift: 3, Narrow klass range: 0x140000000

GC Precious Log:
 CPUs: 8 total, 8 available
 Memory: 12037M
 Large Page Support: Disabled
 NUMA Support: Disabled
 Compressed Oops: Enabled (32-bit)
 Heap Region Size: 1M
 Heap Min Capacity: 8M
 Heap Initial Capacity: 190M
 Heap Max Capacity: 2G
 Pre-touch: Disabled
 Parallel Workers: 8
 Concurrent Workers: 2
 Concurrent Refinement Workers: 8
 Periodic GC: Disabled

Heap:
 garbage-first heap   total 206848K, used 123058K [0x0000000080000000, 0x0000000100000000)
  region size 1024K, 2 young (2048K), 2 survivors (2048K)
 Metaspace       used 100464K, committed 101184K, reserved 1138688K
  class space    used 13677K, committed 14016K, reserved 1048576K

Heap Regions: E=young(eden), S=young(survivor), O=old, HS=humongous(starts), HC=humongous(continues), CS=collection set, F=free, OA=open archive, CA=closed archive, TAMS=top-at-mark-start (previous, next)
|   0|0x0000000080000000, 0x0000000080100000, 0x0000000080100000|100%|HS|  |TAMS 0x0000000080100000, 0x0000000080000000| Complete 
|   1|0x0000000080100000, 0x0000000080200000, 0x0000000080200000|100%|HC|  |TAMS 0x0000000080200000, 0x0000000080100000| Complete 
|   2|0x0000000080200000, 0x0000000080300000, 0x0000000080300000|100%|HC|  |TAMS 0x0000000080300000, 0x0000000080200000| Complete 
|   3|0x0000000080300000, 0x0000000080400000, 0x0000000080400000|100%|HC|  |TAMS 0x0000000080400000, 0x0000000080300000| Complete 
|   4|0x0000000080400000, 0x0000000080500000, 0x0000000080500000|100%| O|  |TAMS 0x0000000080500000, 0x0000000080400000| Untracked 
|   5|0x0000000080500000, 0x0000000080600000, 0x0000000080600000|100%| O|  |TAMS 0x0000000080600000, 0x0000000080500000| Untracked 
|   6|0x0000000080600000, 0x0000000080700000, 0x0000000080700000|100%| O|  |TAMS 0x0000000080700000, 0x0000000080600000| Untracked 
|   7|0x0000000080700000, 0x0000000080800000, 0x0000000080800000|100%| O|  |TAMS 0x0000000080800000, 0x0000000080700000| Untracked 
|   8|0x0000000080800000, 0x0000000080900000, 0x0000000080900000|100%| O|  |TAMS 0x0000000080900000, 0x0000000080800000| Untracked 
|   9|0x0000000080900000, 0x0000000080a00000, 0x0000000080a00000|100%| O|  |TAMS 0x0000000080a00000, 0x0000000080900000| Untracked 
|  10|0x0000000080a00000, 0x0000000080b00000, 0x0000000080b00000|100%| O|  |TAMS 0x0000000080b00000, 0x0000000080a00000| Untracked 
|  11|0x0000000080b00000, 0x0000000080c00000, 0x0000000080c00000|100%| O|  |TAMS 0x0000000080c00000, 0x0000000080b00000| Untracked 
|  12|0x0000000080c00000, 0x0000000080d00000, 0x0000000080d00000|100%| O|  |TAMS 0x0000000080d00000, 0x0000000080c00000| Untracked 
|  13|0x0000000080d00000, 0x0000000080e00000, 0x0000000080e00000|100%| O|  |TAMS 0x0000000080d00000, 0x0000000080d00000| Untracked 
|  14|0x0000000080e00000, 0x0000000080f00000, 0x0000000080f00000|100%| O|  |TAMS 0x0000000080f00000, 0x0000000080e00000| Untracked 
|  15|0x0000000080f00000, 0x0000000081000000, 0x0000000081000000|100%| O|  |TAMS 0x0000000081000000, 0x0000000080f00000| Untracked 
|  16|0x0000000081000000, 0x0000000081100000, 0x0000000081100000|100%| O|  |TAMS 0x0000000081100000, 0x0000000081000000| Untracked 
|  17|0x0000000081100000, 0x0000000081200000, 0x0000000081200000|100%| O|  |TAMS 0x0000000081200000, 0x0000000081100000| Untracked 
|  18|0x0000000081200000, 0x0000000081300000, 0x0000000081300000|100%| O|  |TAMS 0x0000000081300000, 0x0000000081200000| Untracked 
|  19|0x0000000081300000, 0x0000000081400000, 0x0000000081400000|100%| O|  |TAMS 0x0000000081400000, 0x0000000081300000| Untracked 
|  20|0x0000000081400000, 0x0000000081500000, 0x0000000081500000|100%| O|  |TAMS 0x0000000081500000, 0x0000000081400000| Untracked 
|  21|0x0000000081500000, 0x0000000081600000, 0x0000000081600000|100%| O|  |TAMS 0x0000000081600000, 0x0000000081500000| Untracked 
|  22|0x0000000081600000, 0x0000000081700000, 0x0000000081700000|100%| O|  |TAMS 0x0000000081700000, 0x0000000081600000| Untracked 
|  23|0x0000000081700000, 0x0000000081800000, 0x0000000081800000|100%| O|  |TAMS 0x0000000081800000, 0x0000000081700000| Untracked 
|  24|0x0000000081800000, 0x0000000081900000, 0x0000000081900000|100%| O|  |TAMS 0x0000000081900000, 0x0000000081800000| Untracked 
|  25|0x0000000081900000, 0x0000000081a00000, 0x0000000081a00000|100%| O|  |TAMS 0x0000000081a00000, 0x0000000081900000| Untracked 
|  26|0x0000000081a00000, 0x0000000081b00000, 0x0000000081b00000|100%| O|  |TAMS 0x0000000081b00000, 0x0000000081a00000| Untracked 
|  27|0x0000000081b00000, 0x0000000081c00000, 0x0000000081c00000|100%| O|  |TAMS 0x0000000081c00000, 0x0000000081b00000| Untracked 
|  28|0x0000000081c00000, 0x0000000081d00000, 0x0000000081d00000|100%| O|  |TAMS 0x0000000081d00000, 0x0000000081c00000| Untracked 
|  29|0x0000000081d00000, 0x0000000081e00000, 0x0000000081e00000|100%| O|  |TAMS 0x0000000081e00000, 0x0000000081d00000| Untracked 
|  30|0x0000000081e00000, 0x0000000081f00000, 0x0000000081f00000|100%| O|  |TAMS 0x0000000081f00000, 0x0000000081e00000| Untracked 
|  31|0x0000000081f00000, 0x0000000082000000, 0x0000000082000000|100%| O|  |TAMS 0x0000000082000000, 0x0000000081f00000| Untracked 
|  32|0x0000000082000000, 0x0000000082100000, 0x0000000082100000|100%| O|  |TAMS 0x0000000082100000, 0x0000000082000000| Untracked 
|  33|0x0000000082100000, 0x0000000082200000, 0x0000000082200000|100%|HS|  |TAMS 0x0000000082200000, 0x0000000082100000| Complete 
|  34|0x0000000082200000, 0x0000000082300000, 0x0000000082300000|100%|HS|  |TAMS 0x0000000082300000, 0x0000000082200000| Complete 
|  35|0x0000000082300000, 0x0000000082400000, 0x0000000082400000|100%|HS|  |TAMS 0x0000000082400000, 0x0000000082300000| Complete 
|  36|0x0000000082400000, 0x0000000082500000, 0x0000000082500000|100%|HC|  |TAMS 0x0000000082500000, 0x0000000082400000| Complete 
|  37|0x0000000082500000, 0x0000000082600000, 0x0000000082600000|100%| O|  |TAMS 0x0000000082600000, 0x0000000082500000| Untracked 
|  38|0x0000000082600000, 0x0000000082700000, 0x0000000082700000|100%| O|  |TAMS 0x0000000082700000, 0x0000000082600000| Untracked 
|  39|0x0000000082700000, 0x0000000082800000, 0x0000000082800000|100%| O|  |TAMS 0x0000000082800000, 0x0000000082700000| Untracked 
|  40|0x0000000082800000, 0x0000000082900000, 0x0000000082900000|100%| O|  |TAMS 0x0000000082900000, 0x0000000082800000| Untracked 
|  41|0x0000000082900000, 0x0000000082a00000, 0x0000000082a00000|100%|HS|  |TAMS 0x0000000082a00000, 0x0000000082900000| Complete 
|  42|0x0000000082a00000, 0x0000000082b00000, 0x0000000082b00000|100%|HS|  |TAMS 0x0000000082b00000, 0x0000000082a00000| Complete 
|  43|0x0000000082b00000, 0x0000000082c00000, 0x0000000082c00000|100%|HC|  |TAMS 0x0000000082c00000, 0x0000000082b00000| Complete 
|  44|0x0000000082c00000, 0x0000000082d00000, 0x0000000082d00000|100%|HC|  |TAMS 0x0000000082d00000, 0x0000000082c00000| Complete 
|  45|0x0000000082d00000, 0x0000000082e00000, 0x0000000082e00000|100%|HC|  |TAMS 0x0000000082e00000, 0x0000000082d00000| Complete 
|  46|0x0000000082e00000, 0x0000000082f00000, 0x0000000082f00000|100%| O|  |TAMS 0x0000000082f00000, 0x0000000082e00000| Untracked 
|  47|0x0000000082f00000, 0x0000000083000000, 0x0000000083000000|100%| O|  |TAMS 0x0000000083000000, 0x0000000082f00000| Untracked 
|  48|0x0000000083000000, 0x0000000083100000, 0x0000000083100000|100%| O|  |TAMS 0x0000000083100000, 0x0000000083000000| Untracked 
|  49|0x0000000083100000, 0x0000000083200000, 0x0000000083200000|100%| O|  |TAMS 0x0000000083200000, 0x0000000083100000| Untracked 
|  50|0x0000000083200000, 0x0000000083300000, 0x0000000083300000|100%| O|  |TAMS 0x0000000083300000, 0x0000000083200000| Untracked 
|  51|0x0000000083300000, 0x0000000083400000, 0x0000000083400000|100%| O|  |TAMS 0x0000000083400000, 0x0000000083300000| Untracked 
|  52|0x0000000083400000, 0x0000000083500000, 0x0000000083500000|100%| O|  |TAMS 0x0000000083500000, 0x0000000083400000| Untracked 
|  53|0x0000000083500000, 0x0000000083600000, 0x0000000083600000|100%| O|  |TAMS 0x0000000083600000, 0x0000000083500000| Untracked 
|  54|0x0000000083600000, 0x0000000083700000, 0x0000000083700000|100%| O|  |TAMS 0x0000000083700000, 0x0000000083600000| Untracked 
|  55|0x0000000083700000, 0x0000000083800000, 0x0000000083800000|100%| O|  |TAMS 0x0000000083800000, 0x0000000083700000| Untracked 
|  56|0x0000000083800000, 0x0000000083900000, 0x0000000083900000|100%| O|  |TAMS 0x0000000083900000, 0x0000000083800000| Untracked 
|  57|0x0000000083900000, 0x0000000083a00000, 0x0000000083a00000|100%| O|  |TAMS 0x0000000083a00000, 0x0000000083900000| Untracked 
|  58|0x0000000083a00000, 0x0000000083b00000, 0x0000000083b00000|100%| O|  |TAMS 0x0000000083b00000, 0x0000000083a00000| Untracked 
|  59|0x0000000083b00000, 0x0000000083c00000, 0x0000000083c00000|100%| O|  |TAMS 0x0000000083c00000, 0x0000000083b00000| Untracked 
|  60|0x0000000083c00000, 0x0000000083d00000, 0x0000000083d00000|100%| O|  |TAMS 0x0000000083d00000, 0x0000000083c00000| Untracked 
|  61|0x0000000083d00000, 0x0000000083e00000, 0x0000000083e00000|100%| O|  |TAMS 0x0000000083e00000, 0x0000000083d00000| Untracked 
|  62|0x0000000083e00000, 0x0000000083f00000, 0x0000000083f00000|100%| O|  |TAMS 0x0000000083f00000, 0x0000000083e00000| Untracked 
|  63|0x0000000083f00000, 0x0000000084000000, 0x0000000084000000|100%| O|  |TAMS 0x0000000084000000, 0x0000000083f00000| Untracked 
|  64|0x0000000084000000, 0x0000000084100000, 0x0000000084100000|100%| O|  |TAMS 0x0000000084100000, 0x0000000084000000| Untracked 
|  65|0x0000000084100000, 0x0000000084200000, 0x0000000084200000|100%| O|  |TAMS 0x0000000084200000, 0x0000000084100000| Untracked 
|  66|0x0000000084200000, 0x0000000084300000, 0x0000000084300000|100%| O|  |TAMS 0x0000000084300000, 0x0000000084200000| Untracked 
|  67|0x0000000084300000, 0x0000000084400000, 0x0000000084400000|100%| O|  |TAMS 0x0000000084400000, 0x0000000084300000| Untracked 
|  68|0x0000000084400000, 0x0000000084500000, 0x0000000084500000|100%| O|  |TAMS 0x0000000084500000, 0x0000000084400000| Untracked 
|  69|0x0000000084500000, 0x0000000084600000, 0x0000000084600000|100%| O|  |TAMS 0x0000000084600000, 0x0000000084500000| Untracked 
|  70|0x0000000084600000, 0x0000000084700000, 0x0000000084700000|100%| O|  |TAMS 0x0000000084700000, 0x0000000084600000| Untracked 
|  71|0x0000000084700000, 0x0000000084800000, 0x0000000084800000|100%| O|  |TAMS 0x0000000084800000, 0x0000000084700000| Untracked 
|  72|0x0000000084800000, 0x0000000084900000, 0x0000000084900000|100%| O|  |TAMS 0x0000000084900000, 0x0000000084800000| Untracked 
|  73|0x0000000084900000, 0x0000000084a00000, 0x0000000084a00000|100%| O|  |TAMS 0x0000000084a00000, 0x0000000084900000| Untracked 
|  74|0x0000000084a00000, 0x0000000084b00000, 0x0000000084b00000|100%| O|  |TAMS 0x0000000084b00000, 0x0000000084a00000| Untracked 
|  75|0x0000000084b00000, 0x0000000084c00000, 0x0000000084c00000|100%| O|  |TAMS 0x0000000084c00000, 0x0000000084b00000| Untracked 
|  76|0x0000000084c00000, 0x0000000084d00000, 0x0000000084d00000|100%| O|  |TAMS 0x0000000084d00000, 0x0000000084c00000| Untracked 
|  77|0x0000000084d00000, 0x0000000084e00000, 0x0000000084e00000|100%| O|  |TAMS 0x0000000084e00000, 0x0000000084d00000| Untracked 
|  78|0x0000000084e00000, 0x0000000084f00000, 0x0000000084f00000|100%| O|  |TAMS 0x0000000084f00000, 0x0000000084e00000| Untracked 
|  79|0x0000000084f00000, 0x0000000085000000, 0x0000000085000000|100%| O|  |TAMS 0x0000000085000000, 0x0000000084f00000| Untracked 
|  80|0x0000000085000000, 0x0000000085100000, 0x0000000085100000|100%| O|  |TAMS 0x0000000085100000, 0x0000000085000000| Untracked 
|  81|0x0000000085100000, 0x0000000085200000, 0x0000000085200000|100%| O|  |TAMS 0x0000000085200000, 0x0000000085100000| Untracked 
|  82|0x0000000085200000, 0x0000000085300000, 0x0000000085300000|100%| O|  |TAMS 0x0000000085300000, 0x0000000085200000| Untracked 
|  83|0x0000000085300000, 0x0000000085400000, 0x0000000085400000|100%| O|  |TAMS 0x0000000085400000, 0x0000000085300000| Untracked 
|  84|0x0000000085400000, 0x0000000085500000, 0x0000000085500000|100%| O|  |TAMS 0x0000000085500000, 0x0000000085400000| Untracked 
|  85|0x0000000085500000, 0x0000000085600000, 0x0000000085600000|100%| O|  |TAMS 0x0000000085600000, 0x0000000085500000| Untracked 
|  86|0x0000000085600000, 0x0000000085700000, 0x0000000085700000|100%| O|  |TAMS 0x0000000085700000, 0x0000000085600000| Untracked 
|  87|0x0000000085700000, 0x0000000085700000, 0x0000000085800000|  0%| F|  |TAMS 0x0000000085700000, 0x0000000085700000| Untracked 
|  88|0x0000000085800000, 0x0000000085900000, 0x0000000085900000|100%| O|  |TAMS 0x0000000085900000, 0x0000000085800000| Untracked 
|  89|0x0000000085900000, 0x0000000085a00000, 0x0000000085a00000|100%| O|  |TAMS 0x0000000085a00000, 0x0000000085900000| Untracked 
|  90|0x0000000085a00000, 0x0000000085b00000, 0x0000000085b00000|100%| O|  |TAMS 0x0000000085b00000, 0x0000000085a00000| Untracked 
|  91|0x0000000085b00000, 0x0000000085c00000, 0x0000000085c00000|100%| O|  |TAMS 0x0000000085c00000, 0x0000000085b00000| Untracked 
|  92|0x0000000085c00000, 0x0000000085d00000, 0x0000000085d00000|100%| O|  |TAMS 0x0000000085d00000, 0x0000000085c00000| Untracked 
|  93|0x0000000085d00000, 0x0000000085e00000, 0x0000000085e00000|100%| O|  |TAMS 0x0000000085e00000, 0x0000000085d00000| Untracked 
|  94|0x0000000085e00000, 0x0000000085f00000, 0x0000000085f00000|100%| O|  |TAMS 0x0000000085f00000, 0x0000000085e00000| Untracked 
|  95|0x0000000085f00000, 0x0000000086000000, 0x0000000086000000|100%| O|  |TAMS 0x0000000086000000, 0x0000000085f00000| Untracked 
|  96|0x0000000086000000, 0x0000000086100000, 0x0000000086100000|100%| O|  |TAMS 0x0000000086100000, 0x0000000086000000| Untracked 
|  97|0x0000000086100000, 0x0000000086200000, 0x0000000086200000|100%| O|  |TAMS 0x0000000086200000, 0x0000000086100000| Untracked 
|  98|0x0000000086200000, 0x0000000086300000, 0x0000000086300000|100%| O|  |TAMS 0x0000000086300000, 0x0000000086200000| Untracked 
|  99|0x0000000086300000, 0x0000000086400000, 0x0000000086400000|100%| O|  |TAMS 0x00000000863a3e00, 0x0000000086300000| Untracked 
| 100|0x0000000086400000, 0x0000000086500000, 0x0000000086500000|100%| O|  |TAMS 0x0000000086400000, 0x0000000086400000| Untracked 
| 101|0x0000000086500000, 0x0000000086600000, 0x0000000086600000|100%| O|  |TAMS 0x0000000086500000, 0x0000000086500000| Untracked 
| 102|0x0000000086600000, 0x0000000086700000, 0x0000000086700000|100%| O|  |TAMS 0x0000000086600000, 0x0000000086600000| Untracked 
| 103|0x0000000086700000, 0x00000000867c1800, 0x0000000086800000| 75%| O|  |TAMS 0x0000000086700000, 0x0000000086700000| Untracked 
| 104|0x0000000086800000, 0x0000000086800000, 0x0000000086900000|  0%| F|  |TAMS 0x0000000086800000, 0x0000000086800000| Untracked 
| 105|0x0000000086900000, 0x0000000086900000, 0x0000000086a00000|  0%| F|  |TAMS 0x0000000086900000, 0x0000000086900000| Untracked 
| 106|0x0000000086a00000, 0x0000000086b00000, 0x0000000086b00000|100%|HS|  |TAMS 0x0000000086a00000, 0x0000000086a00000| Complete 
| 107|0x0000000086b00000, 0x0000000086c00000, 0x0000000086c00000|100%|HC|  |TAMS 0x0000000086b00000, 0x0000000086b00000| Complete 
| 108|0x0000000086c00000, 0x0000000086d00000, 0x0000000086d00000|100%| O|  |TAMS 0x0000000086c00000, 0x0000000086c00000| Untracked 
| 109|0x0000000086d00000, 0x0000000086e00000, 0x0000000086e00000|100%| O|  |TAMS 0x0000000086d00000, 0x0000000086d00000| Untracked 
| 110|0x0000000086e00000, 0x0000000086f00000, 0x0000000086f00000|100%| O|  |TAMS 0x0000000086e00000, 0x0000000086e00000| Untracked 
| 111|0x0000000086f00000, 0x0000000087000000, 0x0000000087000000|100%| O|  |TAMS 0x0000000086f00000, 0x0000000086f00000| Untracked 
| 112|0x0000000087000000, 0x0000000087100000, 0x0000000087100000|100%| O|  |TAMS 0x0000000087000000, 0x0000000087000000| Untracked 
| 113|0x0000000087100000, 0x0000000087200000, 0x0000000087200000|100%| O|  |TAMS 0x0000000087100000, 0x0000000087100000| Untracked 
| 114|0x0000000087200000, 0x0000000087300000, 0x0000000087300000|100%| O|  |TAMS 0x0000000087200000, 0x0000000087200000| Untracked 
| 115|0x0000000087300000, 0x0000000087400000, 0x0000000087400000|100%| O|  |TAMS 0x0000000087300000, 0x0000000087300000| Untracked 
| 116|0x0000000087400000, 0x0000000087500000, 0x0000000087500000|100%| O|  |TAMS 0x0000000087400000, 0x0000000087400000| Untracked 
| 117|0x0000000087500000, 0x0000000087600000, 0x0000000087600000|100%| O|  |TAMS 0x0000000087500000, 0x0000000087500000| Untracked 
| 118|0x0000000087600000, 0x0000000087700000, 0x0000000087700000|100%| O|  |TAMS 0x0000000087600000, 0x0000000087600000| Untracked 
| 119|0x0000000087700000, 0x0000000087800000, 0x0000000087800000|100%| O|  |TAMS 0x0000000087700000, 0x0000000087700000| Untracked 
| 120|0x0000000087800000, 0x0000000087900000, 0x0000000087900000|100%| O|  |TAMS 0x0000000087800000, 0x0000000087800000| Untracked 
| 121|0x0000000087900000, 0x0000000087a00000, 0x0000000087a00000|100%| O|  |TAMS 0x0000000087900000, 0x0000000087900000| Untracked 
| 122|0x0000000087a00000, 0x0000000087a00000, 0x0000000087b00000|  0%| F|  |TAMS 0x0000000087a00000, 0x0000000087a00000| Untracked 
| 123|0x0000000087b00000, 0x0000000087b00000, 0x0000000087c00000|  0%| F|  |TAMS 0x0000000087b00000, 0x0000000087b00000| Untracked 
| 124|0x0000000087c00000, 0x0000000087c00000, 0x0000000087d00000|  0%| F|  |TAMS 0x0000000087c00000, 0x0000000087c00000| Untracked 
| 125|0x0000000087d00000, 0x0000000087d00000, 0x0000000087e00000|  0%| F|  |TAMS 0x0000000087d00000, 0x0000000087d00000| Untracked 
| 126|0x0000000087e00000, 0x0000000087e00000, 0x0000000087f00000|  0%| F|  |TAMS 0x0000000087e00000, 0x0000000087e00000| Untracked 
| 127|0x0000000087f00000, 0x0000000087f00000, 0x0000000088000000|  0%| F|  |TAMS 0x0000000087f00000, 0x0000000087f00000| Untracked 
| 128|0x0000000088000000, 0x0000000088000000, 0x0000000088100000|  0%| F|  |TAMS 0x0000000088000000, 0x0000000088000000| Untracked 
| 129|0x0000000088100000, 0x0000000088100000, 0x0000000088200000|  0%| F|  |TAMS 0x0000000088100000, 0x0000000088100000| Untracked 
| 130|0x0000000088200000, 0x0000000088200000, 0x0000000088300000|  0%| F|  |TAMS 0x0000000088200000, 0x0000000088200000| Untracked 
| 131|0x0000000088300000, 0x0000000088300000, 0x0000000088400000|  0%| F|  |TAMS 0x0000000088300000, 0x0000000088300000| Untracked 
| 132|0x0000000088400000, 0x0000000088400000, 0x0000000088500000|  0%| F|  |TAMS 0x0000000088400000, 0x0000000088400000| Untracked 
| 133|0x0000000088500000, 0x0000000088500000, 0x0000000088600000|  0%| F|  |TAMS 0x0000000088500000, 0x0000000088500000| Untracked 
| 134|0x0000000088600000, 0x0000000088600000, 0x0000000088700000|  0%| F|  |TAMS 0x0000000088600000, 0x0000000088600000| Untracked 
| 135|0x0000000088700000, 0x0000000088700000, 0x0000000088800000|  0%| F|  |TAMS 0x0000000088700000, 0x0000000088700000| Untracked 
| 136|0x0000000088800000, 0x0000000088800000, 0x0000000088900000|  0%| F|  |TAMS 0x0000000088800000, 0x0000000088800000| Untracked 
| 137|0x0000000088900000, 0x0000000088900000, 0x0000000088a00000|  0%| F|  |TAMS 0x0000000088900000, 0x0000000088900000| Untracked 
| 138|0x0000000088a00000, 0x0000000088a00000, 0x0000000088b00000|  0%| F|  |TAMS 0x0000000088a00000, 0x0000000088a00000| Untracked 
| 139|0x0000000088b00000, 0x0000000088b00000, 0x0000000088c00000|  0%| F|  |TAMS 0x0000000088b00000, 0x0000000088b00000| Untracked 
| 140|0x0000000088c00000, 0x0000000088c00000, 0x0000000088d00000|  0%| F|  |TAMS 0x0000000088c00000, 0x0000000088c00000| Untracked 
| 141|0x0000000088d00000, 0x0000000088d00000, 0x0000000088e00000|  0%| F|  |TAMS 0x0000000088d00000, 0x0000000088d00000| Untracked 
| 142|0x0000000088e00000, 0x0000000088e00000, 0x0000000088f00000|  0%| F|  |TAMS 0x0000000088e00000, 0x0000000088e00000| Untracked 
| 143|0x0000000088f00000, 0x0000000088f00000, 0x0000000089000000|  0%| F|  |TAMS 0x0000000088f00000, 0x0000000088f00000| Untracked 
| 144|0x0000000089000000, 0x0000000089000000, 0x0000000089100000|  0%| F|  |TAMS 0x0000000089000000, 0x0000000089000000| Untracked 
| 145|0x0000000089100000, 0x0000000089100000, 0x0000000089200000|  0%| F|  |TAMS 0x0000000089100000, 0x0000000089100000| Untracked 
| 146|0x0000000089200000, 0x0000000089200000, 0x0000000089300000|  0%| F|  |TAMS 0x0000000089200000, 0x0000000089200000| Untracked 
| 147|0x0000000089300000, 0x0000000089300000, 0x0000000089400000|  0%| F|  |TAMS 0x0000000089300000, 0x0000000089300000| Untracked 
| 148|0x0000000089400000, 0x0000000089400000, 0x0000000089500000|  0%| F|  |TAMS 0x0000000089400000, 0x0000000089400000| Untracked 
| 149|0x0000000089500000, 0x0000000089500000, 0x0000000089600000|  0%| F|  |TAMS 0x0000000089500000, 0x0000000089500000| Untracked 
| 150|0x0000000089600000, 0x0000000089600000, 0x0000000089700000|  0%| F|  |TAMS 0x0000000089600000, 0x0000000089600000| Untracked 
| 151|0x0000000089700000, 0x0000000089700000, 0x0000000089800000|  0%| F|  |TAMS 0x0000000089700000, 0x0000000089700000| Untracked 
| 152|0x0000000089800000, 0x0000000089800000, 0x0000000089900000|  0%| F|  |TAMS 0x0000000089800000, 0x0000000089800000| Untracked 
| 153|0x0000000089900000, 0x0000000089900000, 0x0000000089a00000|  0%| F|  |TAMS 0x0000000089900000, 0x0000000089900000| Untracked 
| 154|0x0000000089a00000, 0x0000000089a00000, 0x0000000089b00000|  0%| F|  |TAMS 0x0000000089a00000, 0x0000000089a00000| Untracked 
| 155|0x0000000089b00000, 0x0000000089b00000, 0x0000000089c00000|  0%| F|  |TAMS 0x0000000089b00000, 0x0000000089b00000| Untracked 
| 156|0x0000000089c00000, 0x0000000089c00000, 0x0000000089d00000|  0%| F|  |TAMS 0x0000000089c00000, 0x0000000089c00000| Untracked 
| 157|0x0000000089d00000, 0x0000000089d00000, 0x0000000089e00000|  0%| F|  |TAMS 0x0000000089d00000, 0x0000000089d00000| Untracked 
| 158|0x0000000089e00000, 0x0000000089e00000, 0x0000000089f00000|  0%| F|  |TAMS 0x0000000089e00000, 0x0000000089e00000| Untracked 
| 159|0x0000000089f00000, 0x0000000089f00000, 0x000000008a000000|  0%| F|  |TAMS 0x0000000089f00000, 0x0000000089f00000| Untracked 
| 160|0x000000008a000000, 0x000000008a000000, 0x000000008a100000|  0%| F|  |TAMS 0x000000008a000000, 0x000000008a000000| Untracked 
| 161|0x000000008a100000, 0x000000008a100000, 0x000000008a200000|  0%| F|  |TAMS 0x000000008a100000, 0x000000008a100000| Untracked 
| 162|0x000000008a200000, 0x000000008a200000, 0x000000008a300000|  0%| F|  |TAMS 0x000000008a200000, 0x000000008a200000| Untracked 
| 163|0x000000008a300000, 0x000000008a300000, 0x000000008a400000|  0%| F|  |TAMS 0x000000008a300000, 0x000000008a300000| Untracked 
| 164|0x000000008a400000, 0x000000008a400000, 0x000000008a500000|  0%| F|  |TAMS 0x000000008a400000, 0x000000008a400000| Untracked 
| 165|0x000000008a500000, 0x000000008a500000, 0x000000008a600000|  0%| F|  |TAMS 0x000000008a500000, 0x000000008a500000| Untracked 
| 166|0x000000008a600000, 0x000000008a600000, 0x000000008a700000|  0%| F|  |TAMS 0x000000008a600000, 0x000000008a600000| Untracked 
| 167|0x000000008a700000, 0x000000008a700000, 0x000000008a800000|  0%| F|  |TAMS 0x000000008a700000, 0x000000008a700000| Untracked 
| 168|0x000000008a800000, 0x000000008a800000, 0x000000008a900000|  0%| F|  |TAMS 0x000000008a800000, 0x000000008a800000| Untracked 
| 169|0x000000008a900000, 0x000000008a900000, 0x000000008aa00000|  0%| F|  |TAMS 0x000000008a900000, 0x000000008a900000| Untracked 
| 170|0x000000008aa00000, 0x000000008aa00000, 0x000000008ab00000|  0%| F|  |TAMS 0x000000008aa00000, 0x000000008aa00000| Untracked 
| 171|0x000000008ab00000, 0x000000008ab00000, 0x000000008ac00000|  0%| F|  |TAMS 0x000000008ab00000, 0x000000008ab00000| Untracked 
| 172|0x000000008ac00000, 0x000000008ac00000, 0x000000008ad00000|  0%| F|  |TAMS 0x000000008ac00000, 0x000000008ac00000| Untracked 
| 173|0x000000008ad00000, 0x000000008ad00000, 0x000000008ae00000|  0%| F|  |TAMS 0x000000008ad00000, 0x000000008ad00000| Untracked 
| 174|0x000000008ae00000, 0x000000008ae00000, 0x000000008af00000|  0%| F|  |TAMS 0x000000008ae00000, 0x000000008ae00000| Untracked 
| 175|0x000000008af00000, 0x000000008af00000, 0x000000008b000000|  0%| F|  |TAMS 0x000000008af00000, 0x000000008af00000| Untracked 
| 176|0x000000008b000000, 0x000000008b000000, 0x000000008b100000|  0%| F|  |TAMS 0x000000008b000000, 0x000000008b000000| Untracked 
| 177|0x000000008b100000, 0x000000008b100000, 0x000000008b200000|  0%| F|  |TAMS 0x000000008b100000, 0x000000008b100000| Untracked 
| 178|0x000000008b200000, 0x000000008b200000, 0x000000008b300000|  0%| F|  |TAMS 0x000000008b200000, 0x000000008b200000| Untracked 
| 179|0x000000008b300000, 0x000000008b300000, 0x000000008b400000|  0%| F|  |TAMS 0x000000008b300000, 0x000000008b300000| Untracked 
| 180|0x000000008b400000, 0x000000008b400000, 0x000000008b500000|  0%| F|  |TAMS 0x000000008b400000, 0x000000008b400000| Untracked 
| 181|0x000000008b500000, 0x000000008b500000, 0x000000008b600000|  0%| F|  |TAMS 0x000000008b500000, 0x000000008b500000| Untracked 
| 182|0x000000008b600000, 0x000000008b600000, 0x000000008b700000|  0%| F|  |TAMS 0x000000008b600000, 0x000000008b600000| Untracked 
| 183|0x000000008b700000, 0x000000008b700000, 0x000000008b800000|  0%| F|  |TAMS 0x000000008b700000, 0x000000008b700000| Untracked 
| 184|0x000000008b800000, 0x000000008b800000, 0x000000008b900000|  0%| F|  |TAMS 0x000000008b800000, 0x000000008b800000| Untracked 
| 185|0x000000008b900000, 0x000000008b900000, 0x000000008ba00000|  0%| F|  |TAMS 0x000000008b900000, 0x000000008b900000| Untracked 
| 186|0x000000008ba00000, 0x000000008ba00000, 0x000000008bb00000|  0%| F|  |TAMS 0x000000008ba00000, 0x000000008ba00000| Untracked 
| 187|0x000000008bb00000, 0x000000008bb00000, 0x000000008bc00000|  0%| F|  |TAMS 0x000000008bb00000, 0x000000008bb00000| Untracked 
| 188|0x000000008bc00000, 0x000000008bc00000, 0x000000008bd00000|  0%| F|  |TAMS 0x000000008bc00000, 0x000000008bc00000| Untracked 
| 189|0x000000008bd00000, 0x000000008bd00000, 0x000000008be00000|  0%| F|  |TAMS 0x000000008bd00000, 0x000000008bd00000| Untracked 
| 190|0x000000008be00000, 0x000000008be00000, 0x000000008bf00000|  0%| F|  |TAMS 0x000000008be00000, 0x000000008be00000| Untracked 
| 191|0x000000008bf00000, 0x000000008bf00000, 0x000000008c000000|  0%| F|  |TAMS 0x000000008bf00000, 0x000000008bf00000| Untracked 
| 192|0x000000008c000000, 0x000000008c000000, 0x000000008c100000|  0%| F|  |TAMS 0x000000008c000000, 0x000000008c000000| Untracked 
| 193|0x000000008c100000, 0x000000008c100000, 0x000000008c200000|  0%| F|  |TAMS 0x000000008c100000, 0x000000008c100000| Untracked 
| 194|0x000000008c200000, 0x000000008c200000, 0x000000008c300000|  0%| F|  |TAMS 0x000000008c200000, 0x000000008c200000| Untracked 
| 195|0x000000008c300000, 0x000000008c36b080, 0x000000008c400000| 41%| S|CS|TAMS 0x000000008c300000, 0x000000008c300000| Complete 
| 196|0x000000008c400000, 0x000000008c500000, 0x000000008c500000|100%| S|CS|TAMS 0x000000008c400000, 0x000000008c400000| Complete 
| 197|0x000000008c500000, 0x000000008c500000, 0x000000008c600000|  0%| F|  |TAMS 0x000000008c500000, 0x000000008c500000| Untracked 
| 198|0x000000008c600000, 0x000000008c600000, 0x000000008c700000|  0%| F|  |TAMS 0x000000008c600000, 0x000000008c600000| Untracked 
| 199|0x000000008c700000, 0x000000008c700000, 0x000000008c800000|  0%| F|  |TAMS 0x000000008c700000, 0x000000008c700000| Untracked 
| 200|0x000000008c800000, 0x000000008c800000, 0x000000008c900000|  0%| F|  |TAMS 0x000000008c800000, 0x000000008c800000| Untracked 
| 201|0x000000008c900000, 0x000000008c900000, 0x000000008ca00000|  0%| F|  |TAMS 0x000000008c900000, 0x000000008c900000| Untracked 

Card table byte_map: [0x0000026bf7590000,0x0000026bf7990000] _byte_map_base: 0x0000026bf7190000

Marking Bits (Prev, Next): (CMBitMap*) 0x0000026bf39f8e70, (CMBitMap*) 0x0000026bf39f8eb0
 Prev Bits: [0x0000026bf7d90000, 0x0000026bf9d90000)
 Next Bits: [0x0000026bf9d90000, 0x0000026bfbd90000)

Polling page: 0x0000026bf3160000

Metaspace:

Usage:
  Non-class:     84.75 MB used.
      Class:     13.36 MB used.
       Both:     98.11 MB used.

Virtual space:
  Non-class space:       88.00 MB reserved,      85.12 MB ( 97%) committed,  11 nodes.
      Class space:        1.00 GB reserved,      13.69 MB (  1%) committed,  1 nodes.
             Both:        1.09 GB reserved,      98.81 MB (  9%) committed. 

Chunk freelists:
   Non-Class:  2.72 MB
       Class:  2.31 MB
        Both:  5.03 MB

MaxMetaspaceSize: unlimited
CompressedClassSpaceSize: 1.00 GB
Initial GC threshold: 21.00 MB
Current GC threshold: 163.88 MB
CDS: off
MetaspaceReclaimPolicy: balanced
 - commit_granule_bytes: 65536.
 - commit_granule_words: 8192.
 - virtual_space_node_default_size: 1048576.
 - enlarge_chunks_in_place: 1.
 - new_chunks_are_fully_committed: 0.
 - uncommit_free_chunks: 1.
 - use_allocation_guard: 0.
 - handle_deallocations: 1.


Internal statistics:

num_allocs_failed_limit: 6.
num_arena_births: 1058.
num_arena_deaths: 14.
num_vsnodes_births: 12.
num_vsnodes_deaths: 0.
num_space_committed: 1580.
num_space_uncommitted: 0.
num_chunks_returned_to_freelist: 27.
num_chunks_taken_from_freelist: 4770.
num_chunk_merges: 15.
num_chunk_splits: 3196.
num_chunks_enlarged: 2166.
num_purges: 2.
num_inconsistent_stats: 0.

CodeHeap 'non-profiled nmethods': size=120000Kb used=6567Kb max_used=6567Kb free=113432Kb
 bounds [0x0000026b87ad0000, 0x0000026b88140000, 0x0000026b8f000000]
CodeHeap 'profiled nmethods': size=120000Kb used=20150Kb max_used=20150Kb free=99849Kb
 bounds [0x0000026b80000000, 0x0000026b813b0000, 0x0000026b87530000]
CodeHeap 'non-nmethods': size=5760Kb used=2410Kb max_used=2490Kb free=3349Kb
 bounds [0x0000026b87530000, 0x0000026b877b0000, 0x0000026b87ad0000]
 total_blobs=11495 nmethods=10560 adapters=847
 compilation: enabled
              stopped_count=0, restarted_count=0
 full_count=0

Compilation events (20 events):
Event: 16.942 Thread 0x0000026bff465d70 12108       2       com.android.utils.XmlUtils::toXmlTextValue (65 bytes)
Event: 16.943 Thread 0x0000026bff465d70 nmethod 12108 0x0000026b813a7010 code [0x0000026b813a7220, 0x0000026b813a7738]
Event: 16.943 Thread 0x0000026bff465d70 12109       2       com.android.ide.common.blame.SourceFile::getSourcePath (26 bytes)
Event: 16.943 Thread 0x0000026bff465d70 nmethod 12109 0x0000026b813a7b90 code [0x0000026b813a7d40, 0x0000026b813a7eb8]
Event: 16.943 Thread 0x0000026bff465d70 12110       2       com.android.ide.common.blame.SourcePosition::<init> (38 bytes)
Event: 16.943 Thread 0x0000026bff465d70 nmethod 12110 0x0000026b813a7f90 code [0x0000026b813a8120, 0x0000026b813a8238]
Event: 16.943 Thread 0x0000026bff465d70 12111       2       com.android.utils.XmlUtils::getSourceFilePosition (33 bytes)
Event: 16.943 Thread 0x0000026bff465d70 nmethod 12111 0x0000026b813a8310 code [0x0000026b813a84e0, 0x0000026b813a8838]
Event: 16.943 Thread 0x0000026bff465d70 12113       2       com.android.ide.common.blame.SourceFilePosition::equals (55 bytes)
Event: 16.944 Thread 0x0000026bff465d70 nmethod 12113 0x0000026b813a8a90 code [0x0000026b813a8c60, 0x0000026b813a8f58]
Event: 16.944 Thread 0x0000026bff465d70 12120 %     3       com.android.utils.XmlUtils::toXmlAttributeValue @ 7 (89 bytes)
Event: 16.945 Thread 0x0000026bff465d70 nmethod 12120% 0x0000026b813a9090 code [0x0000026b813a9360, 0x0000026b813aa2f8]
Event: 16.945 Thread 0x0000026bff465d70 12114       2       com.google.common.base.Objects::hashCode (5 bytes)
Event: 16.945 Thread 0x0000026bff465d70 nmethod 12114 0x0000026b813aa910 code [0x0000026b813aaaa0, 0x0000026b813aaba8]
Event: 16.945 Thread 0x0000026bff465d70 12118       2       com.android.ide.common.blame.SourceFile::equals (55 bytes)
Event: 16.946 Thread 0x0000026bff465d70 nmethod 12118 0x0000026b813aac90 code [0x0000026b813aae60, 0x0000026b813ab1b8]
Event: 16.946 Thread 0x0000026bff465d70 12119       2       com.android.ide.common.blame.SourcePosition::hashCode (69 bytes)
Event: 16.947 Thread 0x0000026bff465d70 nmethod 12119 0x0000026b813ab310 code [0x0000026b813ab520, 0x0000026b813abec8]
Event: 16.947 Thread 0x0000026bff465d70 12123       3       com.android.utils.XmlUtils::toXmlAttributeValue (89 bytes)
Event: 16.948 Thread 0x0000026bff465d70 nmethod 12123 0x0000026b813ac290 code [0x0000026b813ac560, 0x0000026b813ad458]

GC Heap History (20 events):
Event: 10.254 GC heap after
{Heap after GC invocations=28 (full 0):
 garbage-first heap   total 174080K, used 65836K [0x0000000080000000, 0x0000000100000000)
  region size 1024K, 7 young (7168K), 7 survivors (7168K)
 Metaspace       used 75164K, committed 75776K, reserved 1122304K
  class space    used 10037K, committed 10368K, reserved 1048576K
}
Event: 11.431 GC heap before
{Heap before GC invocations=28 (full 0):
 garbage-first heap   total 174080K, used 133420K [0x0000000080000000, 0x0000000100000000)
  region size 1024K, 73 young (74752K), 7 survivors (7168K)
 Metaspace       used 81485K, committed 82112K, reserved 1122304K
  class space    used 11096K, committed 11392K, reserved 1048576K
}
Event: 11.454 GC heap after
{Heap after GC invocations=29 (full 0):
 garbage-first heap   total 174080K, used 70080K [0x0000000080000000, 0x0000000100000000)
  region size 1024K, 9 young (9216K), 9 survivors (9216K)
 Metaspace       used 81485K, committed 82112K, reserved 1122304K
  class space    used 11096K, committed 11392K, reserved 1048576K
}
Event: 12.642 GC heap before
{Heap before GC invocations=29 (full 0):
 garbage-first heap   total 174080K, used 133568K [0x0000000080000000, 0x0000000100000000)
  region size 1024K, 71 young (72704K), 9 survivors (9216K)
 Metaspace       used 87620K, committed 88256K, reserved 1130496K
  class space    used 11985K, committed 12288K, reserved 1048576K
}
Event: 12.654 GC heap after
{Heap after GC invocations=30 (full 0):
 garbage-first heap   total 174080K, used 74978K [0x0000000080000000, 0x0000000100000000)
  region size 1024K, 9 young (9216K), 9 survivors (9216K)
 Metaspace       used 87620K, committed 88256K, reserved 1130496K
  class space    used 11985K, committed 12288K, reserved 1048576K
}
Event: 13.590 GC heap before
{Heap before GC invocations=30 (full 0):
 garbage-first heap   total 174080K, used 137442K [0x0000000080000000, 0x0000000100000000)
  region size 1024K, 70 young (71680K), 9 survivors (9216K)
 Metaspace       used 93718K, committed 94336K, reserved 1130496K
  class space    used 12819K, committed 13120K, reserved 1048576K
}
Event: 13.601 GC heap after
{Heap after GC invocations=31 (full 0):
 garbage-first heap   total 174080K, used 80315K [0x0000000080000000, 0x0000000100000000)
  region size 1024K, 9 young (9216K), 9 survivors (9216K)
 Metaspace       used 93718K, committed 94336K, reserved 1130496K
  class space    used 12819K, committed 13120K, reserved 1048576K
}
Event: 14.183 GC heap before
{Heap before GC invocations=31 (full 0):
 garbage-first heap   total 174080K, used 139707K [0x0000000080000000, 0x0000000100000000)
  region size 1024K, 67 young (68608K), 9 survivors (9216K)
 Metaspace       used 95188K, committed 95872K, reserved 1138688K
  class space    used 13066K, committed 13376K, reserved 1048576K
}
Event: 14.196 GC heap after
{Heap after GC invocations=32 (full 0):
 garbage-first heap   total 174080K, used 89841K [0x0000000080000000, 0x0000000100000000)
  region size 1024K, 9 young (9216K), 9 survivors (9216K)
 Metaspace       used 95188K, committed 95872K, reserved 1138688K
  class space    used 13066K, committed 13376K, reserved 1048576K
}
Event: 14.956 GC heap before
{Heap before GC invocations=32 (full 0):
 garbage-first heap   total 174080K, used 138993K [0x0000000080000000, 0x0000000100000000)
  region size 1024K, 58 young (59392K), 9 survivors (9216K)
 Metaspace       used 96130K, committed 96832K, reserved 1138688K
  class space    used 13231K, committed 13568K, reserved 1048576K
}
Event: 14.967 GC heap after
{Heap after GC invocations=33 (full 0):
 garbage-first heap   total 174080K, used 94815K [0x0000000080000000, 0x0000000100000000)
  region size 1024K, 5 young (5120K), 5 survivors (5120K)
 Metaspace       used 96130K, committed 96832K, reserved 1138688K
  class space    used 13231K, committed 13568K, reserved 1048576K
}
Event: 16.217 GC heap before
{Heap before GC invocations=34 (full 0):
 garbage-first heap   total 174080K, used 141919K [0x0000000080000000, 0x0000000100000000)
  region size 1024K, 51 young (52224K), 5 survivors (5120K)
 Metaspace       used 99850K, committed 100544K, reserved 1138688K
  class space    used 13629K, committed 14016K, reserved 1048576K
}
Event: 16.226 GC heap after
{Heap after GC invocations=35 (full 0):
 garbage-first heap   total 174080K, used 101609K [0x0000000080000000, 0x0000000100000000)
  region size 1024K, 7 young (7168K), 7 survivors (7168K)
 Metaspace       used 99850K, committed 100544K, reserved 1138688K
  class space    used 13629K, committed 14016K, reserved 1048576K
}
Event: 16.245 GC heap before
{Heap before GC invocations=35 (full 0):
 garbage-first heap   total 174080K, used 102633K [0x0000000080000000, 0x0000000100000000)
  region size 1024K, 8 young (8192K), 7 survivors (7168K)
 Metaspace       used 99855K, committed 100608K, reserved 1138688K
  class space    used 13629K, committed 14016K, reserved 1048576K
}
Event: 16.250 GC heap after
{Heap after GC invocations=36 (full 0):
 garbage-first heap   total 174080K, used 102031K [0x0000000080000000, 0x0000000100000000)
  region size 1024K, 1 young (1024K), 1 survivors (1024K)
 Metaspace       used 99855K, committed 100608K, reserved 1138688K
  class space    used 13629K, committed 14016K, reserved 1048576K
}
Event: 16.318 GC heap before
{Heap before GC invocations=36 (full 0):
 garbage-first heap   total 174080K, used 107151K [0x0000000080000000, 0x0000000100000000)
  region size 1024K, 7 young (7168K), 1 survivors (1024K)
 Metaspace       used 99895K, committed 100672K, reserved 1138688K
  class space    used 13629K, committed 14016K, reserved 1048576K
}
Event: 16.320 GC heap after
{Heap after GC invocations=37 (full 0):
 garbage-first heap   total 174080K, used 103696K [0x0000000080000000, 0x0000000100000000)
  region size 1024K, 3 young (3072K), 3 survivors (3072K)
 Metaspace       used 99895K, committed 100672K, reserved 1138688K
  class space    used 13629K, committed 14016K, reserved 1048576K
}
Event: 16.786 GC heap before
{Heap before GC invocations=38 (full 0):
 garbage-first heap   total 206848K, used 144656K [0x0000000080000000, 0x0000000100000000)
  region size 1024K, 34 young (34816K), 3 survivors (3072K)
 Metaspace       used 100239K, committed 100992K, reserved 1138688K
  class space    used 13662K, committed 14016K, reserved 1048576K
}
Event: 16.798 GC heap after
{Heap after GC invocations=39 (full 0):
 garbage-first heap   total 206848K, used 121968K [0x0000000080000000, 0x0000000100000000)
  region size 1024K, 5 young (5120K), 5 survivors (5120K)
 Metaspace       used 100239K, committed 100992K, reserved 1138688K
  class space    used 13662K, committed 14016K, reserved 1048576K
}
Event: 16.948 GC heap before
{Heap before GC invocations=39 (full 0):
 garbage-first heap   total 206848K, used 127088K [0x0000000080000000, 0x0000000100000000)
  region size 1024K, 10 young (10240K), 5 survivors (5120K)
 Metaspace       used 100464K, committed 101184K, reserved 1138688K
  class space    used 13677K, committed 14016K, reserved 1048576K
}

Dll operation events (2 events):
Event: 0.007 Loaded shared library C:\Program Files\Android\Android Studio\jbr\bin\java.dll
Event: 0.424 Loaded shared library C:\Program Files\Android\Android Studio\jbr\bin\verify.dll

Deoptimization events (20 events):
Event: 16.897 Thread 0x0000026b8f1a6ea0 Uncommon trap: trap_request=0xffffffc6 fr.pc=0x0000026b880f2534 relative=0x0000000000000a34
Event: 16.897 Thread 0x0000026b8f1a6ea0 Uncommon trap: reason=bimorphic_or_optimized_type_check action=maybe_recompile pc=0x0000026b880f2534 method=org.apache.xerces.dom.CoreDocumentImpl.isKidOK(Lorg/w3c/dom/Node;Lorg/w3c/dom/Node;)Z @ 39 c2
Event: 16.897 Thread 0x0000026b8f1a6ea0 DEOPT PACKING pc=0x0000026b880f2534 sp=0x000000ee269fa570
Event: 16.897 Thread 0x0000026b8f1a6ea0 DEOPT UNPACKING pc=0x0000026b8758a1a3 sp=0x000000ee269fa498 mode 2
Event: 16.897 Thread 0x0000026b8f1a6ea0 Uncommon trap: trap_request=0xffffffc6 fr.pc=0x0000026b880f3880 relative=0x00000000000000e0
Event: 16.897 Thread 0x0000026b8f1a6ea0 Uncommon trap: reason=bimorphic_or_optimized_type_check action=maybe_recompile pc=0x0000026b880f3880 method=org.apache.xerces.dom.CoreDocumentImpl.isKidOK(Lorg/w3c/dom/Node;Lorg/w3c/dom/Node;)Z @ 39 c2
Event: 16.897 Thread 0x0000026b8f1a6ea0 DEOPT PACKING pc=0x0000026b880f3880 sp=0x000000ee269fa4f0
Event: 16.897 Thread 0x0000026b8f1a6ea0 DEOPT UNPACKING pc=0x0000026b8758a1a3 sp=0x000000ee269fa480 mode 2
Event: 16.916 Thread 0x0000026b8f1a6ea0 Uncommon trap: trap_request=0xffffff3d fr.pc=0x0000026b8812f110 relative=0x0000000000000570
Event: 16.916 Thread 0x0000026b8f1a6ea0 Uncommon trap: reason=unstable_fused_if action=reinterpret pc=0x0000026b8812f110 method=org.apache.xerces.dom.ParentNode.nodeListItem(I)Lorg/w3c/dom/Node; @ 142 c2
Event: 16.916 Thread 0x0000026b8f1a6ea0 DEOPT PACKING pc=0x0000026b8812f110 sp=0x000000ee269fa510
Event: 16.916 Thread 0x0000026b8f1a6ea0 DEOPT UNPACKING pc=0x0000026b8758a1a3 sp=0x000000ee269fa450 mode 2
Event: 16.916 Thread 0x0000026b8f1a6ea0 Uncommon trap: trap_request=0xffffff3d fr.pc=0x0000026b88117004 relative=0x0000000000000564
Event: 16.916 Thread 0x0000026b8f1a6ea0 Uncommon trap: reason=unstable_fused_if action=reinterpret pc=0x0000026b88117004 method=org.apache.xerces.dom.ParentNode.nodeListItem(I)Lorg/w3c/dom/Node; @ 142 c2
Event: 16.916 Thread 0x0000026b8f1a6ea0 DEOPT PACKING pc=0x0000026b88117004 sp=0x000000ee269fa480
Event: 16.916 Thread 0x0000026b8f1a6ea0 DEOPT UNPACKING pc=0x0000026b8758a1a3 sp=0x000000ee269fa438 mode 2
Event: 16.946 Thread 0x0000026b8f1a6ea0 DEOPT PACKING pc=0x0000026b813a3668 sp=0x000000ee269fa210
Event: 16.946 Thread 0x0000026b8f1a6ea0 DEOPT UNPACKING pc=0x0000026b8758ace3 sp=0x000000ee269f9720 mode 0
Event: 16.947 Thread 0x0000026b8f1a6ea0 DEOPT PACKING pc=0x0000026b813a3668 sp=0x000000ee269fa210
Event: 16.947 Thread 0x0000026b8f1a6ea0 DEOPT UNPACKING pc=0x0000026b8758ace3 sp=0x000000ee269f9720 mode 0

Classes unloaded (7 events):
Event: 16.433 Thread 0x0000026bfe81d940 Unloading class 0x0000000100d31c00 'java/lang/invoke/LambdaForm$DMH+0x0000000100d31c00'
Event: 16.433 Thread 0x0000026bfe81d940 Unloading class 0x0000000100d31400 'java/lang/invoke/LambdaForm$DMH+0x0000000100d31400'
Event: 16.433 Thread 0x0000026bfe81d940 Unloading class 0x0000000100d31800 'java/lang/invoke/LambdaForm$DMH+0x0000000100d31800'
Event: 16.433 Thread 0x0000026bfe81d940 Unloading class 0x0000000100d31000 'java/lang/invoke/LambdaForm$DMH+0x0000000100d31000'
Event: 16.433 Thread 0x0000026bfe81d940 Unloading class 0x0000000100d30c00 'java/lang/invoke/LambdaForm$DMH+0x0000000100d30c00'
Event: 16.433 Thread 0x0000026bfe81d940 Unloading class 0x0000000100d30800 'java/lang/invoke/LambdaForm$DMH+0x0000000100d30800'
Event: 16.433 Thread 0x0000026bfe81d940 Unloading class 0x0000000100d30000 'java/lang/invoke/LambdaForm$DMH+0x0000000100d30000'

Classes redefined (0 events):
No events

Internal exceptions (20 events):
Event: 15.508 Thread 0x0000026b8f1a6ea0 Exception <a 'sun/nio/fs/WindowsException'{0x0000000089864878}> (0x0000000089864878) 
thrown [s\src\hotspot\share\prims\jni.cpp, line 517]
Event: 15.508 Thread 0x0000026b8f1a6ea0 Exception <a 'sun/nio/fs/WindowsException'{0x0000000089864cc0}> (0x0000000089864cc0) 
thrown [s\src\hotspot\share\prims\jni.cpp, line 517]
Event: 15.509 Thread 0x0000026b8f1a6ea0 Exception <a 'sun/nio/fs/WindowsException'{0x0000000089867d30}> (0x0000000089867d30) 
thrown [s\src\hotspot\share\prims\jni.cpp, line 517]
Event: 15.509 Thread 0x0000026b8f1a6ea0 Exception <a 'sun/nio/fs/WindowsException'{0x00000000898681d0}> (0x00000000898681d0) 
thrown [s\src\hotspot\share\prims\jni.cpp, line 517]
Event: 15.510 Thread 0x0000026b8f1a6ea0 Exception <a 'sun/nio/fs/WindowsException'{0x0000000089869e80}> (0x0000000089869e80) 
thrown [s\src\hotspot\share\prims\jni.cpp, line 517]
Event: 15.510 Thread 0x0000026b8f1a6ea0 Exception <a 'sun/nio/fs/WindowsException'{0x000000008986a2b8}> (0x000000008986a2b8) 
thrown [s\src\hotspot\share\prims\jni.cpp, line 517]
Event: 15.511 Thread 0x0000026b8f1a6ea0 Exception <a 'sun/nio/fs/WindowsException'{0x000000008986d5e0}> (0x000000008986d5e0) 
thrown [s\src\hotspot\share\prims\jni.cpp, line 517]
Event: 15.511 Thread 0x0000026b8f1a6ea0 Exception <a 'sun/nio/fs/WindowsException'{0x000000008986da80}> (0x000000008986da80) 
thrown [s\src\hotspot\share\prims\jni.cpp, line 517]
Event: 15.511 Thread 0x0000026b8f1a6ea0 Exception <a 'sun/nio/fs/WindowsException'{0x000000008986f730}> (0x000000008986f730) 
thrown [s\src\hotspot\share\prims\jni.cpp, line 517]
Event: 15.511 Thread 0x0000026b8f1a6ea0 Exception <a 'sun/nio/fs/WindowsException'{0x000000008986fb68}> (0x000000008986fb68) 
thrown [s\src\hotspot\share\prims\jni.cpp, line 517]
Event: 15.512 Thread 0x0000026b8f1a6ea0 Exception <a 'sun/nio/fs/WindowsException'{0x0000000089872bd8}> (0x0000000089872bd8) 
thrown [s\src\hotspot\share\prims\jni.cpp, line 517]
Event: 15.512 Thread 0x0000026b8f1a6ea0 Exception <a 'sun/nio/fs/WindowsException'{0x0000000089873078}> (0x0000000089873078) 
thrown [s\src\hotspot\share\prims\jni.cpp, line 517]
Event: 15.512 Thread 0x0000026b8f1a6ea0 Exception <a 'sun/nio/fs/WindowsException'{0x0000000089874d28}> (0x0000000089874d28) 
thrown [s\src\hotspot\share\prims\jni.cpp, line 517]
Event: 15.512 Thread 0x0000026b8f1a6ea0 Exception <a 'sun/nio/fs/WindowsException'{0x0000000089875160}> (0x0000000089875160) 
thrown [s\src\hotspot\share\prims\jni.cpp, line 517]
Event: 15.513 Thread 0x0000026b8f1a6ea0 Exception <a 'sun/nio/fs/WindowsException'{0x0000000089878158}> (0x0000000089878158) 
thrown [s\src\hotspot\share\prims\jni.cpp, line 517]
Event: 15.513 Thread 0x0000026b8f1a6ea0 Exception <a 'sun/nio/fs/WindowsException'{0x00000000898785c8}> (0x00000000898785c8) 
thrown [s\src\hotspot\share\prims\jni.cpp, line 517]
Event: 15.514 Thread 0x0000026b8f1a6ea0 Exception <a 'sun/nio/fs/WindowsException'{0x000000008987a270}> (0x000000008987a270) 
thrown [s\src\hotspot\share\prims\jni.cpp, line 517]
Event: 15.514 Thread 0x0000026b8f1a6ea0 Exception <a 'sun/nio/fs/WindowsException'{0x000000008987a690}> (0x000000008987a690) 
thrown [s\src\hotspot\share\prims\jni.cpp, line 517]
Event: 15.515 Thread 0x0000026b8f1a6ea0 Exception <a 'sun/nio/fs/WindowsException'{0x000000008987c328}> (0x000000008987c328) 
thrown [s\src\hotspot\share\prims\jni.cpp, line 517]
Event: 15.515 Thread 0x0000026b8f1a6ea0 Exception <a 'sun/nio/fs/WindowsException'{0x000000008987c708}> (0x000000008987c708) 
thrown [s\src\hotspot\share\prims\jni.cpp, line 517]

VM Operations (20 events):
Event: 15.809 Executing VM operation: ICBufferFull done
Event: 16.194 Executing VM operation: HandshakeAllThreads
Event: 16.195 Executing VM operation: HandshakeAllThreads done
Event: 16.216 Executing VM operation: G1CollectForAllocation
Event: 16.227 Executing VM operation: G1CollectForAllocation done
Event: 16.245 Executing VM operation: G1CollectForAllocation
Event: 16.250 Executing VM operation: G1CollectForAllocation done
Event: 16.317 Executing VM operation: G1TryInitiateConcMark
Event: 16.320 Executing VM operation: G1TryInitiateConcMark done
Event: 16.432 Executing VM operation: G1Concurrent
Event: 16.444 Executing VM operation: G1Concurrent done
Event: 16.494 Executing VM operation: G1Concurrent
Event: 16.523 Executing VM operation: G1Concurrent done
Event: 16.786 Executing VM operation: G1CollectForAllocation
Event: 16.798 Executing VM operation: G1CollectForAllocation done
Event: 16.845 Executing VM operation: HandshakeAllThreads
Event: 16.845 Executing VM operation: HandshakeAllThreads done
Event: 16.891 Executing VM operation: HandshakeAllThreads
Event: 16.891 Executing VM operation: HandshakeAllThreads done
Event: 16.948 Executing VM operation: G1CollectForAllocation

Events (20 events):
Event: 16.713 loading class java/util/stream/Node$Builder$OfInt done
Event: 16.713 loading class java/util/stream/Nodes$IntArrayNode
Event: 16.713 loading class java/util/stream/Nodes$IntArrayNode done
Event: 16.713 loading class java/util/stream/Nodes$IntFixedNodeBuilder done
Event: 16.751 loading class java/util/concurrent/ConcurrentLinkedDeque
Event: 16.751 loading class java/util/concurrent/ConcurrentLinkedDeque done
Event: 16.751 loading class java/util/concurrent/ConcurrentLinkedDeque$Node
Event: 16.751 loading class java/util/concurrent/ConcurrentLinkedDeque$Node done
Event: 16.894 loading class org/w3c/dom/DOMImplementation
Event: 16.894 loading class org/w3c/dom/DOMImplementation done
Event: 16.895 loading class org/w3c/dom/ls/DOMImplementationLS
Event: 16.895 loading class org/w3c/dom/ls/DOMImplementationLS done
Event: 16.895 loading class org/w3c/dom/ls/LSSerializer
Event: 16.895 loading class org/w3c/dom/ls/LSSerializer done
Event: 16.896 loading class org/w3c/dom/ls/LSOutput
Event: 16.896 loading class org/w3c/dom/ls/LSOutput done
Event: 16.896 loading class org/w3c/dom/ls/LSInput
Event: 16.896 loading class org/w3c/dom/ls/LSInput done
Event: 16.896 loading class org/w3c/dom/ls/LSParser
Event: 16.896 loading class org/w3c/dom/ls/LSParser done


Dynamic libraries:
0x00007ff74df80000 - 0x00007ff74df8a000 	C:\Program Files\Android\Android Studio\jbr\bin\java.exe
0x00007ffc3fcd0000 - 0x00007ffc3fee7000 	C:\WINDOWS\SYSTEM32\ntdll.dll
0x00007ffc3deb0000 - 0x00007ffc3df74000 	C:\WINDOWS\System32\KERNEL32.DLL
0x00007ffc3d0f0000 - 0x00007ffc3d497000 	C:\WINDOWS\System32\KERNELBASE.dll
0x00007ffc3d5c0000 - 0x00007ffc3d6d1000 	C:\WINDOWS\System32\ucrtbase.dll
0x00007ffc36040000 - 0x00007ffc3605b000 	C:\Program Files\Android\Android Studio\jbr\bin\VCRUNTIME140.dll
0x00007ffbfacc0000 - 0x00007ffbfacd7000 	C:\Program Files\Android\Android Studio\jbr\bin\jli.dll
0x00007ffc3fab0000 - 0x00007ffc3fc5e000 	C:\WINDOWS\System32\USER32.dll
0x00007ffc1ea00000 - 0x00007ffc1ec93000 	C:\WINDOWS\WinSxS\amd64_microsoft.windows.common-controls_6595b64144ccf1df_6.0.22621.2506_none_270c5ae97388e100\COMCTL32.dll
0x00007ffc3d0c0000 - 0x00007ffc3d0e6000 	C:\WINDOWS\System32\win32u.dll
0x00007ffc3f860000 - 0x00007ffc3f907000 	C:\WINDOWS\System32\msvcrt.dll
0x00007ffc3dfe0000 - 0x00007ffc3e009000 	C:\WINDOWS\System32\GDI32.dll
0x00007ffc3d4a0000 - 0x00007ffc3d5b9000 	C:\WINDOWS\System32\gdi32full.dll
0x00007ffc3d020000 - 0x00007ffc3d0ba000 	C:\WINDOWS\System32\msvcp_win.dll
0x00007ffc3f2f0000 - 0x00007ffc3f321000 	C:\WINDOWS\System32\IMM32.DLL
0x00007ffc39720000 - 0x00007ffc3972c000 	C:\Program Files\Android\Android Studio\jbr\bin\vcruntime140_1.dll
0x00007ffc1d9e0000 - 0x00007ffc1da6d000 	C:\Program Files\Android\Android Studio\jbr\bin\msvcp140.dll
0x00007ffbcc830000 - 0x00007ffbcd49e000 	C:\Program Files\Android\Android Studio\jbr\bin\server\jvm.dll
0x00007ffc3eac0000 - 0x00007ffc3eb70000 	C:\WINDOWS\System32\ADVAPI32.dll
0x00007ffc3f9f0000 - 0x00007ffc3fa96000 	C:\WINDOWS\System32\sechost.dll
0x00007ffc3dc00000 - 0x00007ffc3dd17000 	C:\WINDOWS\System32\RPCRT4.dll
0x00007ffc17fc0000 - 0x00007ffc17fc9000 	C:\WINDOWS\SYSTEM32\WSOCK32.dll
0x00007ffc349c0000 - 0x00007ffc349f4000 	C:\WINDOWS\SYSTEM32\WINMM.dll
0x00007ffc33e80000 - 0x00007ffc33e8a000 	C:\WINDOWS\SYSTEM32\VERSION.dll
0x00007ffc3dd20000 - 0x00007ffc3dd91000 	C:\WINDOWS\System32\WS2_32.dll
0x00007ffc3bf80000 - 0x00007ffc3bf98000 	C:\WINDOWS\SYSTEM32\kernel.appcore.dll
0x00007ffc1e790000 - 0x00007ffc1e79a000 	C:\Program Files\Android\Android Studio\jbr\bin\jimage.dll
0x00007ffc3a7b0000 - 0x00007ffc3a9e3000 	C:\WINDOWS\SYSTEM32\DBGHELP.DLL
0x00007ffc3f330000 - 0x00007ffc3f6b9000 	C:\WINDOWS\System32\combase.dll
0x00007ffc3f910000 - 0x00007ffc3f9e7000 	C:\WINDOWS\System32\OLEAUT32.dll
0x00007ffc0f120000 - 0x00007ffc0f152000 	C:\WINDOWS\SYSTEM32\dbgcore.DLL
0x00007ffc3d980000 - 0x00007ffc3d9fa000 	C:\WINDOWS\System32\bcryptPrimitives.dll
0x00007ffbf2d70000 - 0x00007ffbf2d95000 	C:\Program Files\Android\Android Studio\jbr\bin\java.dll
0x00007ffc11f00000 - 0x00007ffc11f18000 	C:\Program Files\Android\Android Studio\jbr\bin\zip.dll
0x00007ffc3e010000 - 0x00007ffc3e869000 	C:\WINDOWS\System32\SHELL32.dll
0x00007ffc3aef0000 - 0x00007ffc3b7e4000 	C:\WINDOWS\SYSTEM32\windows.storage.dll
0x00007ffc3adb0000 - 0x00007ffc3aeee000 	C:\WINDOWS\SYSTEM32\wintypes.dll
0x00007ffc3ddb0000 - 0x00007ffc3dea3000 	C:\WINDOWS\System32\SHCORE.dll
0x00007ffc3df80000 - 0x00007ffc3dfde000 	C:\WINDOWS\System32\shlwapi.dll
0x00007ffc3cf50000 - 0x00007ffc3cf76000 	C:\WINDOWS\SYSTEM32\profapi.dll
0x00007ffc054e0000 - 0x00007ffc054f9000 	C:\Program Files\Android\Android Studio\jbr\bin\net.dll
0x00007ffc36e60000 - 0x00007ffc36f97000 	C:\WINDOWS\SYSTEM32\WINHTTP.dll
0x00007ffc3c450000 - 0x00007ffc3c4b9000 	C:\WINDOWS\system32\mswsock.dll
0x00007ffbfcb80000 - 0x00007ffbfcb96000 	C:\Program Files\Android\Android Studio\jbr\bin\nio.dll
0x00007ffc17ef0000 - 0x00007ffc17f00000 	C:\Program Files\Android\Android Studio\jbr\bin\verify.dll
0x00007ffc19950000 - 0x00007ffc19977000 	C:\Users\yk5fe\.gradle\native\68d5fa5c4cc2d200863cafc0d521ce42e7d3e7ee720ec0a83991735586a16f82\windows-amd64\native-platform.dll
0x00007ffc0fe20000 - 0x00007ffc0ff64000 	C:\Users\yk5fe\.gradle\native\e376f236ea51e6404a007f0833ffe2c6e607c4080706a723a18a27aeea778392\windows-amd64\native-platform-file-events.dll
0x00007ffc16930000 - 0x00007ffc16939000 	C:\Program Files\Android\Android Studio\jbr\bin\management.dll
0x00007ffc0f580000 - 0x00007ffc0f58b000 	C:\Program Files\Android\Android Studio\jbr\bin\management_ext.dll
0x00007ffc3f2e0000 - 0x00007ffc3f2e8000 	C:\WINDOWS\System32\PSAPI.DLL
0x00007ffc3c7a0000 - 0x00007ffc3c7bb000 	C:\WINDOWS\SYSTEM32\CRYPTSP.dll
0x00007ffc3bf40000 - 0x00007ffc3bf75000 	C:\WINDOWS\system32\rsaenh.dll
0x00007ffc3c4f0000 - 0x00007ffc3c51c000 	C:\WINDOWS\SYSTEM32\USERENV.dll
0x00007ffc3c9d0000 - 0x00007ffc3c9f8000 	C:\WINDOWS\SYSTEM32\bcrypt.dll
0x00007ffc3c780000 - 0x00007ffc3c78c000 	C:\WINDOWS\SYSTEM32\CRYPTBASE.dll
0x00007ffc3ba40000 - 0x00007ffc3ba6d000 	C:\WINDOWS\SYSTEM32\IPHLPAPI.DLL
0x00007ffc3dda0000 - 0x00007ffc3dda9000 	C:\WINDOWS\System32\NSI.dll
0x00007ffc34480000 - 0x00007ffc34499000 	C:\WINDOWS\SYSTEM32\dhcpcsvc6.DLL
0x00007ffc34460000 - 0x00007ffc3447f000 	C:\WINDOWS\SYSTEM32\dhcpcsvc.DLL
0x00007ffc3ba70000 - 0x00007ffc3bb69000 	C:\WINDOWS\SYSTEM32\DNSAPI.dll
0x00007ffbeef10000 - 0x00007ffbeef18000 	C:\WINDOWS\system32\wshunix.dll
0x00007ffc16b60000 - 0x00007ffc16b77000 	C:\WINDOWS\system32\napinsp.dll
0x00007ffc16b40000 - 0x00007ffc16b5b000 	C:\WINDOWS\system32\pnrpnsp.dll
0x00007ffc16b20000 - 0x00007ffc16b31000 	C:\WINDOWS\System32\winrnr.dll
0x00007ffbffcc0000 - 0x00007ffbffcd5000 	C:\WINDOWS\system32\wshbth.dll
0x00007ffc06790000 - 0x00007ffc067b1000 	C:\WINDOWS\system32\nlansp_c.dll
0x00000000669a0000 - 0x00000000669c6000 	C:\Program Files\Bonjour\mdnsNSP.dll
0x00007ffc2cbf0000 - 0x00007ffc2cbfa000 	C:\Windows\System32\rasadhlp.dll
0x00007ffc31800000 - 0x00007ffc31883000 	C:\WINDOWS\System32\fwpuclnt.dll

dbghelp: loaded successfully - version: 4.0.5 - missing functions: none
symbol engine: initialized successfully - sym options: 0x614 - pdb path: .;C:\Program Files\Android\Android Studio\jbr\bin;C:\WINDOWS\SYSTEM32;C:\WINDOWS\WinSxS\amd64_microsoft.windows.common-controls_6595b64144ccf1df_6.0.22621.2506_none_270c5ae97388e100;C:\Program Files\Android\Android Studio\jbr\bin\server;C:\Users\yk5fe\.gradle\native\68d5fa5c4cc2d200863cafc0d521ce42e7d3e7ee720ec0a83991735586a16f82\windows-amd64;C:\Users\yk5fe\.gradle\native\e376f236ea51e6404a007f0833ffe2c6e607c4080706a723a18a27aeea778392\windows-amd64;C:\Program Files\Bonjour

VM Arguments:
jvm_args: --add-opens=java.base/java.util=ALL-UNNAMED --add-opens=java.base/java.lang=ALL-UNNAMED --add-opens=java.base/java.lang.invoke=ALL-UNNAMED --add-opens=java.prefs/java.util.prefs=ALL-UNNAMED --add-opens=java.base/java.nio.charset=ALL-UNNAMED --add-opens=java.base/java.net=ALL-UNNAMED --add-opens=java.base/java.util.concurrent.atomic=ALL-UNNAMED -Xmx2048m -Dfile.encoding=UTF-8 -Duser.country=FR -Duser.language=fr -Duser.variant 
java_command: org.gradle.launcher.daemon.bootstrap.GradleDaemon 8.0
java_class_path (initial): C:\Users\yk5fe\.gradle\wrapper\dists\gradle-8.0-bin\ca5e32bp14vu59qr306oxotwh\gradle-8.0\lib\gradle-launcher-8.0.jar
Launcher Type: SUN_STANDARD

[Global flags]
     intx CICompilerCount                          = 4                                         {product} {ergonomic}
     uint ConcGCThreads                            = 2                                         {product} {ergonomic}
     uint G1ConcRefinementThreads                  = 8                                         {product} {ergonomic}
   size_t G1HeapRegionSize                         = 1048576                                   {product} {ergonomic}
    uintx GCDrainStackTargetSize                   = 64                                        {product} {ergonomic}
   size_t InitialHeapSize                          = 199229440                                 {product} {ergonomic}
   size_t MarkStackSize                            = 4194304                                   {product} {ergonomic}
   size_t MaxHeapSize                              = 2147483648                                {product} {command line}
   size_t MaxNewSize                               = 1287651328                                {product} {ergonomic}
   size_t MinHeapDeltaBytes                        = 1048576                                   {product} {ergonomic}
   size_t MinHeapSize                              = 8388608                                   {product} {ergonomic}
    uintx NonNMethodCodeHeapSize                   = 5839372                                {pd product} {ergonomic}
    uintx NonProfiledCodeHeapSize                  = 122909434                              {pd product} {ergonomic}
    uintx ProfiledCodeHeapSize                     = 122909434                              {pd product} {ergonomic}
    uintx ReservedCodeCacheSize                    = 251658240                              {pd product} {ergonomic}
     bool SegmentedCodeCache                       = true                                      {product} {ergonomic}
   size_t SoftMaxHeapSize                          = 2147483648                             {manageable} {ergonomic}
     bool UseCompressedClassPointers               = true                           {product lp64_product} {ergonomic}
     bool UseCompressedOops                        = true                           {product lp64_product} {ergonomic}
     bool UseG1GC                                  = true                                      {product} {ergonomic}
     bool UseLargePagesIndividualAllocation        = false                                  {pd product} {ergonomic}

Logging:
Log output configuration:
 #0: stdout all=warning uptime,level,tags
 #1: stderr all=off uptime,level,tags

Environment Variables:
JAVA_HOME=C:\Program Files\Java\jdk-20
PATH=C:\Program Files\Java\jdk-20\bin;C:\ADMINISTRATION\WINDOWS\bin;C:\Program Files\Common Files\Oracle\Java\javapath;C:\Program Files\Python310\Scripts\;C:\Program Files\Python310\;C:\WINDOWS\system32;C:\WINDOWS;C:\WINDOWS\System32\Wbem;C:\WINDOWS\System32\WindowsPowerShell\v1.0\;C:\WINDOWS\System32\OpenSSH\;C:\Program Files\Git\cmd;C:\Program Files\MySQL\MySQL Server 5.1\bin;C:\Users\yk5fe\AppData\Roaming\nvm;C:\Program Files\nodejs;C:\Program Files\nodejs\;C:\Users\yk5fe\AppData\Local\Microsoft\WindowsApps;C:\Users\yk5fe\AppData\Local\Programs\Microsoft VS Code\bin;C:\Program Files\Java\jdk-20\bin;C:\Users\yk5fe\AppData\Local\atom\bin;C:\Users\yk5fe\AppData\Local\GitHubDesktop\bin;C:\javafx-sdk-18\jdk-19_windows-x64_bin\jdk-19.0.2\bin;C:\Users\yk5fe\AppData\Local\Microsoft\WindowsApps;C:\Program Files\JetBrains\WebStorm 2023.1.1\bin;;C:\Users\yk5fe\AppData\Roaming\nvm;C:\Program Files\nodejs;C:\apache-tomcat-9.0.75\bin;C:\Users\yk5fe\OneDrive\Bureau\apache-zookeeper-3.7.1-bin\apache-zookeeper-3.7.1-bin\bin;C:\apache-maven-3.9.2-bin\apache-maven-3.9.2\bin;C:\Users\yk5fe\AppData\Roaming\TinyTeX\bin\windows;C:\Users\yk5fe\AppData\Roaming\npm;C:\Users\yk5fe\AppData\Local\Programs\Julia-1.9.3\bin;C:\Users\yk5fe\AppData\Roaming\Python\Python310\site-packages;F:\document_flutter\flutter\dart-sdk\bin;F:\document_flutter\flutter\bin;
USERNAME=yk5fe
OS=Windows_NT
PROCESSOR_IDENTIFIER=Intel64 Family 6 Model 140 Stepping 2, GenuineIntel
TMP=C:\Users\yk5fe\AppData\Local\Temp
TEMP=C:\Users\yk5fe\AppData\Local\Temp


JNI global refs:
JNI global refs: 28, weak refs: 42

JNI global refs memory usage: 843, weak refs: 841


---------------  S Y S T E M  ---------------

OS:
 Windows 11 , 64 bit Build 22621 (10.0.22621.2506)
OS uptime: 0 days 9:23 hours
Hyper-V role detected

CPU: total 8 (initial active 8) (4 cores per cpu, 2 threads per core) family 6 model 140 stepping 2 microcode 0x2c, cx8, cmov, fxsr, ht, mmx, 3dnowpref, sse, sse2, sse3, ssse3, sse4.1, sse4.2, popcnt, lzcnt, tsc, tscinvbit, avx, avx2, aes, erms, clmul, bmi1, bmi2, adx, avx512f, avx512dq, avx512cd, avx512bw, avx512vl, sha, fma, vzeroupper, avx512_vpopcntdq, avx512_vpclmulqdq, avx512_vaes, avx512_vnni, clflush, clflushopt, clwb, avx512_vbmi2, avx512_vbmi, hv

Memory: 4k page, system-wide physical 12037M (546M free)
TotalPageFile size 14437M (AvailPageFile size 98M)
current process WorkingSet (physical memory assigned to process): 470M, peak: 471M
current process commit charge ("private bytes"): 512M, peak: 668M

vm_info: OpenJDK 64-Bit Server VM (17.0.6+0-b2043.56-10027231) for windows-amd64 JRE (17.0.6+0-b2043.56-10027231), built on Apr 28 2023 00:43:19 by "androidbuild" with MS VC++ 16.10 / 16.11 (VS2019)

END.
