#
# There is insufficient memory for the Java Runtime Environment to continue.
# Native memory allocation (mmap) failed to map 126877696 bytes for G1 virtual space
# Possible reasons:
#   The system is out of physical RAM or swap space
#   The process is running with CompressedOops enabled, and the Java Heap may be blocking the growth of the native heap
# Possible solutions:
#   Reduce memory load on the system
#   Increase physical memory or swap space
#   Check if swap backing store is full
#   Decrease Java heap size (-Xmx/-Xms)
#   Decrease number of Java threads
#   Decrease Java thread stack sizes (-Xss)
#   Set larger code cache with -XX:ReservedCodeCacheSize=
#   JVM is running with Unscaled Compressed Oops mode in which the Java heap is
#     placed in the first 4GB address space. The Java Heap base address is the
#     maximum limit for the native heap growth. Please use -XX:HeapBaseMinAddress
#     to set the Java Heap base and to place the Java Heap above 4GB virtual address.
# This output file may be truncated or incomplete.
#
#  Out of Memory Error (os_windows.cpp:3769), pid=10184, tid=13436
#
# JRE version: OpenJDK Runtime Environment (17.0.6) (build 17.0.6+0-b2043.56-10027231)
# Java VM: OpenJDK 64-Bit Server VM (17.0.6+0-b2043.56-10027231, mixed mode, tiered, compressed oops, compressed class ptrs, g1 gc, windows-amd64)
# No core dump will be written. Minidumps are not enabled by default on client versions of Windows
#

---------------  S U M M A R Y ------------

Command Line: --add-opens=java.base/java.util=ALL-UNNAMED --add-opens=java.base/java.lang=ALL-UNNAMED --add-opens=java.base/java.lang.invoke=ALL-UNNAMED --add-opens=java.prefs/java.util.prefs=ALL-UNNAMED --add-opens=java.base/java.nio.charset=ALL-UNNAMED --add-opens=java.base/java.net=ALL-UNNAMED --add-opens=java.base/java.util.concurrent.atomic=ALL-UNNAMED -Xmx2048m -Dfile.encoding=UTF-8 -Duser.country=FR -Duser.language=fr -Duser.variant org.gradle.launcher.daemon.bootstrap.GradleDaemon 8.0

Host: 11th Gen Intel(R) Core(TM) i5-1155G7 @ 2.50GHz, 8 cores, 11G,  Windows 11 , 64 bit Build 22621 (10.0.22621.2506)
Time: Sat Nov  4 06:58:25 2023 Greenwich elapsed time: 20.537420 seconds (0d 0h 0m 20s)

---------------  T H R E A D  ---------------

Current thread (0x0000020b3b13c940):  VMThread "VM Thread" [stack: 0x0000009cad200000,0x0000009cad300000] [id=13436]

Stack: [0x0000009cad200000,0x0000009cad300000]
Native frames: (J=compiled Java code, j=interpreted, Vv=VM code, C=native code)
V  [jvm.dll+0x683c9a]
V  [jvm.dll+0x8427a4]
V  [jvm.dll+0x843f9e]
V  [jvm.dll+0x844603]
V  [jvm.dll+0x249b75]
V  [jvm.dll+0x680b69]
V  [jvm.dll+0x67505a]
V  [jvm.dll+0x309acb]
V  [jvm.dll+0x310f86]
V  [jvm.dll+0x3608ee]
V  [jvm.dll+0x360b1f]
V  [jvm.dll+0x2dfbf8]
V  [jvm.dll+0x2ddec4]
V  [jvm.dll+0x2dd4cc]
V  [jvm.dll+0x321f3b]
V  [jvm.dll+0x848ccb]
V  [jvm.dll+0x849a04]
V  [jvm.dll+0x849f1d]
V  [jvm.dll+0x84a2f4]
V  [jvm.dll+0x84a3c0]
V  [jvm.dll+0x7f274a]
V  [jvm.dll+0x682ad5]
C  [ucrtbase.dll+0x29363]
C  [KERNEL32.DLL+0x1257d]
C  [ntdll.dll+0x5aa58]

VM_Operation (0x0000009cb6ffb250): G1CollectForAllocation, mode: safepoint, requested by thread 0x0000020b42fbcc90


---------------  P R O C E S S  ---------------

Threads class SMR info:
_java_thread_list=0x0000020b41067d20, length=146, elements={
0x0000020b2129a410, 0x0000020b3bc2c250, 0x0000020b3bc2d520, 0x0000020b3bc52070,
0x0000020b3bc52b30, 0x0000020b3bc55500, 0x0000020b3bc55dc0, 0x0000020b3bc58fd0,
0x0000020b3bc59980, 0x0000020b3bc5e840, 0x0000020b3bdff010, 0x0000020b3be01550,
0x0000020b3e0f0a60, 0x0000020b3d500390, 0x0000020b3d6530c0, 0x0000020b3d62b4d0,
0x0000020b3d461e30, 0x0000020b3d4448b0, 0x0000020b3d449f40, 0x0000020b3c459850,
0x0000020b3c459d20, 0x0000020b3c45ab90, 0x0000020b3c45b060, 0x0000020b3c45a1f0,
0x0000020b3c45a6c0, 0x0000020b3c458eb0, 0x0000020b3c459380, 0x0000020b3fe07660,
0x0000020b3fe0ab50, 0x0000020b3fe0b020, 0x0000020b3fe07b30, 0x0000020b3fe054b0,
0x0000020b3fe09810, 0x0000020b3fe09ce0, 0x0000020b3fe0b4f0, 0x0000020b3fe084d0,
0x0000020b3fe0a1b0, 0x0000020b3fe067f0, 0x0000020b3fe08e70, 0x0000020b3fe06cc0,
0x0000020b3fe0b9c0, 0x0000020b3fe07190, 0x0000020b3fe0a680, 0x0000020b3fe089a0,
0x0000020b41953ed0, 0x0000020b41953530, 0x0000020b419543a0, 0x0000020b41959570,
0x0000020b41958230, 0x0000020b419556e0, 0x0000020b41954870, 0x0000020b41958700,
0x0000020b41959a40, 0x0000020b41959f10, 0x0000020b4195a3e0, 0x0000020b41953a00,
0x0000020b41954d40, 0x0000020b4195a8b0, 0x0000020b41953060, 0x0000020b41955210,
0x0000020b41956080, 0x0000020b41955bb0, 0x0000020b41956550, 0x0000020b41956a20,
0x0000020b41956ef0, 0x0000020b419573c0, 0x0000020b41957890, 0x0000020b41957d60,
0x0000020b41958bd0, 0x0000020b419590a0, 0x0000020b427c36e0, 0x0000020b427c1a00,
0x0000020b427c3210, 0x0000020b427c1530, 0x0000020b427c3bb0, 0x0000020b427c1ed0,
0x0000020b427c4080, 0x0000020b427c2d40, 0x0000020b427c4550, 0x0000020b427c4a20,
0x0000020b427c1060, 0x0000020b427c23a0, 0x0000020b427c2870, 0x0000020b3caa8e90,
0x0000020b3caa84f0, 0x0000020b3caa59a0, 0x0000020b3caa89c0, 0x0000020b3caa5e70,
0x0000020b3caa6810, 0x0000020b3caa71b0, 0x0000020b3caa6340, 0x0000020b3caa5000,
0x0000020b3caa9360, 0x0000020b3caa7b50, 0x0000020b3caa2980, 0x0000020b3caa54d0,
0x0000020b3caa6ce0, 0x0000020b3caa2e50, 0x0000020b3caa7680, 0x0000020b3caa8020,
0x0000020b3caa9830, 0x0000020b3caa1fe0, 0x0000020b3caa24b0, 0x0000020b3caa3320,
0x0000020b3caa3cc0, 0x0000020b3caa4b30, 0x0000020b3caa37f0, 0x0000020b3caa4190,
0x0000020b3caa4660, 0x0000020b3bec25b0, 0x0000020b3bec5aa0, 0x0000020b3bec3420,
0x0000020b3bec5f70, 0x0000020b3bec6de0, 0x0000020b3bec20e0, 0x0000020b3bec7c50,
0x0000020b3bec38f0, 0x0000020b3bec6440, 0x0000020b3bec4760, 0x0000020b3bec55d0,
0x0000020b3bec2a80, 0x0000020b3bec8ac0, 0x0000020b3bec3dc0, 0x0000020b3bec6910,
0x0000020b3bec4290, 0x0000020b3bec8f90, 0x0000020b3bec4c30, 0x0000020b3bec72b0,
0x0000020b42fb8e00, 0x0000020b42fbdfd0, 0x0000020b42fb8460, 0x0000020b42fb97a0,
0x0000020b42fbb950, 0x0000020b42fb8930, 0x0000020b42fbaae0, 0x0000020b42fb92d0,
0x0000020b42fbbe20, 0x0000020b3f6cbd40, 0x0000020b42fbc7c0, 0x0000020b42fbd160,
0x0000020b42fbee40, 0x0000020b42fbe970, 0x0000020b42fbafb0, 0x0000020b42fbb480,
0x0000020b42fbcc90, 0x0000020b3ff8dad0
}

Java Threads: ( => current thread )
  0x0000020b2129a410 JavaThread "main" [_thread_blocked, id=4008, stack(0x0000009cacc00000,0x0000009cacd00000)]
  0x0000020b3bc2c250 JavaThread "Reference Handler" daemon [_thread_blocked, id=10680, stack(0x0000009cad300000,0x0000009cad400000)]
  0x0000020b3bc2d520 JavaThread "Finalizer" daemon [_thread_blocked, id=11972, stack(0x0000009cad400000,0x0000009cad500000)]
  0x0000020b3bc52070 JavaThread "Signal Dispatcher" daemon [_thread_blocked, id=4772, stack(0x0000009cad500000,0x0000009cad600000)]
  0x0000020b3bc52b30 JavaThread "Attach Listener" daemon [_thread_blocked, id=13868, stack(0x0000009cad600000,0x0000009cad700000)]
  0x0000020b3bc55500 JavaThread "Service Thread" daemon [_thread_blocked, id=1212, stack(0x0000009cad700000,0x0000009cad800000)]
  0x0000020b3bc55dc0 JavaThread "Monitor Deflation Thread" daemon [_thread_blocked, id=13908, stack(0x0000009cad800000,0x0000009cad900000)]
  0x0000020b3bc58fd0 JavaThread "C2 CompilerThread0" daemon [_thread_blocked, id=7952, stack(0x0000009cad900000,0x0000009cada00000)]
  0x0000020b3bc59980 JavaThread "C1 CompilerThread0" daemon [_thread_blocked, id=9152, stack(0x0000009cada00000,0x0000009cadb00000)]
  0x0000020b3bc5e840 JavaThread "Sweeper thread" daemon [_thread_blocked, id=11780, stack(0x0000009cadb00000,0x0000009cadc00000)]
  0x0000020b3bdff010 JavaThread "Common-Cleaner" daemon [_thread_blocked, id=5148, stack(0x0000009cadc00000,0x0000009cadd00000)]
  0x0000020b3be01550 JavaThread "Notification Thread" daemon [_thread_blocked, id=10740, stack(0x0000009cadd00000,0x0000009cade00000)]
  0x0000020b3e0f0a60 JavaThread "Daemon health stats" [_thread_blocked, id=12280, stack(0x0000009cae500000,0x0000009cae600000)]
  0x0000020b3d500390 JavaThread "Incoming local TCP Connector on port 53339" [_thread_in_native, id=3784, stack(0x0000009cae000000,0x0000009cae100000)]
  0x0000020b3d6530c0 JavaThread "Daemon periodic checks" [_thread_blocked, id=12632, stack(0x0000009cae600000,0x0000009cae700000)]
  0x0000020b3d62b4d0 JavaThread "Daemon" [_thread_blocked, id=13820, stack(0x0000009cae700000,0x0000009cae800000)]
  0x0000020b3d461e30 JavaThread "Handler for socket connection from /127.0.0.1:53339 to /127.0.0.1:53340" [_thread_in_native, id=12064, stack(0x0000009cae800000,0x0000009cae900000)]
  0x0000020b3d4448b0 JavaThread "Cancel handler" [_thread_blocked, id=10000, stack(0x0000009cae900000,0x0000009caea00000)]
  0x0000020b3d449f40 JavaThread "Daemon worker" [_thread_blocked, id=13636, stack(0x0000009caea00000,0x0000009caeb00000)]
  0x0000020b3c459850 JavaThread "Asynchronous log dispatcher for DefaultDaemonConnection: socket connection from /127.0.0.1:53339 to /127.0.0.1:53340" [_thread_blocked, id=13972, stack(0x0000009caeb00000,0x0000009caec00000)]
  0x0000020b3c459d20 JavaThread "Stdin handler" [_thread_blocked, id=9616, stack(0x0000009caec00000,0x0000009caed00000)]
  0x0000020b3c45ab90 JavaThread "Daemon client event forwarder" [_thread_blocked, id=7992, stack(0x0000009caed00000,0x0000009caee00000)]
  0x0000020b3c45b060 JavaThread "Cache worker for journal cache (C:\Users\yk5fe\.gradle\caches\journal-1)" [_thread_blocked, id=2660, stack(0x0000009caf200000,0x0000009caf300000)]
  0x0000020b3c45a1f0 JavaThread "File lock request listener" [_thread_in_native, id=11800, stack(0x0000009caf300000,0x0000009caf400000)]
  0x0000020b3c45a6c0 JavaThread "Cache worker for file hash cache (C:\Users\yk5fe\.gradle\caches\8.0\fileHashes)" [_thread_blocked, id=13456, stack(0x0000009caf400000,0x0000009caf500000)]
  0x0000020b3c458eb0 JavaThread "File watcher server" daemon [_thread_blocked, id=14228, stack(0x0000009caf600000,0x0000009caf700000)]
  0x0000020b3c459380 JavaThread "File watcher consumer" daemon [_thread_blocked, id=13836, stack(0x0000009caf700000,0x0000009caf800000)]
  0x0000020b3fe07660 JavaThread "Cache worker for checksums cache (C:\Users\yk5fe\AndroidStudioProjects\test\.gradle\8.0\checksums)" [_thread_blocked, id=13428, stack(0x0000009caf800000,0x0000009caf900000)]
  0x0000020b3fe0ab50 JavaThread "Cache worker for cache directory md-rule (C:\Users\yk5fe\.gradle\caches\8.0\md-rule)" [_thread_blocked, id=5036, stack(0x0000009caf900000,0x0000009cafa00000)]
  0x0000020b3fe0b020 JavaThread "Cache worker for file content cache (C:\Users\yk5fe\.gradle\caches\8.0\fileContent)" [_thread_blocked, id=9448, stack(0x0000009cafa00000,0x0000009cafb00000)]
  0x0000020b3fe07b30 JavaThread "Cache worker for file hash cache (C:\Users\yk5fe\AndroidStudioProjects\test\.gradle\8.0\fileHashes)" [_thread_blocked, id=1560, stack(0x0000009caf500000,0x0000009caf600000)]
  0x0000020b3fe054b0 JavaThread "Cache worker for cache directory md-supplier (C:\Users\yk5fe\.gradle\caches\8.0\md-supplier)" [_thread_blocked, id=12768, stack(0x0000009cafb00000,0x0000009cafc00000)]
  0x0000020b3fe09810 JavaThread "Cache worker for execution history cache (C:\Users\yk5fe\.gradle\caches\8.0\executionHistory)" [_thread_blocked, id=3704, stack(0x0000009cafc00000,0x0000009cafd00000)]
  0x0000020b3fe09ce0 JavaThread "jar transforms" [_thread_blocked, id=12344, stack(0x0000009cafd00000,0x0000009cafe00000)]
  0x0000020b3fe0b4f0 JavaThread "jar transforms Thread 2" [_thread_blocked, id=4700, stack(0x0000009cafe00000,0x0000009caff00000)]
  0x0000020b3fe084d0 JavaThread "Cache worker for kotlin-dsl (C:\Users\yk5fe\.gradle\caches\8.0\kotlin-dsl)" [_thread_blocked, id=8664, stack(0x0000009cb0100000,0x0000009cb0200000)]
  0x0000020b3fe0a1b0 JavaThread "jar transforms Thread 3" [_thread_blocked, id=9644, stack(0x0000009cb0200000,0x0000009cb0300000)]
  0x0000020b3fe067f0 JavaThread "jar transforms Thread 4" [_thread_blocked, id=13596, stack(0x0000009cb0300000,0x0000009cb0400000)]
  0x0000020b3fe08e70 JavaThread "Cache worker for dependencies-accessors (C:\Users\yk5fe\AndroidStudioProjects\test\.gradle\8.0\dependencies-accessors)" [_thread_blocked, id=1956, stack(0x0000009cb0400000,0x0000009cb0500000)]
  0x0000020b3fe06cc0 JavaThread "Cache worker for Build Output Cleanup Cache (C:\Users\yk5fe\AndroidStudioProjects\test\.gradle\buildOutputCleanup)" [_thread_blocked, id=3048, stack(0x0000009cb0500000,0x0000009cb0600000)]
  0x0000020b3fe0b9c0 JavaThread "jar transforms Thread 5" [_thread_blocked, id=8176, stack(0x0000009cb0600000,0x0000009cb0700000)]
  0x0000020b3fe07190 JavaThread "Unconstrained build operations" [_thread_blocked, id=1516, stack(0x0000009cb0700000,0x0000009cb0800000)]
  0x0000020b3fe0a680 JavaThread "Unconstrained build operations Thread 2" [_thread_blocked, id=13892, stack(0x0000009cb0800000,0x0000009cb0900000)]
  0x0000020b3fe089a0 JavaThread "Unconstrained build operations Thread 3" [_thread_blocked, id=5432, stack(0x0000009cb0900000,0x0000009cb0a00000)]
  0x0000020b41953ed0 JavaThread "Unconstrained build operations Thread 4" [_thread_blocked, id=3132, stack(0x0000009cb0a00000,0x0000009cb0b00000)]
  0x0000020b41953530 JavaThread "Unconstrained build operations Thread 5" [_thread_blocked, id=6996, stack(0x0000009cb0b00000,0x0000009cb0c00000)]
  0x0000020b419543a0 JavaThread "Unconstrained build operations Thread 6" [_thread_blocked, id=11976, stack(0x0000009cb0c00000,0x0000009cb0d00000)]
  0x0000020b41959570 JavaThread "Unconstrained build operations Thread 7" [_thread_blocked, id=13944, stack(0x0000009cb0d00000,0x0000009cb0e00000)]
  0x0000020b41958230 JavaThread "Unconstrained build operations Thread 8" [_thread_blocked, id=1692, stack(0x0000009cb0e00000,0x0000009cb0f00000)]
  0x0000020b419556e0 JavaThread "Unconstrained build operations Thread 9" [_thread_blocked, id=12492, stack(0x0000009cb0f00000,0x0000009cb1000000)]
  0x0000020b41954870 JavaThread "Unconstrained build operations Thread 10" [_thread_blocked, id=14156, stack(0x0000009cb1000000,0x0000009cb1100000)]
  0x0000020b41958700 JavaThread "Unconstrained build operations Thread 11" [_thread_blocked, id=8228, stack(0x0000009cb1100000,0x0000009cb1200000)]
  0x0000020b41959a40 JavaThread "Unconstrained build operations Thread 12" [_thread_blocked, id=13784, stack(0x0000009cb1200000,0x0000009cb1300000)]
  0x0000020b41959f10 JavaThread "Unconstrained build operations Thread 13" [_thread_blocked, id=4820, stack(0x0000009cb1300000,0x0000009cb1400000)]
  0x0000020b4195a3e0 JavaThread "Unconstrained build operations Thread 14" [_thread_blocked, id=9228, stack(0x0000009cb1400000,0x0000009cb1500000)]
  0x0000020b41953a00 JavaThread "Unconstrained build operations Thread 15" [_thread_blocked, id=12744, stack(0x0000009cb1500000,0x0000009cb1600000)]
  0x0000020b41954d40 JavaThread "Unconstrained build operations Thread 16" [_thread_blocked, id=10804, stack(0x0000009cb1600000,0x0000009cb1700000)]
  0x0000020b4195a8b0 JavaThread "Unconstrained build operations Thread 17" [_thread_blocked, id=6632, stack(0x0000009cb1700000,0x0000009cb1800000)]
  0x0000020b41953060 JavaThread "Unconstrained build operations Thread 18" [_thread_blocked, id=1096, stack(0x0000009cb1800000,0x0000009cb1900000)]
  0x0000020b41955210 JavaThread "Unconstrained build operations Thread 19" [_thread_blocked, id=5100, stack(0x0000009cb1900000,0x0000009cb1a00000)]
  0x0000020b41956080 JavaThread "Unconstrained build operations Thread 20" [_thread_blocked, id=3232, stack(0x0000009cb1a00000,0x0000009cb1b00000)]
  0x0000020b41955bb0 JavaThread "Unconstrained build operations Thread 21" [_thread_blocked, id=12540, stack(0x0000009cb1b00000,0x0000009cb1c00000)]
  0x0000020b41956550 JavaThread "Unconstrained build operations Thread 22" [_thread_blocked, id=12544, stack(0x0000009cb1c00000,0x0000009cb1d00000)]
  0x0000020b41956a20 JavaThread "Unconstrained build operations Thread 23" [_thread_blocked, id=13884, stack(0x0000009cb1d00000,0x0000009cb1e00000)]
  0x0000020b41956ef0 JavaThread "Unconstrained build operations Thread 24" [_thread_blocked, id=8564, stack(0x0000009cb1e00000,0x0000009cb1f00000)]
  0x0000020b419573c0 JavaThread "Unconstrained build operations Thread 25" [_thread_blocked, id=9108, stack(0x0000009cb1f00000,0x0000009cb2000000)]
  0x0000020b41957890 JavaThread "Unconstrained build operations Thread 26" [_thread_blocked, id=1708, stack(0x0000009cb2000000,0x0000009cb2100000)]
  0x0000020b41957d60 JavaThread "Unconstrained build operations Thread 27" [_thread_blocked, id=7908, stack(0x0000009cb2100000,0x0000009cb2200000)]
  0x0000020b41958bd0 JavaThread "Unconstrained build operations Thread 28" [_thread_blocked, id=12696, stack(0x0000009cb2200000,0x0000009cb2300000)]
  0x0000020b419590a0 JavaThread "Unconstrained build operations Thread 29" [_thread_blocked, id=4396, stack(0x0000009cb2300000,0x0000009cb2400000)]
  0x0000020b427c36e0 JavaThread "Unconstrained build operations Thread 30" [_thread_blocked, id=4884, stack(0x0000009cb2400000,0x0000009cb2500000)]
  0x0000020b427c1a00 JavaThread "Unconstrained build operations Thread 31" [_thread_blocked, id=6932, stack(0x0000009cb2500000,0x0000009cb2600000)]
  0x0000020b427c3210 JavaThread "Unconstrained build operations Thread 32" [_thread_blocked, id=8712, stack(0x0000009cb2600000,0x0000009cb2700000)]
  0x0000020b427c1530 JavaThread "Unconstrained build operations Thread 33" [_thread_blocked, id=10168, stack(0x0000009cb2700000,0x0000009cb2800000)]
  0x0000020b427c3bb0 JavaThread "Unconstrained build operations Thread 34" [_thread_blocked, id=8620, stack(0x0000009cb2800000,0x0000009cb2900000)]
  0x0000020b427c1ed0 JavaThread "Unconstrained build operations Thread 35" [_thread_blocked, id=5808, stack(0x0000009cb2900000,0x0000009cb2a00000)]
  0x0000020b427c4080 JavaThread "Unconstrained build operations Thread 36" [_thread_blocked, id=2928, stack(0x0000009cb2a00000,0x0000009cb2b00000)]
  0x0000020b427c2d40 JavaThread "Unconstrained build operations Thread 37" [_thread_blocked, id=4468, stack(0x0000009cb2b00000,0x0000009cb2c00000)]
  0x0000020b427c4550 JavaThread "Unconstrained build operations Thread 38" [_thread_blocked, id=12004, stack(0x0000009cb2c00000,0x0000009cb2d00000)]
  0x0000020b427c4a20 JavaThread "Unconstrained build operations Thread 39" [_thread_blocked, id=8340, stack(0x0000009cb2d00000,0x0000009cb2e00000)]
  0x0000020b427c1060 JavaThread "Unconstrained build operations Thread 40" [_thread_blocked, id=11316, stack(0x0000009cb2e00000,0x0000009cb2f00000)]
  0x0000020b427c23a0 JavaThread "Unconstrained build operations Thread 41" [_thread_blocked, id=8464, stack(0x0000009cb2f00000,0x0000009cb3000000)]
  0x0000020b427c2870 JavaThread "Unconstrained build operations Thread 42" [_thread_blocked, id=9996, stack(0x0000009cb3000000,0x0000009cb3100000)]
  0x0000020b3caa8e90 JavaThread "Unconstrained build operations Thread 43" [_thread_blocked, id=3516, stack(0x0000009cb3100000,0x0000009cb3200000)]
  0x0000020b3caa84f0 JavaThread "Unconstrained build operations Thread 44" [_thread_blocked, id=5068, stack(0x0000009cb3200000,0x0000009cb3300000)]
  0x0000020b3caa59a0 JavaThread "Unconstrained build operations Thread 45" [_thread_blocked, id=304, stack(0x0000009cb3300000,0x0000009cb3400000)]
  0x0000020b3caa89c0 JavaThread "Unconstrained build operations Thread 46" [_thread_blocked, id=9076, stack(0x0000009cb3400000,0x0000009cb3500000)]
  0x0000020b3caa5e70 JavaThread "Unconstrained build operations Thread 47" [_thread_blocked, id=10820, stack(0x0000009cb3500000,0x0000009cb3600000)]
  0x0000020b3caa6810 JavaThread "Unconstrained build operations Thread 48" [_thread_blocked, id=6424, stack(0x0000009cb3600000,0x0000009cb3700000)]
  0x0000020b3caa71b0 JavaThread "Unconstrained build operations Thread 49" [_thread_blocked, id=10008, stack(0x0000009cb3700000,0x0000009cb3800000)]
  0x0000020b3caa6340 JavaThread "Unconstrained build operations Thread 50" [_thread_blocked, id=1776, stack(0x0000009cb3800000,0x0000009cb3900000)]
  0x0000020b3caa5000 JavaThread "Unconstrained build operations Thread 51" [_thread_blocked, id=12256, stack(0x0000009cb3900000,0x0000009cb3a00000)]
  0x0000020b3caa9360 JavaThread "Unconstrained build operations Thread 52" [_thread_blocked, id=13552, stack(0x0000009cb3a00000,0x0000009cb3b00000)]
  0x0000020b3caa7b50 JavaThread "Unconstrained build operations Thread 53" [_thread_blocked, id=5208, stack(0x0000009cb3b00000,0x0000009cb3c00000)]
  0x0000020b3caa2980 JavaThread "Unconstrained build operations Thread 54" [_thread_blocked, id=12016, stack(0x0000009cb3c00000,0x0000009cb3d00000)]
  0x0000020b3caa54d0 JavaThread "Unconstrained build operations Thread 55" [_thread_blocked, id=1808, stack(0x0000009cb3d00000,0x0000009cb3e00000)]
  0x0000020b3caa6ce0 JavaThread "Unconstrained build operations Thread 56" [_thread_blocked, id=4048, stack(0x0000009cb3e00000,0x0000009cb3f00000)]
  0x0000020b3caa2e50 JavaThread "Unconstrained build operations Thread 57" [_thread_blocked, id=1448, stack(0x0000009cb3f00000,0x0000009cb4000000)]
  0x0000020b3caa7680 JavaThread "Unconstrained build operations Thread 58" [_thread_blocked, id=4136, stack(0x0000009cb4000000,0x0000009cb4100000)]
  0x0000020b3caa8020 JavaThread "Unconstrained build operations Thread 59" [_thread_blocked, id=8752, stack(0x0000009cb4100000,0x0000009cb4200000)]
  0x0000020b3caa9830 JavaThread "Unconstrained build operations Thread 60" [_thread_blocked, id=7936, stack(0x0000009cb4200000,0x0000009cb4300000)]
  0x0000020b3caa1fe0 JavaThread "Unconstrained build operations Thread 61" [_thread_blocked, id=3604, stack(0x0000009cb4300000,0x0000009cb4400000)]
  0x0000020b3caa24b0 JavaThread "Unconstrained build operations Thread 62" [_thread_blocked, id=11936, stack(0x0000009cb4400000,0x0000009cb4500000)]
  0x0000020b3caa3320 JavaThread "Unconstrained build operations Thread 63" [_thread_blocked, id=10472, stack(0x0000009cb4500000,0x0000009cb4600000)]
  0x0000020b3caa3cc0 JavaThread "Unconstrained build operations Thread 64" [_thread_blocked, id=14304, stack(0x0000009cb4600000,0x0000009cb4700000)]
  0x0000020b3caa4b30 JavaThread "Unconstrained build operations Thread 65" [_thread_blocked, id=11616, stack(0x0000009cb4700000,0x0000009cb4800000)]
  0x0000020b3caa37f0 JavaThread "Unconstrained build operations Thread 66" [_thread_blocked, id=11324, stack(0x0000009cb4800000,0x0000009cb4900000)]
  0x0000020b3caa4190 JavaThread "Unconstrained build operations Thread 67" [_thread_blocked, id=14236, stack(0x0000009cb4900000,0x0000009cb4a00000)]
  0x0000020b3caa4660 JavaThread "Unconstrained build operations Thread 68" [_thread_blocked, id=13192, stack(0x0000009cb4a00000,0x0000009cb4b00000)]
  0x0000020b3bec25b0 JavaThread "Unconstrained build operations Thread 69" [_thread_blocked, id=13692, stack(0x0000009cb4b00000,0x0000009cb4c00000)]
  0x0000020b3bec5aa0 JavaThread "Unconstrained build operations Thread 70" [_thread_blocked, id=9364, stack(0x0000009cb4c00000,0x0000009cb4d00000)]
  0x0000020b3bec3420 JavaThread "Unconstrained build operations Thread 71" [_thread_blocked, id=13688, stack(0x0000009cb4d00000,0x0000009cb4e00000)]
  0x0000020b3bec5f70 JavaThread "Unconstrained build operations Thread 72" [_thread_blocked, id=300, stack(0x0000009cb4e00000,0x0000009cb4f00000)]
  0x0000020b3bec6de0 JavaThread "Unconstrained build operations Thread 73" [_thread_blocked, id=3780, stack(0x0000009cb4f00000,0x0000009cb5000000)]
  0x0000020b3bec20e0 JavaThread "Unconstrained build operations Thread 74" [_thread_blocked, id=14012, stack(0x0000009cb5000000,0x0000009cb5100000)]
  0x0000020b3bec7c50 JavaThread "Unconstrained build operations Thread 75" [_thread_blocked, id=5784, stack(0x0000009cb5100000,0x0000009cb5200000)]
  0x0000020b3bec38f0 JavaThread "Unconstrained build operations Thread 76" [_thread_blocked, id=11072, stack(0x0000009cb5200000,0x0000009cb5300000)]
  0x0000020b3bec6440 JavaThread "Unconstrained build operations Thread 77" [_thread_blocked, id=13400, stack(0x0000009cb5300000,0x0000009cb5400000)]
  0x0000020b3bec4760 JavaThread "Unconstrained build operations Thread 78" [_thread_blocked, id=13404, stack(0x0000009cb5400000,0x0000009cb5500000)]
  0x0000020b3bec55d0 JavaThread "Unconstrained build operations Thread 79" [_thread_blocked, id=4960, stack(0x0000009cb5500000,0x0000009cb5600000)]
  0x0000020b3bec2a80 JavaThread "Unconstrained build operations Thread 80" [_thread_blocked, id=11424, stack(0x0000009cb5600000,0x0000009cb5700000)]
  0x0000020b3bec8ac0 JavaThread "jar transforms Thread 6" [_thread_blocked, id=14164, stack(0x0000009cb5700000,0x0000009cb5800000)]
  0x0000020b3bec3dc0 JavaThread "jar transforms Thread 7" [_thread_blocked, id=10500, stack(0x0000009cb5800000,0x0000009cb5900000)]
  0x0000020b3bec6910 JavaThread "jar transforms Thread 8" [_thread_blocked, id=8104, stack(0x0000009cb5900000,0x0000009cb5a00000)]
  0x0000020b3bec4290 JavaThread "build event listener" [_thread_blocked, id=11920, stack(0x0000009cb5a00000,0x0000009cb5b00000)]
  0x0000020b3bec8f90 JavaThread "Memory manager" [_thread_blocked, id=5588, stack(0x0000009cb5b00000,0x0000009cb5c00000)]
  0x0000020b3bec4c30 JavaThread "build event listener" [_thread_blocked, id=8744, stack(0x0000009cb5c00000,0x0000009cb5d00000)]
  0x0000020b3bec72b0 JavaThread "build event listener" [_thread_blocked, id=12424, stack(0x0000009cb5d00000,0x0000009cb5e00000)]
  0x0000020b42fb8e00 JavaThread "included builds" [_thread_blocked, id=14004, stack(0x0000009cb5e00000,0x0000009cb5f00000)]
  0x0000020b42fbdfd0 JavaThread "Execution worker" [_thread_blocked, id=7032, stack(0x0000009cb5f00000,0x0000009cb6000000)]
  0x0000020b42fb8460 JavaThread "Execution worker Thread 2" [_thread_blocked, id=13916, stack(0x0000009cb6000000,0x0000009cb6100000)]
  0x0000020b42fb97a0 JavaThread "Execution worker Thread 3" [_thread_blocked, id=7192, stack(0x0000009cb6100000,0x0000009cb6200000)]
  0x0000020b42fbb950 JavaThread "Execution worker Thread 4" [_thread_blocked, id=13056, stack(0x0000009cb6200000,0x0000009cb6300000)]
  0x0000020b42fb8930 JavaThread "Execution worker Thread 5" [_thread_blocked, id=2340, stack(0x0000009cb6300000,0x0000009cb6400000)]
  0x0000020b42fbaae0 JavaThread "Execution worker Thread 6" [_thread_blocked, id=10664, stack(0x0000009cb6400000,0x0000009cb6500000)]
  0x0000020b42fb92d0 JavaThread "Execution worker Thread 7" [_thread_blocked, id=12316, stack(0x0000009cb6500000,0x0000009cb6600000)]
  0x0000020b42fbbe20 JavaThread "Cache worker for execution history cache (C:\Users\yk5fe\AndroidStudioProjects\test\.gradle\8.0\executionHistory)" [_thread_blocked, id=12128, stack(0x0000009cb6600000,0x0000009cb6700000)]
  0x0000020b3f6cbd40 JavaThread "C2 CompilerThread1" daemon [_thread_in_native, id=9116, stack(0x0000009cadf00000,0x0000009cae000000)]
  0x0000020b42fbc7c0 JavaThread "WorkerExecutor Queue" [_thread_blocked, id=3644, stack(0x0000009cb6900000,0x0000009cb6a00000)]
  0x0000020b42fbd160 JavaThread "WorkerExecutor Queue Thread 2" [_thread_blocked, id=3236, stack(0x0000009cb6a00000,0x0000009cb6b00000)]
  0x0000020b42fbee40 JavaThread "WorkerExecutor Queue Thread 3" [_thread_blocked, id=1844, stack(0x0000009cb6b00000,0x0000009cb6c00000)]
  0x0000020b42fbe970 JavaThread "WorkerExecutor Queue Thread 4" [_thread_blocked, id=3412, stack(0x0000009cb6c00000,0x0000009cb6d00000)]
  0x0000020b42fbafb0 JavaThread "WorkerExecutor Queue Thread 5" [_thread_blocked, id=6352, stack(0x0000009cb6d00000,0x0000009cb6e00000)]
  0x0000020b42fbb480 JavaThread "WorkerExecutor Queue Thread 6" [_thread_blocked, id=10364, stack(0x0000009cb6e00000,0x0000009cb6f00000)]
  0x0000020b42fbcc90 JavaThread "WorkerExecutor Queue Thread 7" [_thread_blocked, id=7116, stack(0x0000009cb6f00000,0x0000009cb7000000)]
  0x0000020b3ff8dad0 JavaThread "WorkerExecutor Queue Thread 8" [_thread_blocked, id=12092, stack(0x0000009cb7000000,0x0000009cb7100000)]

Other Threads:
=>0x0000020b3b13c940 VMThread "VM Thread" [stack: 0x0000009cad200000,0x0000009cad300000] [id=13436]
  0x0000020b3be03a30 WatcherThread [stack: 0x0000009cade00000,0x0000009cadf00000] [id=12268]
  0x0000020b212f6480 GCTaskThread "GC Thread#0" [stack: 0x0000009cacd00000,0x0000009cace00000] [id=13792]
  0x0000020b3c427920 GCTaskThread "GC Thread#1" [stack: 0x0000009cae100000,0x0000009cae200000] [id=9628]
  0x0000020b3c427bd0 GCTaskThread "GC Thread#2" [stack: 0x0000009cae200000,0x0000009cae300000] [id=12496]
  0x0000020b3c146e80 GCTaskThread "GC Thread#3" [stack: 0x0000009cae300000,0x0000009cae400000] [id=13904]
  0x0000020b3d01b720 GCTaskThread "GC Thread#4" [stack: 0x0000009cae400000,0x0000009cae500000] [id=13800]
  0x0000020b3e0f3560 GCTaskThread "GC Thread#5" [stack: 0x0000009caee00000,0x0000009caef00000] [id=9240]
  0x0000020b3e0f4830 GCTaskThread "GC Thread#6" [stack: 0x0000009caef00000,0x0000009caf000000] [id=11628]
  0x0000020b3e0f32b0 GCTaskThread "GC Thread#7" [stack: 0x0000009caf000000,0x0000009caf100000] [id=12948]
  0x0000020b213072d0 ConcurrentGCThread "G1 Main Marker" [stack: 0x0000009cace00000,0x0000009cacf00000] [id=12764]
  0x0000020b21307bf0 ConcurrentGCThread "G1 Conc#0" [stack: 0x0000009cacf00000,0x0000009cad000000] [id=6448]
  0x0000020b3e0f4ae0 ConcurrentGCThread "G1 Conc#1" [stack: 0x0000009caf100000,0x0000009caf200000] [id=1820]
  0x0000020b2135e660 ConcurrentGCThread "G1 Refine#0" [stack: 0x0000009cad000000,0x0000009cad100000] [id=4216]
  0x0000020b41012820 ConcurrentGCThread "G1 Refine#1" [stack: 0x0000009cb0000000,0x0000009cb0100000] [id=6400]
  0x0000020b44e53a40 ConcurrentGCThread "G1 Refine#2" [stack: 0x0000009cb6700000,0x0000009cb6800000] [id=12236]
  0x0000020b44e54000 ConcurrentGCThread "G1 Refine#3" [stack: 0x0000009cb6800000,0x0000009cb6900000] [id=12308]
  0x0000020b44e55fa0 ConcurrentGCThread "G1 Refine#4" [stack: 0x0000009caff00000,0x0000009cb0000000] [id=5984]
  0x0000020b3af9c530 ConcurrentGCThread "G1 Service" [stack: 0x0000009cad100000,0x0000009cad200000] [id=14160]

Threads with active compile tasks:
C2 CompilerThread0    20568 12904   !   4       java.io.ObjectInputStream::readSerialData (549 bytes)
C1 CompilerThread0    20568 13053   !   2       com.sun.org.apache.xerces.internal.impl.XMLStreamReaderImpl::next (288 bytes)
C2 CompilerThread1    20568 12853       4       java.lang.reflect.Constructor::newInstanceWithCaller (75 bytes)

VM state: at safepoint (normal execution)

VM Mutex/Monitor currently owned by a thread:  ([mutex/lock_event])
[0x0000020b21296720] Threads_lock - owner thread: 0x0000020b3b13c940
[0x0000020b21296330] Heap_lock - owner thread: 0x0000020b42fbcc90

Heap address: 0x0000000080000000, size: 2048 MB, Compressed Oops mode: 32-bit

CDS archive(s) not mapped
Compressed class space mapped at: 0x0000000100000000-0x0000000140000000, reserved size: 1073741824
Narrow klass base: 0x0000000000000000, Narrow klass shift: 3, Narrow klass range: 0x140000000

GC Precious Log:
 CPUs: 8 total, 8 available
 Memory: 12037M
 Large Page Support: Disabled
 NUMA Support: Disabled
 Compressed Oops: Enabled (32-bit)
 Heap Region Size: 1M
 Heap Min Capacity: 8M
 Heap Initial Capacity: 190M
 Heap Max Capacity: 2G
 Pre-touch: Disabled
 Parallel Workers: 8
 Concurrent Workers: 2
 Concurrent Refinement Workers: 8
 Periodic GC: Disabled

Heap:
 garbage-first heap   total 254976K, used 130703K [0x0000000080000000, 0x0000000100000000)
  region size 1024K, 2 young (2048K), 2 survivors (2048K)
 Metaspace       used 104550K, committed 105280K, reserved 1146880K
  class space    used 14119K, committed 14464K, reserved 1048576K

Heap Regions: E=young(eden), S=young(survivor), O=old, HS=humongous(starts), HC=humongous(continues), CS=collection set, F=free, OA=open archive, CA=closed archive, TAMS=top-at-mark-start (previous, next)
|   0|0x0000000080000000, 0x0000000080100000, 0x0000000080100000|100%|HS|  |TAMS 0x0000000080100000, 0x0000000080000000| Complete 
|   1|0x0000000080100000, 0x0000000080200000, 0x0000000080200000|100%|HC|  |TAMS 0x0000000080200000, 0x0000000080100000| Complete 
|   2|0x0000000080200000, 0x0000000080300000, 0x0000000080300000|100%|HC|  |TAMS 0x0000000080300000, 0x0000000080200000| Complete 
|   3|0x0000000080300000, 0x0000000080400000, 0x0000000080400000|100%|HC|  |TAMS 0x0000000080400000, 0x0000000080300000| Complete 
|   4|0x0000000080400000, 0x0000000080500000, 0x0000000080500000|100%| O|  |TAMS 0x0000000080500000, 0x0000000080400000| Untracked 
|   5|0x0000000080500000, 0x0000000080600000, 0x0000000080600000|100%| O|  |TAMS 0x0000000080600000, 0x0000000080500000| Untracked 
|   6|0x0000000080600000, 0x0000000080700000, 0x0000000080700000|100%| O|  |TAMS 0x0000000080700000, 0x0000000080600000| Untracked 
|   7|0x0000000080700000, 0x0000000080800000, 0x0000000080800000|100%| O|  |TAMS 0x0000000080800000, 0x0000000080700000| Untracked 
|   8|0x0000000080800000, 0x0000000080900000, 0x0000000080900000|100%| O|  |TAMS 0x0000000080900000, 0x0000000080800000| Untracked 
|   9|0x0000000080900000, 0x0000000080a00000, 0x0000000080a00000|100%| O|  |TAMS 0x0000000080a00000, 0x0000000080900000| Untracked 
|  10|0x0000000080a00000, 0x0000000080b00000, 0x0000000080b00000|100%| O|  |TAMS 0x0000000080b00000, 0x0000000080a00000| Untracked 
|  11|0x0000000080b00000, 0x0000000080c00000, 0x0000000080c00000|100%| O|  |TAMS 0x0000000080c00000, 0x0000000080b00000| Untracked 
|  12|0x0000000080c00000, 0x0000000080d00000, 0x0000000080d00000|100%| O|  |TAMS 0x0000000080d00000, 0x0000000080c00000| Untracked 
|  13|0x0000000080d00000, 0x0000000080e00000, 0x0000000080e00000|100%| O|  |TAMS 0x0000000080e00000, 0x0000000080d00000| Untracked 
|  14|0x0000000080e00000, 0x0000000080f00000, 0x0000000080f00000|100%| O|  |TAMS 0x0000000080f00000, 0x0000000080e00000| Untracked 
|  15|0x0000000080f00000, 0x0000000081000000, 0x0000000081000000|100%| O|  |TAMS 0x0000000081000000, 0x0000000080f00000| Untracked 
|  16|0x0000000081000000, 0x0000000081100000, 0x0000000081100000|100%| O|  |TAMS 0x0000000081100000, 0x0000000081000000| Untracked 
|  17|0x0000000081100000, 0x0000000081200000, 0x0000000081200000|100%| O|  |TAMS 0x0000000081200000, 0x0000000081100000| Untracked 
|  18|0x0000000081200000, 0x0000000081300000, 0x0000000081300000|100%| O|  |TAMS 0x0000000081300000, 0x0000000081200000| Untracked 
|  19|0x0000000081300000, 0x0000000081400000, 0x0000000081400000|100%| O|  |TAMS 0x0000000081400000, 0x0000000081300000| Untracked 
|  20|0x0000000081400000, 0x0000000081500000, 0x0000000081500000|100%| O|  |TAMS 0x0000000081500000, 0x0000000081400000| Untracked 
|  21|0x0000000081500000, 0x0000000081600000, 0x0000000081600000|100%| O|  |TAMS 0x0000000081600000, 0x0000000081500000| Untracked 
|  22|0x0000000081600000, 0x0000000081700000, 0x0000000081700000|100%| O|  |TAMS 0x0000000081700000, 0x0000000081600000| Untracked 
|  23|0x0000000081700000, 0x0000000081800000, 0x0000000081800000|100%| O|  |TAMS 0x0000000081800000, 0x0000000081700000| Untracked 
|  24|0x0000000081800000, 0x0000000081900000, 0x0000000081900000|100%| O|  |TAMS 0x0000000081900000, 0x0000000081800000| Untracked 
|  25|0x0000000081900000, 0x0000000081a00000, 0x0000000081a00000|100%| O|  |TAMS 0x0000000081a00000, 0x0000000081900000| Untracked 
|  26|0x0000000081a00000, 0x0000000081b00000, 0x0000000081b00000|100%| O|  |TAMS 0x0000000081b00000, 0x0000000081a00000| Untracked 
|  27|0x0000000081b00000, 0x0000000081c00000, 0x0000000081c00000|100%| O|  |TAMS 0x0000000081c00000, 0x0000000081b00000| Untracked 
|  28|0x0000000081c00000, 0x0000000081d00000, 0x0000000081d00000|100%| O|  |TAMS 0x0000000081d00000, 0x0000000081c00000| Untracked 
|  29|0x0000000081d00000, 0x0000000081e00000, 0x0000000081e00000|100%| O|  |TAMS 0x0000000081e00000, 0x0000000081d00000| Untracked 
|  30|0x0000000081e00000, 0x0000000081f00000, 0x0000000081f00000|100%| O|  |TAMS 0x0000000081f00000, 0x0000000081e00000| Untracked 
|  31|0x0000000081f00000, 0x0000000082000000, 0x0000000082000000|100%| O|  |TAMS 0x0000000082000000, 0x0000000081f00000| Untracked 
|  32|0x0000000082000000, 0x0000000082100000, 0x0000000082100000|100%|HS|  |TAMS 0x0000000082100000, 0x0000000082000000| Complete 
|  33|0x0000000082100000, 0x0000000082200000, 0x0000000082200000|100%|HS|  |TAMS 0x0000000082200000, 0x0000000082100000| Complete 
|  34|0x0000000082200000, 0x0000000082300000, 0x0000000082300000|100%| O|  |TAMS 0x0000000082300000, 0x0000000082200000| Untracked 
|  35|0x0000000082300000, 0x0000000082400000, 0x0000000082400000|100%| O|  |TAMS 0x0000000082400000, 0x0000000082300000| Untracked 
|  36|0x0000000082400000, 0x0000000082500000, 0x0000000082500000|100%| O|  |TAMS 0x0000000082500000, 0x0000000082400000| Untracked 
|  37|0x0000000082500000, 0x0000000082600000, 0x0000000082600000|100%| O|  |TAMS 0x0000000082600000, 0x0000000082500000| Untracked 
|  38|0x0000000082600000, 0x0000000082700000, 0x0000000082700000|100%| O|  |TAMS 0x0000000082700000, 0x0000000082600000| Untracked 
|  39|0x0000000082700000, 0x0000000082800000, 0x0000000082800000|100%| O|  |TAMS 0x0000000082800000, 0x0000000082700000| Untracked 
|  40|0x0000000082800000, 0x0000000082900000, 0x0000000082900000|100%| O|  |TAMS 0x0000000082900000, 0x0000000082800000| Untracked 
|  41|0x0000000082900000, 0x0000000082a00000, 0x0000000082a00000|100%|HS|  |TAMS 0x0000000082a00000, 0x0000000082900000| Complete 
|  42|0x0000000082a00000, 0x0000000082b00000, 0x0000000082b00000|100%|HC|  |TAMS 0x0000000082b00000, 0x0000000082a00000| Complete 
|  43|0x0000000082b00000, 0x0000000082c00000, 0x0000000082c00000|100%|HS|  |TAMS 0x0000000082c00000, 0x0000000082b00000| Complete 
|  44|0x0000000082c00000, 0x0000000082d00000, 0x0000000082d00000|100%|HS|  |TAMS 0x0000000082d00000, 0x0000000082c00000| Complete 
|  45|0x0000000082d00000, 0x0000000082e00000, 0x0000000082e00000|100%|HC|  |TAMS 0x0000000082e00000, 0x0000000082d00000| Complete 
|  46|0x0000000082e00000, 0x0000000082f00000, 0x0000000082f00000|100%|HC|  |TAMS 0x0000000082f00000, 0x0000000082e00000| Complete 
|  47|0x0000000082f00000, 0x0000000083000000, 0x0000000083000000|100%|HC|  |TAMS 0x0000000083000000, 0x0000000082f00000| Complete 
|  48|0x0000000083000000, 0x0000000083100000, 0x0000000083100000|100%| O|  |TAMS 0x0000000083100000, 0x0000000083000000| Untracked 
|  49|0x0000000083100000, 0x0000000083200000, 0x0000000083200000|100%| O|  |TAMS 0x0000000083200000, 0x0000000083100000| Untracked 
|  50|0x0000000083200000, 0x0000000083300000, 0x0000000083300000|100%| O|  |TAMS 0x0000000083300000, 0x0000000083200000| Untracked 
|  51|0x0000000083300000, 0x0000000083400000, 0x0000000083400000|100%| O|  |TAMS 0x0000000083400000, 0x0000000083300000| Untracked 
|  52|0x0000000083400000, 0x0000000083500000, 0x0000000083500000|100%| O|  |TAMS 0x0000000083500000, 0x0000000083400000| Untracked 
|  53|0x0000000083500000, 0x0000000083600000, 0x0000000083600000|100%| O|  |TAMS 0x0000000083600000, 0x0000000083500000| Untracked 
|  54|0x0000000083600000, 0x0000000083700000, 0x0000000083700000|100%| O|  |TAMS 0x0000000083700000, 0x0000000083600000| Untracked 
|  55|0x0000000083700000, 0x0000000083800000, 0x0000000083800000|100%| O|  |TAMS 0x0000000083800000, 0x0000000083700000| Untracked 
|  56|0x0000000083800000, 0x0000000083900000, 0x0000000083900000|100%| O|  |TAMS 0x0000000083900000, 0x0000000083800000| Untracked 
|  57|0x0000000083900000, 0x0000000083a00000, 0x0000000083a00000|100%| O|  |TAMS 0x0000000083a00000, 0x0000000083900000| Untracked 
|  58|0x0000000083a00000, 0x0000000083b00000, 0x0000000083b00000|100%| O|  |TAMS 0x0000000083b00000, 0x0000000083a00000| Untracked 
|  59|0x0000000083b00000, 0x0000000083c00000, 0x0000000083c00000|100%| O|  |TAMS 0x0000000083c00000, 0x0000000083b00000| Untracked 
|  60|0x0000000083c00000, 0x0000000083d00000, 0x0000000083d00000|100%| O|  |TAMS 0x0000000083d00000, 0x0000000083c00000| Untracked 
|  61|0x0000000083d00000, 0x0000000083e00000, 0x0000000083e00000|100%| O|  |TAMS 0x0000000083e00000, 0x0000000083d00000| Untracked 
|  62|0x0000000083e00000, 0x0000000083f00000, 0x0000000083f00000|100%| O|  |TAMS 0x0000000083f00000, 0x0000000083e00000| Untracked 
|  63|0x0000000083f00000, 0x0000000084000000, 0x0000000084000000|100%| O|  |TAMS 0x0000000084000000, 0x0000000083f00000| Untracked 
|  64|0x0000000084000000, 0x0000000084100000, 0x0000000084100000|100%| O|  |TAMS 0x0000000084100000, 0x0000000084000000| Untracked 
|  65|0x0000000084100000, 0x0000000084200000, 0x0000000084200000|100%| O|  |TAMS 0x0000000084200000, 0x0000000084100000| Untracked 
|  66|0x0000000084200000, 0x0000000084300000, 0x0000000084300000|100%| O|  |TAMS 0x0000000084300000, 0x0000000084200000| Untracked 
|  67|0x0000000084300000, 0x0000000084400000, 0x0000000084400000|100%| O|  |TAMS 0x0000000084400000, 0x0000000084300000| Untracked 
|  68|0x0000000084400000, 0x0000000084500000, 0x0000000084500000|100%| O|  |TAMS 0x0000000084500000, 0x0000000084400000| Untracked 
|  69|0x0000000084500000, 0x0000000084600000, 0x0000000084600000|100%| O|  |TAMS 0x0000000084600000, 0x0000000084500000| Untracked 
|  70|0x0000000084600000, 0x0000000084700000, 0x0000000084700000|100%| O|  |TAMS 0x0000000084700000, 0x0000000084600000| Untracked 
|  71|0x0000000084700000, 0x0000000084800000, 0x0000000084800000|100%| O|  |TAMS 0x0000000084800000, 0x0000000084700000| Untracked 
|  72|0x0000000084800000, 0x0000000084900000, 0x0000000084900000|100%| O|  |TAMS 0x0000000084900000, 0x0000000084800000| Untracked 
|  73|0x0000000084900000, 0x0000000084a00000, 0x0000000084a00000|100%| O|  |TAMS 0x0000000084a00000, 0x0000000084900000| Untracked 
|  74|0x0000000084a00000, 0x0000000084b00000, 0x0000000084b00000|100%| O|  |TAMS 0x0000000084b00000, 0x0000000084a00000| Untracked 
|  75|0x0000000084b00000, 0x0000000084c00000, 0x0000000084c00000|100%| O|  |TAMS 0x0000000084c00000, 0x0000000084b00000| Untracked 
|  76|0x0000000084c00000, 0x0000000084d00000, 0x0000000084d00000|100%| O|  |TAMS 0x0000000084d00000, 0x0000000084c00000| Untracked 
|  77|0x0000000084d00000, 0x0000000084e00000, 0x0000000084e00000|100%| O|  |TAMS 0x0000000084e00000, 0x0000000084d00000| Untracked 
|  78|0x0000000084e00000, 0x0000000084f00000, 0x0000000084f00000|100%| O|  |TAMS 0x0000000084f00000, 0x0000000084e00000| Untracked 
|  79|0x0000000084f00000, 0x0000000085000000, 0x0000000085000000|100%| O|  |TAMS 0x0000000085000000, 0x0000000084f00000| Untracked 
|  80|0x0000000085000000, 0x0000000085100000, 0x0000000085100000|100%| O|  |TAMS 0x0000000085100000, 0x0000000085000000| Untracked 
|  81|0x0000000085100000, 0x0000000085200000, 0x0000000085200000|100%| O|  |TAMS 0x0000000085200000, 0x0000000085100000| Untracked 
|  82|0x0000000085200000, 0x0000000085300000, 0x0000000085300000|100%| O|  |TAMS 0x0000000085300000, 0x0000000085200000| Untracked 
|  83|0x0000000085300000, 0x0000000085400000, 0x0000000085400000|100%| O|  |TAMS 0x0000000085400000, 0x0000000085300000| Untracked 
|  84|0x0000000085400000, 0x0000000085500000, 0x0000000085500000|100%| O|  |TAMS 0x0000000085500000, 0x0000000085400000| Untracked 
|  85|0x0000000085500000, 0x0000000085600000, 0x0000000085600000|100%| O|  |TAMS 0x0000000085600000, 0x0000000085500000| Untracked 
|  86|0x0000000085600000, 0x0000000085700000, 0x0000000085700000|100%| O|  |TAMS 0x0000000085700000, 0x0000000085600000| Untracked 
|  87|0x0000000085700000, 0x0000000085800000, 0x0000000085800000|100%| O|  |TAMS 0x0000000085800000, 0x0000000085700000| Untracked 
|  88|0x0000000085800000, 0x0000000085900000, 0x0000000085900000|100%| O|  |TAMS 0x0000000085900000, 0x0000000085800000| Untracked 
|  89|0x0000000085900000, 0x0000000085a00000, 0x0000000085a00000|100%| O|  |TAMS 0x0000000085a00000, 0x0000000085900000| Untracked 
|  90|0x0000000085a00000, 0x0000000085b00000, 0x0000000085b00000|100%| O|  |TAMS 0x0000000085b00000, 0x0000000085a00000| Untracked 
|  91|0x0000000085b00000, 0x0000000085c00000, 0x0000000085c00000|100%| O|  |TAMS 0x0000000085c00000, 0x0000000085b00000| Untracked 
|  92|0x0000000085c00000, 0x0000000085d00000, 0x0000000085d00000|100%| O|  |TAMS 0x0000000085c00000, 0x0000000085c00000| Untracked 
|  93|0x0000000085d00000, 0x0000000085e00000, 0x0000000085e00000|100%| O|  |TAMS 0x0000000085e00000, 0x0000000085d00000| Untracked 
|  94|0x0000000085e00000, 0x0000000085f00000, 0x0000000085f00000|100%| O|  |TAMS 0x0000000085f00000, 0x0000000085e00000| Untracked 
|  95|0x0000000085f00000, 0x0000000086000000, 0x0000000086000000|100%| O|  |TAMS 0x0000000086000000, 0x0000000085f00000| Untracked 
|  96|0x0000000086000000, 0x0000000086100000, 0x0000000086100000|100%| O|  |TAMS 0x0000000086100000, 0x0000000086000000| Untracked 
|  97|0x0000000086100000, 0x0000000086200000, 0x0000000086200000|100%| O|  |TAMS 0x0000000086200000, 0x0000000086100000| Untracked 
|  98|0x0000000086200000, 0x0000000086300000, 0x0000000086300000|100%| O|  |TAMS 0x0000000086300000, 0x0000000086200000| Untracked 
|  99|0x0000000086300000, 0x0000000086400000, 0x0000000086400000|100%|HS|  |TAMS 0x0000000086400000, 0x0000000086300000| Complete 
| 100|0x0000000086400000, 0x0000000086500000, 0x0000000086500000|100%|HC|  |TAMS 0x0000000086500000, 0x0000000086400000| Complete 
| 101|0x0000000086500000, 0x0000000086600000, 0x0000000086600000|100%| O|  |TAMS 0x0000000086600000, 0x0000000086500000| Untracked 
| 102|0x0000000086600000, 0x0000000086700000, 0x0000000086700000|100%| O|  |TAMS 0x0000000086700000, 0x0000000086600000| Untracked 
| 103|0x0000000086700000, 0x0000000086800000, 0x0000000086800000|100%| O|  |TAMS 0x0000000086800000, 0x0000000086700000| Untracked 
| 104|0x0000000086800000, 0x0000000086900000, 0x0000000086900000|100%| O|  |TAMS 0x0000000086900000, 0x0000000086800000| Untracked 
| 105|0x0000000086900000, 0x0000000086a00000, 0x0000000086a00000|100%| O|  |TAMS 0x0000000086a00000, 0x0000000086900000| Untracked 
| 106|0x0000000086a00000, 0x0000000086b00000, 0x0000000086b00000|100%| O|  |TAMS 0x0000000086b00000, 0x0000000086a00000| Untracked 
| 107|0x0000000086b00000, 0x0000000086c00000, 0x0000000086c00000|100%| O|  |TAMS 0x0000000086c00000, 0x0000000086b00000| Untracked 
| 108|0x0000000086c00000, 0x0000000086d00000, 0x0000000086d00000|100%| O|  |TAMS 0x0000000086d00000, 0x0000000086c00000| Untracked 
| 109|0x0000000086d00000, 0x0000000086e00000, 0x0000000086e00000|100%| O|  |TAMS 0x0000000086e00000, 0x0000000086d00000| Untracked 
| 110|0x0000000086e00000, 0x0000000086f00000, 0x0000000086f00000|100%| O|  |TAMS 0x0000000086f00000, 0x0000000086e00000| Untracked 
| 111|0x0000000086f00000, 0x0000000087000000, 0x0000000087000000|100%| O|  |TAMS 0x0000000087000000, 0x0000000086f00000| Untracked 
| 112|0x0000000087000000, 0x0000000087100000, 0x0000000087100000|100%| O|  |TAMS 0x0000000087100000, 0x0000000087000000| Untracked 
| 113|0x0000000087100000, 0x0000000087200000, 0x0000000087200000|100%| O|  |TAMS 0x0000000087200000, 0x0000000087100000| Untracked 
| 114|0x0000000087200000, 0x0000000087300000, 0x0000000087300000|100%| O|  |TAMS 0x0000000087300000, 0x0000000087200000| Untracked 
| 115|0x0000000087300000, 0x0000000087400000, 0x0000000087400000|100%| O|  |TAMS 0x0000000087400000, 0x0000000087300000| Untracked 
| 116|0x0000000087400000, 0x0000000087500000, 0x0000000087500000|100%| O|  |TAMS 0x0000000087500000, 0x0000000087400000| Untracked 
| 117|0x0000000087500000, 0x0000000087500000, 0x0000000087600000|  0%| F|  |TAMS 0x0000000087500000, 0x0000000087500000| Untracked 
| 118|0x0000000087600000, 0x0000000087700000, 0x0000000087700000|100%| O|  |TAMS 0x0000000087700000, 0x0000000087600000| Untracked 
| 119|0x0000000087700000, 0x0000000087800000, 0x0000000087800000|100%| O|  |TAMS 0x0000000087800000, 0x0000000087700000| Untracked 
| 120|0x0000000087800000, 0x0000000087900000, 0x0000000087900000|100%| O|  |TAMS 0x0000000087900000, 0x0000000087800000| Untracked 
| 121|0x0000000087900000, 0x0000000087a00000, 0x0000000087a00000|100%| O|  |TAMS 0x00000000879ae400, 0x0000000087900000| Untracked 
| 122|0x0000000087a00000, 0x0000000087b00000, 0x0000000087b00000|100%| O|  |TAMS 0x0000000087a00000, 0x0000000087a00000| Untracked 
| 123|0x0000000087b00000, 0x0000000087c00000, 0x0000000087c00000|100%| O|  |TAMS 0x0000000087b00000, 0x0000000087b00000| Untracked 
| 124|0x0000000087c00000, 0x0000000087d00000, 0x0000000087d00000|100%| O|  |TAMS 0x0000000087c00000, 0x0000000087c00000| Untracked 
| 125|0x0000000087d00000, 0x0000000087e00000, 0x0000000087e00000|100%| O|  |TAMS 0x0000000087e00000, 0x0000000087d00000| Untracked 
| 126|0x0000000087e00000, 0x0000000087f00000, 0x0000000087f00000|100%| O|  |TAMS 0x0000000087e00000, 0x0000000087e00000| Untracked 
| 127|0x0000000087f00000, 0x0000000087f09000, 0x0000000088000000|  3%| O|  |TAMS 0x0000000087f00000, 0x0000000087f00000| Untracked 
| 128|0x0000000088000000, 0x0000000088000000, 0x0000000088100000|  0%| F|  |TAMS 0x0000000088000000, 0x0000000088000000| Untracked 
| 129|0x0000000088100000, 0x0000000088100000, 0x0000000088200000|  0%| F|  |TAMS 0x0000000088100000, 0x0000000088100000| Untracked 
| 130|0x0000000088200000, 0x0000000088200000, 0x0000000088300000|  0%| F|  |TAMS 0x0000000088200000, 0x0000000088200000| Untracked 
| 131|0x0000000088300000, 0x0000000088300000, 0x0000000088400000|  0%| F|  |TAMS 0x0000000088300000, 0x0000000088300000| Untracked 
| 132|0x0000000088400000, 0x0000000088400000, 0x0000000088500000|  0%| F|  |TAMS 0x0000000088400000, 0x0000000088400000| Untracked 
| 133|0x0000000088500000, 0x0000000088500000, 0x0000000088600000|  0%| F|  |TAMS 0x0000000088500000, 0x0000000088500000| Untracked 
| 134|0x0000000088600000, 0x0000000088600000, 0x0000000088700000|  0%| F|  |TAMS 0x0000000088600000, 0x0000000088600000| Untracked 
| 135|0x0000000088700000, 0x0000000088700000, 0x0000000088800000|  0%| F|  |TAMS 0x0000000088700000, 0x0000000088700000| Untracked 
| 136|0x0000000088800000, 0x0000000088800000, 0x0000000088900000|  0%| F|  |TAMS 0x0000000088800000, 0x0000000088800000| Untracked 
| 137|0x0000000088900000, 0x0000000088900000, 0x0000000088a00000|  0%| F|  |TAMS 0x0000000088900000, 0x0000000088900000| Untracked 
| 138|0x0000000088a00000, 0x0000000088a00000, 0x0000000088b00000|  0%| F|  |TAMS 0x0000000088a00000, 0x0000000088a00000| Untracked 
| 139|0x0000000088b00000, 0x0000000088b00000, 0x0000000088c00000|  0%| F|  |TAMS 0x0000000088b00000, 0x0000000088b00000| Untracked 
| 140|0x0000000088c00000, 0x0000000088c00000, 0x0000000088d00000|  0%| F|  |TAMS 0x0000000088c00000, 0x0000000088c00000| Untracked 
| 141|0x0000000088d00000, 0x0000000088d00000, 0x0000000088e00000|  0%| F|  |TAMS 0x0000000088d00000, 0x0000000088d00000| Untracked 
| 142|0x0000000088e00000, 0x0000000088e00000, 0x0000000088f00000|  0%| F|  |TAMS 0x0000000088e00000, 0x0000000088e00000| Untracked 
| 143|0x0000000088f00000, 0x0000000088f00000, 0x0000000089000000|  0%| F|  |TAMS 0x0000000088f00000, 0x0000000088f00000| Untracked 
| 144|0x0000000089000000, 0x0000000089000000, 0x0000000089100000|  0%| F|  |TAMS 0x0000000089000000, 0x0000000089000000| Untracked 
| 145|0x0000000089100000, 0x0000000089100000, 0x0000000089200000|  0%| F|  |TAMS 0x0000000089100000, 0x0000000089100000| Untracked 
| 146|0x0000000089200000, 0x0000000089200000, 0x0000000089300000|  0%| F|  |TAMS 0x0000000089200000, 0x0000000089200000| Untracked 
| 147|0x0000000089300000, 0x0000000089300000, 0x0000000089400000|  0%| F|  |TAMS 0x0000000089300000, 0x0000000089300000| Untracked 
| 148|0x0000000089400000, 0x0000000089400000, 0x0000000089500000|  0%| F|  |TAMS 0x0000000089400000, 0x0000000089400000| Untracked 
| 149|0x0000000089500000, 0x0000000089500000, 0x0000000089600000|  0%| F|  |TAMS 0x0000000089500000, 0x0000000089500000| Untracked 
| 150|0x0000000089600000, 0x0000000089600000, 0x0000000089700000|  0%| F|  |TAMS 0x0000000089600000, 0x0000000089600000| Untracked 
| 151|0x0000000089700000, 0x0000000089700000, 0x0000000089800000|  0%| F|  |TAMS 0x0000000089700000, 0x0000000089700000| Untracked 
| 152|0x0000000089800000, 0x0000000089800000, 0x0000000089900000|  0%| F|  |TAMS 0x0000000089800000, 0x0000000089800000| Untracked 
| 153|0x0000000089900000, 0x0000000089900000, 0x0000000089a00000|  0%| F|  |TAMS 0x0000000089900000, 0x0000000089900000| Untracked 
| 154|0x0000000089a00000, 0x0000000089a00000, 0x0000000089b00000|  0%| F|  |TAMS 0x0000000089a00000, 0x0000000089a00000| Untracked 
| 155|0x0000000089b00000, 0x0000000089b00000, 0x0000000089c00000|  0%| F|  |TAMS 0x0000000089b00000, 0x0000000089b00000| Untracked 
| 156|0x0000000089c00000, 0x0000000089c00000, 0x0000000089d00000|  0%| F|  |TAMS 0x0000000089c00000, 0x0000000089c00000| Untracked 
| 157|0x0000000089d00000, 0x0000000089d00000, 0x0000000089e00000|  0%| F|  |TAMS 0x0000000089d00000, 0x0000000089d00000| Untracked 
| 158|0x0000000089e00000, 0x0000000089e00000, 0x0000000089f00000|  0%| F|  |TAMS 0x0000000089e00000, 0x0000000089e00000| Untracked 
| 159|0x0000000089f00000, 0x0000000089f00000, 0x000000008a000000|  0%| F|  |TAMS 0x0000000089f00000, 0x0000000089f00000| Untracked 
| 160|0x000000008a000000, 0x000000008a000000, 0x000000008a100000|  0%| F|  |TAMS 0x000000008a000000, 0x000000008a000000| Untracked 
| 161|0x000000008a100000, 0x000000008a100000, 0x000000008a200000|  0%| F|  |TAMS 0x000000008a100000, 0x000000008a100000| Untracked 
| 162|0x000000008a200000, 0x000000008a200000, 0x000000008a300000|  0%| F|  |TAMS 0x000000008a200000, 0x000000008a200000| Untracked 
| 163|0x000000008a300000, 0x000000008a300000, 0x000000008a400000|  0%| F|  |TAMS 0x000000008a300000, 0x000000008a300000| Untracked 
| 164|0x000000008a400000, 0x000000008a400000, 0x000000008a500000|  0%| F|  |TAMS 0x000000008a400000, 0x000000008a400000| Untracked 
| 165|0x000000008a500000, 0x000000008a500000, 0x000000008a600000|  0%| F|  |TAMS 0x000000008a500000, 0x000000008a500000| Untracked 
| 166|0x000000008a600000, 0x000000008a600000, 0x000000008a700000|  0%| F|  |TAMS 0x000000008a600000, 0x000000008a600000| Untracked 
| 167|0x000000008a700000, 0x000000008a700000, 0x000000008a800000|  0%| F|  |TAMS 0x000000008a700000, 0x000000008a700000| Untracked 
| 168|0x000000008a800000, 0x000000008a800000, 0x000000008a900000|  0%| F|  |TAMS 0x000000008a800000, 0x000000008a800000| Untracked 
| 169|0x000000008a900000, 0x000000008a900000, 0x000000008aa00000|  0%| F|  |TAMS 0x000000008a900000, 0x000000008a900000| Untracked 
| 170|0x000000008aa00000, 0x000000008aa00000, 0x000000008ab00000|  0%| F|  |TAMS 0x000000008aa00000, 0x000000008aa00000| Untracked 
| 171|0x000000008ab00000, 0x000000008ab00000, 0x000000008ac00000|  0%| F|  |TAMS 0x000000008ab00000, 0x000000008ab00000| Untracked 
| 172|0x000000008ac00000, 0x000000008ac00000, 0x000000008ad00000|  0%| F|  |TAMS 0x000000008ac00000, 0x000000008ac00000| Untracked 
| 173|0x000000008ad00000, 0x000000008ad00000, 0x000000008ae00000|  0%| F|  |TAMS 0x000000008ad00000, 0x000000008ad00000| Untracked 
| 174|0x000000008ae00000, 0x000000008ae00000, 0x000000008af00000|  0%| F|  |TAMS 0x000000008ae00000, 0x000000008ae00000| Untracked 
| 175|0x000000008af00000, 0x000000008af00000, 0x000000008b000000|  0%| F|  |TAMS 0x000000008af00000, 0x000000008af00000| Untracked 
| 176|0x000000008b000000, 0x000000008b000000, 0x000000008b100000|  0%| F|  |TAMS 0x000000008b000000, 0x000000008b000000| Untracked 
| 177|0x000000008b100000, 0x000000008b100000, 0x000000008b200000|  0%| F|  |TAMS 0x000000008b100000, 0x000000008b100000| Untracked 
| 178|0x000000008b200000, 0x000000008b200000, 0x000000008b300000|  0%| F|  |TAMS 0x000000008b200000, 0x000000008b200000| Untracked 
| 179|0x000000008b300000, 0x000000008b300000, 0x000000008b400000|  0%| F|  |TAMS 0x000000008b300000, 0x000000008b300000| Untracked 
| 180|0x000000008b400000, 0x000000008b400000, 0x000000008b500000|  0%| F|  |TAMS 0x000000008b400000, 0x000000008b400000| Untracked 
| 181|0x000000008b500000, 0x000000008b500000, 0x000000008b600000|  0%| F|  |TAMS 0x000000008b500000, 0x000000008b500000| Untracked 
| 182|0x000000008b600000, 0x000000008b600000, 0x000000008b700000|  0%| F|  |TAMS 0x000000008b600000, 0x000000008b600000| Untracked 
| 183|0x000000008b700000, 0x000000008b700000, 0x000000008b800000|  0%| F|  |TAMS 0x000000008b700000, 0x000000008b700000| Untracked 
| 184|0x000000008b800000, 0x000000008b800000, 0x000000008b900000|  0%| F|  |TAMS 0x000000008b800000, 0x000000008b800000| Untracked 
| 185|0x000000008b900000, 0x000000008b900000, 0x000000008ba00000|  0%| F|  |TAMS 0x000000008b900000, 0x000000008b900000| Untracked 
| 186|0x000000008ba00000, 0x000000008ba00000, 0x000000008bb00000|  0%| F|  |TAMS 0x000000008ba00000, 0x000000008ba00000| Untracked 
| 187|0x000000008bb00000, 0x000000008bb00000, 0x000000008bc00000|  0%| F|  |TAMS 0x000000008bb00000, 0x000000008bb00000| Untracked 
| 188|0x000000008bc00000, 0x000000008bc00000, 0x000000008bd00000|  0%| F|  |TAMS 0x000000008bc00000, 0x000000008bc00000| Untracked 
| 189|0x000000008bd00000, 0x000000008bd00000, 0x000000008be00000|  0%| F|  |TAMS 0x000000008bd00000, 0x000000008bd00000| Untracked 
| 190|0x000000008be00000, 0x000000008be00000, 0x000000008bf00000|  0%| F|  |TAMS 0x000000008be00000, 0x000000008be00000| Untracked 
| 191|0x000000008bf00000, 0x000000008bf00000, 0x000000008c000000|  0%| F|  |TAMS 0x000000008bf00000, 0x000000008bf00000| Untracked 
| 192|0x000000008c000000, 0x000000008c000000, 0x000000008c100000|  0%| F|  |TAMS 0x000000008c000000, 0x000000008c000000| Untracked 
| 193|0x000000008c100000, 0x000000008c100000, 0x000000008c200000|  0%| F|  |TAMS 0x000000008c100000, 0x000000008c100000| Untracked 
| 194|0x000000008c200000, 0x000000008c200000, 0x000000008c300000|  0%| F|  |TAMS 0x000000008c200000, 0x000000008c200000| Untracked 
| 195|0x000000008c300000, 0x000000008c300000, 0x000000008c400000|  0%| F|  |TAMS 0x000000008c300000, 0x000000008c300000| Untracked 
| 196|0x000000008c400000, 0x000000008c400000, 0x000000008c500000|  0%| F|  |TAMS 0x000000008c400000, 0x000000008c400000| Untracked 
| 197|0x000000008c500000, 0x000000008c500000, 0x000000008c600000|  0%| F|  |TAMS 0x000000008c500000, 0x000000008c500000| Untracked 
| 198|0x000000008c600000, 0x000000008c600000, 0x000000008c700000|  0%| F|  |TAMS 0x000000008c600000, 0x000000008c600000| Untracked 
| 199|0x000000008c700000, 0x000000008c700000, 0x000000008c800000|  0%| F|  |TAMS 0x000000008c700000, 0x000000008c700000| Untracked 
| 200|0x000000008c800000, 0x000000008c800000, 0x000000008c900000|  0%| F|  |TAMS 0x000000008c800000, 0x000000008c800000| Untracked 
| 201|0x000000008c900000, 0x000000008c900000, 0x000000008ca00000|  0%| F|  |TAMS 0x000000008c900000, 0x000000008c900000| Untracked 
| 202|0x000000008ca00000, 0x000000008ca00000, 0x000000008cb00000|  0%| F|  |TAMS 0x000000008ca00000, 0x000000008ca00000| Untracked 
| 203|0x000000008cb00000, 0x000000008cb00000, 0x000000008cc00000|  0%| F|  |TAMS 0x000000008cb00000, 0x000000008cb00000| Untracked 
| 204|0x000000008cc00000, 0x000000008cc00000, 0x000000008cd00000|  0%| F|  |TAMS 0x000000008cc00000, 0x000000008cc00000| Untracked 
| 205|0x000000008cd00000, 0x000000008cd00000, 0x000000008ce00000|  0%| F|  |TAMS 0x000000008cd00000, 0x000000008cd00000| Untracked 
| 206|0x000000008ce00000, 0x000000008ce00000, 0x000000008cf00000|  0%| F|  |TAMS 0x000000008ce00000, 0x000000008ce00000| Untracked 
| 207|0x000000008cf00000, 0x000000008cf00000, 0x000000008d000000|  0%| F|  |TAMS 0x000000008cf00000, 0x000000008cf00000| Untracked 
| 208|0x000000008d000000, 0x000000008d000000, 0x000000008d100000|  0%| F|  |TAMS 0x000000008d000000, 0x000000008d000000| Untracked 
| 209|0x000000008d100000, 0x000000008d100000, 0x000000008d200000|  0%| F|  |TAMS 0x000000008d100000, 0x000000008d100000| Untracked 
| 210|0x000000008d200000, 0x000000008d200000, 0x000000008d300000|  0%| F|  |TAMS 0x000000008d200000, 0x000000008d200000| Untracked 
| 211|0x000000008d300000, 0x000000008d300000, 0x000000008d400000|  0%| F|  |TAMS 0x000000008d300000, 0x000000008d300000| Untracked 
| 212|0x000000008d400000, 0x000000008d400000, 0x000000008d500000|  0%| F|  |TAMS 0x000000008d400000, 0x000000008d400000| Untracked 
| 213|0x000000008d500000, 0x000000008d500000, 0x000000008d600000|  0%| F|  |TAMS 0x000000008d500000, 0x000000008d500000| Untracked 
| 214|0x000000008d600000, 0x000000008d600000, 0x000000008d700000|  0%| F|  |TAMS 0x000000008d600000, 0x000000008d600000| Untracked 
| 215|0x000000008d700000, 0x000000008d700000, 0x000000008d800000|  0%| F|  |TAMS 0x000000008d700000, 0x000000008d700000| Untracked 
| 216|0x000000008d800000, 0x000000008d800000, 0x000000008d900000|  0%| F|  |TAMS 0x000000008d800000, 0x000000008d800000| Untracked 
| 217|0x000000008d900000, 0x000000008d900000, 0x000000008da00000|  0%| F|  |TAMS 0x000000008d900000, 0x000000008d900000| Untracked 
| 218|0x000000008da00000, 0x000000008da00000, 0x000000008db00000|  0%| F|  |TAMS 0x000000008da00000, 0x000000008da00000| Untracked 
| 219|0x000000008db00000, 0x000000008db00000, 0x000000008dc00000|  0%| F|  |TAMS 0x000000008db00000, 0x000000008db00000| Untracked 
| 220|0x000000008dc00000, 0x000000008dc00000, 0x000000008dd00000|  0%| F|  |TAMS 0x000000008dc00000, 0x000000008dc00000| Untracked 
| 221|0x000000008dd00000, 0x000000008dd00000, 0x000000008de00000|  0%| F|  |TAMS 0x000000008dd00000, 0x000000008dd00000| Untracked 
| 222|0x000000008de00000, 0x000000008de00000, 0x000000008df00000|  0%| F|  |TAMS 0x000000008de00000, 0x000000008de00000| Untracked 
| 223|0x000000008df00000, 0x000000008df00000, 0x000000008e000000|  0%| F|  |TAMS 0x000000008df00000, 0x000000008df00000| Untracked 
| 224|0x000000008e000000, 0x000000008e000000, 0x000000008e100000|  0%| F|  |TAMS 0x000000008e000000, 0x000000008e000000| Untracked 
| 225|0x000000008e100000, 0x000000008e100000, 0x000000008e200000|  0%| F|  |TAMS 0x000000008e100000, 0x000000008e100000| Untracked 
| 226|0x000000008e200000, 0x000000008e200000, 0x000000008e300000|  0%| F|  |TAMS 0x000000008e200000, 0x000000008e200000| Untracked 
| 227|0x000000008e300000, 0x000000008e300000, 0x000000008e400000|  0%| F|  |TAMS 0x000000008e300000, 0x000000008e300000| Untracked 
| 228|0x000000008e400000, 0x000000008e400000, 0x000000008e500000|  0%| F|  |TAMS 0x000000008e400000, 0x000000008e400000| Untracked 
| 229|0x000000008e500000, 0x000000008e500000, 0x000000008e600000|  0%| F|  |TAMS 0x000000008e500000, 0x000000008e500000| Untracked 
| 230|0x000000008e600000, 0x000000008e600000, 0x000000008e700000|  0%| F|  |TAMS 0x000000008e600000, 0x000000008e600000| Untracked 
| 231|0x000000008e700000, 0x000000008e700000, 0x000000008e800000|  0%| F|  |TAMS 0x000000008e700000, 0x000000008e700000| Untracked 
| 232|0x000000008e800000, 0x000000008e800000, 0x000000008e900000|  0%| F|  |TAMS 0x000000008e800000, 0x000000008e800000| Untracked 
| 233|0x000000008e900000, 0x000000008e900000, 0x000000008ea00000|  0%| F|  |TAMS 0x000000008e900000, 0x000000008e900000| Untracked 
| 234|0x000000008ea00000, 0x000000008ea00000, 0x000000008eb00000|  0%| F|  |TAMS 0x000000008ea00000, 0x000000008ea00000| Untracked 
| 235|0x000000008eb00000, 0x000000008eb00000, 0x000000008ec00000|  0%| F|  |TAMS 0x000000008eb00000, 0x000000008eb00000| Untracked 
| 236|0x000000008ec00000, 0x000000008ec00000, 0x000000008ed00000|  0%| F|  |TAMS 0x000000008ec00000, 0x000000008ec00000| Untracked 
| 237|0x000000008ed00000, 0x000000008ed00000, 0x000000008ee00000|  0%| F|  |TAMS 0x000000008ed00000, 0x000000008ed00000| Untracked 
| 238|0x000000008ee00000, 0x000000008ee00000, 0x000000008ef00000|  0%| F|  |TAMS 0x000000008ee00000, 0x000000008ee00000| Untracked 
| 239|0x000000008ef00000, 0x000000008ef00000, 0x000000008f000000|  0%| F|  |TAMS 0x000000008ef00000, 0x000000008ef00000| Untracked 
| 240|0x000000008f000000, 0x000000008f09ace0, 0x000000008f100000| 60%| S|CS|TAMS 0x000000008f000000, 0x000000008f000000| Complete 
| 241|0x000000008f100000, 0x000000008f200000, 0x000000008f200000|100%| S|CS|TAMS 0x000000008f100000, 0x000000008f100000| Complete 
| 242|0x000000008f200000, 0x000000008f200000, 0x000000008f300000|  0%| F|  |TAMS 0x000000008f200000, 0x000000008f200000| Untracked 
| 243|0x000000008f300000, 0x000000008f300000, 0x000000008f400000|  0%| F|  |TAMS 0x000000008f300000, 0x000000008f300000| Untracked 
| 244|0x000000008f400000, 0x000000008f400000, 0x000000008f500000|  0%| F|  |TAMS 0x000000008f400000, 0x000000008f400000| Untracked 
| 245|0x000000008f500000, 0x000000008f500000, 0x000000008f600000|  0%| F|  |TAMS 0x000000008f500000, 0x000000008f500000| Untracked 
| 246|0x000000008f600000, 0x000000008f600000, 0x000000008f700000|  0%| F|  |TAMS 0x000000008f600000, 0x000000008f600000| Untracked 
| 247|0x000000008f700000, 0x000000008f700000, 0x000000008f800000|  0%| F|  |TAMS 0x000000008f700000, 0x000000008f700000| Untracked 
| 248|0x000000008f800000, 0x000000008f800000, 0x000000008f900000|  0%| F|  |TAMS 0x000000008f800000, 0x000000008f800000| Untracked 

Card table byte_map: [0x0000020b33eb0000,0x0000020b342b0000] _byte_map_base: 0x0000020b33ab0000

Marking Bits (Prev, Next): (CMBitMap*) 0x0000020b212f69e0, (CMBitMap*) 0x0000020b212f69a0
 Prev Bits: [0x0000020b366b0000, 0x0000020b386b0000)
 Next Bits: [0x0000020b346b0000, 0x0000020b366b0000)

Polling page: 0x0000020b20a60000

Metaspace:

Usage:
  Non-class:     88.31 MB used.
      Class:     13.79 MB used.
       Both:    102.10 MB used.

Virtual space:
  Non-class space:       96.00 MB reserved,      88.69 MB ( 92%) committed,  12 nodes.
      Class space:        1.00 GB reserved,      14.12 MB (  1%) committed,  1 nodes.
             Both:        1.09 GB reserved,     102.81 MB (  9%) committed. 

Chunk freelists:
   Non-Class:  2.84 MB
       Class:  1.78 MB
        Both:  4.62 MB

MaxMetaspaceSize: unlimited
CompressedClassSpaceSize: 1.00 GB
Initial GC threshold: 21.00 MB
Current GC threshold: 169.00 MB
CDS: off
MetaspaceReclaimPolicy: balanced
 - commit_granule_bytes: 65536.
 - commit_granule_words: 8192.
 - virtual_space_node_default_size: 1048576.
 - enlarge_chunks_in_place: 1.
 - new_chunks_are_fully_committed: 0.
 - uncommit_free_chunks: 1.
 - use_allocation_guard: 0.
 - handle_deallocations: 1.


Internal statistics:

num_allocs_failed_limit: 6.
num_arena_births: 1094.
num_arena_deaths: 0.
num_vsnodes_births: 13.
num_vsnodes_deaths: 0.
num_space_committed: 1643.
num_space_uncommitted: 0.
num_chunks_returned_to_freelist: 6.
num_chunks_taken_from_freelist: 4935.
num_chunk_merges: 6.
num_chunk_splits: 3284.
num_chunks_enlarged: 2243.
num_purges: 0.
num_inconsistent_stats: 0.

CodeHeap 'non-profiled nmethods': size=120000Kb used=7069Kb max_used=7759Kb free=112930Kb
 bounds [0x0000020b2c230000, 0x0000020b2c9d0000, 0x0000020b33760000]
CodeHeap 'profiled nmethods': size=120000Kb used=19743Kb max_used=21507Kb free=100256Kb
 bounds [0x0000020b24760000, 0x0000020b25c70000, 0x0000020b2bc90000]
CodeHeap 'non-nmethods': size=5760Kb used=2423Kb max_used=2475Kb free=3336Kb
 bounds [0x0000020b2bc90000, 0x0000020b2bf00000, 0x0000020b2c230000]
 total_blobs=11641 nmethods=10690 adapters=863
 compilation: enabled
              stopped_count=0, restarted_count=0
 full_count=0

Compilation events (20 events):
Event: 20.523 Thread 0x0000020b3bc59980 13038       2       com.sun.org.apache.xerces.internal.impl.XMLEntityScanner::getCharacterOffset (27 bytes)
Event: 20.523 Thread 0x0000020b3bc59980 nmethod 13038 0x0000020b256a7290 code [0x0000020b256a7420, 0x0000020b256a7558]
Event: 20.523 Thread 0x0000020b3bc59980 13039       2       com.sun.xml.internal.stream.events.DummyEvent::setLocation (20 bytes)
Event: 20.523 Thread 0x0000020b3bc59980 nmethod 13039 0x0000020b24fb4910 code [0x0000020b24fb4ac0, 0x0000020b24fb4cb8]
Event: 20.523 Thread 0x0000020b3bc59980 13040       2       com.sun.org.apache.xerces.internal.impl.XMLEntityScanner::getLineNumber (19 bytes)
Event: 20.523 Thread 0x0000020b3bc59980 nmethod 13040 0x0000020b257a3d90 code [0x0000020b257a3f20, 0x0000020b257a4078]
Event: 20.523 Thread 0x0000020b3bc59980 13043       2       com.sun.xml.internal.stream.events.XMLEventAllocatorImpl::getXMLEvent (640 bytes)
Event: 20.527 Thread 0x0000020b3bc59980 nmethod 13043 0x0000020b259cad90 code [0x0000020b259cb320, 0x0000020b259cd898]
Event: 20.527 Thread 0x0000020b3bc59980 13042       2       com.sun.xml.internal.stream.events.XMLEventAllocatorImpl::allocate (20 bytes)
Event: 20.527 Thread 0x0000020b3bc59980 nmethod 13042 0x0000020b25308390 code [0x0000020b25308540, 0x0000020b25308738]
Event: 20.527 Thread 0x0000020b3bc59980 13051       2       com.sun.org.apache.xerces.internal.impl.XMLStreamReaderImpl::getLocation (9 bytes)
Event: 20.527 Thread 0x0000020b3bc59980 nmethod 13051 0x0000020b25966a10 code [0x0000020b25966ba0, 0x0000020b25966d28]
Event: 20.527 Thread 0x0000020b3bc59980 13044       2       com.sun.org.apache.xerces.internal.impl.XMLEntityScanner::getExpandedSystemId (34 bytes)
Event: 20.527 Thread 0x0000020b3bc59980 nmethod 13044 0x0000020b25030c90 code [0x0000020b25030e40, 0x0000020b25030fd8]
Event: 20.527 Thread 0x0000020b3bc59980 13045       2       com.sun.org.apache.xerces.internal.impl.XMLEntityScanner::getColumnNumber (19 bytes)
Event: 20.528 Thread 0x0000020b3bc59980 nmethod 13045 0x0000020b258fdb90 code [0x0000020b258fdd20, 0x0000020b258fde78]
Event: 20.528 Thread 0x0000020b3bc59980 13052       2       com.sun.org.apache.xerces.internal.impl.XMLStreamReaderImpl$1::<init> (80 bytes)
Event: 20.528 Thread 0x0000020b3bc59980 nmethod 13052 0x0000020b24f8a690 code [0x0000020b24f8a840, 0x0000020b24f8abb8]
Event: 20.528 Thread 0x0000020b3bc59980 13053   !   2       com.sun.org.apache.xerces.internal.impl.XMLStreamReaderImpl::next (288 bytes)
Event: 20.530 Thread 0x0000020b3bc59980 nmethod 13053 0x0000020b25675d90 code [0x0000020b25676040, 0x0000020b25676ac8]

GC Heap History (20 events):
Event: 15.499 GC heap after
{Heap after GC invocations=44 (full 0):
 garbage-first heap   total 162816K, used 93438K [0x0000000080000000, 0x0000000100000000)
  region size 1024K, 2 young (2048K), 2 survivors (2048K)
 Metaspace       used 95894K, committed 96640K, reserved 1138688K
  class space    used 13180K, committed 13504K, reserved 1048576K
}
Event: 15.565 GC heap before
{Heap before GC invocations=44 (full 0):
 garbage-first heap   total 162816K, used 97534K [0x0000000080000000, 0x0000000100000000)
  region size 1024K, 7 young (7168K), 2 survivors (2048K)
 Metaspace       used 95997K, committed 96704K, reserved 1138688K
  class space    used 13188K, committed 13504K, reserved 1048576K
}
Event: 15.568 GC heap after
{Heap after GC invocations=45 (full 0):
 garbage-first heap   total 195584K, used 94066K [0x0000000080000000, 0x0000000100000000)
  region size 1024K, 1 young (1024K), 1 survivors (1024K)
 Metaspace       used 95997K, committed 96704K, reserved 1138688K
  class space    used 13188K, committed 13504K, reserved 1048576K
}
Event: 15.720 GC heap before
{Heap before GC invocations=45 (full 0):
 garbage-first heap   total 195584K, used 103282K [0x0000000080000000, 0x0000000100000000)
  region size 1024K, 12 young (12288K), 1 survivors (1024K)
 Metaspace       used 96462K, committed 97152K, reserved 1138688K
  class space    used 13270K, committed 13568K, reserved 1048576K
}
Event: 15.723 GC heap after
{Heap after GC invocations=46 (full 0):
 garbage-first heap   total 195584K, used 94889K [0x0000000080000000, 0x0000000100000000)
  region size 1024K, 2 young (2048K), 2 survivors (2048K)
 Metaspace       used 96462K, committed 97152K, reserved 1138688K
  class space    used 13270K, committed 13568K, reserved 1048576K
}
Event: 17.371 GC heap before
{Heap before GC invocations=47 (full 0):
 garbage-first heap   total 195584K, used 166569K [0x0000000080000000, 0x0000000100000000)
  region size 1024K, 63 young (64512K), 2 survivors (2048K)
 Metaspace       used 99852K, committed 100608K, reserved 1138688K
  class space    used 13577K, committed 13952K, reserved 1048576K
}
Event: 17.388 GC heap after
{Heap after GC invocations=48 (full 0):
 garbage-first heap   total 195584K, used 118662K [0x0000000080000000, 0x0000000100000000)
  region size 1024K, 8 young (8192K), 8 survivors (8192K)
 Metaspace       used 99852K, committed 100608K, reserved 1138688K
  class space    used 13577K, committed 13952K, reserved 1048576K
}
Event: 17.632 GC heap before
{Heap before GC invocations=48 (full 0):
 garbage-first heap   total 195584K, used 119686K [0x0000000080000000, 0x0000000100000000)
  region size 1024K, 9 young (9216K), 8 survivors (8192K)
 Metaspace       used 99970K, committed 100672K, reserved 1138688K
  class space    used 13591K, committed 13952K, reserved 1048576K
}
Event: 17.642 GC heap after
{Heap after GC invocations=49 (full 0):
 garbage-first heap   total 195584K, used 120325K [0x0000000080000000, 0x0000000100000000)
  region size 1024K, 1 young (1024K), 1 survivors (1024K)
 Metaspace       used 99970K, committed 100672K, reserved 1138688K
  class space    used 13591K, committed 13952K, reserved 1048576K
}
Event: 18.163 GC heap before
{Heap before GC invocations=49 (full 0):
 garbage-first heap   total 195584K, used 130565K [0x0000000080000000, 0x0000000100000000)
  region size 1024K, 13 young (13312K), 1 survivors (1024K)
 Metaspace       used 100365K, committed 101056K, reserved 1138688K
  class space    used 13629K, committed 13952K, reserved 1048576K
}
Event: 18.167 GC heap after
{Heap after GC invocations=50 (full 0):
 garbage-first heap   total 195584K, used 121494K [0x0000000080000000, 0x0000000100000000)
  region size 1024K, 2 young (2048K), 2 survivors (2048K)
 Metaspace       used 100365K, committed 101056K, reserved 1138688K
  class space    used 13629K, committed 13952K, reserved 1048576K
}
Event: 19.846 GC heap before
{Heap before GC invocations=51 (full 0):
 garbage-first heap   total 209920K, used 162454K [0x0000000080000000, 0x0000000100000000)
  region size 1024K, 34 young (34816K), 2 survivors (2048K)
 Metaspace       used 102734K, committed 103424K, reserved 1138688K
  class space    used 13950K, committed 14336K, reserved 1048576K
}
Event: 19.853 GC heap after
{Heap after GC invocations=52 (full 0):
 garbage-first heap   total 209920K, used 125094K [0x0000000080000000, 0x0000000100000000)
  region size 1024K, 5 young (5120K), 5 survivors (5120K)
 Metaspace       used 102734K, committed 103424K, reserved 1138688K
  class space    used 13950K, committed 14336K, reserved 1048576K
}
Event: 19.912 GC heap before
{Heap before GC invocations=52 (full 0):
 garbage-first heap   total 209920K, used 130214K [0x0000000080000000, 0x0000000100000000)
  region size 1024K, 10 young (10240K), 5 survivors (5120K)
 Metaspace       used 102739K, committed 103424K, reserved 1138688K
  class space    used 13950K, committed 14336K, reserved 1048576K
}
Event: 19.919 GC heap after
{Heap after GC invocations=53 (full 0):
 garbage-first heap   total 209920K, used 125214K [0x0000000080000000, 0x0000000100000000)
  region size 1024K, 1 young (1024K), 1 survivors (1024K)
 Metaspace       used 102739K, committed 103424K, reserved 1138688K
  class space    used 13950K, committed 14336K, reserved 1048576K
}
Event: 20.076 GC heap before
{Heap before GC invocations=53 (full 0):
 garbage-first heap   total 209920K, used 131358K [0x0000000080000000, 0x0000000100000000)
  region size 1024K, 9 young (9216K), 1 survivors (1024K)
 Metaspace       used 102811K, committed 103552K, reserved 1138688K
  class space    used 13959K, committed 14336K, reserved 1048576K
}
Event: 20.080 GC heap after
{Heap after GC invocations=54 (full 0):
 garbage-first heap   total 209920K, used 130295K [0x0000000080000000, 0x0000000100000000)
  region size 1024K, 6 young (6144K), 6 survivors (6144K)
 Metaspace       used 102811K, committed 103552K, reserved 1138688K
  class space    used 13959K, committed 14336K, reserved 1048576K
}
Event: 20.442 GC heap before
{Heap before GC invocations=55 (full 0):
 garbage-first heap   total 254976K, used 180471K [0x0000000080000000, 0x0000000100000000)
  region size 1024K, 39 young (39936K), 6 survivors (6144K)
 Metaspace       used 103891K, committed 104576K, reserved 1146880K
  class space    used 14069K, committed 14400K, reserved 1048576K
}
Event: 20.447 GC heap after
{Heap after GC invocations=56 (full 0):
 garbage-first heap   total 254976K, used 130179K [0x0000000080000000, 0x0000000100000000)
  region size 1024K, 5 young (5120K), 5 survivors (5120K)
 Metaspace       used 103891K, committed 104576K, reserved 1146880K
  class space    used 14069K, committed 14400K, reserved 1048576K
}
Event: 20.530 GC heap before
{Heap before GC invocations=56 (full 0):
 garbage-first heap   total 254976K, used 136323K [0x0000000080000000, 0x0000000100000000)
  region size 1024K, 12 young (12288K), 5 survivors (5120K)
 Metaspace       used 104550K, committed 105280K, reserved 1146880K
  class space    used 14119K, committed 14464K, reserved 1048576K
}

Dll operation events (2 events):
Event: 0.010 Loaded shared library C:\Program Files\Android\Android Studio\jbr\bin\java.dll
Event: 0.401 Loaded shared library C:\Program Files\Android\Android Studio\jbr\bin\verify.dll

Deoptimization events (20 events):
Event: 20.470 Thread 0x0000020b42fbd160 DEOPT PACKING pc=0x0000020b2c32da00 sp=0x0000009cb6afd3d0
Event: 20.470 Thread 0x0000020b42fbd160 DEOPT UNPACKING pc=0x0000020b2bcea1a3 sp=0x0000009cb6afd378 mode 2
Event: 20.470 Thread 0x0000020b42fbb480 DEOPT PACKING pc=0x0000020b2c32da00 sp=0x0000009cb6efdb90
Event: 20.470 Thread 0x0000020b42fbb480 DEOPT UNPACKING pc=0x0000020b2bcea1a3 sp=0x0000009cb6efdb38 mode 2
Event: 20.477 Thread 0x0000020b42fbd160 Uncommon trap: trap_request=0xffffff45 fr.pc=0x0000020b2c2fa730 relative=0x0000000000000490
Event: 20.477 Thread 0x0000020b42fbd160 Uncommon trap: reason=unstable_if action=reinterpret pc=0x0000020b2c2fa730 method=java.lang.String.substring(II)Ljava/lang/String; @ 31 c2
Event: 20.477 Thread 0x0000020b42fbd160 DEOPT PACKING pc=0x0000020b2c2fa730 sp=0x0000009cb6afd3a0
Event: 20.477 Thread 0x0000020b42fbd160 DEOPT UNPACKING pc=0x0000020b2bcea1a3 sp=0x0000009cb6afd300 mode 2
Event: 20.477 Thread 0x0000020b42fbcc90 Uncommon trap: trap_request=0xffffff45 fr.pc=0x0000020b2c267840 relative=0x00000000000004a0
Event: 20.479 Thread 0x0000020b42fbb480 Uncommon trap: trap_request=0xffffff45 fr.pc=0x0000020b2c267840 relative=0x00000000000004a0
Event: 20.479 Thread 0x0000020b42fbd160 Uncommon trap: trap_request=0xffffff45 fr.pc=0x0000020b2c267840 relative=0x00000000000004a0
Event: 20.479 Thread 0x0000020b42fbcc90 Uncommon trap: reason=unstable_if action=reinterpret pc=0x0000020b2c267840 method=java.lang.String.substring(II)Ljava/lang/String; @ 31 c2
Event: 20.479 Thread 0x0000020b42fbb480 Uncommon trap: reason=unstable_if action=reinterpret pc=0x0000020b2c267840 method=java.lang.String.substring(II)Ljava/lang/String; @ 31 c2
Event: 20.479 Thread 0x0000020b42fbd160 Uncommon trap: reason=unstable_if action=reinterpret pc=0x0000020b2c267840 method=java.lang.String.substring(II)Ljava/lang/String; @ 31 c2
Event: 20.479 Thread 0x0000020b42fbcc90 DEOPT PACKING pc=0x0000020b2c267840 sp=0x0000009cb6ffd3a0
Event: 20.479 Thread 0x0000020b42fbcc90 DEOPT UNPACKING pc=0x0000020b2bcea1a3 sp=0x0000009cb6ffd370 mode 2
Event: 20.479 Thread 0x0000020b42fbb480 DEOPT PACKING pc=0x0000020b2c267840 sp=0x0000009cb6efdaf0
Event: 20.479 Thread 0x0000020b42fbb480 DEOPT UNPACKING pc=0x0000020b2bcea1a3 sp=0x0000009cb6efdac0 mode 2
Event: 20.479 Thread 0x0000020b42fbd160 DEOPT PACKING pc=0x0000020b2c267840 sp=0x0000009cb6afd330
Event: 20.479 Thread 0x0000020b42fbd160 DEOPT UNPACKING pc=0x0000020b2bcea1a3 sp=0x0000009cb6afd300 mode 2

Classes unloaded (0 events):
No events

Classes redefined (0 events):
No events

Internal exceptions (20 events):
Event: 14.398 Thread 0x0000020b3bec4290 Exception <a 'java/lang/NoSuchMethodError'{0x00000000885da4a8}: static Lcom/android/buildanalyzer/common/AndroidGradlePluginAttributionData$JavaInfo;.<clinit>()V> (0x00000000885da4a8) 
thrown [s\src\hotspot\share\prims\jni.cpp, line 1108]
Event: 14.401 Thread 0x0000020b3bec4290 Exception <a 'java/lang/NoSuchMethodError'{0x00000000885fc9f0}: static [Ljava/lang/String;.<clinit>()V> (0x00000000885fc9f0) 
thrown [s\src\hotspot\share\prims\jni.cpp, line 1108]
Event: 14.403 Thread 0x0000020b3bec4290 Exception <a 'java/lang/NoSuchMethodError'{0x0000000088408cf0}: static Lcom/android/buildanalyzer/common/AndroidGradlePluginAttributionData$TaskInfo;.<clinit>()V> (0x0000000088408cf0) 
thrown [s\src\hotspot\share\prims\jni.cpp, line 1108]
Event: 14.404 Thread 0x0000020b3bec4290 Exception <a 'java/lang/NoSuchMethodError'{0x0000000088415888}: static Lcom/android/buildanalyzer/common/AndroidGradlePluginAttributionData$TaskCategoryInfo;.<clinit>()V> (0x0000000088415888) 
thrown [s\src\hotspot\share\prims\jni.cpp, line 1108]
Event: 14.698 Thread 0x0000020b42fbaae0 Exception <a 'java/lang/NoSuchMethodError'{0x0000000087b8afd8}: 'void java.lang.invoke.DirectMethodHandle$Holder.invokeStatic(java.lang.Object, java.lang.Object, java.lang.Object, java.lang.Object, int, java.lang.Object, java.lang.Object)'> (0x0000000087b8afd8) 
thrown [s\src\hotspot\share\interpreter\linkResolver.cpp, line 771]
Event: 14.746 Thread 0x0000020b3caa37f0 Exception <a 'java/lang/NoSuchMethodError'{0x00000000878d9b78}: 'java.lang.Object java.lang.invoke.DirectMethodHandle$Holder.invokeSpecialIFC(java.lang.Object, java.lang.Object, java.lang.Object)'> (0x00000000878d9b78) 
thrown [s\src\hotspot\share\interpreter\linkResolver.cpp, line 771]
Event: 15.245 Thread 0x0000020b3bec72b0 Exception <a 'java/lang/NoSuchMethodError'{0x00000000895f0b88}: static Lorg/jetbrains/kotlin/gradle/plugin/statistics/MetricContainer;.<clinit>()V> (0x00000000895f0b88) 
thrown [s\src\hotspot\share\prims\jni.cpp, line 1108]
Event: 15.453 Thread 0x0000020b41953ed0 Exception <a 'java/lang/NoSuchMethodError'{0x000000008bdce460}: 'void java.lang.invoke.DirectMethodHandle$Holder.invokeVirtual(java.lang.Object, java.lang.Object)'> (0x000000008bdce460) 
thrown [s\src\hotspot\share\interpreter\linkResolver.cpp, line 771]
Event: 15.761 Thread 0x0000020b42fb8930 Exception <a 'sun/nio/fs/WindowsException'{0x000000008becab10}> (0x000000008becab10) 
thrown [s\src\hotspot\share\prims\jni.cpp, line 517]
Event: 15.761 Thread 0x0000020b42fb8930 Exception <a 'sun/nio/fs/WindowsException'{0x000000008becaf20}> (0x000000008becaf20) 
thrown [s\src\hotspot\share\prims\jni.cpp, line 517]
Event: 15.762 Thread 0x0000020b42fb8930 Exception <a 'sun/nio/fs/WindowsException'{0x000000008beccbb8}> (0x000000008beccbb8) 
thrown [s\src\hotspot\share\prims\jni.cpp, line 517]
Event: 15.762 Thread 0x0000020b42fb8930 Exception <a 'sun/nio/fs/WindowsException'{0x000000008beccf98}> (0x000000008beccf98) 
thrown [s\src\hotspot\share\prims\jni.cpp, line 517]
Event: 17.803 Thread 0x0000020b42fb8930 Implicit null exception at 0x0000020b2c8acdf0 to 0x0000020b2c8add4c
Event: 19.573 Thread 0x0000020b42fb8930 Exception <a 'java/lang/NoSuchMethodError'{0x000000008b7b0430}: 'java.lang.Object java.lang.invoke.Invokers$Holder.invoke_MT(java.lang.Object, java.lang.Object, java.lang.Object)'> (0x000000008b7b0430) 
thrown [s\src\hotspot\share\interpreter\linkResolver.cpp, line 771]
Event: 20.229 Thread 0x0000020b42fb8930 Exception <a 'java/lang/NoSuchMethodError'{0x000000008c91b4c0}: static Lcom/android/ide/common/resources/CompileResourceRequest;.<clinit>()V> (0x000000008c91b4c0) 
thrown [s\src\hotspot\share\prims\jni.cpp, line 1108]
Event: 20.244 Thread 0x0000020b42fb8930 Exception <a 'java/lang/NoSuchMethodError'{0x000000008c943590}: static Ljava/lang/Object;.<clinit>()V> (0x000000008c943590) 
thrown [s\src\hotspot\share\prims\jni.cpp, line 1108]
Event: 20.247 Thread 0x0000020b42fb8930 Exception <a 'java/lang/NoSuchMethodError'{0x000000008c954df0}: static Ljava/lang/Object;.<clinit>()V> (0x000000008c954df0) 
thrown [s\src\hotspot\share\prims\jni.cpp, line 1108]
Event: 20.248 Thread 0x0000020b42fb8930 Exception <a 'java/lang/NoSuchMethodError'{0x000000008c9664a0}: static Ljava/lang/Object;.<clinit>()V> (0x000000008c9664a0) 
thrown [s\src\hotspot\share\prims\jni.cpp, line 1108]
Event: 20.272 Thread 0x0000020b42fb8930 Exception <a 'java/lang/NoSuchMethodError'{0x000000008f87d430}: static Lkotlin/InitializedLazyImpl;.<clinit>()V> (0x000000008f87d430) 
thrown [s\src\hotspot\share\prims\jni.cpp, line 1108]
Event: 20.295 Thread 0x0000020b42fb8930 Exception <a 'java/lang/NoSuchMethodError'{0x000000008f690e78}: static [Ljava/lang/Object;.<clinit>()V> (0x000000008f690e78) 
thrown [s\src\hotspot\share\prims\jni.cpp, line 1108]

VM Operations (20 events):
Event: 19.561 Executing VM operation: HandshakeAllThreads done
Event: 19.846 Executing VM operation: G1CollectForAllocation
Event: 19.853 Executing VM operation: G1CollectForAllocation done
Event: 19.912 Executing VM operation: G1CollectForAllocation
Event: 19.919 Executing VM operation: G1CollectForAllocation done
Event: 20.076 Executing VM operation: G1TryInitiateConcMark
Event: 20.081 Executing VM operation: G1TryInitiateConcMark done
Event: 20.227 Executing VM operation: HandshakeAllThreads
Event: 20.228 Executing VM operation: HandshakeAllThreads done
Event: 20.231 Executing VM operation: G1Concurrent
Event: 20.239 Executing VM operation: G1Concurrent done
Event: 20.303 Executing VM operation: G1Concurrent
Event: 20.304 Executing VM operation: G1Concurrent done
Event: 20.329 Executing VM operation: HandshakeAllThreads
Event: 20.329 Executing VM operation: HandshakeAllThreads done
Event: 20.362 Executing VM operation: HandshakeAllThreads
Event: 20.363 Executing VM operation: HandshakeAllThreads done
Event: 20.442 Executing VM operation: G1CollectForAllocation
Event: 20.452 Executing VM operation: G1CollectForAllocation done
Event: 20.530 Executing VM operation: G1CollectForAllocation

Events (20 events):
Event: 20.414 loading class com/sun/xml/internal/stream/events/NamespaceImpl done
Event: 20.414 loading class com/sun/org/apache/xerces/internal/util/NamespaceSupport$Prefixes
Event: 20.415 loading class com/sun/org/apache/xerces/internal/util/NamespaceSupport$Prefixes done
Event: 20.415 loading class com/sun/xml/internal/stream/events/CharacterEvent
Event: 20.415 loading class javax/xml/stream/events/Characters
Event: 20.415 loading class javax/xml/stream/events/Characters done
Event: 20.415 loading class com/sun/xml/internal/stream/events/CharacterEvent done
Event: 20.418 loading class java/util/Spliterators$2Adapter
Event: 20.418 loading class java/util/PrimitiveIterator$OfInt
Event: 20.418 loading class java/util/PrimitiveIterator
Event: 20.418 loading class java/util/PrimitiveIterator done
Event: 20.418 loading class java/util/PrimitiveIterator$OfInt done
Event: 20.419 loading class java/util/Spliterators$2Adapter done
Event: 20.419 loading class com/sun/xml/internal/stream/events/EndElementEvent
Event: 20.419 loading class javax/xml/stream/events/EndElement
Event: 20.419 loading class javax/xml/stream/events/EndElement done
Event: 20.419 loading class com/sun/xml/internal/stream/events/EndElementEvent done
Event: 20.420 loading class java/lang/StringUTF16$CodePointsSpliterator
Event: 20.420 loading class java/lang/StringUTF16$CodePointsSpliterator done
Event: 20.427 Thread 0x0000020b3ff8dad0 Thread added: 0x0000020b3ff8dad0


Dynamic libraries:
0x00007ff74df80000 - 0x00007ff74df8a000 	C:\Program Files\Android\Android Studio\jbr\bin\java.exe
0x00007ffc3fcd0000 - 0x00007ffc3fee7000 	C:\WINDOWS\SYSTEM32\ntdll.dll
0x00007ffc3deb0000 - 0x00007ffc3df74000 	C:\WINDOWS\System32\KERNEL32.DLL
0x00007ffc3d0f0000 - 0x00007ffc3d497000 	C:\WINDOWS\System32\KERNELBASE.dll
0x00007ffc3d5c0000 - 0x00007ffc3d6d1000 	C:\WINDOWS\System32\ucrtbase.dll
0x00007ffc36040000 - 0x00007ffc3605b000 	C:\Program Files\Android\Android Studio\jbr\bin\VCRUNTIME140.dll
0x00007ffbfacc0000 - 0x00007ffbfacd7000 	C:\Program Files\Android\Android Studio\jbr\bin\jli.dll
0x00007ffc3fab0000 - 0x00007ffc3fc5e000 	C:\WINDOWS\System32\USER32.dll
0x00007ffc1ea00000 - 0x00007ffc1ec93000 	C:\WINDOWS\WinSxS\amd64_microsoft.windows.common-controls_6595b64144ccf1df_6.0.22621.2506_none_270c5ae97388e100\COMCTL32.dll
0x00007ffc3d0c0000 - 0x00007ffc3d0e6000 	C:\WINDOWS\System32\win32u.dll
0x00007ffc3dfe0000 - 0x00007ffc3e009000 	C:\WINDOWS\System32\GDI32.dll
0x00007ffc3f860000 - 0x00007ffc3f907000 	C:\WINDOWS\System32\msvcrt.dll
0x00007ffc3d4a0000 - 0x00007ffc3d5b9000 	C:\WINDOWS\System32\gdi32full.dll
0x00007ffc3d020000 - 0x00007ffc3d0ba000 	C:\WINDOWS\System32\msvcp_win.dll
0x00007ffc3f2f0000 - 0x00007ffc3f321000 	C:\WINDOWS\System32\IMM32.DLL
0x00007ffc39720000 - 0x00007ffc3972c000 	C:\Program Files\Android\Android Studio\jbr\bin\vcruntime140_1.dll
0x00007ffc1d9e0000 - 0x00007ffc1da6d000 	C:\Program Files\Android\Android Studio\jbr\bin\msvcp140.dll
0x00007ffbcc830000 - 0x00007ffbcd49e000 	C:\Program Files\Android\Android Studio\jbr\bin\server\jvm.dll
0x00007ffc3eac0000 - 0x00007ffc3eb70000 	C:\WINDOWS\System32\ADVAPI32.dll
0x00007ffc3f9f0000 - 0x00007ffc3fa96000 	C:\WINDOWS\System32\sechost.dll
0x00007ffc3dc00000 - 0x00007ffc3dd17000 	C:\WINDOWS\System32\RPCRT4.dll
0x00007ffc17fc0000 - 0x00007ffc17fc9000 	C:\WINDOWS\SYSTEM32\WSOCK32.dll
0x00007ffc349c0000 - 0x00007ffc349f4000 	C:\WINDOWS\SYSTEM32\WINMM.dll
0x00007ffc3dd20000 - 0x00007ffc3dd91000 	C:\WINDOWS\System32\WS2_32.dll
0x00007ffc33e80000 - 0x00007ffc33e8a000 	C:\WINDOWS\SYSTEM32\VERSION.dll
0x00007ffc3bf80000 - 0x00007ffc3bf98000 	C:\WINDOWS\SYSTEM32\kernel.appcore.dll
0x00007ffc1e790000 - 0x00007ffc1e79a000 	C:\Program Files\Android\Android Studio\jbr\bin\jimage.dll
0x00007ffc3a7b0000 - 0x00007ffc3a9e3000 	C:\WINDOWS\SYSTEM32\DBGHELP.DLL
0x00007ffc3f330000 - 0x00007ffc3f6b9000 	C:\WINDOWS\System32\combase.dll
0x00007ffc3f910000 - 0x00007ffc3f9e7000 	C:\WINDOWS\System32\OLEAUT32.dll
0x00007ffc0f120000 - 0x00007ffc0f152000 	C:\WINDOWS\SYSTEM32\dbgcore.DLL
0x00007ffc3d980000 - 0x00007ffc3d9fa000 	C:\WINDOWS\System32\bcryptPrimitives.dll
0x00007ffbf2d70000 - 0x00007ffbf2d95000 	C:\Program Files\Android\Android Studio\jbr\bin\java.dll
0x00007ffc11f00000 - 0x00007ffc11f18000 	C:\Program Files\Android\Android Studio\jbr\bin\zip.dll
0x00007ffc3e010000 - 0x00007ffc3e869000 	C:\WINDOWS\System32\SHELL32.dll
0x00007ffc3aef0000 - 0x00007ffc3b7e4000 	C:\WINDOWS\SYSTEM32\windows.storage.dll
0x00007ffc3adb0000 - 0x00007ffc3aeee000 	C:\WINDOWS\SYSTEM32\wintypes.dll
0x00007ffc3ddb0000 - 0x00007ffc3dea3000 	C:\WINDOWS\System32\SHCORE.dll
0x00007ffc3df80000 - 0x00007ffc3dfde000 	C:\WINDOWS\System32\shlwapi.dll
0x00007ffc3cf50000 - 0x00007ffc3cf76000 	C:\WINDOWS\SYSTEM32\profapi.dll
0x00007ffc054e0000 - 0x00007ffc054f9000 	C:\Program Files\Android\Android Studio\jbr\bin\net.dll
0x00007ffc36e60000 - 0x00007ffc36f97000 	C:\WINDOWS\SYSTEM32\WINHTTP.dll
0x00007ffc3c450000 - 0x00007ffc3c4b9000 	C:\WINDOWS\system32\mswsock.dll
0x00007ffbfcb80000 - 0x00007ffbfcb96000 	C:\Program Files\Android\Android Studio\jbr\bin\nio.dll
0x00007ffc17ef0000 - 0x00007ffc17f00000 	C:\Program Files\Android\Android Studio\jbr\bin\verify.dll
0x00007ffc19950000 - 0x00007ffc19977000 	C:\Users\yk5fe\.gradle\native\68d5fa5c4cc2d200863cafc0d521ce42e7d3e7ee720ec0a83991735586a16f82\windows-amd64\native-platform.dll
0x00007ffc0fe20000 - 0x00007ffc0ff64000 	C:\Users\yk5fe\.gradle\native\e376f236ea51e6404a007f0833ffe2c6e607c4080706a723a18a27aeea778392\windows-amd64\native-platform-file-events.dll
0x00007ffc16930000 - 0x00007ffc16939000 	C:\Program Files\Android\Android Studio\jbr\bin\management.dll
0x00007ffc0f580000 - 0x00007ffc0f58b000 	C:\Program Files\Android\Android Studio\jbr\bin\management_ext.dll
0x00007ffc3f2e0000 - 0x00007ffc3f2e8000 	C:\WINDOWS\System32\PSAPI.DLL
0x00007ffc3c7a0000 - 0x00007ffc3c7bb000 	C:\WINDOWS\SYSTEM32\CRYPTSP.dll
0x00007ffc3bf40000 - 0x00007ffc3bf75000 	C:\WINDOWS\system32\rsaenh.dll
0x00007ffc3c4f0000 - 0x00007ffc3c51c000 	C:\WINDOWS\SYSTEM32\USERENV.dll
0x00007ffc3c9d0000 - 0x00007ffc3c9f8000 	C:\WINDOWS\SYSTEM32\bcrypt.dll
0x00007ffc3c780000 - 0x00007ffc3c78c000 	C:\WINDOWS\SYSTEM32\CRYPTBASE.dll
0x00007ffc3ba40000 - 0x00007ffc3ba6d000 	C:\WINDOWS\SYSTEM32\IPHLPAPI.DLL
0x00007ffc3dda0000 - 0x00007ffc3dda9000 	C:\WINDOWS\System32\NSI.dll
0x00007ffc34480000 - 0x00007ffc34499000 	C:\WINDOWS\SYSTEM32\dhcpcsvc6.DLL
0x00007ffc34460000 - 0x00007ffc3447f000 	C:\WINDOWS\SYSTEM32\dhcpcsvc.DLL
0x00007ffc3ba70000 - 0x00007ffc3bb69000 	C:\WINDOWS\SYSTEM32\DNSAPI.dll
0x00007ffbeef10000 - 0x00007ffbeef18000 	C:\WINDOWS\system32\wshunix.dll
0x00007ffc16b60000 - 0x00007ffc16b77000 	C:\WINDOWS\system32\napinsp.dll
0x00007ffc16b40000 - 0x00007ffc16b5b000 	C:\WINDOWS\system32\pnrpnsp.dll
0x00007ffc16b20000 - 0x00007ffc16b31000 	C:\WINDOWS\System32\winrnr.dll
0x00007ffbffcc0000 - 0x00007ffbffcd5000 	C:\WINDOWS\system32\wshbth.dll
0x00007ffc06790000 - 0x00007ffc067b1000 	C:\WINDOWS\system32\nlansp_c.dll
0x00000000669a0000 - 0x00000000669c6000 	C:\Program Files\Bonjour\mdnsNSP.dll
0x00007ffc2cbf0000 - 0x00007ffc2cbfa000 	C:\Windows\System32\rasadhlp.dll
0x00007ffc31800000 - 0x00007ffc31883000 	C:\WINDOWS\System32\fwpuclnt.dll

dbghelp: loaded successfully - version: 4.0.5 - missing functions: none
symbol engine: initialized successfully - sym options: 0x614 - pdb path: .;C:\Program Files\Android\Android Studio\jbr\bin;C:\WINDOWS\SYSTEM32;C:\WINDOWS\WinSxS\amd64_microsoft.windows.common-controls_6595b64144ccf1df_6.0.22621.2506_none_270c5ae97388e100;C:\Program Files\Android\Android Studio\jbr\bin\server;C:\Users\yk5fe\.gradle\native\68d5fa5c4cc2d200863cafc0d521ce42e7d3e7ee720ec0a83991735586a16f82\windows-amd64;C:\Users\yk5fe\.gradle\native\e376f236ea51e6404a007f0833ffe2c6e607c4080706a723a18a27aeea778392\windows-amd64;C:\Program Files\Bonjour

VM Arguments:
jvm_args: --add-opens=java.base/java.util=ALL-UNNAMED --add-opens=java.base/java.lang=ALL-UNNAMED --add-opens=java.base/java.lang.invoke=ALL-UNNAMED --add-opens=java.prefs/java.util.prefs=ALL-UNNAMED --add-opens=java.base/java.nio.charset=ALL-UNNAMED --add-opens=java.base/java.net=ALL-UNNAMED --add-opens=java.base/java.util.concurrent.atomic=ALL-UNNAMED -Xmx2048m -Dfile.encoding=UTF-8 -Duser.country=FR -Duser.language=fr -Duser.variant 
java_command: org.gradle.launcher.daemon.bootstrap.GradleDaemon 8.0
java_class_path (initial): C:\Users\yk5fe\.gradle\wrapper\dists\gradle-8.0-bin\ca5e32bp14vu59qr306oxotwh\gradle-8.0\lib\gradle-launcher-8.0.jar
Launcher Type: SUN_STANDARD

[Global flags]
     intx CICompilerCount                          = 4                                         {product} {ergonomic}
     uint ConcGCThreads                            = 2                                         {product} {ergonomic}
     uint G1ConcRefinementThreads                  = 8                                         {product} {ergonomic}
   size_t G1HeapRegionSize                         = 1048576                                   {product} {ergonomic}
    uintx GCDrainStackTargetSize                   = 64                                        {product} {ergonomic}
   size_t InitialHeapSize                          = 199229440                                 {product} {ergonomic}
   size_t MarkStackSize                            = 4194304                                   {product} {ergonomic}
   size_t MaxHeapSize                              = 2147483648                                {product} {command line}
   size_t MaxNewSize                               = 1287651328                                {product} {ergonomic}
   size_t MinHeapDeltaBytes                        = 1048576                                   {product} {ergonomic}
   size_t MinHeapSize                              = 8388608                                   {product} {ergonomic}
    uintx NonNMethodCodeHeapSize                   = 5839372                                {pd product} {ergonomic}
    uintx NonProfiledCodeHeapSize                  = 122909434                              {pd product} {ergonomic}
    uintx ProfiledCodeHeapSize                     = 122909434                              {pd product} {ergonomic}
    uintx ReservedCodeCacheSize                    = 251658240                              {pd product} {ergonomic}
     bool SegmentedCodeCache                       = true                                      {product} {ergonomic}
   size_t SoftMaxHeapSize                          = 2147483648                             {manageable} {ergonomic}
     bool UseCompressedClassPointers               = true                           {product lp64_product} {ergonomic}
     bool UseCompressedOops                        = true                           {product lp64_product} {ergonomic}
     bool UseG1GC                                  = true                                      {product} {ergonomic}
     bool UseLargePagesIndividualAllocation        = false                                  {pd product} {ergonomic}

Logging:
Log output configuration:
 #0: stdout all=warning uptime,level,tags
 #1: stderr all=off uptime,level,tags

Environment Variables:
JAVA_HOME=C:\Program Files\Java\jdk-20
PATH=C:\Program Files\Java\jdk-20\bin;C:\ADMINISTRATION\WINDOWS\bin;C:\Program Files\Common Files\Oracle\Java\javapath;C:\Program Files\Python310\Scripts\;C:\Program Files\Python310\;C:\WINDOWS\system32;C:\WINDOWS;C:\WINDOWS\System32\Wbem;C:\WINDOWS\System32\WindowsPowerShell\v1.0\;C:\WINDOWS\System32\OpenSSH\;C:\Program Files\Git\cmd;C:\Program Files\MySQL\MySQL Server 5.1\bin;C:\Users\yk5fe\AppData\Roaming\nvm;C:\Program Files\nodejs;C:\Program Files\nodejs\;C:\Users\yk5fe\AppData\Local\Microsoft\WindowsApps;C:\Users\yk5fe\AppData\Local\Programs\Microsoft VS Code\bin;C:\Program Files\Java\jdk-20\bin;C:\Users\yk5fe\AppData\Local\atom\bin;C:\Users\yk5fe\AppData\Local\GitHubDesktop\bin;C:\javafx-sdk-18\jdk-19_windows-x64_bin\jdk-19.0.2\bin;C:\Users\yk5fe\AppData\Local\Microsoft\WindowsApps;C:\Program Files\JetBrains\WebStorm 2023.1.1\bin;;C:\Users\yk5fe\AppData\Roaming\nvm;C:\Program Files\nodejs;C:\apache-tomcat-9.0.75\bin;C:\Users\yk5fe\OneDrive\Bureau\apache-zookeeper-3.7.1-bin\apache-zookeeper-3.7.1-bin\bin;C:\apache-maven-3.9.2-bin\apache-maven-3.9.2\bin;C:\Users\yk5fe\AppData\Roaming\TinyTeX\bin\windows;C:\Users\yk5fe\AppData\Roaming\npm;C:\Users\yk5fe\AppData\Local\Programs\Julia-1.9.3\bin;C:\Users\yk5fe\AppData\Roaming\Python\Python310\site-packages;F:\document_flutter\flutter\dart-sdk\bin;F:\document_flutter\flutter\bin;
USERNAME=yk5fe
OS=Windows_NT
PROCESSOR_IDENTIFIER=Intel64 Family 6 Model 140 Stepping 2, GenuineIntel
TMP=C:\Users\yk5fe\AppData\Local\Temp
TEMP=C:\Users\yk5fe\AppData\Local\Temp


JNI global refs:
JNI global refs: 25, weak refs: 28

JNI global refs memory usage: 843, weak refs: 841


---------------  S Y S T E M  ---------------

OS:
 Windows 11 , 64 bit Build 22621 (10.0.22621.2506)
OS uptime: 0 days 9:21 hours
Hyper-V role detected

CPU: total 8 (initial active 8) (4 cores per cpu, 2 threads per core) family 6 model 140 stepping 2 microcode 0x2c, cx8, cmov, fxsr, ht, mmx, 3dnowpref, sse, sse2, sse3, ssse3, sse4.1, sse4.2, popcnt, lzcnt, tsc, tscinvbit, avx, avx2, aes, erms, clmul, bmi1, bmi2, adx, avx512f, avx512dq, avx512cd, avx512bw, avx512vl, sha, fma, vzeroupper, avx512_vpopcntdq, avx512_vpclmulqdq, avx512_vaes, avx512_vnni, clflush, clflushopt, clwb, avx512_vbmi2, avx512_vbmi, hv

Memory: 4k page, system-wide physical 12037M (548M free)
TotalPageFile size 14437M (AvailPageFile size 88M)
current process WorkingSet (physical memory assigned to process): 516M, peak: 516M
current process commit charge ("private bytes"): 565M, peak: 686M

vm_info: OpenJDK 64-Bit Server VM (17.0.6+0-b2043.56-10027231) for windows-amd64 JRE (17.0.6+0-b2043.56-10027231), built on Apr 28 2023 00:43:19 by "androidbuild" with MS VC++ 16.10 / 16.11 (VS2019)

END.
