#
# There is insufficient memory for the Java Runtime Environment to continue.
# Native memory allocation (mmap) failed to map 3112960 bytes for G1 virtual space
# Possible reasons:
#   The system is out of physical RAM or swap space
#   The process is running with CompressedOops enabled, and the Java Heap may be blocking the growth of the native heap
# Possible solutions:
#   Reduce memory load on the system
#   Increase physical memory or swap space
#   Check if swap backing store is full
#   Decrease Java heap size (-Xmx/-Xms)
#   Decrease number of Java threads
#   Decrease Java thread stack sizes (-Xss)
#   Set larger code cache with -XX:ReservedCodeCacheSize=
#   JVM is running with Zero Based Compressed Oops mode in which the Java heap is
#     placed in the first 32GB address space. The Java Heap base address is the
#     maximum limit for the native heap growth. Please use -XX:HeapBaseMinAddress
#     to set the Java Heap base and to place the Java Heap above 32GB virtual address.
# This output file may be truncated or incomplete.
#
#  Out of Memory Error (os_windows.cpp:3769), pid=16084, tid=2376
#
# JRE version:  (17.0.6) (build )
# Java VM: OpenJDK 64-Bit Server VM (17.0.6+0-b2043.56-10027231, mixed mode, sharing, tiered, compressed oops, compressed class ptrs, g1 gc, windows-amd64)
# No core dump will be written. Minidumps are not enabled by default on client versions of Windows
#

---------------  S U M M A R Y ------------

Command Line: -Djava.awt.headless=true -Djava.util.logging.config.file=C:\Users\yk5fe\.android\utp\logging17507963326920465490properties -Dfile.encoding=UTF-8 -Duser.country=FR -Duser.language=fr -Duser.variant com.google.testing.platform.launcher.Launcher C:\Users\yk5fe\.gradle\caches\modules-2\files-2.1\com.google.testing.platform\core\0.0.8-alpha08\762b033d6dcf24e44af8ccc5428ceb3eef540e37\core-0.0.8-alpha08.jar --proto_config=C:\Users\yk5fe\.android\utp\runnerConfig5811982729291016908.pb --proto_server_config=C:\Users\yk5fe\.android\utp\serverConfig11737143256851620791.pb

Host: 11th Gen Intel(R) Core(TM) i5-1155G7 @ 2.50GHz, 8 cores, 11G,  Windows 11 , 64 bit Build 22621 (10.0.22621.2506)
Time: Fri Nov  3 16:46:49 2023 Greenwich elapsed time: 0.014834 seconds (0d 0h 0m 0s)

---------------  T H R E A D  ---------------

Current thread (0x00000266303cb570):  JavaThread "Unknown thread" [_thread_in_vm, id=2376, stack(0x0000007718f00000,0x0000007719000000)]

Stack: [0x0000007718f00000,0x0000007719000000]
Native frames: (J=compiled Java code, j=interpreted, Vv=VM code, C=native code)
V  [jvm.dll+0x683c9a]
V  [jvm.dll+0x8427a4]
V  [jvm.dll+0x843f9e]
V  [jvm.dll+0x844603]
V  [jvm.dll+0x249b75]
V  [jvm.dll+0x680b69]
V  [jvm.dll+0x67505a]
V  [jvm.dll+0x309acb]
V  [jvm.dll+0x310f86]
V  [jvm.dll+0x360903]
V  [jvm.dll+0x360b1f]
V  [jvm.dll+0x2dfbf8]
V  [jvm.dll+0x2e0b64]
V  [jvm.dll+0x814091]
V  [jvm.dll+0x36e6a1]
V  [jvm.dll+0x7f35cc]
V  [jvm.dll+0x3f0e8f]
V  [jvm.dll+0x3f29d1]
C  [jli.dll+0x526b]
C  [ucrtbase.dll+0x29363]
C  [KERNEL32.DLL+0x1257d]
C  [ntdll.dll+0x5aa58]


---------------  P R O C E S S  ---------------

Threads class SMR info:
_java_thread_list=0x00007ffdafd8c058, length=0, elements={
}

Java Threads: ( => current thread )

Other Threads:
  0x0000026630421730 GCTaskThread "GC Thread#0" [stack: 0x0000007719000000,0x0000007719100000] [id=11440]
  0x000002663042e280 ConcurrentGCThread "G1 Main Marker" [stack: 0x0000007719100000,0x0000007719200000] [id=7388]
  0x0000026630430440 ConcurrentGCThread "G1 Conc#0" [stack: 0x0000007719200000,0x0000007719300000] [id=15016]

[error occurred during error reporting (printing all threads), id 0xc0000005, EXCEPTION_ACCESS_VIOLATION (0xc0000005) at pc=0x00007ffdaf540797]

VM state: not at safepoint (not fully initialized)

VM Mutex/Monitor currently owned by a thread:  ([mutex/lock_event])
[0x00000266303c4e00] Heap_lock - owner thread: 0x00000266303cb570

Heap address: 0x0000000743e00000, size: 3010 MB, Compressed Oops mode: Zero based, Oop shift amount: 3

CDS archive(s) mapped at: [0x0000000000000000-0x0000000000000000-0x0000000000000000), size 0, SharedBaseAddress: 0x0000000800000000, ArchiveRelocationMode: 0.
Narrow klass base: 0x0000000000000000, Narrow klass shift: 0, Narrow klass range: 0x0

GC Precious Log:
<Empty>

Heap:
 garbage-first heap   total 0K, used 0K [0x0000000743e00000, 0x0000000800000000)
  region size 2048K, 0 young (0K), 0 survivors (0K)

[error occurred during error reporting (printing heap information), id 0xc0000005, EXCEPTION_ACCESS_VIOLATION (0xc0000005) at pc=0x00007ffdaf92da89]

GC Heap History (0 events):
No events

Dll operation events (1 events):
Event: 0.009 Loaded shared library C:\Program Files\Android\Android Studio\jbr\bin\java.dll

Deoptimization events (0 events):
No events

Classes unloaded (0 events):
No events

Classes redefined (0 events):
No events

Internal exceptions (0 events):
No events

VM Operations (0 events):
No events

Events (0 events):
No events


Dynamic libraries:
0x00007ff627280000 - 0x00007ff62728a000 	C:\Program Files\Android\Android Studio\jbr\bin\java.exe
0x00007ffe0c010000 - 0x00007ffe0c227000 	C:\WINDOWS\SYSTEM32\ntdll.dll
0x00007ffe0a3e0000 - 0x00007ffe0a4a4000 	C:\WINDOWS\System32\KERNEL32.DLL
0x00007ffe096d0000 - 0x00007ffe09a77000 	C:\WINDOWS\System32\KERNELBASE.dll
0x00007ffe09540000 - 0x00007ffe09651000 	C:\WINDOWS\System32\ucrtbase.dll
0x00007ffe04250000 - 0x00007ffe0426b000 	C:\Program Files\Android\Android Studio\jbr\bin\VCRUNTIME140.dll
0x00007ffdeda60000 - 0x00007ffdeda77000 	C:\Program Files\Android\Android Studio\jbr\bin\jli.dll
0x00007ffe0a9a0000 - 0x00007ffe0ab4e000 	C:\WINDOWS\System32\USER32.dll
0x00007ffe09a80000 - 0x00007ffe09aa6000 	C:\WINDOWS\System32\win32u.dll
0x00007ffdead40000 - 0x00007ffdeafd3000 	C:\WINDOWS\WinSxS\amd64_microsoft.windows.common-controls_6595b64144ccf1df_6.0.22621.2506_none_270c5ae97388e100\COMCTL32.dll
0x00007ffe0a020000 - 0x00007ffe0a049000 	C:\WINDOWS\System32\GDI32.dll
0x00007ffe09d40000 - 0x00007ffe09de7000 	C:\WINDOWS\System32\msvcrt.dll
0x00007ffe09c20000 - 0x00007ffe09d39000 	C:\WINDOWS\System32\gdi32full.dll
0x00007ffe094a0000 - 0x00007ffe0953a000 	C:\WINDOWS\System32\msvcp_win.dll
0x00007ffe0a050000 - 0x00007ffe0a081000 	C:\WINDOWS\System32\IMM32.DLL
0x00007ffe05770000 - 0x00007ffe0577c000 	C:\Program Files\Android\Android Studio\jbr\bin\vcruntime140_1.dll
0x00007ffde7e10000 - 0x00007ffde7e9d000 	C:\Program Files\Android\Android Studio\jbr\bin\msvcp140.dll
0x00007ffdaf250000 - 0x00007ffdafebe000 	C:\Program Files\Android\Android Studio\jbr\bin\server\jvm.dll
0x00007ffe0a680000 - 0x00007ffe0a730000 	C:\WINDOWS\System32\ADVAPI32.dll
0x00007ffe0bc50000 - 0x00007ffe0bcf6000 	C:\WINDOWS\System32\sechost.dll
0x00007ffe0a560000 - 0x00007ffe0a677000 	C:\WINDOWS\System32\RPCRT4.dll
0x00007ffe000c0000 - 0x00007ffe000ca000 	C:\WINDOWS\SYSTEM32\VERSION.dll
0x00007ffde4560000 - 0x00007ffde4569000 	C:\WINDOWS\SYSTEM32\WSOCK32.dll
0x00007ffe00c50000 - 0x00007ffe00c84000 	C:\WINDOWS\SYSTEM32\WINMM.dll
0x00007ffe0a0a0000 - 0x00007ffe0a111000 	C:\WINDOWS\System32\WS2_32.dll
0x00007ffe082c0000 - 0x00007ffe082d8000 	C:\WINDOWS\SYSTEM32\kernel.appcore.dll
0x00007ffe04430000 - 0x00007ffe0443a000 	C:\Program Files\Android\Android Studio\jbr\bin\jimage.dll
0x00007ffe06b40000 - 0x00007ffe06d73000 	C:\WINDOWS\SYSTEM32\DBGHELP.DLL
0x00007ffe0ab60000 - 0x00007ffe0aee9000 	C:\WINDOWS\System32\combase.dll
0x00007ffe09df0000 - 0x00007ffe09ec7000 	C:\WINDOWS\System32\OLEAUT32.dll
0x00007ffddeb70000 - 0x00007ffddeba2000 	C:\WINDOWS\SYSTEM32\dbgcore.DLL
0x00007ffe09360000 - 0x00007ffe093da000 	C:\WINDOWS\System32\bcryptPrimitives.dll
0x00007ffdee9b0000 - 0x00007ffdee9d5000 	C:\Program Files\Android\Android Studio\jbr\bin\java.dll

dbghelp: loaded successfully - version: 4.0.5 - missing functions: none
symbol engine: initialized successfully - sym options: 0x614 - pdb path: .;C:\Program Files\Android\Android Studio\jbr\bin;C:\WINDOWS\SYSTEM32;C:\WINDOWS\WinSxS\amd64_microsoft.windows.common-controls_6595b64144ccf1df_6.0.22621.2506_none_270c5ae97388e100;C:\Program Files\Android\Android Studio\jbr\bin\server

VM Arguments:
jvm_args: -Djava.awt.headless=true -Djava.util.logging.config.file=C:\Users\yk5fe\.android\utp\logging17507963326920465490properties -Dfile.encoding=UTF-8 -Duser.country=FR -Duser.language=fr -Duser.variant 
java_command: com.google.testing.platform.launcher.Launcher C:\Users\yk5fe\.gradle\caches\modules-2\files-2.1\com.google.testing.platform\core\0.0.8-alpha08\762b033d6dcf24e44af8ccc5428ceb3eef540e37\core-0.0.8-alpha08.jar --proto_config=C:\Users\yk5fe\.android\utp\runnerConfig5811982729291016908.pb --proto_server_config=C:\Users\yk5fe\.android\utp\serverConfig11737143256851620791.pb
java_class_path (initial): C:\Users\yk5fe\.gradle\caches\modules-2\files-2.1\com.google.testing.platform\launcher\0.0.8-alpha08\de8664b74f9b70fea224c610fd41b802805c72ab\launcher-0.0.8-alpha08.jar
Launcher Type: SUN_STANDARD

[Global flags]
     intx CICompilerCount                          = 4                                         {product} {ergonomic}
     uint ConcGCThreads                            = 2                                         {product} {ergonomic}
     uint G1ConcRefinementThreads                  = 8                                         {product} {ergonomic}
   size_t G1HeapRegionSize                         = 2097152                                   {product} {ergonomic}
    uintx GCDrainStackTargetSize                   = 64                                        {product} {ergonomic}
   size_t InitialHeapSize                          = 199229440                                 {product} {ergonomic}
   size_t MarkStackSize                            = 4194304                                   {product} {ergonomic}
   size_t MaxHeapSize                              = 3156213760                                {product} {ergonomic}
   size_t MinHeapDeltaBytes                        = 2097152                                   {product} {ergonomic}
   size_t MinHeapSize                              = 8388608                                   {product} {ergonomic}
    uintx NonNMethodCodeHeapSize                   = 5839372                                {pd product} {ergonomic}
    uintx NonProfiledCodeHeapSize                  = 122909434                              {pd product} {ergonomic}
    uintx ProfiledCodeHeapSize                     = 122909434                              {pd product} {ergonomic}
    uintx ReservedCodeCacheSize                    = 251658240                              {pd product} {ergonomic}
     bool SegmentedCodeCache                       = true                                      {product} {ergonomic}
   size_t SoftMaxHeapSize                          = 3156213760                             {manageable} {ergonomic}
     bool UseCompressedClassPointers               = true                           {product lp64_product} {ergonomic}
     bool UseCompressedOops                        = true                           {product lp64_product} {ergonomic}
     bool UseG1GC                                  = true                                      {product} {ergonomic}
     bool UseLargePagesIndividualAllocation        = false                                  {pd product} {ergonomic}

Logging:
Log output configuration:
 #0: stdout all=warning uptime,level,tags
 #1: stderr all=off uptime,level,tags

Environment Variables:
JAVA_HOME=C:\Program Files\Java\jdk-20
PATH=C:\Program Files\Java\jdk-20\bin;C:\ADMINISTRATION\WINDOWS\bin;C:\Program Files\Common Files\Oracle\Java\javapath;C:\Program Files\Python310\Scripts\;C:\Program Files\Python310\;C:\WINDOWS\system32;C:\WINDOWS;C:\WINDOWS\System32\Wbem;C:\WINDOWS\System32\WindowsPowerShell\v1.0\;C:\WINDOWS\System32\OpenSSH\;C:\Program Files\Git\cmd;C:\Program Files\MySQL\MySQL Server 5.1\bin;C:\Users\yk5fe\AppData\Roaming\nvm;C:\Program Files\nodejs;C:\Program Files\nodejs\;C:\Users\yk5fe\AppData\Local\Microsoft\WindowsApps;C:\Users\yk5fe\AppData\Local\Programs\Microsoft VS Code\bin;C:\Program Files\Java\jdk-20\bin;C:\Users\yk5fe\AppData\Local\atom\bin;C:\Users\yk5fe\AppData\Local\GitHubDesktop\bin;C:\javafx-sdk-18\jdk-19_windows-x64_bin\jdk-19.0.2\bin;C:\Users\yk5fe\AppData\Local\Microsoft\WindowsApps;C:\Program Files\JetBrains\WebStorm 2023.1.1\bin;;C:\Users\yk5fe\AppData\Roaming\nvm;C:\Program Files\nodejs;C:\apache-tomcat-9.0.75\bin;C:\Users\yk5fe\OneDrive\Bureau\apache-zookeeper-3.7.1-bin\apache-zookeeper-3.7.1-bin\bin;C:\apache-maven-3.9.2-bin\apache-maven-3.9.2\bin;C:\Users\yk5fe\AppData\Roaming\TinyTeX\bin\windows;C:\Users\yk5fe\AppData\Roaming\npm;C:\Users\yk5fe\AppData\Local\Programs\Julia-1.9.3\bin;C:\Users\yk5fe\AppData\Roaming\Python\Python310\site-packages;F:\document_flutter\flutter\dart-sdk\bin;F:\document_flutter\flutter\bin;
USERNAME=yk5fe
OS=Windows_NT
PROCESSOR_IDENTIFIER=Intel64 Family 6 Model 140 Stepping 2, GenuineIntel
TMP=C:\Users\yk5fe\AppData\Local\Temp
TEMP=C:\Users\yk5fe\AppData\Local\Temp


JNI global refs:

[error occurred during error reporting (JNI global references), id 0xc0000005, EXCEPTION_ACCESS_VIOLATION (0xc0000005) at pc=0x00007ffdaf307a10]


---------------  S Y S T E M  ---------------

OS:
 Windows 11 , 64 bit Build 22621 (10.0.22621.2506)
OS uptime: 0 days 5:38 hours
Hyper-V role detected

CPU: total 8 (initial active 8) (4 cores per cpu, 2 threads per core) family 6 model 140 stepping 2 microcode 0x2c, cx8, cmov, fxsr, ht, mmx, 3dnowpref, sse, sse2, sse3, ssse3, sse4.1, sse4.2, popcnt, lzcnt, tsc, tscinvbit, avx, avx2, aes, erms, clmul, bmi1, bmi2, adx, avx512f, avx512dq, avx512cd, avx512bw, avx512vl, sha, fma, vzeroupper, avx512_vpopcntdq, avx512_vpclmulqdq, avx512_vaes, avx512_vnni, clflush, clflushopt, clwb, avx512_vbmi2, avx512_vbmi, hv

Memory: 4k page, system-wide physical 12037M (499M free)
TotalPageFile size 14437M (AvailPageFile size 7M)
current process WorkingSet (physical memory assigned to process): 11M, peak: 11M
current process commit charge ("private bytes"): 250M, peak: 253M

vm_info: OpenJDK 64-Bit Server VM (17.0.6+0-b2043.56-10027231) for windows-amd64 JRE (17.0.6+0-b2043.56-10027231), built on Apr 28 2023 00:43:19 by "androidbuild" with MS VC++ 16.10 / 16.11 (VS2019)

END.
